2022-08-16 15:31:02,130 INFO o.a.j.u.JMeterUtils: Setting Locale to en_EN
2022-08-16 15:31:02,148 INFO o.a.j.JMeter: Loading user properties from: C:\Users\Shane.Mill\Desktop\apache-jmeter-5.5\apache-jmeter-5.5\bin\user.properties
2022-08-16 15:31:02,148 INFO o.a.j.JMeter: Loading system properties from: C:\Users\Shane.Mill\Desktop\apache-jmeter-5.5\apache-jmeter-5.5\bin\system.properties
2022-08-16 15:31:02,152 INFO o.a.j.JMeter: Copyright (c) 1998-2022 The Apache Software Foundation
2022-08-16 15:31:02,153 INFO o.a.j.JMeter: Version 5.5
2022-08-16 15:31:02,153 INFO o.a.j.JMeter: java.version=11.0.15
2022-08-16 15:31:02,153 INFO o.a.j.JMeter: java.vm.name=OpenJDK 64-Bit Server VM
2022-08-16 15:31:02,153 INFO o.a.j.JMeter: os.name=Windows 10
2022-08-16 15:31:02,153 INFO o.a.j.JMeter: os.arch=amd64
2022-08-16 15:31:02,153 INFO o.a.j.JMeter: os.version=10.0
2022-08-16 15:31:02,153 INFO o.a.j.JMeter: file.encoding=Cp1252
2022-08-16 15:31:02,153 INFO o.a.j.JMeter: java.awt.headless=null
2022-08-16 15:31:02,154 INFO o.a.j.JMeter: Max memory     =5368709120
2022-08-16 15:31:02,154 INFO o.a.j.JMeter: Available Processors =8
2022-08-16 15:31:02,160 INFO o.a.j.JMeter: Default Locale=English (EN)
2022-08-16 15:31:02,160 INFO o.a.j.JMeter: JMeter  Locale=English (EN)
2022-08-16 15:31:02,161 INFO o.a.j.JMeter: JMeterHome=C:\Users\Shane.Mill\Desktop\apache-jmeter-5.5\apache-jmeter-5.5
2022-08-16 15:31:02,161 INFO o.a.j.JMeter: user.dir  =C:\Users\Shane.Mill\Desktop\jtl_testing
2022-08-16 15:31:02,161 INFO o.a.j.JMeter: PWD       =C:\Users\Shane.Mill\Desktop\jtl_testing
2022-08-16 15:31:06,698 INFO o.a.j.JMeter: IP: 10.0.0.87 Name: SILNWS-L-SMILL1 FullName: SILNWS-L-SMILL1.corpsrv.noaa.local
2022-08-16 15:31:06,726 INFO o.a.j.JMeter: Loaded icon properties from org/apache/jmeter/images/icon.properties
2022-08-16 15:31:06,990 INFO o.a.j.JMeterGuiLauncher: Setting LAF to: com.github.weisj.darklaf.DarkLaf:com.github.weisj.darklaf.theme.DarculaTheme
2022-08-16 15:31:18,828 INFO o.a.j.s.FileServer: Default base='C:\Users\Shane.Mill\Desktop\jtl_testing'
2022-08-16 15:31:18,830 INFO o.a.j.g.a.Load: Loading file: C:\Users\Shane.Mill\Desktop\jtl_testing\NDFD_NCPP\NCPP_NDFD_Testing_c5.4xlarge_noALB\test_plan10.jmx
2022-08-16 15:31:18,830 INFO o.a.j.s.FileServer: Set new base='C:\Users\Shane.Mill\Desktop\jtl_testing\NDFD_NCPP\NCPP_NDFD_Testing_c5.4xlarge_noALB'
2022-08-16 15:31:18,941 INFO o.a.j.s.SaveService: Testplan (JMX) version: 2.2. Testlog (JTL) version: 2.2
2022-08-16 15:31:18,955 INFO o.a.j.s.SaveService: Using SaveService properties version 5.0
2022-08-16 15:31:18,956 INFO o.a.j.s.SaveService: Using SaveService properties file encoding UTF-8
2022-08-16 15:31:18,957 INFO o.a.j.s.SaveService: Loading file: C:\Users\Shane.Mill\Desktop\jtl_testing\NDFD_NCPP\NCPP_NDFD_Testing_c5.4xlarge_noALB\test_plan10.jmx
2022-08-16 15:31:18,986 INFO o.a.j.p.h.s.HTTPSamplerBase: Parser for text/html is org.apache.jmeter.protocol.http.parser.LagartoBasedHtmlParser
2022-08-16 15:31:18,986 INFO o.a.j.p.h.s.HTTPSamplerBase: Parser for application/xhtml+xml is org.apache.jmeter.protocol.http.parser.LagartoBasedHtmlParser
2022-08-16 15:31:18,986 INFO o.a.j.p.h.s.HTTPSamplerBase: Parser for application/xml is org.apache.jmeter.protocol.http.parser.LagartoBasedHtmlParser
2022-08-16 15:31:18,986 INFO o.a.j.p.h.s.HTTPSamplerBase: Parser for text/xml is org.apache.jmeter.protocol.http.parser.LagartoBasedHtmlParser
2022-08-16 15:31:18,986 INFO o.a.j.p.h.s.HTTPSamplerBase: Parser for text/vnd.wap.wml is org.apache.jmeter.protocol.http.parser.RegexpHTMLParser
2022-08-16 15:31:18,986 INFO o.a.j.p.h.s.HTTPSamplerBase: Parser for text/css is org.apache.jmeter.protocol.http.parser.CssParser
2022-08-16 15:31:19,116 INFO o.a.j.s.FileServer: Set new base='C:\Users\Shane.Mill\Desktop\jtl_testing\NDFD_NCPP\NCPP_NDFD_Testing_c5.4xlarge_noALB'
