2022-07-12 16:08:47,702 INFO o.a.j.u.JMeterUtils: Setting Locale to en_EN
2022-07-12 16:08:47,711 INFO o.a.j.JMeter: Loading user properties from: C:\Users\Shane.Mill\Desktop\apache-jmeter-5.5\apache-jmeter-5.5\bin\user.properties
2022-07-12 16:08:47,712 INFO o.a.j.JMeter: Loading system properties from: C:\Users\Shane.Mill\Desktop\apache-jmeter-5.5\apache-jmeter-5.5\bin\system.properties
2022-07-12 16:08:47,716 INFO o.a.j.JMeter: Copyright (c) 1998-2022 The Apache Software Foundation
2022-07-12 16:08:47,716 INFO o.a.j.JMeter: Version 5.5
2022-07-12 16:08:47,716 INFO o.a.j.JMeter: java.version=1.8.0_331
2022-07-12 16:08:47,716 INFO o.a.j.JMeter: java.vm.name=Java HotSpot(TM) Client VM
2022-07-12 16:08:47,716 INFO o.a.j.JMeter: os.name=Windows 10
2022-07-12 16:08:47,716 INFO o.a.j.JMeter: os.arch=x86
2022-07-12 16:08:47,717 INFO o.a.j.JMeter: os.version=10.0
2022-07-12 16:08:47,717 INFO o.a.j.JMeter: file.encoding=Cp1252
2022-07-12 16:08:47,717 INFO o.a.j.JMeter: java.awt.headless=true
2022-07-12 16:08:47,717 INFO o.a.j.JMeter: Max memory     =1073741824
2022-07-12 16:08:47,717 INFO o.a.j.JMeter: Available Processors =8
2022-07-12 16:08:47,719 INFO o.a.j.JMeter: Default Locale=English (EN)
2022-07-12 16:08:47,719 INFO o.a.j.JMeter: JMeter  Locale=English (EN)
2022-07-12 16:08:47,719 INFO o.a.j.JMeter: JMeterHome=C:\Users\Shane.Mill\Desktop\apache-jmeter-5.5\apache-jmeter-5.5
2022-07-12 16:08:47,719 INFO o.a.j.JMeter: user.dir  =C:\Users\Shane.Mill\Desktop\jtl_testing\NCPPServerlessEast
2022-07-12 16:08:47,720 INFO o.a.j.JMeter: PWD       =C:\Users\Shane.Mill\Desktop\jtl_testing\NCPPServerlessEast
2022-07-12 16:08:52,254 INFO o.a.j.JMeter: IP: 10.0.0.87 Name: SILNWS-L-SMILL1 FullName: SILNWS-L-SMILL1.corpsrv.noaa.local
2022-07-12 16:08:52,268 INFO o.a.j.JMeter: Setting property 'jmeter.reportgenerator.outputdir' to:'C:\Users\Shane.Mill\Desktop\jtl_testing\NCPPServerlessEast\10concurrent1min'
2022-07-12 16:08:52,269 INFO o.a.j.s.FileServer: Default base='C:\Users\Shane.Mill\Desktop\jtl_testing\NCPPServerlessEast'
2022-07-12 16:08:52,270 INFO o.a.j.s.FileServer: Set new base='C:\Users\Shane.Mill\Desktop\jtl_testing\NCPPServerlessEast'
2022-07-12 16:08:52,352 INFO o.a.j.s.SaveService: Testplan (JMX) version: 2.2. Testlog (JTL) version: 2.2
2022-07-12 16:08:52,364 INFO o.a.j.s.SaveService: Using SaveService properties file encoding UTF-8
2022-07-12 16:08:52,368 INFO o.a.j.s.SaveService: Using SaveService properties version 5.0
2022-07-12 16:08:52,371 INFO o.a.j.s.SaveService: Loading file: NCPPServerlessEastTestPlan.jmx
2022-07-12 16:08:52,413 INFO o.a.j.p.h.s.HTTPSamplerBase: Parser for text/html is org.apache.jmeter.protocol.http.parser.LagartoBasedHtmlParser
2022-07-12 16:08:52,413 INFO o.a.j.p.h.s.HTTPSamplerBase: Parser for application/xhtml+xml is org.apache.jmeter.protocol.http.parser.LagartoBasedHtmlParser
2022-07-12 16:08:52,413 INFO o.a.j.p.h.s.HTTPSamplerBase: Parser for application/xml is org.apache.jmeter.protocol.http.parser.LagartoBasedHtmlParser
2022-07-12 16:08:52,414 INFO o.a.j.p.h.s.HTTPSamplerBase: Parser for text/xml is org.apache.jmeter.protocol.http.parser.LagartoBasedHtmlParser
2022-07-12 16:08:52,414 INFO o.a.j.p.h.s.HTTPSamplerBase: Parser for text/vnd.wap.wml is org.apache.jmeter.protocol.http.parser.RegexpHTMLParser
2022-07-12 16:08:52,414 INFO o.a.j.p.h.s.HTTPSamplerBase: Parser for text/css is org.apache.jmeter.protocol.http.parser.CssParser
2022-07-12 16:08:52,605 INFO o.a.j.JMeter: Creating summariser <summary>
2022-07-12 16:08:52,609 INFO o.a.j.r.d.ReportGenerator: ReportGenerator will use for Parsing the separator: ','
2022-07-12 16:08:52,610 INFO o.a.j.r.d.ReportGenerator: Will generate report at end of test from  results file: SummaryReport.jtl
2022-07-12 16:08:52,610 INFO o.a.j.r.d.ReportGenerator: Reading report generator properties from: C:\Users\Shane.Mill\Desktop\apache-jmeter-5.5\apache-jmeter-5.5\bin\reportgenerator.properties
2022-07-12 16:08:52,621 INFO o.a.j.r.d.ReportGenerator: Merging with JMeter properties
2022-07-12 16:08:52,629 INFO o.a.j.r.c.ReportGeneratorConfiguration: Property 'jmeter.reportgenerator.temp_dir' not found, using default value 'temp' instead.
2022-07-12 16:08:52,632 INFO o.a.j.r.c.ReportGeneratorConfiguration: Property 'jmeter.reportgenerator.apdex_per_transaction' not found, using default value 'null' instead.
2022-07-12 16:08:52,632 INFO o.a.j.r.c.ReportGeneratorConfiguration: apdex_per_transaction is empty, not APDEX per transaction customization
2022-07-12 16:08:52,632 INFO o.a.j.r.c.ReportGeneratorConfiguration: Property 'jmeter.reportgenerator.sample_filter' not found, using default value 'null' instead.
2022-07-12 16:08:52,632 INFO o.a.j.r.c.ReportGeneratorConfiguration: Property 'jmeter.reportgenerator.report_title' not found, using default value 'null' instead.
2022-07-12 16:08:52,632 INFO o.a.j.r.c.ReportGeneratorConfiguration: Property 'jmeter.reportgenerator.start_date' not found, using default value 'null' instead.
2022-07-12 16:08:52,632 INFO o.a.j.r.c.ReportGeneratorConfiguration: Property 'jmeter.reportgenerator.end_date' not found, using default value 'null' instead.
2022-07-12 16:08:52,632 INFO o.a.j.r.c.ReportGeneratorConfiguration: Property 'jmeter.reportgenerator.date_format' not found, using default value 'null' instead.
2022-07-12 16:08:52,633 INFO o.a.j.r.c.ReportGeneratorConfiguration: Will use date range start date: null, end date: null
2022-07-12 16:08:52,636 INFO o.a.j.r.c.ReportGeneratorConfiguration: Property 'jmeter.reportgenerator.graph.totalTPS.exclude_controllers' not found, using default value 'false' instead.
2022-07-12 16:08:52,636 INFO o.a.j.r.c.ReportGeneratorConfiguration: Property 'jmeter.reportgenerator.graph.activeThreadsOverTime.exclude_controllers' not found, using default value 'false' instead.
2022-07-12 16:08:52,636 INFO o.a.j.r.c.ReportGeneratorConfiguration: Property 'jmeter.reportgenerator.graph.timeVsThreads.exclude_controllers' not found, using default value 'false' instead.
2022-07-12 16:08:52,636 INFO o.a.j.r.c.ReportGeneratorConfiguration: Property 'jmeter.reportgenerator.graph.responseTimeDistribution.exclude_controllers' not found, using default value 'false' instead.
2022-07-12 16:08:52,636 INFO o.a.j.r.c.ReportGeneratorConfiguration: Property 'jmeter.reportgenerator.graph.transactionsPerSecond.exclude_controllers' not found, using default value 'false' instead.
2022-07-12 16:08:52,637 INFO o.a.j.r.c.ReportGeneratorConfiguration: Property 'jmeter.reportgenerator.graph.responseTimePercentiles.exclude_controllers' not found, using default value 'false' instead.
2022-07-12 16:08:52,637 INFO o.a.j.r.c.ReportGeneratorConfiguration: Property 'jmeter.reportgenerator.graph.responseTimePercentilesOverTime.exclude_controllers' not found, using default value 'false' instead.
2022-07-12 16:08:52,637 INFO o.a.j.r.c.ReportGeneratorConfiguration: Property 'jmeter.reportgenerator.graph.responseTimesOverTime.exclude_controllers' not found, using default value 'false' instead.
2022-07-12 16:08:52,637 INFO o.a.j.r.c.ReportGeneratorConfiguration: Property 'jmeter.reportgenerator.graph.connectTimeOverTime.exclude_controllers' not found, using default value 'false' instead.
2022-07-12 16:08:52,637 INFO o.a.j.r.c.ReportGeneratorConfiguration: Property 'jmeter.reportgenerator.graph.latenciesOverTime.exclude_controllers' not found, using default value 'false' instead.
2022-07-12 16:08:52,638 INFO o.a.j.r.c.ReportGeneratorConfiguration: Property 'jmeter.reportgenerator.exporter.json.filters_only_sample_series' not found, using default value 'true' instead.
2022-07-12 16:08:52,639 INFO o.a.j.r.c.ReportGeneratorConfiguration: Property 'jmeter.reportgenerator.exporter.json.series_filter' not found, using default value '' instead.
2022-07-12 16:08:52,639 INFO o.a.j.r.c.ReportGeneratorConfiguration: Property 'jmeter.reportgenerator.exporter.json.show_controllers_only' not found, using default value 'false' instead.
2022-07-12 16:08:52,640 INFO o.a.j.r.c.ReportGeneratorConfiguration: Property 'jmeter.reportgenerator.exporter.html.filters_only_sample_series' not found, using default value 'true' instead.
2022-07-12 16:08:52,640 INFO o.a.j.r.c.ReportGeneratorConfiguration: Property 'jmeter.reportgenerator.exporter.html.series_filter' not found, using default value '' instead.
2022-07-12 16:08:52,640 INFO o.a.j.r.c.ReportGeneratorConfiguration: Property 'jmeter.reportgenerator.exporter.html.show_controllers_only' not found, using default value 'false' instead.
2022-07-12 16:08:52,681 INFO o.a.j.e.StandardJMeterEngine: Running the test!
2022-07-12 16:08:52,681 INFO o.a.j.s.SampleEvent: List of sample_variables: []
2022-07-12 16:08:52,681 INFO o.a.j.s.SampleEvent: List of sample_variables: []
2022-07-12 16:08:52,688 INFO o.a.j.e.u.CompoundVariable: Note: Function class names must contain the string: '.functions.'
2022-07-12 16:08:52,688 INFO o.a.j.e.u.CompoundVariable: Note: Function class names must not contain the string: '.gui.'
2022-07-12 16:08:52,940 INFO o.a.j.JMeter: Running test (1657656532940)
2022-07-12 16:08:52,986 INFO o.a.j.e.StandardJMeterEngine: Starting ThreadGroup: 1 : NCPPServerlessEastRoot
2022-07-12 16:08:52,986 INFO o.a.j.e.StandardJMeterEngine: Starting 10 threads for group NCPPServerlessEastRoot.
2022-07-12 16:08:52,986 INFO o.a.j.e.StandardJMeterEngine: Thread will continue on error
2022-07-12 16:08:52,986 INFO o.a.j.t.ThreadGroup: Starting thread group... number=1 threads=10 ramp-up=10 delayedStart=false
2022-07-12 16:08:52,991 INFO o.a.j.t.ThreadGroup: Started thread group number 1
2022-07-12 16:08:52,991 INFO o.a.j.e.StandardJMeterEngine: Waiting for thread group: NCPPServerlessEastRoot to finish before starting next group
2022-07-12 16:08:52,992 INFO o.a.j.t.JMeterThread: Thread started: NCPPServerlessEastRoot 1-1
2022-07-12 16:08:53,003 INFO o.a.j.p.h.s.HTTPHCAbstractImpl: Local host = SILNWS-L-SMILL1
2022-07-12 16:08:53,008 INFO o.a.j.p.h.s.HTTPHC4Impl: HTTP request retry count = 0
2022-07-12 16:08:53,009 INFO o.a.j.s.SampleResult: Note: Sample TimeStamps are START times
2022-07-12 16:08:53,009 INFO o.a.j.s.SampleResult: sampleresult.default.encoding is set to ISO-8859-1
2022-07-12 16:08:53,009 INFO o.a.j.s.SampleResult: sampleresult.useNanoTime=true
2022-07-12 16:08:53,009 INFO o.a.j.s.SampleResult: sampleresult.nanoThreadSleep=5000
2022-07-12 16:08:53,991 INFO o.a.j.t.JMeterThread: Thread started: NCPPServerlessEastRoot 1-2
2022-07-12 16:08:54,990 INFO o.a.j.t.JMeterThread: Thread started: NCPPServerlessEastRoot 1-3
2022-07-12 16:08:55,990 INFO o.a.j.t.JMeterThread: Thread started: NCPPServerlessEastRoot 1-4
2022-07-12 16:08:56,991 INFO o.a.j.t.JMeterThread: Thread started: NCPPServerlessEastRoot 1-5
2022-07-12 16:08:57,989 INFO o.a.j.t.JMeterThread: Thread started: NCPPServerlessEastRoot 1-6
2022-07-12 16:08:58,989 INFO o.a.j.t.JMeterThread: Thread started: NCPPServerlessEastRoot 1-7
2022-07-12 16:08:59,989 INFO o.a.j.t.JMeterThread: Thread started: NCPPServerlessEastRoot 1-8
2022-07-12 16:09:00,991 INFO o.a.j.t.JMeterThread: Thread started: NCPPServerlessEastRoot 1-9
2022-07-12 16:09:01,989 INFO o.a.j.t.JMeterThread: Thread started: NCPPServerlessEastRoot 1-10
2022-07-12 16:09:04,226 INFO o.a.j.r.Summariser: summary +      1 in 00:00:11 =    0.1/s Avg:  3222 Min:  3222 Max:  3222 Err:     1 (100.00%) Active: 10 Started: 10 Finished: 0
2022-07-12 16:09:22,136 INFO o.a.j.r.ResultCollector: Shutdown hook started
2022-07-12 16:09:22,137 INFO o.a.j.r.ResultCollector: Shutdown hook ended
