2023-03-28 15:47:58,759 INFO o.a.j.u.JMeterUtils: Setting Locale to en_EN
2023-03-28 15:47:58,769 INFO o.a.j.JMeter: Loading user properties from: /home/ec2-user/apache-jmeter-5.5/bin/user.properties
2023-03-28 15:47:58,769 INFO o.a.j.JMeter: Loading system properties from: /home/ec2-user/apache-jmeter-5.5/bin/system.properties
2023-03-28 15:47:58,774 INFO o.a.j.JMeter: Copyright (c) 1998-2022 The Apache Software Foundation
2023-03-28 15:47:58,774 INFO o.a.j.JMeter: Version 5.5
2023-03-28 15:47:58,774 INFO o.a.j.JMeter: java.version=1.8.0_362
2023-03-28 15:47:58,774 INFO o.a.j.JMeter: java.vm.name=OpenJDK 64-Bit Server VM
2023-03-28 15:47:58,774 INFO o.a.j.JMeter: os.name=Linux
2023-03-28 15:47:58,774 INFO o.a.j.JMeter: os.arch=amd64
2023-03-28 15:47:58,774 INFO o.a.j.JMeter: os.version=5.10.167-147.601.amzn2.x86_64
2023-03-28 15:47:58,774 INFO o.a.j.JMeter: file.encoding=UTF-8
2023-03-28 15:47:58,774 INFO o.a.j.JMeter: java.awt.headless=true
2023-03-28 15:47:58,774 INFO o.a.j.JMeter: Max memory     =26843545600
2023-03-28 15:47:58,775 INFO o.a.j.JMeter: Available Processors =16
2023-03-28 15:47:58,778 INFO o.a.j.JMeter: Default Locale=English (EN)
2023-03-28 15:47:58,778 INFO o.a.j.JMeter: JMeter  Locale=English (EN)
2023-03-28 15:47:58,778 INFO o.a.j.JMeter: JMeterHome=/home/ec2-user/apache-jmeter-5.5
2023-03-28 15:47:58,779 INFO o.a.j.JMeter: user.dir  =/home/ec2-user/ShaneMill1.github.io/WIFS-Listener-c5aLarge-C5a2xLarge-CentralizedDask-WarmPool2
2023-03-28 15:47:58,779 INFO o.a.j.JMeter: PWD       =/home/ec2-user/ShaneMill1.github.io/WIFS-Listener-c5aLarge-C5a2xLarge-CentralizedDask-WarmPool2
2023-03-28 15:47:58,779 INFO o.a.j.JMeter: IP: 172.31.14.115 Name: ip-172-31-14-115.ec2.internal FullName: ip-172-31-14-115.ec2.internal
2023-03-28 15:47:58,790 INFO o.a.j.JMeter: Setting property 'jmeter.reportgenerator.outputdir' to:'/home/ec2-user/ShaneMill1.github.io/WIFS-Listener-c5aLarge-C5a2xLarge-CentralizedDask-WarmPool2/results'
2023-03-28 15:47:58,792 INFO o.a.j.s.FileServer: Default base='/home/ec2-user/ShaneMill1.github.io/WIFS-Listener-c5aLarge-C5a2xLarge-CentralizedDask-WarmPool2'
2023-03-28 15:47:58,793 INFO o.a.j.s.FileServer: Set new base='/home/ec2-user/ShaneMill1.github.io/WIFS-Listener-c5aLarge-C5a2xLarge-CentralizedDask-WarmPool2'
2023-03-28 15:47:58,887 INFO o.a.j.s.SaveService: Testplan (JMX) version: 2.2. Testlog (JTL) version: 2.2
2023-03-28 15:47:58,899 INFO o.a.j.s.SaveService: Using SaveService properties file encoding UTF-8
2023-03-28 15:47:58,902 INFO o.a.j.s.SaveService: Using SaveService properties version 5.0
2023-03-28 15:47:58,907 INFO o.a.j.s.SaveService: Loading file: WIFSTestPlan.jmx
2023-03-28 15:47:58,942 INFO o.a.j.p.h.s.HTTPSamplerBase: Parser for text/html is org.apache.jmeter.protocol.http.parser.LagartoBasedHtmlParser
2023-03-28 15:47:58,942 INFO o.a.j.p.h.s.HTTPSamplerBase: Parser for application/xhtml+xml is org.apache.jmeter.protocol.http.parser.LagartoBasedHtmlParser
2023-03-28 15:47:58,942 INFO o.a.j.p.h.s.HTTPSamplerBase: Parser for application/xml is org.apache.jmeter.protocol.http.parser.LagartoBasedHtmlParser
2023-03-28 15:47:58,942 INFO o.a.j.p.h.s.HTTPSamplerBase: Parser for text/xml is org.apache.jmeter.protocol.http.parser.LagartoBasedHtmlParser
2023-03-28 15:47:58,942 INFO o.a.j.p.h.s.HTTPSamplerBase: Parser for text/vnd.wap.wml is org.apache.jmeter.protocol.http.parser.RegexpHTMLParser
2023-03-28 15:47:58,942 INFO o.a.j.p.h.s.HTTPSamplerBase: Parser for text/css is org.apache.jmeter.protocol.http.parser.CssParser
2023-03-28 15:47:59,142 INFO o.a.j.JMeter: Creating summariser <summary>
2023-03-28 15:47:59,150 INFO o.a.j.r.d.ReportGenerator: ReportGenerator will use for Parsing the separator: ','
2023-03-28 15:47:59,150 INFO o.a.j.r.d.ReportGenerator: Will generate report at end of test from  results file: SummaryReport.jtl
2023-03-28 15:47:59,150 INFO o.a.j.r.d.ReportGenerator: Reading report generator properties from: /home/ec2-user/apache-jmeter-5.5/bin/reportgenerator.properties
2023-03-28 15:47:59,150 INFO o.a.j.r.d.ReportGenerator: Merging with JMeter properties
2023-03-28 15:47:59,154 INFO o.a.j.r.c.ReportGeneratorConfiguration: Property 'jmeter.reportgenerator.temp_dir' not found, using default value 'temp' instead.
2023-03-28 15:47:59,156 INFO o.a.j.r.c.ReportGeneratorConfiguration: Property 'jmeter.reportgenerator.apdex_per_transaction' not found, using default value 'null' instead.
2023-03-28 15:47:59,156 INFO o.a.j.r.c.ReportGeneratorConfiguration: apdex_per_transaction is empty, not APDEX per transaction customization
2023-03-28 15:47:59,156 INFO o.a.j.r.c.ReportGeneratorConfiguration: Property 'jmeter.reportgenerator.sample_filter' not found, using default value 'null' instead.
2023-03-28 15:47:59,156 INFO o.a.j.r.c.ReportGeneratorConfiguration: Property 'jmeter.reportgenerator.report_title' not found, using default value 'null' instead.
2023-03-28 15:47:59,156 INFO o.a.j.r.c.ReportGeneratorConfiguration: Property 'jmeter.reportgenerator.start_date' not found, using default value 'null' instead.
2023-03-28 15:47:59,157 INFO o.a.j.r.c.ReportGeneratorConfiguration: Property 'jmeter.reportgenerator.end_date' not found, using default value 'null' instead.
2023-03-28 15:47:59,157 INFO o.a.j.r.c.ReportGeneratorConfiguration: Property 'jmeter.reportgenerator.date_format' not found, using default value 'null' instead.
2023-03-28 15:47:59,157 INFO o.a.j.r.c.ReportGeneratorConfiguration: Will use date range start date: null, end date: null
2023-03-28 15:47:59,160 INFO o.a.j.r.c.ReportGeneratorConfiguration: Property 'jmeter.reportgenerator.graph.totalTPS.exclude_controllers' not found, using default value 'false' instead.
2023-03-28 15:47:59,160 INFO o.a.j.r.c.ReportGeneratorConfiguration: Property 'jmeter.reportgenerator.graph.activeThreadsOverTime.exclude_controllers' not found, using default value 'false' instead.
2023-03-28 15:47:59,160 INFO o.a.j.r.c.ReportGeneratorConfiguration: Property 'jmeter.reportgenerator.graph.timeVsThreads.exclude_controllers' not found, using default value 'false' instead.
2023-03-28 15:47:59,160 INFO o.a.j.r.c.ReportGeneratorConfiguration: Property 'jmeter.reportgenerator.graph.responseTimeDistribution.exclude_controllers' not found, using default value 'false' instead.
2023-03-28 15:47:59,160 INFO o.a.j.r.c.ReportGeneratorConfiguration: Property 'jmeter.reportgenerator.graph.transactionsPerSecond.exclude_controllers' not found, using default value 'false' instead.
2023-03-28 15:47:59,160 INFO o.a.j.r.c.ReportGeneratorConfiguration: Property 'jmeter.reportgenerator.graph.responseTimePercentiles.exclude_controllers' not found, using default value 'false' instead.
2023-03-28 15:47:59,163 INFO o.a.j.r.c.ReportGeneratorConfiguration: Property 'jmeter.reportgenerator.graph.responseTimePercentilesOverTime.exclude_controllers' not found, using default value 'false' instead.
2023-03-28 15:47:59,163 INFO o.a.j.r.c.ReportGeneratorConfiguration: Property 'jmeter.reportgenerator.graph.responseTimesOverTime.exclude_controllers' not found, using default value 'false' instead.
2023-03-28 15:47:59,163 INFO o.a.j.r.c.ReportGeneratorConfiguration: Property 'jmeter.reportgenerator.graph.connectTimeOverTime.exclude_controllers' not found, using default value 'false' instead.
2023-03-28 15:47:59,163 INFO o.a.j.r.c.ReportGeneratorConfiguration: Property 'jmeter.reportgenerator.graph.latenciesOverTime.exclude_controllers' not found, using default value 'false' instead.
2023-03-28 15:47:59,164 INFO o.a.j.r.c.ReportGeneratorConfiguration: Property 'jmeter.reportgenerator.exporter.json.filters_only_sample_series' not found, using default value 'true' instead.
2023-03-28 15:47:59,164 INFO o.a.j.r.c.ReportGeneratorConfiguration: Property 'jmeter.reportgenerator.exporter.json.series_filter' not found, using default value '' instead.
2023-03-28 15:47:59,164 INFO o.a.j.r.c.ReportGeneratorConfiguration: Property 'jmeter.reportgenerator.exporter.json.show_controllers_only' not found, using default value 'false' instead.
2023-03-28 15:47:59,165 INFO o.a.j.r.c.ReportGeneratorConfiguration: Property 'jmeter.reportgenerator.exporter.html.filters_only_sample_series' not found, using default value 'true' instead.
2023-03-28 15:47:59,165 INFO o.a.j.r.c.ReportGeneratorConfiguration: Property 'jmeter.reportgenerator.exporter.html.series_filter' not found, using default value '' instead.
2023-03-28 15:47:59,165 INFO o.a.j.r.c.ReportGeneratorConfiguration: Property 'jmeter.reportgenerator.exporter.html.show_controllers_only' not found, using default value 'false' instead.
2023-03-28 15:47:59,171 INFO o.a.j.e.StandardJMeterEngine: Running the test!
2023-03-28 15:47:59,171 INFO o.a.j.s.SampleEvent: List of sample_variables: []
2023-03-28 15:47:59,171 INFO o.a.j.s.SampleEvent: List of sample_variables: []
2023-03-28 15:47:59,175 INFO o.a.j.e.u.CompoundVariable: Note: Function class names must contain the string: '.functions.'
2023-03-28 15:47:59,175 INFO o.a.j.e.u.CompoundVariable: Note: Function class names must not contain the string: '.gui.'
2023-03-28 15:47:59,367 INFO o.a.j.JMeter: Running test (1680018479367)
2023-03-28 15:47:59,424 INFO o.a.j.e.StandardJMeterEngine: Starting ThreadGroup: 1 : Gridded Thread Group
2023-03-28 15:47:59,424 INFO o.a.j.e.StandardJMeterEngine: Starting 82 threads for group Gridded Thread Group.
2023-03-28 15:47:59,424 INFO o.a.j.e.StandardJMeterEngine: Thread will continue on error
2023-03-28 15:47:59,424 INFO o.a.j.t.ThreadGroup: Starting thread group... number=1 threads=82 ramp-up=10 delayedStart=false
2023-03-28 15:47:59,430 INFO o.a.j.t.JMeterThread: Thread started: Gridded Thread Group 1-1
2023-03-28 15:47:59,450 INFO o.a.j.p.h.s.HTTPHCAbstractImpl: Local host = ip-172-31-14-115.ec2.internal
2023-03-28 15:47:59,457 INFO o.a.j.p.h.s.HTTPHC4Impl: HTTP request retry count = 0
2023-03-28 15:47:59,458 INFO o.a.j.s.SampleResult: Note: Sample TimeStamps are START times
2023-03-28 15:47:59,459 INFO o.a.j.s.SampleResult: sampleresult.default.encoding is set to ISO-8859-1
2023-03-28 15:47:59,459 INFO o.a.j.s.SampleResult: sampleresult.useNanoTime=true
2023-03-28 15:47:59,459 INFO o.a.j.s.SampleResult: sampleresult.nanoThreadSleep=5000
2023-03-28 15:47:59,460 INFO o.a.j.t.ThreadGroup: Started thread group number 1
2023-03-28 15:47:59,460 INFO o.a.j.e.StandardJMeterEngine: Starting ThreadGroup: 2 : OPMET Thread Group
2023-03-28 15:47:59,460 INFO o.a.j.e.StandardJMeterEngine: Starting 14 threads for group OPMET Thread Group.
2023-03-28 15:47:59,460 INFO o.a.j.e.StandardJMeterEngine: Thread will continue on error
2023-03-28 15:47:59,460 INFO o.a.j.t.ThreadGroup: Starting thread group... number=2 threads=14 ramp-up=10 delayedStart=false
2023-03-28 15:47:59,461 INFO o.a.j.t.JMeterThread: Thread started: OPMET Thread Group 2-1
2023-03-28 15:47:59,465 INFO o.a.j.t.ThreadGroup: Started thread group number 2
2023-03-28 15:47:59,465 INFO o.a.j.e.StandardJMeterEngine: All thread groups have been started
2023-03-28 15:47:59,548 INFO o.a.j.t.JMeterThread: Thread started: Gridded Thread Group 1-2
2023-03-28 15:47:59,669 INFO o.a.j.t.JMeterThread: Thread started: Gridded Thread Group 1-3
2023-03-28 15:47:59,792 INFO o.a.j.t.JMeterThread: Thread started: Gridded Thread Group 1-4
2023-03-28 15:47:59,913 INFO o.a.j.t.JMeterThread: Thread started: Gridded Thread Group 1-5
2023-03-28 15:48:00,035 INFO o.a.j.t.JMeterThread: Thread started: Gridded Thread Group 1-6
2023-03-28 15:48:00,132 INFO o.a.j.r.Summariser: summary +     16 in 00:00:01 =   20.9/s Avg:    86 Min:    37 Max:   349 Err:     0 (0.00%) Active: 7 Started: 7 Finished: 0
2023-03-28 15:48:00,157 INFO o.a.j.t.JMeterThread: Thread started: Gridded Thread Group 1-7
2023-03-28 15:48:00,175 INFO o.a.j.t.JMeterThread: Thread started: OPMET Thread Group 2-2
2023-03-28 15:48:00,279 INFO o.a.j.t.JMeterThread: Thread started: Gridded Thread Group 1-8
2023-03-28 15:48:00,401 INFO o.a.j.t.JMeterThread: Thread started: Gridded Thread Group 1-9
2023-03-28 15:48:00,523 INFO o.a.j.t.JMeterThread: Thread started: Gridded Thread Group 1-10
2023-03-28 15:48:00,645 INFO o.a.j.t.JMeterThread: Thread started: Gridded Thread Group 1-11
2023-03-28 15:48:00,767 INFO o.a.j.t.JMeterThread: Thread started: Gridded Thread Group 1-12
2023-03-28 15:48:00,888 INFO o.a.j.t.JMeterThread: Thread started: OPMET Thread Group 2-3
2023-03-28 15:48:00,889 INFO o.a.j.t.JMeterThread: Thread started: Gridded Thread Group 1-13
2023-03-28 15:48:01,011 INFO o.a.j.t.JMeterThread: Thread started: Gridded Thread Group 1-14
2023-03-28 15:48:01,133 INFO o.a.j.t.JMeterThread: Thread started: Gridded Thread Group 1-15
2023-03-28 15:48:01,254 INFO o.a.j.t.JMeterThread: Thread started: Gridded Thread Group 1-16
2023-03-28 15:48:01,376 INFO o.a.j.t.JMeterThread: Thread started: Gridded Thread Group 1-17
2023-03-28 15:48:01,499 INFO o.a.j.t.JMeterThread: Thread started: Gridded Thread Group 1-18
2023-03-28 15:48:01,603 INFO o.a.j.t.JMeterThread: Thread started: OPMET Thread Group 2-4
2023-03-28 15:48:01,621 INFO o.a.j.t.JMeterThread: Thread started: Gridded Thread Group 1-19
2023-03-28 15:48:01,744 INFO o.a.j.t.JMeterThread: Thread started: Gridded Thread Group 1-20
2023-03-28 15:48:01,864 INFO o.a.j.t.JMeterThread: Thread started: Gridded Thread Group 1-21
2023-03-28 15:48:01,987 INFO o.a.j.t.JMeterThread: Thread started: Gridded Thread Group 1-22
2023-03-28 15:48:02,108 INFO o.a.j.t.JMeterThread: Thread started: Gridded Thread Group 1-23
2023-03-28 15:48:02,231 INFO o.a.j.t.JMeterThread: Thread started: Gridded Thread Group 1-24
2023-03-28 15:48:02,316 INFO o.a.j.t.JMeterThread: Thread started: OPMET Thread Group 2-5
2023-03-28 15:48:02,353 INFO o.a.j.t.JMeterThread: Thread started: Gridded Thread Group 1-25
2023-03-28 15:48:02,475 INFO o.a.j.t.JMeterThread: Thread started: Gridded Thread Group 1-26
2023-03-28 15:48:02,596 INFO o.a.j.t.JMeterThread: Thread started: Gridded Thread Group 1-27
2023-03-28 15:48:02,719 INFO o.a.j.t.JMeterThread: Thread started: Gridded Thread Group 1-28
2023-03-28 15:48:02,841 INFO o.a.j.t.JMeterThread: Thread started: Gridded Thread Group 1-29
2023-03-28 15:48:02,963 INFO o.a.j.t.JMeterThread: Thread started: Gridded Thread Group 1-30
2023-03-28 15:48:03,030 INFO o.a.j.t.JMeterThread: Thread started: OPMET Thread Group 2-6
2023-03-28 15:48:03,085 INFO o.a.j.t.JMeterThread: Thread started: Gridded Thread Group 1-31
2023-03-28 15:48:03,207 INFO o.a.j.t.JMeterThread: Thread started: Gridded Thread Group 1-32
2023-03-28 15:48:03,328 INFO o.a.j.t.JMeterThread: Thread started: Gridded Thread Group 1-33
2023-03-28 15:48:03,451 INFO o.a.j.t.JMeterThread: Thread started: Gridded Thread Group 1-34
2023-03-28 15:48:03,573 INFO o.a.j.t.JMeterThread: Thread started: Gridded Thread Group 1-35
2023-03-28 15:48:03,695 INFO o.a.j.t.JMeterThread: Thread started: Gridded Thread Group 1-36
2023-03-28 15:48:03,745 INFO o.a.j.t.JMeterThread: Thread started: OPMET Thread Group 2-7
2023-03-28 15:48:03,817 INFO o.a.j.t.JMeterThread: Thread started: Gridded Thread Group 1-37
2023-03-28 15:48:03,938 INFO o.a.j.t.JMeterThread: Thread started: Gridded Thread Group 1-38
2023-03-28 15:48:04,061 INFO o.a.j.t.JMeterThread: Thread started: Gridded Thread Group 1-39
2023-03-28 15:48:04,183 INFO o.a.j.t.JMeterThread: Thread started: Gridded Thread Group 1-40
2023-03-28 15:48:04,305 INFO o.a.j.t.JMeterThread: Thread started: Gridded Thread Group 1-41
2023-03-28 15:48:04,426 INFO o.a.j.t.JMeterThread: Thread started: Gridded Thread Group 1-42
2023-03-28 15:48:04,458 INFO o.a.j.t.JMeterThread: Thread started: OPMET Thread Group 2-8
2023-03-28 15:48:04,549 INFO o.a.j.t.JMeterThread: Thread started: Gridded Thread Group 1-43
2023-03-28 15:48:04,671 INFO o.a.j.t.JMeterThread: Thread started: Gridded Thread Group 1-44
2023-03-28 15:48:04,792 INFO o.a.j.t.JMeterThread: Thread started: Gridded Thread Group 1-45
2023-03-28 15:48:04,915 INFO o.a.j.t.JMeterThread: Thread started: Gridded Thread Group 1-46
2023-03-28 15:48:05,036 INFO o.a.j.t.JMeterThread: Thread started: Gridded Thread Group 1-47
2023-03-28 15:48:05,159 INFO o.a.j.t.JMeterThread: Thread started: Gridded Thread Group 1-48
2023-03-28 15:48:05,172 INFO o.a.j.t.JMeterThread: Thread started: OPMET Thread Group 2-9
2023-03-28 15:48:05,281 INFO o.a.j.t.JMeterThread: Thread started: Gridded Thread Group 1-49
2023-03-28 15:48:05,403 INFO o.a.j.t.JMeterThread: Thread started: Gridded Thread Group 1-50
2023-03-28 15:48:05,525 INFO o.a.j.t.JMeterThread: Thread started: Gridded Thread Group 1-51
2023-03-28 15:48:05,646 INFO o.a.j.t.JMeterThread: Thread started: Gridded Thread Group 1-52
2023-03-28 15:48:05,769 INFO o.a.j.t.JMeterThread: Thread started: Gridded Thread Group 1-53
2023-03-28 15:48:05,887 INFO o.a.j.t.JMeterThread: Thread started: OPMET Thread Group 2-10
2023-03-28 15:48:05,891 INFO o.a.j.t.JMeterThread: Thread started: Gridded Thread Group 1-54
2023-03-28 15:48:06,012 INFO o.a.j.t.JMeterThread: Thread started: Gridded Thread Group 1-55
2023-03-28 15:48:06,135 INFO o.a.j.t.JMeterThread: Thread started: Gridded Thread Group 1-56
2023-03-28 15:48:06,257 INFO o.a.j.t.JMeterThread: Thread started: Gridded Thread Group 1-57
2023-03-28 15:48:06,378 INFO o.a.j.t.JMeterThread: Thread started: Gridded Thread Group 1-58
2023-03-28 15:48:06,501 INFO o.a.j.t.JMeterThread: Thread started: Gridded Thread Group 1-59
2023-03-28 15:48:06,600 INFO o.a.j.t.JMeterThread: Thread started: OPMET Thread Group 2-11
2023-03-28 15:48:06,622 INFO o.a.j.t.JMeterThread: Thread started: Gridded Thread Group 1-60
2023-03-28 15:48:06,745 INFO o.a.j.t.JMeterThread: Thread started: Gridded Thread Group 1-61
2023-03-28 15:48:06,868 INFO o.a.j.t.JMeterThread: Thread started: Gridded Thread Group 1-62
2023-03-28 15:48:06,988 INFO o.a.j.t.JMeterThread: Thread started: Gridded Thread Group 1-63
2023-03-28 15:48:07,111 INFO o.a.j.t.JMeterThread: Thread started: Gridded Thread Group 1-64
2023-03-28 15:48:07,232 INFO o.a.j.t.JMeterThread: Thread started: Gridded Thread Group 1-65
2023-03-28 15:48:07,314 INFO o.a.j.t.JMeterThread: Thread started: OPMET Thread Group 2-12
2023-03-28 15:48:07,355 INFO o.a.j.t.JMeterThread: Thread started: Gridded Thread Group 1-66
2023-03-28 15:48:07,477 INFO o.a.j.t.JMeterThread: Thread started: Gridded Thread Group 1-67
2023-03-28 15:48:07,598 INFO o.a.j.t.JMeterThread: Thread started: Gridded Thread Group 1-68
2023-03-28 15:48:07,721 INFO o.a.j.t.JMeterThread: Thread started: Gridded Thread Group 1-69
2023-03-28 15:48:07,843 INFO o.a.j.t.JMeterThread: Thread started: Gridded Thread Group 1-70
2023-03-28 15:48:07,964 INFO o.a.j.t.JMeterThread: Thread started: Gridded Thread Group 1-71
2023-03-28 15:48:08,029 INFO o.a.j.t.JMeterThread: Thread started: OPMET Thread Group 2-13
2023-03-28 15:48:08,086 INFO o.a.j.t.JMeterThread: Thread started: Gridded Thread Group 1-72
2023-03-28 15:48:08,209 INFO o.a.j.t.JMeterThread: Thread started: Gridded Thread Group 1-73
2023-03-28 15:48:08,330 INFO o.a.j.t.JMeterThread: Thread started: Gridded Thread Group 1-74
2023-03-28 15:48:08,452 INFO o.a.j.t.JMeterThread: Thread started: Gridded Thread Group 1-75
2023-03-28 15:48:08,575 INFO o.a.j.t.JMeterThread: Thread started: Gridded Thread Group 1-76
2023-03-28 15:48:08,696 INFO o.a.j.t.JMeterThread: Thread started: Gridded Thread Group 1-77
2023-03-28 15:48:08,742 INFO o.a.j.t.JMeterThread: Thread started: OPMET Thread Group 2-14
2023-03-28 15:48:08,818 INFO o.a.j.t.JMeterThread: Thread started: Gridded Thread Group 1-78
2023-03-28 15:48:08,941 INFO o.a.j.t.JMeterThread: Thread started: Gridded Thread Group 1-79
2023-03-28 15:48:09,062 INFO o.a.j.t.JMeterThread: Thread started: Gridded Thread Group 1-80
2023-03-28 15:48:09,184 INFO o.a.j.t.JMeterThread: Thread started: Gridded Thread Group 1-81
2023-03-28 15:48:09,307 INFO o.a.j.t.JMeterThread: Thread started: Gridded Thread Group 1-82
2023-03-28 15:48:30,075 INFO o.a.j.r.Summariser: summary +    812 in 00:00:30 =   27.1/s Avg:  1287 Min:    33 Max: 23123 Err:     0 (0.00%) Active: 96 Started: 96 Finished: 0
2023-03-28 15:48:30,076 INFO o.a.j.r.Summariser: summary =    828 in 00:00:31 =   27.0/s Avg:  1264 Min:    33 Max: 23123 Err:     0 (0.00%)
2023-03-28 15:49:00,057 INFO o.a.j.r.Summariser: summary +    756 in 00:00:30 =   25.2/s Avg:  3172 Min:   280 Max: 46401 Err:     0 (0.00%) Active: 96 Started: 96 Finished: 0
2023-03-28 15:49:00,057 INFO o.a.j.r.Summariser: summary =   1584 in 00:01:01 =   26.1/s Avg:  2174 Min:    33 Max: 46401 Err:     0 (0.00%)
2023-03-28 15:49:30,082 INFO o.a.j.r.Summariser: summary +    907 in 00:00:30 =   30.2/s Avg:  2183 Min:   273 Max: 56258 Err:     0 (0.00%) Active: 96 Started: 96 Finished: 0
2023-03-28 15:49:30,082 INFO o.a.j.r.Summariser: summary =   2491 in 00:01:31 =   27.5/s Avg:  2178 Min:    33 Max: 56258 Err:     0 (0.00%)
2023-03-28 15:50:00,015 INFO o.a.j.r.Summariser: summary +    738 in 00:00:30 =   24.7/s Avg:  4086 Min:   255 Max: 67200 Err:     0 (0.00%) Active: 96 Started: 96 Finished: 0
2023-03-28 15:50:00,015 INFO o.a.j.r.Summariser: summary =   3229 in 00:02:01 =   26.8/s Avg:  2614 Min:    33 Max: 67200 Err:     0 (0.00%)
2023-03-28 15:50:30,016 INFO o.a.j.r.Summariser: summary +    900 in 00:00:30 =   30.0/s Avg:  2373 Min:   269 Max: 76124 Err:     0 (0.00%) Active: 96 Started: 96 Finished: 0
2023-03-28 15:50:30,016 INFO o.a.j.r.Summariser: summary =   4129 in 00:02:31 =   27.4/s Avg:  2561 Min:    33 Max: 76124 Err:     0 (0.00%)
2023-03-28 15:51:00,035 INFO o.a.j.r.Summariser: summary +    858 in 00:00:30 =   28.6/s Avg:  3040 Min:   238 Max: 81809 Err:     0 (0.00%) Active: 96 Started: 96 Finished: 0
2023-03-28 15:51:00,035 INFO o.a.j.r.Summariser: summary =   4987 in 00:03:01 =   27.6/s Avg:  2644 Min:    33 Max: 81809 Err:     0 (0.00%)
2023-03-28 15:51:30,097 INFO o.a.j.r.Summariser: summary +    700 in 00:00:30 =   23.3/s Avg:  4392 Min:   250 Max: 90019 Err:    18 (2.57%) Active: 96 Started: 96 Finished: 0
2023-03-28 15:51:30,097 INFO o.a.j.r.Summariser: summary =   5687 in 00:03:31 =   27.0/s Avg:  2859 Min:    33 Max: 90019 Err:    18 (0.32%)
2023-03-28 15:52:00,025 INFO o.a.j.r.Summariser: summary +    742 in 00:00:30 =   24.8/s Avg:  3482 Min:   246 Max: 90009 Err:    24 (3.23%) Active: 96 Started: 96 Finished: 0
2023-03-28 15:52:00,025 INFO o.a.j.r.Summariser: summary =   6429 in 00:04:01 =   26.7/s Avg:  2931 Min:    33 Max: 90019 Err:    42 (0.65%)
2023-03-28 15:52:30,065 INFO o.a.j.r.Summariser: summary +    793 in 00:00:30 =   26.4/s Avg:  3705 Min:   220 Max: 90018 Err:    28 (3.53%) Active: 96 Started: 96 Finished: 0
2023-03-28 15:52:30,065 INFO o.a.j.r.Summariser: summary =   7222 in 00:04:31 =   26.7/s Avg:  3016 Min:    33 Max: 90019 Err:    70 (0.97%)
2023-03-28 15:53:00,021 INFO o.a.j.r.Summariser: summary +    796 in 00:00:30 =   26.6/s Avg:  3920 Min:   227 Max: 90010 Err:    30 (3.77%) Active: 96 Started: 96 Finished: 0
2023-03-28 15:53:00,022 INFO o.a.j.r.Summariser: summary =   8018 in 00:05:01 =   26.7/s Avg:  3106 Min:    33 Max: 90019 Err:   100 (1.25%)
2023-03-28 15:53:30,115 INFO o.a.j.r.Summariser: summary +    726 in 00:00:30 =   24.1/s Avg:  3663 Min:   252 Max: 90012 Err:    25 (3.44%) Active: 96 Started: 96 Finished: 0
2023-03-28 15:53:30,115 INFO o.a.j.r.Summariser: summary =   8744 in 00:05:31 =   26.4/s Avg:  3152 Min:    33 Max: 90019 Err:   125 (1.43%)
2023-03-28 15:54:00,009 INFO o.a.j.r.Summariser: summary +    737 in 00:00:30 =   24.7/s Avg:  3824 Min:   229 Max: 90009 Err:    27 (3.66%) Active: 96 Started: 96 Finished: 0
2023-03-28 15:54:00,010 INFO o.a.j.r.Summariser: summary =   9481 in 00:06:01 =   26.3/s Avg:  3204 Min:    33 Max: 90019 Err:   152 (1.60%)
2023-03-28 15:54:30,058 INFO o.a.j.r.Summariser: summary +    449 in 00:00:30 =   14.9/s Avg:  6872 Min:   433 Max: 90004 Err:    30 (6.68%) Active: 96 Started: 96 Finished: 0
2023-03-28 15:54:30,058 INFO o.a.j.r.Summariser: summary =   9930 in 00:06:31 =   25.4/s Avg:  3370 Min:    33 Max: 90019 Err:   182 (1.83%)
2023-03-28 15:55:00,009 INFO o.a.j.r.Summariser: summary +    641 in 00:00:30 =   21.4/s Avg:  4148 Min:   262 Max: 90004 Err:    25 (3.90%) Active: 96 Started: 96 Finished: 0
2023-03-28 15:55:00,009 INFO o.a.j.r.Summariser: summary =  10571 in 00:07:01 =   25.1/s Avg:  3417 Min:    33 Max: 90019 Err:   207 (1.96%)
2023-03-28 15:55:30,099 INFO o.a.j.r.Summariser: summary +    688 in 00:00:30 =   22.9/s Avg:  4407 Min:     3 Max: 90005 Err:    37 (5.38%) Active: 96 Started: 96 Finished: 0
2023-03-28 15:55:30,100 INFO o.a.j.r.Summariser: summary =  11259 in 00:07:31 =   25.0/s Avg:  3478 Min:     3 Max: 90019 Err:   244 (2.17%)
2023-03-28 15:56:00,069 INFO o.a.j.r.Summariser: summary +   1004 in 00:00:30 =   33.5/s Avg:  4788 Min:     1 Max: 87248 Err:    65 (6.47%) Active: 96 Started: 96 Finished: 0
2023-03-28 15:56:00,070 INFO o.a.j.r.Summariser: summary =  12263 in 00:08:01 =   25.5/s Avg:  3585 Min:     1 Max: 90019 Err:   309 (2.52%)
2023-03-28 15:56:30,021 INFO o.a.j.r.Summariser: summary +    901 in 00:00:30 =   30.1/s Avg:  3085 Min:     2 Max: 47272 Err:    89 (9.88%) Active: 96 Started: 96 Finished: 0
2023-03-28 15:56:30,021 INFO o.a.j.r.Summariser: summary =  13164 in 00:08:31 =   25.8/s Avg:  3551 Min:     1 Max: 90019 Err:   398 (3.02%)
2023-03-28 15:57:00,010 INFO o.a.j.r.Summariser: summary +    577 in 00:00:30 =   19.2/s Avg:  4214 Min:     1 Max: 50940 Err:    90 (15.60%) Active: 96 Started: 96 Finished: 0
2023-03-28 15:57:00,011 INFO o.a.j.r.Summariser: summary =  13741 in 00:09:01 =   25.4/s Avg:  3579 Min:     1 Max: 90019 Err:   488 (3.55%)
2023-03-28 15:57:30,038 INFO o.a.j.r.Summariser: summary +    888 in 00:00:30 =   29.6/s Avg:  2196 Min:     1 Max: 68698 Err:    50 (5.63%) Active: 96 Started: 96 Finished: 0
2023-03-28 15:57:30,038 INFO o.a.j.r.Summariser: summary =  14629 in 00:09:31 =   25.6/s Avg:  3495 Min:     1 Max: 90019 Err:   538 (3.68%)
2023-03-28 15:58:00,048 INFO o.a.j.r.Summariser: summary +    851 in 00:00:30 =   28.4/s Avg:  2975 Min:     1 Max: 80396 Err:    31 (3.64%) Active: 96 Started: 96 Finished: 0
2023-03-28 15:58:00,048 INFO o.a.j.r.Summariser: summary =  15480 in 00:10:01 =   25.8/s Avg:  3466 Min:     1 Max: 90019 Err:   569 (3.68%)
2023-03-28 15:58:30,067 INFO o.a.j.r.Summariser: summary +    940 in 00:00:30 =   31.3/s Avg:  3303 Min:     2 Max: 90023 Err:    20 (2.13%) Active: 96 Started: 96 Finished: 0
2023-03-28 15:58:30,067 INFO o.a.j.r.Summariser: summary =  16420 in 00:10:31 =   26.0/s Avg:  3457 Min:     1 Max: 90023 Err:   589 (3.59%)
2023-03-28 15:59:00,024 INFO o.a.j.r.Summariser: summary +   1465 in 00:00:30 =   48.9/s Avg:  2607 Min:    33 Max: 90002 Err:     3 (0.20%) Active: 96 Started: 96 Finished: 0
2023-03-28 15:59:00,024 INFO o.a.j.r.Summariser: summary =  17885 in 00:11:01 =   27.1/s Avg:  3387 Min:     1 Max: 90023 Err:   592 (3.31%)
2023-03-28 15:59:30,008 INFO o.a.j.r.Summariser: summary +   1416 in 00:00:30 =   47.2/s Avg:  2523 Min:     1 Max: 81363 Err:    11 (0.78%) Active: 96 Started: 96 Finished: 0
2023-03-28 15:59:30,008 INFO o.a.j.r.Summariser: summary =  19301 in 00:11:31 =   27.9/s Avg:  3324 Min:     1 Max: 90023 Err:   603 (3.12%)
2023-03-28 16:00:00,008 INFO o.a.j.r.Summariser: summary +   1764 in 00:00:30 =   58.8/s Avg:  1302 Min:     1 Max: 50904 Err:    31 (1.76%) Active: 96 Started: 96 Finished: 0
2023-03-28 16:00:00,008 INFO o.a.j.r.Summariser: summary =  21065 in 00:12:01 =   29.2/s Avg:  3154 Min:     1 Max: 90023 Err:   634 (3.01%)
2023-03-28 16:00:30,010 INFO o.a.j.r.Summariser: summary +   1610 in 00:00:30 =   53.7/s Avg:  1728 Min:     1 Max: 68429 Err:     8 (0.50%) Active: 96 Started: 96 Finished: 0
2023-03-28 16:00:30,010 INFO o.a.j.r.Summariser: summary =  22675 in 00:12:31 =   30.2/s Avg:  3053 Min:     1 Max: 90023 Err:   642 (2.83%)
2023-03-28 16:01:00,015 INFO o.a.j.r.Summariser: summary +   1534 in 00:00:30 =   51.1/s Avg:  2348 Min:    40 Max: 68326 Err:     0 (0.00%) Active: 96 Started: 96 Finished: 0
2023-03-28 16:01:00,015 INFO o.a.j.r.Summariser: summary =  24209 in 00:13:01 =   31.0/s Avg:  3008 Min:     1 Max: 90023 Err:   642 (2.65%)
2023-03-28 16:01:30,041 INFO o.a.j.r.Summariser: summary +   1301 in 00:00:30 =   43.3/s Avg:  1641 Min:     2 Max: 63909 Err:    22 (1.69%) Active: 96 Started: 96 Finished: 0
2023-03-28 16:01:30,041 INFO o.a.j.r.Summariser: summary =  25510 in 00:13:31 =   31.5/s Avg:  2939 Min:     1 Max: 90023 Err:   664 (2.60%)
2023-03-28 16:02:00,016 INFO o.a.j.r.Summariser: summary +   1063 in 00:00:30 =   35.5/s Avg:  2403 Min:     1 Max: 66534 Err:    15 (1.41%) Active: 96 Started: 96 Finished: 0
2023-03-28 16:02:00,016 INFO o.a.j.r.Summariser: summary =  26573 in 00:14:01 =   31.6/s Avg:  2917 Min:     1 Max: 90023 Err:   679 (2.56%)
2023-03-28 16:02:30,032 INFO o.a.j.r.Summariser: summary +   1250 in 00:00:30 =   41.6/s Avg:  2388 Min:    42 Max: 80734 Err:     0 (0.00%) Active: 96 Started: 96 Finished: 0
2023-03-28 16:02:30,032 INFO o.a.j.r.Summariser: summary =  27823 in 00:14:31 =   32.0/s Avg:  2894 Min:     1 Max: 90023 Err:   679 (2.44%)
2023-03-28 16:03:00,009 INFO o.a.j.r.Summariser: summary +    829 in 00:00:30 =   27.7/s Avg:  4562 Min:     1 Max: 84123 Err:    12 (1.45%) Active: 96 Started: 96 Finished: 0
2023-03-28 16:03:00,009 INFO o.a.j.r.Summariser: summary =  28652 in 00:15:01 =   31.8/s Avg:  2942 Min:     1 Max: 90023 Err:   691 (2.41%)
2023-03-28 16:03:30,021 INFO o.a.j.r.Summariser: summary +   1099 in 00:00:30 =   36.6/s Avg:  1922 Min:     1 Max: 83542 Err:    29 (2.64%) Active: 96 Started: 96 Finished: 0
2023-03-28 16:03:30,021 INFO o.a.j.r.Summariser: summary =  29751 in 00:15:31 =   32.0/s Avg:  2904 Min:     1 Max: 90023 Err:   720 (2.42%)
2023-03-28 16:04:00,015 INFO o.a.j.r.Summariser: summary +    786 in 00:00:30 =   26.2/s Avg:  3590 Min:     1 Max: 71603 Err:    31 (3.94%) Active: 96 Started: 96 Finished: 0
2023-03-28 16:04:00,015 INFO o.a.j.r.Summariser: summary =  30537 in 00:16:01 =   31.8/s Avg:  2922 Min:     1 Max: 90023 Err:   751 (2.46%)
2023-03-28 16:04:30,029 INFO o.a.j.r.Summariser: summary +   1039 in 00:00:30 =   34.6/s Avg:  2955 Min:     1 Max: 73755 Err:    10 (0.96%) Active: 96 Started: 96 Finished: 0
2023-03-28 16:04:30,029 INFO o.a.j.r.Summariser: summary =  31576 in 00:16:31 =   31.9/s Avg:  2923 Min:     1 Max: 90023 Err:   761 (2.41%)
2023-03-28 16:05:00,018 INFO o.a.j.r.Summariser: summary +   1483 in 00:00:30 =   49.5/s Avg:  2405 Min:    34 Max: 65696 Err:     0 (0.00%) Active: 96 Started: 96 Finished: 0
2023-03-28 16:05:00,018 INFO o.a.j.r.Summariser: summary =  33059 in 00:17:01 =   32.4/s Avg:  2900 Min:     1 Max: 90023 Err:   761 (2.30%)
2023-03-28 16:05:30,004 INFO o.a.j.r.Summariser: summary +   1807 in 00:00:30 =   60.3/s Avg:  1432 Min:     1 Max: 63664 Err:    27 (1.49%) Active: 96 Started: 96 Finished: 0
2023-03-28 16:05:30,004 INFO o.a.j.r.Summariser: summary =  34866 in 00:17:31 =   33.2/s Avg:  2824 Min:     1 Max: 90023 Err:   788 (2.26%)
2023-03-28 16:06:00,003 INFO o.a.j.r.Summariser: summary +   1806 in 00:00:30 =   60.2/s Avg:  1423 Min:     2 Max: 59364 Err:    14 (0.78%) Active: 96 Started: 96 Finished: 0
2023-03-28 16:06:00,004 INFO o.a.j.r.Summariser: summary =  36672 in 00:18:01 =   33.9/s Avg:  2755 Min:     1 Max: 90023 Err:   802 (2.19%)
2023-03-28 16:06:30,001 INFO o.a.j.r.Summariser: summary +   1528 in 00:00:30 =   50.9/s Avg:  2057 Min:    46 Max: 65643 Err:     0 (0.00%) Active: 96 Started: 96 Finished: 0
2023-03-28 16:06:30,001 INFO o.a.j.r.Summariser: summary =  38200 in 00:18:31 =   34.4/s Avg:  2727 Min:     1 Max: 90023 Err:   802 (2.10%)
2023-03-28 16:07:00,007 INFO o.a.j.r.Summariser: summary +   1848 in 00:00:30 =   61.6/s Avg:  1590 Min:     1 Max: 74870 Err:    12 (0.65%) Active: 96 Started: 96 Finished: 0
2023-03-28 16:07:00,007 INFO o.a.j.r.Summariser: summary =  40048 in 00:19:01 =   35.1/s Avg:  2674 Min:     1 Max: 90023 Err:   814 (2.03%)
2023-03-28 16:07:30,007 INFO o.a.j.r.Summariser: summary +   1283 in 00:00:30 =   42.8/s Avg:  1655 Min:     1 Max: 60652 Err:    27 (2.10%) Active: 96 Started: 96 Finished: 0
2023-03-28 16:07:30,008 INFO o.a.j.r.Summariser: summary =  41331 in 00:19:31 =   35.3/s Avg:  2643 Min:     1 Max: 90023 Err:   841 (2.03%)
2023-03-28 16:08:00,023 INFO o.a.j.r.Summariser: summary +   1937 in 00:00:30 =   64.5/s Avg:  1254 Min:     1 Max: 75340 Err:     8 (0.41%) Active: 96 Started: 96 Finished: 0
2023-03-28 16:08:00,024 INFO o.a.j.r.Summariser: summary =  43268 in 00:20:01 =   36.0/s Avg:  2580 Min:     1 Max: 90023 Err:   849 (1.96%)
2023-03-28 16:08:30,045 INFO o.a.j.r.Summariser: summary +   1644 in 00:00:30 =   54.8/s Avg:  2059 Min:    39 Max: 88378 Err:     0 (0.00%) Active: 96 Started: 96 Finished: 0
2023-03-28 16:08:30,045 INFO o.a.j.r.Summariser: summary =  44912 in 00:20:31 =   36.5/s Avg:  2561 Min:     1 Max: 90023 Err:   849 (1.89%)
2023-03-28 16:09:00,012 INFO o.a.j.r.Summariser: summary +   1678 in 00:00:30 =   56.0/s Avg:  2047 Min:     1 Max: 89975 Err:    18 (1.07%) Active: 96 Started: 96 Finished: 0
2023-03-28 16:09:00,012 INFO o.a.j.r.Summariser: summary =  46590 in 00:21:01 =   37.0/s Avg:  2543 Min:     1 Max: 90023 Err:   867 (1.86%)
2023-03-28 16:09:30,101 INFO o.a.j.r.Summariser: summary +   1476 in 00:00:30 =   49.1/s Avg:  1713 Min:     1 Max: 85585 Err:    25 (1.69%) Active: 96 Started: 96 Finished: 0
2023-03-28 16:09:30,101 INFO o.a.j.r.Summariser: summary =  48066 in 00:21:31 =   37.2/s Avg:  2517 Min:     1 Max: 90023 Err:   892 (1.86%)
2023-03-28 16:10:00,045 INFO o.a.j.r.Summariser: summary +   1453 in 00:00:30 =   48.5/s Avg:  2219 Min:     1 Max: 90001 Err:    33 (2.27%) Active: 96 Started: 96 Finished: 0
2023-03-28 16:10:00,046 INFO o.a.j.r.Summariser: summary =  49519 in 00:22:01 =   37.5/s Avg:  2509 Min:     1 Max: 90023 Err:   925 (1.87%)
2023-03-28 16:10:30,013 INFO o.a.j.r.Summariser: summary +   1776 in 00:00:30 =   59.3/s Avg:  1607 Min:     1 Max: 66221 Err:    31 (1.75%) Active: 96 Started: 96 Finished: 0
2023-03-28 16:10:30,014 INFO o.a.j.r.Summariser: summary =  51295 in 00:22:31 =   38.0/s Avg:  2477 Min:     1 Max: 90023 Err:   956 (1.86%)
2023-03-28 16:11:00,036 INFO o.a.j.r.Summariser: summary +   1791 in 00:00:30 =   59.7/s Avg:  1585 Min:     1 Max: 65389 Err:    29 (1.62%) Active: 96 Started: 96 Finished: 0
2023-03-28 16:11:00,036 INFO o.a.j.r.Summariser: summary =  53086 in 00:23:01 =   38.4/s Avg:  2447 Min:     1 Max: 90023 Err:   985 (1.86%)
2023-03-28 16:11:30,019 INFO o.a.j.r.Summariser: summary +   1832 in 00:00:30 =   61.1/s Avg:  1656 Min:     2 Max: 67812 Err:    29 (1.58%) Active: 96 Started: 96 Finished: 0
2023-03-28 16:11:30,019 INFO o.a.j.r.Summariser: summary =  54918 in 00:23:31 =   38.9/s Avg:  2421 Min:     1 Max: 90023 Err:  1014 (1.85%)
2023-03-28 16:12:00,013 INFO o.a.j.r.Summariser: summary +   1811 in 00:00:30 =   60.4/s Avg:  1542 Min:     2 Max: 64839 Err:    27 (1.49%) Active: 96 Started: 96 Finished: 0
2023-03-28 16:12:00,014 INFO o.a.j.r.Summariser: summary =  56729 in 00:24:01 =   39.4/s Avg:  2393 Min:     1 Max: 90023 Err:  1041 (1.84%)
2023-03-28 16:12:30,004 INFO o.a.j.r.Summariser: summary +   1695 in 00:00:30 =   56.5/s Avg:  1891 Min:     1 Max: 65545 Err:    31 (1.83%) Active: 96 Started: 96 Finished: 0
2023-03-28 16:12:30,004 INFO o.a.j.r.Summariser: summary =  58424 in 00:24:31 =   39.7/s Avg:  2378 Min:     1 Max: 90023 Err:  1072 (1.83%)
2023-03-28 16:13:00,009 INFO o.a.j.r.Summariser: summary +   1444 in 00:00:30 =   48.1/s Avg:  2198 Min:     1 Max: 55909 Err:    38 (2.63%) Active: 96 Started: 96 Finished: 0
2023-03-28 16:13:00,009 INFO o.a.j.r.Summariser: summary =  59868 in 00:25:01 =   39.9/s Avg:  2374 Min:     1 Max: 90023 Err:  1110 (1.85%)
2023-03-28 16:13:30,016 INFO o.a.j.r.Summariser: summary +   1083 in 00:00:30 =   36.1/s Avg:  2755 Min:     2 Max: 90001 Err:    37 (3.42%) Active: 96 Started: 96 Finished: 0
2023-03-28 16:13:30,016 INFO o.a.j.r.Summariser: summary =  60951 in 00:25:31 =   39.8/s Avg:  2381 Min:     1 Max: 90023 Err:  1147 (1.88%)
2023-03-28 16:14:00,017 INFO o.a.j.r.Summariser: summary +   1546 in 00:00:30 =   51.5/s Avg:  1885 Min:     1 Max: 42307 Err:    39 (2.52%) Active: 96 Started: 96 Finished: 0
2023-03-28 16:14:00,017 INFO o.a.j.r.Summariser: summary =  62497 in 00:26:01 =   40.0/s Avg:  2368 Min:     1 Max: 90023 Err:  1186 (1.90%)
2023-03-28 16:14:30,022 INFO o.a.j.r.Summariser: summary +   1358 in 00:00:30 =   45.3/s Avg:  1790 Min:     1 Max: 43324 Err:    30 (2.21%) Active: 96 Started: 96 Finished: 0
2023-03-28 16:14:30,022 INFO o.a.j.r.Summariser: summary =  63855 in 00:26:31 =   40.1/s Avg:  2356 Min:     1 Max: 90023 Err:  1216 (1.90%)
2023-03-28 16:15:00,009 INFO o.a.j.r.Summariser: summary +    887 in 00:00:30 =   29.6/s Avg:  3529 Min:     2 Max: 49273 Err:    38 (4.28%) Active: 96 Started: 96 Finished: 0
2023-03-28 16:15:00,009 INFO o.a.j.r.Summariser: summary =  64742 in 00:27:01 =   39.9/s Avg:  2372 Min:     1 Max: 90023 Err:  1254 (1.94%)
2023-03-28 16:15:30,013 INFO o.a.j.r.Summariser: summary +   1724 in 00:00:30 =   57.5/s Avg:  1729 Min:     1 Max: 90002 Err:    35 (2.03%) Active: 96 Started: 96 Finished: 0
2023-03-28 16:15:30,014 INFO o.a.j.r.Summariser: summary =  66466 in 00:27:31 =   40.3/s Avg:  2355 Min:     1 Max: 90023 Err:  1289 (1.94%)
2023-03-28 16:16:00,045 INFO o.a.j.r.Summariser: summary +   1868 in 00:00:30 =   62.2/s Avg:  1492 Min:     1 Max: 47173 Err:    31 (1.66%) Active: 96 Started: 96 Finished: 0
2023-03-28 16:16:00,046 INFO o.a.j.r.Summariser: summary =  68334 in 00:28:01 =   40.7/s Avg:  2332 Min:     1 Max: 90023 Err:  1320 (1.93%)
2023-03-28 16:16:30,015 INFO o.a.j.r.Summariser: summary +   1967 in 00:00:30 =   65.6/s Avg:  1612 Min:     1 Max: 41625 Err:    43 (2.19%) Active: 96 Started: 96 Finished: 0
2023-03-28 16:16:30,015 INFO o.a.j.r.Summariser: summary =  70301 in 00:28:31 =   41.1/s Avg:  2312 Min:     1 Max: 90023 Err:  1363 (1.94%)
2023-03-28 16:17:00,010 INFO o.a.j.r.Summariser: summary +   1838 in 00:00:30 =   61.3/s Avg:  1471 Min:     1 Max: 37572 Err:    38 (2.07%) Active: 96 Started: 96 Finished: 0
2023-03-28 16:17:00,010 INFO o.a.j.r.Summariser: summary =  72139 in 00:29:01 =   41.4/s Avg:  2290 Min:     1 Max: 90023 Err:  1401 (1.94%)
2023-03-28 16:17:30,005 INFO o.a.j.r.Summariser: summary +   1805 in 00:00:30 =   60.2/s Avg:  1502 Min:     1 Max: 42995 Err:    33 (1.83%) Active: 96 Started: 96 Finished: 0
2023-03-28 16:17:30,005 INFO o.a.j.r.Summariser: summary =  73944 in 00:29:31 =   41.8/s Avg:  2271 Min:     1 Max: 90023 Err:  1434 (1.94%)
2023-03-28 16:18:00,017 INFO o.a.j.r.Summariser: summary +   1832 in 00:00:30 =   61.0/s Avg:  1546 Min:     1 Max: 80754 Err:    34 (1.86%) Active: 96 Started: 96 Finished: 0
2023-03-28 16:18:00,017 INFO o.a.j.r.Summariser: summary =  75776 in 00:30:01 =   42.1/s Avg:  2254 Min:     1 Max: 90023 Err:  1468 (1.94%)
2023-03-28 16:18:30,048 INFO o.a.j.r.Summariser: summary +   1643 in 00:00:30 =   54.7/s Avg:  1807 Min:     1 Max: 52441 Err:    30 (1.83%) Active: 96 Started: 96 Finished: 0
2023-03-28 16:18:30,048 INFO o.a.j.r.Summariser: summary =  77419 in 00:30:31 =   42.3/s Avg:  2244 Min:     1 Max: 90023 Err:  1498 (1.93%)
2023-03-28 16:19:00,011 INFO o.a.j.r.Summariser: summary +   1684 in 00:00:30 =   56.2/s Avg:  1689 Min:     1 Max: 52900 Err:    34 (2.02%) Active: 96 Started: 96 Finished: 0
2023-03-28 16:19:00,011 INFO o.a.j.r.Summariser: summary =  79103 in 00:31:01 =   42.5/s Avg:  2232 Min:     1 Max: 90023 Err:  1532 (1.94%)
2023-03-28 16:19:30,004 INFO o.a.j.r.Summariser: summary +   1938 in 00:00:30 =   64.6/s Avg:  1563 Min:    44 Max: 45970 Err:     0 (0.00%) Active: 96 Started: 96 Finished: 0
2023-03-28 16:19:30,004 INFO o.a.j.r.Summariser: summary =  81041 in 00:31:31 =   42.9/s Avg:  2216 Min:     1 Max: 90023 Err:  1532 (1.89%)
2023-03-28 16:20:00,002 INFO o.a.j.r.Summariser: summary +   2019 in 00:00:30 =   67.3/s Avg:  1491 Min:    43 Max: 39965 Err:     0 (0.00%) Active: 96 Started: 96 Finished: 0
2023-03-28 16:20:00,002 INFO o.a.j.r.Summariser: summary =  83060 in 00:32:01 =   43.2/s Avg:  2199 Min:     1 Max: 90023 Err:  1532 (1.84%)
2023-03-28 16:20:30,019 INFO o.a.j.r.Summariser: summary +   1242 in 00:00:30 =   41.4/s Avg:  2235 Min:    33 Max: 42804 Err:     0 (0.00%) Active: 96 Started: 96 Finished: 0
2023-03-28 16:20:30,020 INFO o.a.j.r.Summariser: summary =  84302 in 00:32:31 =   43.2/s Avg:  2199 Min:     1 Max: 90023 Err:  1532 (1.82%)
2023-03-28 16:21:00,036 INFO o.a.j.r.Summariser: summary +   1264 in 00:00:30 =   42.1/s Avg:  2764 Min:    10 Max: 44303 Err:    55 (4.35%) Active: 96 Started: 96 Finished: 0
2023-03-28 16:21:00,036 INFO o.a.j.r.Summariser: summary =  85566 in 00:33:01 =   43.2/s Avg:  2208 Min:     1 Max: 90023 Err:  1587 (1.85%)
2023-03-28 16:21:30,007 INFO o.a.j.r.Summariser: summary +   1885 in 00:00:30 =   62.9/s Avg:  1107 Min:     7 Max: 34600 Err:     9 (0.48%) Active: 96 Started: 96 Finished: 0
2023-03-28 16:21:30,007 INFO o.a.j.r.Summariser: summary =  87451 in 00:33:31 =   43.5/s Avg:  2184 Min:     1 Max: 90023 Err:  1596 (1.83%)
2023-03-28 16:22:00,012 INFO o.a.j.r.Summariser: summary +   1483 in 00:00:30 =   49.4/s Avg:  1809 Min:    45 Max: 51999 Err:     0 (0.00%) Active: 96 Started: 96 Finished: 0
2023-03-28 16:22:00,013 INFO o.a.j.r.Summariser: summary =  88934 in 00:34:01 =   43.6/s Avg:  2178 Min:     1 Max: 90023 Err:  1596 (1.79%)
2023-03-28 16:22:30,011 INFO o.a.j.r.Summariser: summary +   2201 in 00:00:30 =   73.4/s Avg:  1213 Min:    42 Max: 54991 Err:     0 (0.00%) Active: 96 Started: 96 Finished: 0
2023-03-28 16:22:30,012 INFO o.a.j.r.Summariser: summary =  91135 in 00:34:31 =   44.0/s Avg:  2154 Min:     1 Max: 90023 Err:  1596 (1.75%)
2023-03-28 16:23:00,004 INFO o.a.j.r.Summariser: summary +   1321 in 00:00:30 =   44.0/s Avg:  2404 Min:    40 Max: 58399 Err:     0 (0.00%) Active: 96 Started: 96 Finished: 0
2023-03-28 16:23:00,004 INFO o.a.j.r.Summariser: summary =  92456 in 00:35:01 =   44.0/s Avg:  2158 Min:     1 Max: 90023 Err:  1596 (1.73%)
2023-03-28 16:23:30,000 INFO o.a.j.r.Summariser: summary +    789 in 00:00:30 =   26.3/s Avg:  3759 Min:    36 Max: 54736 Err:     0 (0.00%) Active: 96 Started: 96 Finished: 0
2023-03-28 16:23:30,001 INFO o.a.j.r.Summariser: summary =  93245 in 00:35:31 =   43.8/s Avg:  2171 Min:     1 Max: 90023 Err:  1596 (1.71%)
2023-03-28 16:24:00,006 INFO o.a.j.r.Summariser: summary +   1695 in 00:00:30 =   56.5/s Avg:  1630 Min:    40 Max: 53931 Err:     0 (0.00%) Active: 96 Started: 96 Finished: 0
2023-03-28 16:24:00,006 INFO o.a.j.r.Summariser: summary =  94940 in 00:36:01 =   43.9/s Avg:  2162 Min:     1 Max: 90023 Err:  1596 (1.68%)
2023-03-28 16:24:30,023 INFO o.a.j.r.Summariser: summary +   1350 in 00:00:30 =   45.0/s Avg:  2140 Min:    37 Max: 55524 Err:     0 (0.00%) Active: 96 Started: 96 Finished: 0
2023-03-28 16:24:30,023 INFO o.a.j.r.Summariser: summary =  96290 in 00:36:31 =   44.0/s Avg:  2161 Min:     1 Max: 90023 Err:  1596 (1.66%)
2023-03-28 16:25:00,016 INFO o.a.j.r.Summariser: summary +   1642 in 00:00:30 =   54.7/s Avg:  1849 Min:    36 Max: 49857 Err:     0 (0.00%) Active: 96 Started: 96 Finished: 0
2023-03-28 16:25:00,016 INFO o.a.j.r.Summariser: summary =  97932 in 00:37:01 =   44.1/s Avg:  2156 Min:     1 Max: 90023 Err:  1596 (1.63%)
2023-03-28 16:25:30,005 INFO o.a.j.r.Summariser: summary +   1919 in 00:00:30 =   64.0/s Avg:  1391 Min:    37 Max: 49294 Err:     0 (0.00%) Active: 96 Started: 96 Finished: 0
2023-03-28 16:25:30,005 INFO o.a.j.r.Summariser: summary =  99851 in 00:37:31 =   44.4/s Avg:  2141 Min:     1 Max: 90023 Err:  1596 (1.60%)
2023-03-28 16:26:00,009 INFO o.a.j.r.Summariser: summary +   2244 in 00:00:30 =   74.8/s Avg:  1386 Min:    34 Max: 48727 Err:     0 (0.00%) Active: 96 Started: 96 Finished: 0
2023-03-28 16:26:00,009 INFO o.a.j.r.Summariser: summary = 102095 in 00:38:01 =   44.8/s Avg:  2125 Min:     1 Max: 90023 Err:  1596 (1.56%)
2023-03-28 16:26:30,025 INFO o.a.j.r.Summariser: summary +   1509 in 00:00:30 =   50.3/s Avg:  1830 Min:    38 Max: 50427 Err:     0 (0.00%) Active: 96 Started: 96 Finished: 0
2023-03-28 16:26:30,025 INFO o.a.j.r.Summariser: summary = 103604 in 00:38:31 =   44.8/s Avg:  2121 Min:     1 Max: 90023 Err:  1596 (1.54%)
2023-03-28 16:27:00,012 INFO o.a.j.r.Summariser: summary +   1577 in 00:00:30 =   52.6/s Avg:  1737 Min:    35 Max: 55513 Err:     0 (0.00%) Active: 96 Started: 96 Finished: 0
2023-03-28 16:27:00,012 INFO o.a.j.r.Summariser: summary = 105181 in 00:39:01 =   44.9/s Avg:  2115 Min:     1 Max: 90023 Err:  1596 (1.52%)
2023-03-28 16:27:30,018 INFO o.a.j.r.Summariser: summary +   1592 in 00:00:30 =   53.1/s Avg:  1599 Min:    35 Max: 59658 Err:     0 (0.00%) Active: 96 Started: 96 Finished: 0
2023-03-28 16:27:30,018 INFO o.a.j.r.Summariser: summary = 106773 in 00:39:31 =   45.0/s Avg:  2107 Min:     1 Max: 90023 Err:  1596 (1.49%)
2023-03-28 16:28:00,005 INFO o.a.j.r.Summariser: summary +   1924 in 00:00:30 =   64.2/s Avg:  1498 Min:    45 Max: 62131 Err:     0 (0.00%) Active: 96 Started: 96 Finished: 0
2023-03-28 16:28:00,005 INFO o.a.j.r.Summariser: summary = 108697 in 00:40:01 =   45.3/s Avg:  2096 Min:     1 Max: 90023 Err:  1596 (1.47%)
2023-03-28 16:28:30,001 INFO o.a.j.r.Summariser: summary +   2016 in 00:00:30 =   67.2/s Avg:  1602 Min:    38 Max: 61774 Err:     0 (0.00%) Active: 96 Started: 96 Finished: 0
2023-03-28 16:28:30,001 INFO o.a.j.r.Summariser: summary = 110713 in 00:40:31 =   45.5/s Avg:  2087 Min:     1 Max: 90023 Err:  1596 (1.44%)
2023-03-28 16:29:00,021 INFO o.a.j.r.Summariser: summary +   1973 in 00:00:30 =   65.7/s Avg:  1419 Min:    41 Max: 59049 Err:     0 (0.00%) Active: 96 Started: 96 Finished: 0
2023-03-28 16:29:00,021 INFO o.a.j.r.Summariser: summary = 112686 in 00:41:01 =   45.8/s Avg:  2076 Min:     1 Max: 90023 Err:  1596 (1.42%)
2023-03-28 16:29:30,018 INFO o.a.j.r.Summariser: summary +   1904 in 00:00:30 =   63.5/s Avg:  1515 Min:    42 Max: 56102 Err:     0 (0.00%) Active: 96 Started: 96 Finished: 0
2023-03-28 16:29:30,019 INFO o.a.j.r.Summariser: summary = 114590 in 00:41:31 =   46.0/s Avg:  2066 Min:     1 Max: 90023 Err:  1596 (1.39%)
2023-03-28 16:30:00,006 INFO o.a.j.r.Summariser: summary +   1983 in 00:00:30 =   66.1/s Avg:  1519 Min:    36 Max: 53885 Err:     0 (0.00%) Active: 96 Started: 96 Finished: 0
2023-03-28 16:30:00,006 INFO o.a.j.r.Summariser: summary = 116573 in 00:42:01 =   46.2/s Avg:  2057 Min:     1 Max: 90023 Err:  1596 (1.37%)
2023-03-28 16:30:30,027 INFO o.a.j.r.Summariser: summary +   1408 in 00:00:30 =   46.9/s Avg:  2186 Min:    36 Max: 51340 Err:     0 (0.00%) Active: 96 Started: 96 Finished: 0
2023-03-28 16:30:30,027 INFO o.a.j.r.Summariser: summary = 117981 in 00:42:31 =   46.3/s Avg:  2059 Min:     1 Max: 90023 Err:  1596 (1.35%)
2023-03-28 16:31:00,005 INFO o.a.j.r.Summariser: summary +   2143 in 00:00:30 =   71.5/s Avg:  1336 Min:    40 Max: 44902 Err:     0 (0.00%) Active: 96 Started: 96 Finished: 0
2023-03-28 16:31:00,005 INFO o.a.j.r.Summariser: summary = 120124 in 00:43:01 =   46.5/s Avg:  2046 Min:     1 Max: 90023 Err:  1596 (1.33%)
2023-03-28 16:31:30,026 INFO o.a.j.r.Summariser: summary +   1580 in 00:00:30 =   52.6/s Avg:  1704 Min:    71 Max: 44620 Err:     0 (0.00%) Active: 96 Started: 96 Finished: 0
2023-03-28 16:31:30,026 INFO o.a.j.r.Summariser: summary = 121704 in 00:43:31 =   46.6/s Avg:  2041 Min:     1 Max: 90023 Err:  1596 (1.31%)
2023-03-28 16:32:00,011 INFO o.a.j.r.Summariser: summary +   1570 in 00:00:30 =   52.4/s Avg:  1881 Min:    35 Max: 46185 Err:     0 (0.00%) Active: 96 Started: 96 Finished: 0
2023-03-28 16:32:00,012 INFO o.a.j.r.Summariser: summary = 123274 in 00:44:01 =   46.7/s Avg:  2039 Min:     1 Max: 90023 Err:  1596 (1.29%)
2023-03-28 16:32:30,030 INFO o.a.j.r.Summariser: summary +   1727 in 00:00:30 =   57.5/s Avg:  1646 Min:    42 Max: 49268 Err:     0 (0.00%) Active: 96 Started: 96 Finished: 0
2023-03-28 16:32:30,030 INFO o.a.j.r.Summariser: summary = 125001 in 00:44:31 =   46.8/s Avg:  2034 Min:     1 Max: 90023 Err:  1596 (1.28%)
2023-03-28 16:33:00,014 INFO o.a.j.r.Summariser: summary +   1731 in 00:00:30 =   57.7/s Avg:  1673 Min:    38 Max: 52154 Err:     0 (0.00%) Active: 96 Started: 96 Finished: 0
2023-03-28 16:33:00,014 INFO o.a.j.r.Summariser: summary = 126732 in 00:45:01 =   46.9/s Avg:  2029 Min:     1 Max: 90023 Err:  1596 (1.26%)
2023-03-28 16:33:30,000 INFO o.a.j.r.Summariser: summary +   2257 in 00:00:30 =   75.3/s Avg:  1385 Min:    40 Max: 50974 Err:     0 (0.00%) Active: 96 Started: 96 Finished: 0
2023-03-28 16:33:30,000 INFO o.a.j.r.Summariser: summary = 128989 in 00:45:31 =   47.2/s Avg:  2018 Min:     1 Max: 90023 Err:  1596 (1.24%)
2023-03-28 16:34:00,014 INFO o.a.j.r.Summariser: summary +   2364 in 00:00:30 =   78.8/s Avg:  1176 Min:    37 Max: 46076 Err:     0 (0.00%) Active: 96 Started: 96 Finished: 0
2023-03-28 16:34:00,014 INFO o.a.j.r.Summariser: summary = 131353 in 00:46:01 =   47.6/s Avg:  2002 Min:     1 Max: 90023 Err:  1596 (1.22%)
2023-03-28 16:34:30,000 INFO o.a.j.r.Summariser: summary +   2198 in 00:00:30 =   73.3/s Avg:  1189 Min:    40 Max: 53567 Err:     0 (0.00%) Active: 96 Started: 96 Finished: 0
2023-03-28 16:34:30,000 INFO o.a.j.r.Summariser: summary = 133551 in 00:46:31 =   47.9/s Avg:  1989 Min:     1 Max: 90023 Err:  1596 (1.20%)
2023-03-28 16:35:00,013 INFO o.a.j.r.Summariser: summary +   2312 in 00:00:30 =   77.0/s Avg:  1297 Min:    38 Max: 54172 Err:     0 (0.00%) Active: 96 Started: 96 Finished: 0
2023-03-28 16:35:00,013 INFO o.a.j.r.Summariser: summary = 135863 in 00:47:01 =   48.2/s Avg:  1977 Min:     1 Max: 90023 Err:  1596 (1.17%)
2023-03-28 16:35:30,011 INFO o.a.j.r.Summariser: summary +   2124 in 00:00:30 =   70.8/s Avg:  1478 Min:    38 Max: 50613 Err:     0 (0.00%) Active: 96 Started: 96 Finished: 0
2023-03-28 16:35:30,012 INFO o.a.j.r.Summariser: summary = 137987 in 00:47:31 =   48.4/s Avg:  1970 Min:     1 Max: 90023 Err:  1596 (1.16%)
2023-03-28 16:36:00,004 INFO o.a.j.r.Summariser: summary +   2266 in 00:00:30 =   75.6/s Avg:  1154 Min:    38 Max: 49327 Err:     0 (0.00%) Active: 96 Started: 96 Finished: 0
2023-03-28 16:36:00,005 INFO o.a.j.r.Summariser: summary = 140253 in 00:48:01 =   48.7/s Avg:  1956 Min:     1 Max: 90023 Err:  1596 (1.14%)
2023-03-28 16:36:30,007 INFO o.a.j.r.Summariser: summary +   1928 in 00:00:30 =   64.3/s Avg:  1352 Min:    37 Max: 52314 Err:     0 (0.00%) Active: 96 Started: 96 Finished: 0
2023-03-28 16:36:30,007 INFO o.a.j.r.Summariser: summary = 142181 in 00:48:31 =   48.8/s Avg:  1948 Min:     1 Max: 90023 Err:  1596 (1.12%)
2023-03-28 16:37:00,005 INFO o.a.j.r.Summariser: summary +   2162 in 00:00:30 =   72.1/s Avg:  1413 Min:    41 Max: 55128 Err:     0 (0.00%) Active: 96 Started: 96 Finished: 0
2023-03-28 16:37:00,005 INFO o.a.j.r.Summariser: summary = 144343 in 00:49:01 =   49.1/s Avg:  1940 Min:     1 Max: 90023 Err:  1596 (1.11%)
2023-03-28 16:37:30,022 INFO o.a.j.r.Summariser: summary +   1832 in 00:00:30 =   61.0/s Avg:  1657 Min:    40 Max: 56746 Err:     0 (0.00%) Active: 96 Started: 96 Finished: 0
2023-03-28 16:37:30,022 INFO o.a.j.r.Summariser: summary = 146175 in 00:49:31 =   49.2/s Avg:  1937 Min:     1 Max: 90023 Err:  1596 (1.09%)
2023-03-28 16:38:00,029 INFO o.a.j.r.Summariser: summary +   2215 in 00:00:30 =   73.8/s Avg:  1358 Min:    36 Max: 49351 Err:     0 (0.00%) Active: 96 Started: 96 Finished: 0
2023-03-28 16:38:00,029 INFO o.a.j.r.Summariser: summary = 148390 in 00:50:01 =   49.5/s Avg:  1928 Min:     1 Max: 90023 Err:  1596 (1.08%)
2023-03-28 16:38:30,019 INFO o.a.j.r.Summariser: summary +   2052 in 00:00:30 =   68.4/s Avg:  1192 Min:    38 Max: 53010 Err:     0 (0.00%) Active: 96 Started: 96 Finished: 0
2023-03-28 16:38:30,020 INFO o.a.j.r.Summariser: summary = 150442 in 00:50:31 =   49.6/s Avg:  1918 Min:     1 Max: 90023 Err:  1596 (1.06%)
2023-03-28 16:39:00,011 INFO o.a.j.r.Summariser: summary +   1583 in 00:00:30 =   52.8/s Avg:  1827 Min:    36 Max: 57773 Err:     0 (0.00%) Active: 96 Started: 96 Finished: 0
2023-03-28 16:39:00,011 INFO o.a.j.r.Summariser: summary = 152025 in 00:51:01 =   49.7/s Avg:  1917 Min:     1 Max: 90023 Err:  1596 (1.05%)
2023-03-28 16:39:30,000 INFO o.a.j.r.Summariser: summary +   1929 in 00:00:30 =   64.3/s Avg:  1563 Min:    36 Max: 59165 Err:     0 (0.00%) Active: 96 Started: 96 Finished: 0
2023-03-28 16:39:30,001 INFO o.a.j.r.Summariser: summary = 153954 in 00:51:31 =   49.8/s Avg:  1913 Min:     1 Max: 90023 Err:  1596 (1.04%)
2023-03-28 16:40:00,056 INFO o.a.j.r.Summariser: summary +   1393 in 00:00:30 =   46.3/s Avg:  1903 Min:    32 Max: 58572 Err:     0 (0.00%) Active: 96 Started: 96 Finished: 0
2023-03-28 16:40:00,057 INFO o.a.j.r.Summariser: summary = 155347 in 00:52:01 =   49.8/s Avg:  1912 Min:     1 Max: 90023 Err:  1596 (1.03%)
2023-03-28 16:40:30,075 INFO o.a.j.r.Summariser: summary +    419 in 00:00:30 =   14.0/s Avg:  6057 Min:    35 Max: 62963 Err:     0 (0.00%) Active: 96 Started: 96 Finished: 0
2023-03-28 16:40:30,076 INFO o.a.j.r.Summariser: summary = 155766 in 00:52:31 =   49.4/s Avg:  1924 Min:     1 Max: 90023 Err:  1596 (1.02%)
2023-03-28 16:41:01,546 INFO o.a.j.r.Summariser: summary +    560 in 00:00:31 =   17.8/s Avg:  4999 Min:    37 Max: 65104 Err:     0 (0.00%) Active: 96 Started: 96 Finished: 0
2023-03-28 16:41:01,546 INFO o.a.j.r.Summariser: summary = 156326 in 00:53:02 =   49.1/s Avg:  1935 Min:     1 Max: 90023 Err:  1596 (1.02%)
2023-03-28 16:41:30,129 INFO o.a.j.r.Summariser: summary +    411 in 00:00:29 =   14.4/s Avg:  8102 Min:    33 Max: 90004 Err:     3 (0.73%) Active: 96 Started: 96 Finished: 0
2023-03-28 16:41:30,130 INFO o.a.j.r.Summariser: summary = 156737 in 00:53:31 =   48.8/s Avg:  1951 Min:     1 Max: 90023 Err:  1599 (1.02%)
2023-03-28 16:42:00,021 INFO o.a.j.r.Summariser: summary +    993 in 00:00:30 =   33.2/s Avg:  2612 Min:    33 Max: 64232 Err:     0 (0.00%) Active: 96 Started: 96 Finished: 0
2023-03-28 16:42:00,022 INFO o.a.j.r.Summariser: summary = 157730 in 00:54:01 =   48.7/s Avg:  1955 Min:     1 Max: 90023 Err:  1599 (1.01%)
2023-03-28 16:42:30,478 INFO o.a.j.r.Summariser: summary +    450 in 00:00:30 =   14.8/s Avg:  5648 Min:    36 Max: 90002 Err:     1 (0.22%) Active: 96 Started: 96 Finished: 0
2023-03-28 16:42:30,478 INFO o.a.j.r.Summariser: summary = 158180 in 00:54:31 =   48.4/s Avg:  1965 Min:     1 Max: 90023 Err:  1600 (1.01%)
2023-03-28 16:43:00,420 INFO o.a.j.r.Summariser: summary +     84 in 00:00:30 =    2.8/s Avg: 32463 Min:    34 Max: 90002 Err:     2 (2.38%) Active: 96 Started: 96 Finished: 0
2023-03-28 16:43:00,420 INFO o.a.j.r.Summariser: summary = 158264 in 00:55:01 =   47.9/s Avg:  1982 Min:     1 Max: 90023 Err:  1602 (1.01%)
2023-03-28 16:43:30,007 INFO o.a.j.r.Summariser: summary +    389 in 00:00:30 =   13.1/s Avg:  9378 Min:    34 Max: 90002 Err:     1 (0.26%) Active: 96 Started: 96 Finished: 0
2023-03-28 16:43:30,007 INFO o.a.j.r.Summariser: summary = 158653 in 00:55:31 =   47.6/s Avg:  2000 Min:     1 Max: 90023 Err:  1603 (1.01%)
2023-03-28 16:44:00,028 INFO o.a.j.r.Summariser: summary +   1356 in 00:00:30 =   45.2/s Avg:  2175 Min:    39 Max: 90002 Err:     3 (0.22%) Active: 96 Started: 96 Finished: 0
2023-03-28 16:44:00,028 INFO o.a.j.r.Summariser: summary = 160009 in 00:56:01 =   47.6/s Avg:  2001 Min:     1 Max: 90023 Err:  1606 (1.00%)
2023-03-28 16:44:30,025 INFO o.a.j.r.Summariser: summary +   2606 in 00:00:30 =   86.9/s Avg:  1177 Min:    40 Max: 55480 Err:     0 (0.00%) Active: 96 Started: 96 Finished: 0
2023-03-28 16:44:30,025 INFO o.a.j.r.Summariser: summary = 162615 in 00:56:31 =   48.0/s Avg:  1988 Min:     1 Max: 90023 Err:  1606 (0.99%)
2023-03-28 16:45:00,000 INFO o.a.j.r.Summariser: summary +   1470 in 00:00:30 =   49.0/s Avg:  1839 Min:    34 Max: 53968 Err:     0 (0.00%) Active: 96 Started: 96 Finished: 0
2023-03-28 16:45:00,001 INFO o.a.j.r.Summariser: summary = 164085 in 00:57:01 =   48.0/s Avg:  1987 Min:     1 Max: 90023 Err:  1606 (0.98%)
2023-03-28 16:45:30,031 INFO o.a.j.r.Summariser: summary +   1442 in 00:00:30 =   48.0/s Avg:  1932 Min:    34 Max: 56784 Err:     0 (0.00%) Active: 96 Started: 96 Finished: 0
2023-03-28 16:45:30,031 INFO o.a.j.r.Summariser: summary = 165527 in 00:57:31 =   48.0/s Avg:  1986 Min:     1 Max: 90023 Err:  1606 (0.97%)
2023-03-28 16:46:00,044 INFO o.a.j.r.Summariser: summary +   1594 in 00:00:30 =   53.1/s Avg:  1647 Min:    35 Max: 60621 Err:     0 (0.00%) Active: 96 Started: 96 Finished: 0
2023-03-28 16:46:00,044 INFO o.a.j.r.Summariser: summary = 167121 in 00:58:01 =   48.0/s Avg:  1983 Min:     1 Max: 90023 Err:  1606 (0.96%)
2023-03-28 16:46:30,010 INFO o.a.j.r.Summariser: summary +   1218 in 00:00:30 =   40.6/s Avg:  2361 Min:    34 Max: 90000 Err:     2 (0.16%) Active: 96 Started: 96 Finished: 0
2023-03-28 16:46:30,010 INFO o.a.j.r.Summariser: summary = 168339 in 00:58:31 =   48.0/s Avg:  1986 Min:     1 Max: 90023 Err:  1608 (0.96%)
2023-03-28 16:47:00,015 INFO o.a.j.r.Summariser: summary +   1707 in 00:00:30 =   56.9/s Avg:  1917 Min:    43 Max: 64661 Err:     0 (0.00%) Active: 96 Started: 96 Finished: 0
2023-03-28 16:47:00,015 INFO o.a.j.r.Summariser: summary = 170046 in 00:59:01 =   48.0/s Avg:  1985 Min:     1 Max: 90023 Err:  1608 (0.95%)
2023-03-28 16:47:30,036 INFO o.a.j.r.Summariser: summary +   1973 in 00:00:30 =   65.7/s Avg:  1442 Min:    42 Max: 59615 Err:     0 (0.00%) Active: 96 Started: 96 Finished: 0
2023-03-28 16:47:30,036 INFO o.a.j.r.Summariser: summary = 172019 in 00:59:31 =   48.2/s Avg:  1979 Min:     1 Max: 90023 Err:  1608 (0.93%)
2023-03-28 16:47:59,467 INFO o.a.j.t.JMeterThread: Stopping because end time detected by thread: OPMET Thread Group 2-12
2023-03-28 16:47:59,467 INFO o.a.j.t.JMeterThread: Thread finished: OPMET Thread Group 2-12
2023-03-28 16:47:59,479 INFO o.a.j.t.JMeterThread: Stopping because end time detected by thread: OPMET Thread Group 2-11
2023-03-28 16:47:59,479 INFO o.a.j.t.JMeterThread: Thread finished: OPMET Thread Group 2-11
2023-03-28 16:47:59,486 INFO o.a.j.t.JMeterThread: Stopping because end time detected by thread: OPMET Thread Group 2-14
2023-03-28 16:47:59,486 INFO o.a.j.t.JMeterThread: Thread finished: OPMET Thread Group 2-14
2023-03-28 16:47:59,491 INFO o.a.j.t.JMeterThread: Stopping because end time detected by thread: OPMET Thread Group 2-7
2023-03-28 16:47:59,491 INFO o.a.j.t.JMeterThread: Thread finished: OPMET Thread Group 2-7
2023-03-28 16:47:59,497 INFO o.a.j.t.JMeterThread: Stopping because end time detected by thread: OPMET Thread Group 2-13
2023-03-28 16:47:59,497 INFO o.a.j.t.JMeterThread: Thread finished: OPMET Thread Group 2-13
2023-03-28 16:47:59,511 INFO o.a.j.t.JMeterThread: Stopping because end time detected by thread: OPMET Thread Group 2-3
2023-03-28 16:47:59,511 INFO o.a.j.t.JMeterThread: Thread finished: OPMET Thread Group 2-3
2023-03-28 16:47:59,550 INFO o.a.j.t.JMeterThread: Stopping because end time detected by thread: OPMET Thread Group 2-2
2023-03-28 16:47:59,550 INFO o.a.j.t.JMeterThread: Thread finished: OPMET Thread Group 2-2
2023-03-28 16:47:59,563 INFO o.a.j.t.JMeterThread: Stopping because end time detected by thread: OPMET Thread Group 2-8
2023-03-28 16:47:59,563 INFO o.a.j.t.JMeterThread: Thread finished: OPMET Thread Group 2-8
2023-03-28 16:47:59,576 INFO o.a.j.t.JMeterThread: Stopping because end time detected by thread: OPMET Thread Group 2-1
2023-03-28 16:47:59,576 INFO o.a.j.t.JMeterThread: Thread finished: OPMET Thread Group 2-1
2023-03-28 16:47:59,597 INFO o.a.j.t.JMeterThread: Stopping because end time detected by thread: OPMET Thread Group 2-9
2023-03-28 16:47:59,597 INFO o.a.j.t.JMeterThread: Thread finished: OPMET Thread Group 2-9
2023-03-28 16:47:59,658 INFO o.a.j.t.JMeterThread: Stopping because end time detected by thread: OPMET Thread Group 2-4
2023-03-28 16:47:59,658 INFO o.a.j.t.JMeterThread: Thread finished: OPMET Thread Group 2-4
2023-03-28 16:47:59,686 INFO o.a.j.t.JMeterThread: Stopping because end time detected by thread: OPMET Thread Group 2-6
2023-03-28 16:47:59,686 INFO o.a.j.t.JMeterThread: Thread finished: OPMET Thread Group 2-6
2023-03-28 16:47:59,690 INFO o.a.j.t.JMeterThread: Stopping because end time detected by thread: OPMET Thread Group 2-5
2023-03-28 16:47:59,690 INFO o.a.j.t.JMeterThread: Thread finished: OPMET Thread Group 2-5
2023-03-28 16:47:59,742 INFO o.a.j.t.JMeterThread: Stopping because end time detected by thread: OPMET Thread Group 2-10
2023-03-28 16:47:59,742 INFO o.a.j.t.JMeterThread: Thread finished: OPMET Thread Group 2-10
2023-03-28 16:48:00,245 INFO o.a.j.r.Summariser: summary +   1856 in 00:00:30 =   61.4/s Avg:  1488 Min:    38 Max: 57791 Err:     0 (0.00%) Active: 82 Started: 96 Finished: 14
2023-03-28 16:48:00,246 INFO o.a.j.r.Summariser: summary = 173875 in 01:00:01 =   48.3/s Avg:  1974 Min:     1 Max: 90023 Err:  1608 (0.92%)
2023-03-28 16:48:00,246 INFO o.a.j.t.JMeterThread: Stopping because end time detected by thread: Gridded Thread Group 1-44
2023-03-28 16:48:00,246 INFO o.a.j.t.JMeterThread: Thread finished: Gridded Thread Group 1-44
2023-03-28 16:48:01,914 INFO o.a.j.t.JMeterThread: Stopping because end time detected by thread: Gridded Thread Group 1-21
2023-03-28 16:48:01,914 INFO o.a.j.t.JMeterThread: Thread finished: Gridded Thread Group 1-21
2023-03-28 16:48:01,970 INFO o.a.j.t.JMeterThread: Stopping because end time detected by thread: Gridded Thread Group 1-42
2023-03-28 16:48:01,970 INFO o.a.j.t.JMeterThread: Thread finished: Gridded Thread Group 1-42
2023-03-28 16:48:02,177 INFO o.a.j.t.JMeterThread: Stopping because end time detected by thread: Gridded Thread Group 1-26
2023-03-28 16:48:02,177 INFO o.a.j.t.JMeterThread: Thread finished: Gridded Thread Group 1-26
2023-03-28 16:48:02,426 INFO o.a.j.t.JMeterThread: Stopping because end time detected by thread: Gridded Thread Group 1-68
2023-03-28 16:48:02,426 INFO o.a.j.t.JMeterThread: Thread finished: Gridded Thread Group 1-68
2023-03-28 16:48:03,080 INFO o.a.j.t.JMeterThread: Stopping because end time detected by thread: Gridded Thread Group 1-37
2023-03-28 16:48:03,080 INFO o.a.j.t.JMeterThread: Thread finished: Gridded Thread Group 1-37
2023-03-28 16:48:03,379 INFO o.a.j.t.JMeterThread: Stopping because end time detected by thread: Gridded Thread Group 1-39
2023-03-28 16:48:03,379 INFO o.a.j.t.JMeterThread: Thread finished: Gridded Thread Group 1-39
2023-03-28 16:48:03,394 INFO o.a.j.t.JMeterThread: Stopping because end time detected by thread: Gridded Thread Group 1-31
2023-03-28 16:48:03,394 INFO o.a.j.t.JMeterThread: Thread finished: Gridded Thread Group 1-31
2023-03-28 16:48:05,093 INFO o.a.j.t.JMeterThread: Stopping because end time detected by thread: Gridded Thread Group 1-35
2023-03-28 16:48:05,093 INFO o.a.j.t.JMeterThread: Thread finished: Gridded Thread Group 1-35
2023-03-28 16:48:05,182 INFO o.a.j.t.JMeterThread: Stopping because end time detected by thread: Gridded Thread Group 1-55
2023-03-28 16:48:05,182 INFO o.a.j.t.JMeterThread: Thread finished: Gridded Thread Group 1-55
2023-03-28 16:48:05,322 INFO o.a.j.t.JMeterThread: Stopping because end time detected by thread: Gridded Thread Group 1-6
2023-03-28 16:48:05,323 INFO o.a.j.t.JMeterThread: Thread finished: Gridded Thread Group 1-6
2023-03-28 16:48:05,335 INFO o.a.j.t.JMeterThread: Stopping because end time detected by thread: Gridded Thread Group 1-47
2023-03-28 16:48:05,335 INFO o.a.j.t.JMeterThread: Thread finished: Gridded Thread Group 1-47
2023-03-28 16:48:05,368 INFO o.a.j.t.JMeterThread: Stopping because end time detected by thread: Gridded Thread Group 1-17
2023-03-28 16:48:05,369 INFO o.a.j.t.JMeterThread: Thread finished: Gridded Thread Group 1-17
2023-03-28 16:48:05,400 INFO o.a.j.t.JMeterThread: Stopping because end time detected by thread: Gridded Thread Group 1-8
2023-03-28 16:48:05,400 INFO o.a.j.t.JMeterThread: Thread finished: Gridded Thread Group 1-8
2023-03-28 16:48:06,890 INFO o.a.j.t.JMeterThread: Stopping because end time detected by thread: Gridded Thread Group 1-58
2023-03-28 16:48:06,890 INFO o.a.j.t.JMeterThread: Thread finished: Gridded Thread Group 1-58
2023-03-28 16:48:08,221 INFO o.a.j.t.JMeterThread: Stopping because end time detected by thread: Gridded Thread Group 1-65
2023-03-28 16:48:08,221 INFO o.a.j.t.JMeterThread: Thread finished: Gridded Thread Group 1-65
2023-03-28 16:48:08,381 INFO o.a.j.t.JMeterThread: Stopping because end time detected by thread: Gridded Thread Group 1-80
2023-03-28 16:48:08,381 INFO o.a.j.t.JMeterThread: Thread finished: Gridded Thread Group 1-80
2023-03-28 16:48:08,448 INFO o.a.j.t.JMeterThread: Stopping because end time detected by thread: Gridded Thread Group 1-18
2023-03-28 16:48:08,448 INFO o.a.j.t.JMeterThread: Thread finished: Gridded Thread Group 1-18
2023-03-28 16:48:08,570 INFO o.a.j.t.JMeterThread: Stopping because end time detected by thread: Gridded Thread Group 1-73
2023-03-28 16:48:08,570 INFO o.a.j.t.JMeterThread: Thread finished: Gridded Thread Group 1-73
2023-03-28 16:48:09,177 INFO o.a.j.t.JMeterThread: Stopping because end time detected by thread: Gridded Thread Group 1-15
2023-03-28 16:48:09,177 INFO o.a.j.t.JMeterThread: Thread finished: Gridded Thread Group 1-15
2023-03-28 16:48:11,340 INFO o.a.j.t.JMeterThread: Stopping because end time detected by thread: Gridded Thread Group 1-70
2023-03-28 16:48:11,340 INFO o.a.j.t.JMeterThread: Thread finished: Gridded Thread Group 1-70
2023-03-28 16:48:11,411 INFO o.a.j.t.JMeterThread: Stopping because end time detected by thread: Gridded Thread Group 1-71
2023-03-28 16:48:11,411 INFO o.a.j.t.JMeterThread: Thread finished: Gridded Thread Group 1-71
2023-03-28 16:48:11,520 INFO o.a.j.t.JMeterThread: Stopping because end time detected by thread: Gridded Thread Group 1-12
2023-03-28 16:48:11,520 INFO o.a.j.t.JMeterThread: Thread finished: Gridded Thread Group 1-12
2023-03-28 16:48:11,533 INFO o.a.j.t.JMeterThread: Stopping because end time detected by thread: Gridded Thread Group 1-45
2023-03-28 16:48:11,533 INFO o.a.j.t.JMeterThread: Thread finished: Gridded Thread Group 1-45
2023-03-28 16:48:12,027 INFO o.a.j.t.JMeterThread: Stopping because end time detected by thread: Gridded Thread Group 1-33
2023-03-28 16:48:12,028 INFO o.a.j.t.JMeterThread: Thread finished: Gridded Thread Group 1-33
2023-03-28 16:48:12,348 INFO o.a.j.t.JMeterThread: Stopping because end time detected by thread: Gridded Thread Group 1-11
2023-03-28 16:48:12,348 INFO o.a.j.t.JMeterThread: Thread finished: Gridded Thread Group 1-11
2023-03-28 16:48:13,420 INFO o.a.j.t.JMeterThread: Stopping because end time detected by thread: Gridded Thread Group 1-38
2023-03-28 16:48:13,421 INFO o.a.j.t.JMeterThread: Thread finished: Gridded Thread Group 1-38
2023-03-28 16:48:13,549 INFO o.a.j.t.JMeterThread: Stopping because end time detected by thread: Gridded Thread Group 1-72
2023-03-28 16:48:13,549 INFO o.a.j.t.JMeterThread: Thread finished: Gridded Thread Group 1-72
2023-03-28 16:48:14,559 INFO o.a.j.t.JMeterThread: Stopping because end time detected by thread: Gridded Thread Group 1-81
2023-03-28 16:48:14,559 INFO o.a.j.t.JMeterThread: Thread finished: Gridded Thread Group 1-81
2023-03-28 16:48:14,736 INFO o.a.j.t.JMeterThread: Stopping because end time detected by thread: Gridded Thread Group 1-32
2023-03-28 16:48:14,736 INFO o.a.j.t.JMeterThread: Thread finished: Gridded Thread Group 1-32
2023-03-28 16:48:14,858 INFO o.a.j.t.JMeterThread: Stopping because end time detected by thread: Gridded Thread Group 1-27
2023-03-28 16:48:14,858 INFO o.a.j.t.JMeterThread: Thread finished: Gridded Thread Group 1-27
2023-03-28 16:48:14,858 INFO o.a.j.t.JMeterThread: Stopping because end time detected by thread: Gridded Thread Group 1-29
2023-03-28 16:48:14,858 INFO o.a.j.t.JMeterThread: Thread finished: Gridded Thread Group 1-29
2023-03-28 16:48:14,871 INFO o.a.j.t.JMeterThread: Stopping because end time detected by thread: Gridded Thread Group 1-53
2023-03-28 16:48:14,871 INFO o.a.j.t.JMeterThread: Thread finished: Gridded Thread Group 1-53
2023-03-28 16:48:14,896 INFO o.a.j.t.JMeterThread: Stopping because end time detected by thread: Gridded Thread Group 1-41
2023-03-28 16:48:14,896 INFO o.a.j.t.JMeterThread: Thread finished: Gridded Thread Group 1-41
2023-03-28 16:48:14,903 INFO o.a.j.t.JMeterThread: Stopping because end time detected by thread: Gridded Thread Group 1-60
2023-03-28 16:48:14,903 INFO o.a.j.t.JMeterThread: Thread finished: Gridded Thread Group 1-60
2023-03-28 16:48:15,078 INFO o.a.j.t.JMeterThread: Stopping because end time detected by thread: Gridded Thread Group 1-9
2023-03-28 16:48:15,078 INFO o.a.j.t.JMeterThread: Thread finished: Gridded Thread Group 1-9
2023-03-28 16:48:18,095 INFO o.a.j.t.JMeterThread: Stopping because end time detected by thread: Gridded Thread Group 1-79
2023-03-28 16:48:18,095 INFO o.a.j.t.JMeterThread: Thread finished: Gridded Thread Group 1-79
2023-03-28 16:48:18,254 INFO o.a.j.t.JMeterThread: Stopping because end time detected by thread: Gridded Thread Group 1-40
2023-03-28 16:48:18,254 INFO o.a.j.t.JMeterThread: Thread finished: Gridded Thread Group 1-40
2023-03-28 16:48:18,776 INFO o.a.j.t.JMeterThread: Stopping because end time detected by thread: Gridded Thread Group 1-75
2023-03-28 16:48:18,776 INFO o.a.j.t.JMeterThread: Thread finished: Gridded Thread Group 1-75
2023-03-28 16:48:18,843 INFO o.a.j.t.JMeterThread: Stopping because end time detected by thread: Gridded Thread Group 1-67
2023-03-28 16:48:18,843 INFO o.a.j.t.JMeterThread: Thread finished: Gridded Thread Group 1-67
2023-03-28 16:48:18,953 INFO o.a.j.t.JMeterThread: Stopping because end time detected by thread: Gridded Thread Group 1-59
2023-03-28 16:48:18,953 INFO o.a.j.t.JMeterThread: Thread finished: Gridded Thread Group 1-59
2023-03-28 16:48:20,265 INFO o.a.j.t.JMeterThread: Stopping because end time detected by thread: Gridded Thread Group 1-57
2023-03-28 16:48:20,265 INFO o.a.j.t.JMeterThread: Thread finished: Gridded Thread Group 1-57
2023-03-28 16:48:21,067 INFO o.a.j.t.JMeterThread: Stopping because end time detected by thread: Gridded Thread Group 1-14
2023-03-28 16:48:21,067 INFO o.a.j.t.JMeterThread: Thread finished: Gridded Thread Group 1-14
2023-03-28 16:48:21,497 INFO o.a.j.t.JMeterThread: Stopping because end time detected by thread: Gridded Thread Group 1-51
2023-03-28 16:48:21,497 INFO o.a.j.t.JMeterThread: Thread finished: Gridded Thread Group 1-51
2023-03-28 16:48:21,991 INFO o.a.j.t.JMeterThread: Stopping because end time detected by thread: Gridded Thread Group 1-1
2023-03-28 16:48:21,991 INFO o.a.j.t.JMeterThread: Thread finished: Gridded Thread Group 1-1
2023-03-28 16:48:22,170 INFO o.a.j.t.JMeterThread: Stopping because end time detected by thread: Gridded Thread Group 1-2
2023-03-28 16:48:22,170 INFO o.a.j.t.JMeterThread: Thread finished: Gridded Thread Group 1-2
2023-03-28 16:48:22,748 INFO o.a.j.t.JMeterThread: Stopping because end time detected by thread: Gridded Thread Group 1-77
2023-03-28 16:48:22,748 INFO o.a.j.t.JMeterThread: Thread finished: Gridded Thread Group 1-77
2023-03-28 16:48:25,709 INFO o.a.j.t.JMeterThread: Stopping because end time detected by thread: Gridded Thread Group 1-20
2023-03-28 16:48:25,709 INFO o.a.j.t.JMeterThread: Thread finished: Gridded Thread Group 1-20
2023-03-28 16:48:26,402 INFO o.a.j.t.JMeterThread: Stopping because end time detected by thread: Gridded Thread Group 1-78
2023-03-28 16:48:26,402 INFO o.a.j.t.JMeterThread: Thread finished: Gridded Thread Group 1-78
2023-03-28 16:48:26,637 INFO o.a.j.t.JMeterThread: Stopping because end time detected by thread: Gridded Thread Group 1-63
2023-03-28 16:48:26,637 INFO o.a.j.t.JMeterThread: Thread finished: Gridded Thread Group 1-63
2023-03-28 16:48:27,801 INFO o.a.j.t.JMeterThread: Stopping because end time detected by thread: Gridded Thread Group 1-62
2023-03-28 16:48:27,801 INFO o.a.j.t.JMeterThread: Thread finished: Gridded Thread Group 1-62
2023-03-28 16:48:28,094 INFO o.a.j.t.JMeterThread: Stopping because end time detected by thread: Gridded Thread Group 1-50
2023-03-28 16:48:28,094 INFO o.a.j.t.JMeterThread: Thread finished: Gridded Thread Group 1-50
2023-03-28 16:48:28,583 INFO o.a.j.t.JMeterThread: Stopping because end time detected by thread: Gridded Thread Group 1-34
2023-03-28 16:48:28,583 INFO o.a.j.t.JMeterThread: Thread finished: Gridded Thread Group 1-34
2023-03-28 16:48:28,820 INFO o.a.j.t.JMeterThread: Stopping because end time detected by thread: Gridded Thread Group 1-48
2023-03-28 16:48:28,820 INFO o.a.j.t.JMeterThread: Thread finished: Gridded Thread Group 1-48
2023-03-28 16:48:29,632 INFO o.a.j.t.JMeterThread: Stopping because end time detected by thread: Gridded Thread Group 1-22
2023-03-28 16:48:29,632 INFO o.a.j.t.JMeterThread: Thread finished: Gridded Thread Group 1-22
2023-03-28 16:48:30,823 INFO o.a.j.r.Summariser: summary +     55 in 00:00:31 =    1.8/s Avg: 43545 Min: 20029 Max: 61474 Err:     0 (0.00%) Active: 27 Started: 96 Finished: 69
2023-03-28 16:48:30,823 INFO o.a.j.r.Summariser: summary = 173930 in 01:00:31 =   47.9/s Avg:  1987 Min:     1 Max: 90023 Err:  1608 (0.92%)
2023-03-28 16:48:30,823 INFO o.a.j.t.JMeterThread: Stopping because end time detected by thread: Gridded Thread Group 1-30
2023-03-28 16:48:30,823 INFO o.a.j.t.JMeterThread: Thread finished: Gridded Thread Group 1-30
2023-03-28 16:48:33,416 INFO o.a.j.t.JMeterThread: Stopping because end time detected by thread: Gridded Thread Group 1-25
2023-03-28 16:48:33,416 INFO o.a.j.t.JMeterThread: Thread finished: Gridded Thread Group 1-25
2023-03-28 16:48:34,658 INFO o.a.j.t.JMeterThread: Stopping because end time detected by thread: Gridded Thread Group 1-19
2023-03-28 16:48:34,658 INFO o.a.j.t.JMeterThread: Thread finished: Gridded Thread Group 1-19
2023-03-28 16:48:36,137 INFO o.a.j.t.JMeterThread: Stopping because end time detected by thread: Gridded Thread Group 1-76
2023-03-28 16:48:36,137 INFO o.a.j.t.JMeterThread: Thread finished: Gridded Thread Group 1-76
2023-03-28 16:48:36,224 INFO o.a.j.t.JMeterThread: Stopping because end time detected by thread: Gridded Thread Group 1-46
2023-03-28 16:48:36,224 INFO o.a.j.t.JMeterThread: Thread finished: Gridded Thread Group 1-46
2023-03-28 16:48:36,520 INFO o.a.j.t.JMeterThread: Stopping because end time detected by thread: Gridded Thread Group 1-7
2023-03-28 16:48:36,520 INFO o.a.j.t.JMeterThread: Thread finished: Gridded Thread Group 1-7
2023-03-28 16:48:38,991 INFO o.a.j.t.JMeterThread: Stopping because end time detected by thread: Gridded Thread Group 1-16
2023-03-28 16:48:38,991 INFO o.a.j.t.JMeterThread: Thread finished: Gridded Thread Group 1-16
2023-03-28 16:48:38,994 INFO o.a.j.t.JMeterThread: Stopping because end time detected by thread: Gridded Thread Group 1-69
2023-03-28 16:48:38,994 INFO o.a.j.t.JMeterThread: Thread finished: Gridded Thread Group 1-69
2023-03-28 16:48:39,132 INFO o.a.j.t.JMeterThread: Stopping because end time detected by thread: Gridded Thread Group 1-24
2023-03-28 16:48:39,133 INFO o.a.j.t.JMeterThread: Thread finished: Gridded Thread Group 1-24
2023-03-28 16:48:39,299 INFO o.a.j.t.JMeterThread: Stopping because end time detected by thread: Gridded Thread Group 1-3
2023-03-28 16:48:39,299 INFO o.a.j.t.JMeterThread: Thread finished: Gridded Thread Group 1-3
2023-03-28 16:48:41,587 INFO o.a.j.t.JMeterThread: Stopping because end time detected by thread: Gridded Thread Group 1-52
2023-03-28 16:48:41,587 INFO o.a.j.t.JMeterThread: Thread finished: Gridded Thread Group 1-52
2023-03-28 16:48:41,913 INFO o.a.j.t.JMeterThread: Stopping because end time detected by thread: Gridded Thread Group 1-64
2023-03-28 16:48:41,913 INFO o.a.j.t.JMeterThread: Thread finished: Gridded Thread Group 1-64
2023-03-28 16:48:41,925 INFO o.a.j.t.JMeterThread: Stopping because end time detected by thread: Gridded Thread Group 1-5
2023-03-28 16:48:41,925 INFO o.a.j.t.JMeterThread: Thread finished: Gridded Thread Group 1-5
2023-03-28 16:48:42,007 INFO o.a.j.t.JMeterThread: Stopping because end time detected by thread: Gridded Thread Group 1-10
2023-03-28 16:48:42,008 INFO o.a.j.t.JMeterThread: Thread finished: Gridded Thread Group 1-10
2023-03-28 16:48:44,165 INFO o.a.j.t.JMeterThread: Stopping because end time detected by thread: Gridded Thread Group 1-66
2023-03-28 16:48:44,165 INFO o.a.j.t.JMeterThread: Thread finished: Gridded Thread Group 1-66
2023-03-28 16:48:44,470 INFO o.a.j.t.JMeterThread: Stopping because end time detected by thread: Gridded Thread Group 1-36
2023-03-28 16:48:44,470 INFO o.a.j.t.JMeterThread: Thread finished: Gridded Thread Group 1-36
2023-03-28 16:48:44,473 INFO o.a.j.t.JMeterThread: Stopping because end time detected by thread: Gridded Thread Group 1-61
2023-03-28 16:48:44,473 INFO o.a.j.t.JMeterThread: Thread finished: Gridded Thread Group 1-61
2023-03-28 16:48:45,534 INFO o.a.j.t.JMeterThread: Stopping because end time detected by thread: Gridded Thread Group 1-49
2023-03-28 16:48:45,534 INFO o.a.j.t.JMeterThread: Thread finished: Gridded Thread Group 1-49
2023-03-28 16:48:47,253 INFO o.a.j.t.JMeterThread: Stopping because end time detected by thread: Gridded Thread Group 1-82
2023-03-28 16:48:47,253 INFO o.a.j.t.JMeterThread: Thread finished: Gridded Thread Group 1-82
2023-03-28 16:48:47,384 INFO o.a.j.t.JMeterThread: Stopping because end time detected by thread: Gridded Thread Group 1-23
2023-03-28 16:48:47,384 INFO o.a.j.t.JMeterThread: Thread finished: Gridded Thread Group 1-23
2023-03-28 16:48:50,187 INFO o.a.j.t.JMeterThread: Stopping because end time detected by thread: Gridded Thread Group 1-43
2023-03-28 16:48:50,187 INFO o.a.j.t.JMeterThread: Thread finished: Gridded Thread Group 1-43
2023-03-28 16:48:50,519 INFO o.a.j.t.JMeterThread: Stopping because end time detected by thread: Gridded Thread Group 1-4
2023-03-28 16:48:50,520 INFO o.a.j.t.JMeterThread: Thread finished: Gridded Thread Group 1-4
2023-03-28 16:48:51,217 INFO o.a.j.t.JMeterThread: Stopping because end time detected by thread: Gridded Thread Group 1-54
2023-03-28 16:48:51,217 INFO o.a.j.t.JMeterThread: Thread finished: Gridded Thread Group 1-54
2023-03-28 16:48:51,446 INFO o.a.j.t.JMeterThread: Stopping because end time detected by thread: Gridded Thread Group 1-74
2023-03-28 16:48:51,446 INFO o.a.j.t.JMeterThread: Thread finished: Gridded Thread Group 1-74
2023-03-28 16:48:52,412 INFO o.a.j.t.JMeterThread: Stopping because end time detected by thread: Gridded Thread Group 1-56
2023-03-28 16:48:52,412 INFO o.a.j.t.JMeterThread: Thread finished: Gridded Thread Group 1-56
2023-03-28 16:48:52,669 INFO o.a.j.t.JMeterThread: Stopping because end time detected by thread: Gridded Thread Group 1-13
2023-03-28 16:48:52,669 INFO o.a.j.t.JMeterThread: Thread finished: Gridded Thread Group 1-13
2023-03-28 16:48:54,147 INFO o.a.j.t.JMeterThread: Stopping because end time detected by thread: Gridded Thread Group 1-28
2023-03-28 16:48:54,147 INFO o.a.j.t.JMeterThread: Thread finished: Gridded Thread Group 1-28
2023-03-28 16:48:54,147 INFO o.a.j.e.StandardJMeterEngine: Notifying test listeners of end of test
2023-03-28 16:48:54,148 INFO o.a.j.r.Summariser: summary +     26 in 00:00:23 =    1.1/s Avg: 56156 Min: 52727 Max: 62779 Err:     0 (0.00%) Active: 0 Started: 96 Finished: 96
2023-03-28 16:48:54,148 INFO o.a.j.r.Summariser: summary = 173956 in 01:00:55 =   47.6/s Avg:  1995 Min:     1 Max: 90023 Err:  1608 (0.92%)
2023-03-28 16:48:54,148 INFO o.a.j.JMeter: Generating Dashboard
2023-03-28 16:48:54,148 INFO o.a.j.r.d.ReportGenerator: Flushing result collector before report Generation
2023-03-28 16:48:54,157 INFO o.a.j.r.p.NormalizerSampleConsumer: Using format, 'ms', to parse timeStamp field
2023-03-28 16:48:58,173 INFO o.a.j.r.p.AbstractSampleConsumer: class org.apache.jmeter.report.processor.AggregateConsumer#stopProducing(): beginDate produced 0 samples
2023-03-28 16:48:58,173 INFO o.a.j.r.p.AbstractSampleConsumer: class org.apache.jmeter.report.processor.AggregateConsumer#stopProducing(): endDate produced 0 samples
2023-03-28 16:48:58,174 INFO o.a.j.r.p.AbstractSampleConsumer: class org.apache.jmeter.report.processor.ApdexSummaryConsumer#stopProducing(): apdexSummary produced 0 samples
2023-03-28 16:48:58,175 INFO o.a.j.r.p.AbstractSampleConsumer: class org.apache.jmeter.report.processor.RequestsSummaryConsumer#stopProducing(): requestsSummary produced 0 samples
2023-03-28 16:48:58,195 INFO o.a.j.r.p.AbstractSampleConsumer: class org.apache.jmeter.report.processor.StatisticsSummaryConsumer#stopProducing(): statisticsSummary produced 0 samples
2023-03-28 16:48:58,198 INFO o.a.j.r.p.AbstractSampleConsumer: class org.apache.jmeter.report.processor.Top5ErrorsBySamplerConsumer#stopProducing(): top5ErrorsBySampler produced 0 samples
2023-03-28 16:48:58,198 INFO o.a.j.r.p.AbstractSampleConsumer: class org.apache.jmeter.report.processor.ErrorsSummaryConsumer#stopProducing(): errorsSummary produced 0 samples
2023-03-28 16:48:58,198 INFO o.a.j.r.p.AbstractSampleConsumer: class org.apache.jmeter.report.processor.graph.impl.HitsPerSecondGraphConsumer#stopProducing(): hitsPerSecond produced 0 samples
2023-03-28 16:48:58,974 INFO o.a.j.r.p.AbstractSampleConsumer: class org.apache.jmeter.report.processor.graph.impl.LatencyVSRequestGraphConsumer#stopProducing(): latencyVsRequest produced 0 samples
2023-03-28 16:48:58,977 INFO o.a.j.r.p.AbstractSampleConsumer: class org.apache.jmeter.report.processor.graph.impl.SyntheticResponseTimeDistributionGraphConsumer#stopProducing(): syntheticResponseTimeDistribution produced 0 samples
2023-03-28 16:48:58,978 INFO o.a.j.r.p.AbstractSampleConsumer: class org.apache.jmeter.report.processor.graph.impl.BytesThroughputGraphConsumer#stopProducing(): bytesThroughputOverTime produced 0 samples
2023-03-28 16:48:58,978 INFO o.a.j.r.p.AbstractSampleConsumer: class org.apache.jmeter.report.processor.graph.impl.CodesPerSecondGraphConsumer#stopProducing(): codesPerSecond produced 0 samples
2023-03-28 16:48:59,703 INFO o.a.j.r.p.AbstractSampleConsumer: class org.apache.jmeter.report.processor.graph.impl.ResponseTimeVSRequestGraphConsumer#stopProducing(): responseTimeVsRequest produced 0 samples
2023-03-28 16:48:59,707 INFO o.a.j.r.p.AbstractSampleConsumer: class org.apache.jmeter.report.processor.FilterConsumer#stopProducing(): startIntervalControlerFilter produced 1217692 samples
2023-03-28 16:48:59,707 INFO o.a.j.r.p.AbstractSampleConsumer: class org.apache.jmeter.report.processor.graph.impl.TotalTPSGraphConsumer#stopProducing(): totalTPS produced 0 samples
2023-03-28 16:48:59,707 INFO o.a.j.r.p.AbstractSampleConsumer: class org.apache.jmeter.report.processor.graph.impl.ActiveThreadsGraphConsumer#stopProducing(): activeThreadsOverTime produced 0 samples
2023-03-28 16:48:59,707 INFO o.a.j.r.p.AbstractSampleConsumer: class org.apache.jmeter.report.processor.graph.impl.TimeVSThreadGraphConsumer#stopProducing(): timeVsThreads produced 0 samples
2023-03-28 16:48:59,708 INFO o.a.j.r.p.AbstractSampleConsumer: class org.apache.jmeter.report.processor.graph.impl.ResponseTimeDistributionGraphConsumer#stopProducing(): responseTimeDistribution produced 0 samples
2023-03-28 16:48:59,710 INFO o.a.j.r.p.AbstractSampleConsumer: class org.apache.jmeter.report.processor.graph.impl.TransactionsPerSecondGraphConsumer#stopProducing(): transactionsPerSecond produced 0 samples
2023-03-28 16:48:59,712 INFO o.a.j.r.p.AbstractSampleConsumer: class org.apache.jmeter.report.processor.graph.impl.ResponseTimePercentilesGraphConsumer#stopProducing(): responseTimePercentiles produced 0 samples
2023-03-28 16:48:59,727 INFO o.a.j.r.p.AbstractSampleConsumer: class org.apache.jmeter.report.processor.graph.impl.ResponseTimePercentilesOverTimeGraphConsumer#stopProducing(): responseTimePercentilesOverTime produced 0 samples
2023-03-28 16:48:59,735 INFO o.a.j.r.p.AbstractSampleConsumer: class org.apache.jmeter.report.processor.graph.impl.ResponseTimeOverTimeGraphConsumer#stopProducing(): responseTimesOverTime produced 0 samples
2023-03-28 16:48:59,736 INFO o.a.j.r.p.AbstractSampleConsumer: class org.apache.jmeter.report.processor.graph.impl.ConnectTimeOverTimeGraphConsumer#stopProducing(): connectTimeOverTime produced 0 samples
2023-03-28 16:48:59,736 INFO o.a.j.r.p.AbstractSampleConsumer: class org.apache.jmeter.report.processor.graph.impl.LatencyOverTimeGraphConsumer#stopProducing(): latenciesOverTime produced 0 samples
2023-03-28 16:48:59,736 INFO o.a.j.r.p.AbstractSampleConsumer: class org.apache.jmeter.report.processor.FilterConsumer#stopProducing(): nameFilter produced 2609340 samples
2023-03-28 16:48:59,736 INFO o.a.j.r.p.AbstractSampleConsumer: class org.apache.jmeter.report.processor.FilterConsumer#stopProducing(): dateRangeFilter produced 521868 samples
2023-03-28 16:48:59,736 INFO o.a.j.r.p.AbstractSampleConsumer: class org.apache.jmeter.report.processor.NormalizerSampleConsumer#stopProducing(): normalizer produced 173956 samples
2023-03-28 16:48:59,737 INFO o.a.j.r.p.CsvFileSampleSource: produce(): 173956 samples produced in 5s 559 ms on channel 0
2023-03-28 16:48:59,737 INFO o.a.j.r.d.ReportGenerator: Exporting data using exporter:'json' of className:'org.apache.jmeter.report.dashboard.JsonExporter'
2023-03-28 16:48:59,837 INFO o.a.j.r.d.JsonExporter: Found data for consumer statisticsSummaryin context
2023-03-28 16:48:59,837 INFO o.a.j.r.d.JsonExporter: Creating statistics for overall
2023-03-28 16:48:59,837 INFO o.a.j.r.d.JsonExporter: Creating statistics for other transactions
2023-03-28 16:48:59,837 INFO o.a.j.r.d.JsonExporter: Checking output folder
2023-03-28 16:48:59,838 INFO o.a.j.r.d.JsonExporter: Writing statistics JSON to /home/ec2-user/ShaneMill1.github.io/WIFS-Listener-c5aLarge-C5a2xLarge-CentralizedDask-WarmPool2/results/statistics.json
2023-03-28 16:48:59,872 INFO o.a.j.r.d.ReportGenerator: Exporting data using exporter:'html' of className:'org.apache.jmeter.report.dashboard.HtmlTemplateExporter'
2023-03-28 16:48:59,874 INFO o.a.j.r.d.HtmlTemplateExporter: Will generate dashboard in folder: /home/ec2-user/ShaneMill1.github.io/WIFS-Listener-c5aLarge-C5a2xLarge-CentralizedDask-WarmPool2/results
2023-03-28 16:48:59,978 INFO o.a.j.r.d.HtmlTemplateExporter: Report will be generated in: /home/ec2-user/ShaneMill1.github.io/WIFS-Listener-c5aLarge-C5a2xLarge-CentralizedDask-WarmPool2/results, creating folder structure
2023-03-28 16:48:59,981 INFO o.a.j.r.d.TemplateVisitor: Copying folder from '/home/ec2-user/apache-jmeter-5.5/bin/report-template' to '/home/ec2-user/ShaneMill1.github.io/WIFS-Listener-c5aLarge-C5a2xLarge-CentralizedDask-WarmPool2/results', got message: /home/ec2-user/ShaneMill1.github.io/WIFS-Listener-c5aLarge-C5a2xLarge-CentralizedDask-WarmPool2/results, found non empty folder with following content [/home/ec2-user/ShaneMill1.github.io/WIFS-Listener-c5aLarge-C5a2xLarge-CentralizedDask-WarmPool2/results/statistics.json], will be ignored
2023-03-28 16:49:00,124 INFO o.a.j.JMeter: Dashboard generated
