2022-07-13 13:45:51,739 INFO o.a.j.u.JMeterUtils: Setting Locale to en_EN
2022-07-13 13:45:51,748 INFO o.a.j.JMeter: Loading user properties from: C:\Users\Shane.Mill\Desktop\apache-jmeter-5.5\apache-jmeter-5.5\bin\user.properties
2022-07-13 13:45:51,749 INFO o.a.j.JMeter: Loading system properties from: C:\Users\Shane.Mill\Desktop\apache-jmeter-5.5\apache-jmeter-5.5\bin\system.properties
2022-07-13 13:45:51,756 INFO o.a.j.JMeter: Copyright (c) 1998-2022 The Apache Software Foundation
2022-07-13 13:45:51,756 INFO o.a.j.JMeter: Version 5.5
2022-07-13 13:45:51,756 INFO o.a.j.JMeter: java.version=1.8.0_331
2022-07-13 13:45:51,756 INFO o.a.j.JMeter: java.vm.name=Java HotSpot(TM) Client VM
2022-07-13 13:45:51,756 INFO o.a.j.JMeter: os.name=Windows 10
2022-07-13 13:45:51,756 INFO o.a.j.JMeter: os.arch=x86
2022-07-13 13:45:51,757 INFO o.a.j.JMeter: os.version=10.0
2022-07-13 13:45:51,757 INFO o.a.j.JMeter: file.encoding=Cp1252
2022-07-13 13:45:51,757 INFO o.a.j.JMeter: java.awt.headless=true
2022-07-13 13:45:51,757 INFO o.a.j.JMeter: Max memory     =1073741824
2022-07-13 13:45:51,757 INFO o.a.j.JMeter: Available Processors =8
2022-07-13 13:45:51,760 INFO o.a.j.JMeter: Default Locale=English (EN)
2022-07-13 13:45:51,760 INFO o.a.j.JMeter: JMeter  Locale=English (EN)
2022-07-13 13:45:51,760 INFO o.a.j.JMeter: JMeterHome=C:\Users\Shane.Mill\Desktop\apache-jmeter-5.5\apache-jmeter-5.5
2022-07-13 13:45:51,760 INFO o.a.j.JMeter: user.dir  =C:\Users\Shane.Mill\Desktop\jtl_testing\NCPPServerlessWest2
2022-07-13 13:45:51,760 INFO o.a.j.JMeter: PWD       =C:\Users\Shane.Mill\Desktop\jtl_testing\NCPPServerlessWest2
2022-07-13 13:45:56,315 INFO o.a.j.JMeter: IP: 10.0.0.87 Name: SILNWS-L-SMILL1 FullName: SILNWS-L-SMILL1.corpsrv.noaa.local
2022-07-13 13:45:56,327 INFO o.a.j.JMeter: Setting property 'jmeter.reportgenerator.outputdir' to:'C:\Users\Shane.Mill\Desktop\jtl_testing\NCPPServerlessWest2\10concurrent1min'
2022-07-13 13:45:56,329 INFO o.a.j.s.FileServer: Default base='C:\Users\Shane.Mill\Desktop\jtl_testing\NCPPServerlessWest2'
2022-07-13 13:45:56,330 INFO o.a.j.s.FileServer: Set new base='C:\Users\Shane.Mill\Desktop\jtl_testing\NCPPServerlessWest2'
2022-07-13 13:45:56,402 INFO o.a.j.s.SaveService: Testplan (JMX) version: 2.2. Testlog (JTL) version: 2.2
2022-07-13 13:45:56,414 INFO o.a.j.s.SaveService: Using SaveService properties file encoding UTF-8
2022-07-13 13:45:56,417 INFO o.a.j.s.SaveService: Using SaveService properties version 5.0
2022-07-13 13:45:56,420 INFO o.a.j.s.SaveService: Loading file: NCPPServerlessWestTestPlan.jmx
2022-07-13 13:45:56,460 INFO o.a.j.p.h.s.HTTPSamplerBase: Parser for text/html is org.apache.jmeter.protocol.http.parser.LagartoBasedHtmlParser
2022-07-13 13:45:56,460 INFO o.a.j.p.h.s.HTTPSamplerBase: Parser for application/xhtml+xml is org.apache.jmeter.protocol.http.parser.LagartoBasedHtmlParser
2022-07-13 13:45:56,460 INFO o.a.j.p.h.s.HTTPSamplerBase: Parser for application/xml is org.apache.jmeter.protocol.http.parser.LagartoBasedHtmlParser
2022-07-13 13:45:56,460 INFO o.a.j.p.h.s.HTTPSamplerBase: Parser for text/xml is org.apache.jmeter.protocol.http.parser.LagartoBasedHtmlParser
2022-07-13 13:45:56,460 INFO o.a.j.p.h.s.HTTPSamplerBase: Parser for text/vnd.wap.wml is org.apache.jmeter.protocol.http.parser.RegexpHTMLParser
2022-07-13 13:45:56,460 INFO o.a.j.p.h.s.HTTPSamplerBase: Parser for text/css is org.apache.jmeter.protocol.http.parser.CssParser
2022-07-13 13:45:56,674 INFO o.a.j.JMeter: Creating summariser <summary>
2022-07-13 13:45:56,678 INFO o.a.j.r.d.ReportGenerator: ReportGenerator will use for Parsing the separator: ','
2022-07-13 13:45:56,678 INFO o.a.j.r.d.ReportGenerator: Will generate report at end of test from  results file: SummaryReport.jtl
2022-07-13 13:45:56,678 INFO o.a.j.r.d.ReportGenerator: Reading report generator properties from: C:\Users\Shane.Mill\Desktop\apache-jmeter-5.5\apache-jmeter-5.5\bin\reportgenerator.properties
2022-07-13 13:45:56,679 INFO o.a.j.r.d.ReportGenerator: Merging with JMeter properties
2022-07-13 13:45:56,682 INFO o.a.j.r.c.ReportGeneratorConfiguration: Property 'jmeter.reportgenerator.temp_dir' not found, using default value 'temp' instead.
2022-07-13 13:45:56,684 INFO o.a.j.r.c.ReportGeneratorConfiguration: Property 'jmeter.reportgenerator.apdex_per_transaction' not found, using default value 'null' instead.
2022-07-13 13:45:56,684 INFO o.a.j.r.c.ReportGeneratorConfiguration: apdex_per_transaction is empty, not APDEX per transaction customization
2022-07-13 13:45:56,684 INFO o.a.j.r.c.ReportGeneratorConfiguration: Property 'jmeter.reportgenerator.sample_filter' not found, using default value 'null' instead.
2022-07-13 13:45:56,684 INFO o.a.j.r.c.ReportGeneratorConfiguration: Property 'jmeter.reportgenerator.report_title' not found, using default value 'null' instead.
2022-07-13 13:45:56,684 INFO o.a.j.r.c.ReportGeneratorConfiguration: Property 'jmeter.reportgenerator.start_date' not found, using default value 'null' instead.
2022-07-13 13:45:56,684 INFO o.a.j.r.c.ReportGeneratorConfiguration: Property 'jmeter.reportgenerator.end_date' not found, using default value 'null' instead.
2022-07-13 13:45:56,684 INFO o.a.j.r.c.ReportGeneratorConfiguration: Property 'jmeter.reportgenerator.date_format' not found, using default value 'null' instead.
2022-07-13 13:45:56,685 INFO o.a.j.r.c.ReportGeneratorConfiguration: Will use date range start date: null, end date: null
2022-07-13 13:45:56,687 INFO o.a.j.r.c.ReportGeneratorConfiguration: Property 'jmeter.reportgenerator.graph.totalTPS.exclude_controllers' not found, using default value 'false' instead.
2022-07-13 13:45:56,687 INFO o.a.j.r.c.ReportGeneratorConfiguration: Property 'jmeter.reportgenerator.graph.activeThreadsOverTime.exclude_controllers' not found, using default value 'false' instead.
2022-07-13 13:45:56,687 INFO o.a.j.r.c.ReportGeneratorConfiguration: Property 'jmeter.reportgenerator.graph.timeVsThreads.exclude_controllers' not found, using default value 'false' instead.
2022-07-13 13:45:56,687 INFO o.a.j.r.c.ReportGeneratorConfiguration: Property 'jmeter.reportgenerator.graph.responseTimeDistribution.exclude_controllers' not found, using default value 'false' instead.
2022-07-13 13:45:56,688 INFO o.a.j.r.c.ReportGeneratorConfiguration: Property 'jmeter.reportgenerator.graph.transactionsPerSecond.exclude_controllers' not found, using default value 'false' instead.
2022-07-13 13:45:56,688 INFO o.a.j.r.c.ReportGeneratorConfiguration: Property 'jmeter.reportgenerator.graph.responseTimePercentiles.exclude_controllers' not found, using default value 'false' instead.
2022-07-13 13:45:56,688 INFO o.a.j.r.c.ReportGeneratorConfiguration: Property 'jmeter.reportgenerator.graph.responseTimePercentilesOverTime.exclude_controllers' not found, using default value 'false' instead.
2022-07-13 13:45:56,688 INFO o.a.j.r.c.ReportGeneratorConfiguration: Property 'jmeter.reportgenerator.graph.responseTimesOverTime.exclude_controllers' not found, using default value 'false' instead.
2022-07-13 13:45:56,688 INFO o.a.j.r.c.ReportGeneratorConfiguration: Property 'jmeter.reportgenerator.graph.connectTimeOverTime.exclude_controllers' not found, using default value 'false' instead.
2022-07-13 13:45:56,688 INFO o.a.j.r.c.ReportGeneratorConfiguration: Property 'jmeter.reportgenerator.graph.latenciesOverTime.exclude_controllers' not found, using default value 'false' instead.
2022-07-13 13:45:56,688 INFO o.a.j.r.c.ReportGeneratorConfiguration: Property 'jmeter.reportgenerator.exporter.json.filters_only_sample_series' not found, using default value 'true' instead.
2022-07-13 13:45:56,689 INFO o.a.j.r.c.ReportGeneratorConfiguration: Property 'jmeter.reportgenerator.exporter.json.series_filter' not found, using default value '' instead.
2022-07-13 13:45:56,689 INFO o.a.j.r.c.ReportGeneratorConfiguration: Property 'jmeter.reportgenerator.exporter.json.show_controllers_only' not found, using default value 'false' instead.
2022-07-13 13:45:56,689 INFO o.a.j.r.c.ReportGeneratorConfiguration: Property 'jmeter.reportgenerator.exporter.html.filters_only_sample_series' not found, using default value 'true' instead.
2022-07-13 13:45:56,689 INFO o.a.j.r.c.ReportGeneratorConfiguration: Property 'jmeter.reportgenerator.exporter.html.series_filter' not found, using default value '' instead.
2022-07-13 13:45:56,689 INFO o.a.j.r.c.ReportGeneratorConfiguration: Property 'jmeter.reportgenerator.exporter.html.show_controllers_only' not found, using default value 'false' instead.
2022-07-13 13:45:56,694 INFO o.a.j.e.StandardJMeterEngine: Running the test!
2022-07-13 13:45:56,694 INFO o.a.j.s.SampleEvent: List of sample_variables: []
2022-07-13 13:45:56,694 INFO o.a.j.s.SampleEvent: List of sample_variables: []
2022-07-13 13:45:56,699 INFO o.a.j.e.u.CompoundVariable: Note: Function class names must contain the string: '.functions.'
2022-07-13 13:45:56,699 INFO o.a.j.e.u.CompoundVariable: Note: Function class names must not contain the string: '.gui.'
2022-07-13 13:45:56,921 INFO o.a.j.JMeter: Running test (1657734356921)
2022-07-13 13:45:56,974 INFO o.a.j.e.StandardJMeterEngine: Starting ThreadGroup: 1 : NCPPServerlessWestRoot
2022-07-13 13:45:56,974 INFO o.a.j.e.StandardJMeterEngine: Starting 10 threads for group NCPPServerlessWestRoot.
2022-07-13 13:45:56,974 INFO o.a.j.e.StandardJMeterEngine: Thread will continue on error
2022-07-13 13:45:56,974 INFO o.a.j.t.ThreadGroup: Starting thread group... number=1 threads=10 ramp-up=10 delayedStart=false
2022-07-13 13:45:56,978 INFO o.a.j.t.ThreadGroup: Started thread group number 1
2022-07-13 13:45:56,978 INFO o.a.j.e.StandardJMeterEngine: Waiting for thread group: NCPPServerlessWestRoot to finish before starting next group
2022-07-13 13:45:56,981 INFO o.a.j.t.JMeterThread: Thread started: NCPPServerlessWestRoot 1-1
2022-07-13 13:45:56,992 INFO o.a.j.p.h.s.HTTPHCAbstractImpl: Local host = SILNWS-L-SMILL1
2022-07-13 13:45:56,996 INFO o.a.j.p.h.s.HTTPHC4Impl: HTTP request retry count = 0
2022-07-13 13:45:56,997 INFO o.a.j.s.SampleResult: Note: Sample TimeStamps are START times
2022-07-13 13:45:56,997 INFO o.a.j.s.SampleResult: sampleresult.default.encoding is set to ISO-8859-1
2022-07-13 13:45:56,997 INFO o.a.j.s.SampleResult: sampleresult.useNanoTime=true
2022-07-13 13:45:56,997 INFO o.a.j.s.SampleResult: sampleresult.nanoThreadSleep=5000
2022-07-13 13:45:57,046 INFO o.a.j.p.h.s.h.LazyLayeredConnectionSocketFactory: Setting up HTTPS TrustAll Socket Factory
2022-07-13 13:45:57,050 INFO o.a.j.u.JsseSSLManager: Using default SSL protocol: TLS
2022-07-13 13:45:57,050 INFO o.a.j.u.JsseSSLManager: SSL session context: per-thread
2022-07-13 13:45:57,291 INFO o.a.j.u.SSLManager: JmeterKeyStore Location:  type JKS
2022-07-13 13:45:57,293 INFO o.a.j.u.SSLManager: KeyStore created OK
2022-07-13 13:45:57,293 WARN o.a.j.u.SSLManager: Keystore file not found, loading empty keystore
2022-07-13 13:45:57,977 INFO o.a.j.t.JMeterThread: Thread started: NCPPServerlessWestRoot 1-2
2022-07-13 13:45:58,978 INFO o.a.j.t.JMeterThread: Thread started: NCPPServerlessWestRoot 1-3
2022-07-13 13:45:59,978 INFO o.a.j.t.JMeterThread: Thread started: NCPPServerlessWestRoot 1-4
2022-07-13 13:46:00,107 INFO o.a.j.r.Summariser: summary +     17 in 00:00:03 =    5.3/s Avg:   352 Min:   112 Max:  1516 Err:     0 (0.00%) Active: 4 Started: 4 Finished: 0
2022-07-13 13:46:00,977 INFO o.a.j.t.JMeterThread: Thread started: NCPPServerlessWestRoot 1-5
2022-07-13 13:46:01,978 INFO o.a.j.t.JMeterThread: Thread started: NCPPServerlessWestRoot 1-6
2022-07-13 13:46:02,979 INFO o.a.j.t.JMeterThread: Thread started: NCPPServerlessWestRoot 1-7
2022-07-13 13:46:03,978 INFO o.a.j.t.JMeterThread: Thread started: NCPPServerlessWestRoot 1-8
2022-07-13 13:46:04,977 INFO o.a.j.t.JMeterThread: Thread started: NCPPServerlessWestRoot 1-9
2022-07-13 13:46:05,978 INFO o.a.j.t.JMeterThread: Thread started: NCPPServerlessWestRoot 1-10
2022-07-13 13:46:30,006 INFO o.a.j.r.Summariser: summary +   2345 in 00:00:30 =   78.4/s Avg:   118 Min:    93 Max:   577 Err:     0 (0.00%) Active: 10 Started: 10 Finished: 0
2022-07-13 13:46:30,006 INFO o.a.j.r.Summariser: summary =   2362 in 00:00:33 =   71.4/s Avg:   120 Min:    93 Max:  1516 Err:     0 (0.00%)
2022-07-13 13:46:56,984 INFO o.a.j.t.JMeterThread: Stopping because end time detected by thread: NCPPServerlessWestRoot 1-4
2022-07-13 13:46:56,984 INFO o.a.j.t.JMeterThread: Thread finished: NCPPServerlessWestRoot 1-4
2022-07-13 13:46:56,986 INFO o.a.j.t.JMeterThread: Stopping because end time detected by thread: NCPPServerlessWestRoot 1-2
2022-07-13 13:46:56,986 INFO o.a.j.t.JMeterThread: Thread finished: NCPPServerlessWestRoot 1-2
2022-07-13 13:46:56,990 INFO o.a.j.t.JMeterThread: Stopping because end time detected by thread: NCPPServerlessWestRoot 1-1
2022-07-13 13:46:56,991 INFO o.a.j.t.JMeterThread: Thread finished: NCPPServerlessWestRoot 1-1
2022-07-13 13:46:56,997 INFO o.a.j.t.JMeterThread: Stopping because end time detected by thread: NCPPServerlessWestRoot 1-7
2022-07-13 13:46:56,997 INFO o.a.j.t.JMeterThread: Thread finished: NCPPServerlessWestRoot 1-7
2022-07-13 13:46:57,006 INFO o.a.j.t.JMeterThread: Stopping because end time detected by thread: NCPPServerlessWestRoot 1-9
2022-07-13 13:46:57,006 INFO o.a.j.t.JMeterThread: Thread finished: NCPPServerlessWestRoot 1-9
2022-07-13 13:46:57,032 INFO o.a.j.t.JMeterThread: Stopping because end time detected by thread: NCPPServerlessWestRoot 1-8
2022-07-13 13:46:57,032 INFO o.a.j.t.JMeterThread: Thread finished: NCPPServerlessWestRoot 1-8
2022-07-13 13:46:57,042 INFO o.a.j.t.JMeterThread: Stopping because end time detected by thread: NCPPServerlessWestRoot 1-6
2022-07-13 13:46:57,042 INFO o.a.j.t.JMeterThread: Thread finished: NCPPServerlessWestRoot 1-6
2022-07-13 13:46:57,056 INFO o.a.j.t.JMeterThread: Stopping because end time detected by thread: NCPPServerlessWestRoot 1-10
2022-07-13 13:46:57,056 INFO o.a.j.t.JMeterThread: Thread finished: NCPPServerlessWestRoot 1-10
2022-07-13 13:46:57,060 INFO o.a.j.t.JMeterThread: Stopping because end time detected by thread: NCPPServerlessWestRoot 1-5
2022-07-13 13:46:57,060 INFO o.a.j.t.JMeterThread: Thread finished: NCPPServerlessWestRoot 1-5
2022-07-13 13:46:57,065 INFO o.a.j.t.JMeterThread: Stopping because end time detected by thread: NCPPServerlessWestRoot 1-3
2022-07-13 13:46:57,065 INFO o.a.j.t.JMeterThread: Thread finished: NCPPServerlessWestRoot 1-3
2022-07-13 13:46:57,066 INFO o.a.j.e.StandardJMeterEngine: Starting ThreadGroup: 2 : NCPPServerlessWestCollections
2022-07-13 13:46:57,066 INFO o.a.j.e.StandardJMeterEngine: Starting 10 threads for group NCPPServerlessWestCollections.
2022-07-13 13:46:57,066 INFO o.a.j.e.StandardJMeterEngine: Thread will continue on error
2022-07-13 13:46:57,066 INFO o.a.j.t.ThreadGroup: Starting thread group... number=2 threads=10 ramp-up=10 delayedStart=false
2022-07-13 13:46:57,067 INFO o.a.j.t.JMeterThread: Thread started: NCPPServerlessWestCollections 2-1
2022-07-13 13:46:57,069 INFO o.a.j.t.ThreadGroup: Started thread group number 2
2022-07-13 13:46:57,069 INFO o.a.j.e.StandardJMeterEngine: Waiting for thread group: NCPPServerlessWestCollections to finish before starting next group
2022-07-13 13:46:58,066 INFO o.a.j.t.JMeterThread: Thread started: NCPPServerlessWestCollections 2-2
2022-07-13 13:46:59,067 INFO o.a.j.t.JMeterThread: Thread started: NCPPServerlessWestCollections 2-3
2022-07-13 13:47:00,067 INFO o.a.j.t.JMeterThread: Thread started: NCPPServerlessWestCollections 2-4
2022-07-13 13:47:01,067 INFO o.a.j.t.JMeterThread: Thread started: NCPPServerlessWestCollections 2-5
2022-07-13 13:47:02,066 INFO o.a.j.t.JMeterThread: Thread started: NCPPServerlessWestCollections 2-6
2022-07-13 13:47:03,067 INFO o.a.j.t.JMeterThread: Thread started: NCPPServerlessWestCollections 2-7
2022-07-13 13:47:04,067 INFO o.a.j.t.JMeterThread: Thread started: NCPPServerlessWestCollections 2-8
2022-07-13 13:47:05,077 INFO o.a.j.t.JMeterThread: Thread started: NCPPServerlessWestCollections 2-9
2022-07-13 13:47:06,066 INFO o.a.j.t.JMeterThread: Thread started: NCPPServerlessWestCollections 2-10
2022-07-13 13:47:31,661 INFO o.a.j.r.Summariser: summary +   2415 in 00:01:02 =   39.2/s Avg:   208 Min:    92 Max: 26564 Err:     0 (0.00%) Active: 10 Started: 20 Finished: 10
2022-07-13 13:47:31,663 INFO o.a.j.r.Summariser: summary =   4777 in 00:01:35 =   50.4/s Avg:   164 Min:    92 Max: 26564 Err:     0 (0.00%)
2022-07-13 13:48:07,046 INFO o.a.j.t.JMeterThread: Stopping because end time detected by thread: NCPPServerlessWestCollections 2-1
2022-07-13 13:48:07,047 INFO o.a.j.t.JMeterThread: Thread finished: NCPPServerlessWestCollections 2-1
2022-07-13 13:48:09,747 INFO o.a.j.t.JMeterThread: Stopping because end time detected by thread: NCPPServerlessWestCollections 2-2
2022-07-13 13:48:09,747 INFO o.a.j.t.JMeterThread: Thread finished: NCPPServerlessWestCollections 2-2
2022-07-13 13:48:11,744 INFO o.a.j.t.JMeterThread: Stopping because end time detected by thread: NCPPServerlessWestCollections 2-4
2022-07-13 13:48:11,744 INFO o.a.j.t.JMeterThread: Thread finished: NCPPServerlessWestCollections 2-4
2022-07-13 13:48:11,755 INFO o.a.j.t.JMeterThread: Stopping because end time detected by thread: NCPPServerlessWestCollections 2-5
2022-07-13 13:48:11,756 INFO o.a.j.t.JMeterThread: Thread finished: NCPPServerlessWestCollections 2-5
2022-07-13 13:48:11,992 INFO o.a.j.t.JMeterThread: Stopping because end time detected by thread: NCPPServerlessWestCollections 2-3
2022-07-13 13:48:11,992 INFO o.a.j.t.JMeterThread: Thread finished: NCPPServerlessWestCollections 2-3
2022-07-13 13:48:12,532 INFO o.a.j.t.JMeterThread: Stopping because end time detected by thread: NCPPServerlessWestCollections 2-7
2022-07-13 13:48:12,532 INFO o.a.j.t.JMeterThread: Thread finished: NCPPServerlessWestCollections 2-7
2022-07-13 13:48:12,634 INFO o.a.j.t.JMeterThread: Stopping because end time detected by thread: NCPPServerlessWestCollections 2-6
2022-07-13 13:48:12,634 INFO o.a.j.t.JMeterThread: Thread finished: NCPPServerlessWestCollections 2-6
2022-07-13 13:48:13,962 INFO o.a.j.t.JMeterThread: Stopping because end time detected by thread: NCPPServerlessWestCollections 2-8
2022-07-13 13:48:13,962 INFO o.a.j.t.JMeterThread: Thread finished: NCPPServerlessWestCollections 2-8
2022-07-13 13:48:15,718 INFO o.a.j.t.JMeterThread: Stopping because end time detected by thread: NCPPServerlessWestCollections 2-9
2022-07-13 13:48:15,719 INFO o.a.j.t.JMeterThread: Thread finished: NCPPServerlessWestCollections 2-9
2022-07-13 13:48:16,313 INFO o.a.j.t.JMeterThread: Stopping because end time detected by thread: NCPPServerlessWestCollections 2-10
2022-07-13 13:48:16,314 INFO o.a.j.t.JMeterThread: Thread finished: NCPPServerlessWestCollections 2-10
2022-07-13 13:48:16,314 INFO o.a.j.e.StandardJMeterEngine: Starting ThreadGroup: 3 : NCPPServerlessWestGFSInstances
2022-07-13 13:48:16,314 INFO o.a.j.e.StandardJMeterEngine: Starting 10 threads for group NCPPServerlessWestGFSInstances.
2022-07-13 13:48:16,314 INFO o.a.j.e.StandardJMeterEngine: Thread will continue on error
2022-07-13 13:48:16,315 INFO o.a.j.t.ThreadGroup: Starting thread group... number=3 threads=10 ramp-up=10 delayedStart=false
2022-07-13 13:48:16,316 INFO o.a.j.t.JMeterThread: Thread started: NCPPServerlessWestGFSInstances 3-1
2022-07-13 13:48:16,318 INFO o.a.j.t.ThreadGroup: Started thread group number 3
2022-07-13 13:48:16,318 INFO o.a.j.e.StandardJMeterEngine: Waiting for thread group: NCPPServerlessWestGFSInstances to finish before starting next group
2022-07-13 13:48:17,316 INFO o.a.j.t.JMeterThread: Thread started: NCPPServerlessWestGFSInstances 3-2
2022-07-13 13:48:18,316 INFO o.a.j.t.JMeterThread: Thread started: NCPPServerlessWestGFSInstances 3-3
2022-07-13 13:48:19,315 INFO o.a.j.t.JMeterThread: Thread started: NCPPServerlessWestGFSInstances 3-4
2022-07-13 13:48:20,316 INFO o.a.j.t.JMeterThread: Thread started: NCPPServerlessWestGFSInstances 3-5
2022-07-13 13:48:21,316 INFO o.a.j.t.JMeterThread: Thread started: NCPPServerlessWestGFSInstances 3-6
2022-07-13 13:48:22,316 INFO o.a.j.t.JMeterThread: Thread started: NCPPServerlessWestGFSInstances 3-7
2022-07-13 13:48:23,315 INFO o.a.j.t.JMeterThread: Thread started: NCPPServerlessWestGFSInstances 3-8
2022-07-13 13:48:24,317 INFO o.a.j.t.JMeterThread: Thread started: NCPPServerlessWestGFSInstances 3-9
2022-07-13 13:48:25,316 INFO o.a.j.t.JMeterThread: Thread started: NCPPServerlessWestGFSInstances 3-10
2022-07-13 13:48:30,120 INFO o.a.j.r.Summariser: summary +     37 in 00:00:58 =    0.6/s Avg: 14887 Min:  2986 Max: 26596 Err:     0 (0.00%) Active: 10 Started: 30 Finished: 20
2022-07-13 13:48:30,121 INFO o.a.j.r.Summariser: summary =   4814 in 00:02:33 =   31.4/s Avg:   277 Min:    92 Max: 26596 Err:     0 (0.00%)
2022-07-13 13:49:00,119 INFO o.a.j.r.Summariser: summary +    100 in 00:00:30 =    3.3/s Avg:  3045 Min:  2779 Max:  5438 Err:     0 (0.00%) Active: 10 Started: 30 Finished: 20
2022-07-13 13:49:00,120 INFO o.a.j.r.Summariser: summary =   4914 in 00:03:03 =   26.8/s Avg:   334 Min:    92 Max: 26596 Err:     0 (0.00%)
2022-07-13 13:49:16,331 INFO o.a.j.t.JMeterThread: Stopping because end time detected by thread: NCPPServerlessWestGFSInstances 3-1
2022-07-13 13:49:16,331 INFO o.a.j.t.JMeterThread: Thread finished: NCPPServerlessWestGFSInstances 3-1
2022-07-13 13:49:17,138 INFO o.a.j.t.JMeterThread: Stopping because end time detected by thread: NCPPServerlessWestGFSInstances 3-7
2022-07-13 13:49:17,138 INFO o.a.j.t.JMeterThread: Thread finished: NCPPServerlessWestGFSInstances 3-7
2022-07-13 13:49:17,276 INFO o.a.j.t.JMeterThread: Stopping because end time detected by thread: NCPPServerlessWestGFSInstances 3-10
2022-07-13 13:49:17,276 INFO o.a.j.t.JMeterThread: Thread finished: NCPPServerlessWestGFSInstances 3-10
2022-07-13 13:49:17,762 INFO o.a.j.t.JMeterThread: Stopping because end time detected by thread: NCPPServerlessWestGFSInstances 3-6
2022-07-13 13:49:17,763 INFO o.a.j.t.JMeterThread: Thread finished: NCPPServerlessWestGFSInstances 3-6
2022-07-13 13:49:17,846 INFO o.a.j.t.JMeterThread: Stopping because end time detected by thread: NCPPServerlessWestGFSInstances 3-2
2022-07-13 13:49:17,846 INFO o.a.j.t.JMeterThread: Thread finished: NCPPServerlessWestGFSInstances 3-2
2022-07-13 13:49:17,860 INFO o.a.j.t.JMeterThread: Stopping because end time detected by thread: NCPPServerlessWestGFSInstances 3-8
2022-07-13 13:49:17,860 INFO o.a.j.t.JMeterThread: Thread finished: NCPPServerlessWestGFSInstances 3-8
2022-07-13 13:49:18,178 INFO o.a.j.t.JMeterThread: Stopping because end time detected by thread: NCPPServerlessWestGFSInstances 3-5
2022-07-13 13:49:18,178 INFO o.a.j.t.JMeterThread: Thread finished: NCPPServerlessWestGFSInstances 3-5
2022-07-13 13:49:18,365 INFO o.a.j.t.JMeterThread: Stopping because end time detected by thread: NCPPServerlessWestGFSInstances 3-9
2022-07-13 13:49:18,366 INFO o.a.j.t.JMeterThread: Thread finished: NCPPServerlessWestGFSInstances 3-9
2022-07-13 13:49:18,716 INFO o.a.j.t.JMeterThread: Stopping because end time detected by thread: NCPPServerlessWestGFSInstances 3-4
2022-07-13 13:49:18,716 INFO o.a.j.t.JMeterThread: Thread finished: NCPPServerlessWestGFSInstances 3-4
2022-07-13 13:49:18,906 INFO o.a.j.t.JMeterThread: Stopping because end time detected by thread: NCPPServerlessWestGFSInstances 3-3
2022-07-13 13:49:18,907 INFO o.a.j.t.JMeterThread: Thread finished: NCPPServerlessWestGFSInstances 3-3
2022-07-13 13:49:18,907 INFO o.a.j.e.StandardJMeterEngine: Starting ThreadGroup: 4 : NCPPServerlessWestGFSCollectionMeta
2022-07-13 13:49:18,907 INFO o.a.j.e.StandardJMeterEngine: Starting 10 threads for group NCPPServerlessWestGFSCollectionMeta.
2022-07-13 13:49:18,907 INFO o.a.j.e.StandardJMeterEngine: Thread will continue on error
2022-07-13 13:49:18,907 INFO o.a.j.t.ThreadGroup: Starting thread group... number=4 threads=10 ramp-up=10 delayedStart=false
2022-07-13 13:49:18,908 INFO o.a.j.t.JMeterThread: Thread started: NCPPServerlessWestGFSCollectionMeta 4-1
2022-07-13 13:49:18,908 INFO o.a.j.t.ThreadGroup: Started thread group number 4
2022-07-13 13:49:18,908 INFO o.a.j.e.StandardJMeterEngine: Waiting for thread group: NCPPServerlessWestGFSCollectionMeta to finish before starting next group
2022-07-13 13:49:19,917 INFO o.a.j.t.JMeterThread: Thread started: NCPPServerlessWestGFSCollectionMeta 4-2
2022-07-13 13:49:20,909 INFO o.a.j.t.JMeterThread: Thread started: NCPPServerlessWestGFSCollectionMeta 4-3
2022-07-13 13:49:21,908 INFO o.a.j.t.JMeterThread: Thread started: NCPPServerlessWestGFSCollectionMeta 4-4
2022-07-13 13:49:22,907 INFO o.a.j.t.JMeterThread: Thread started: NCPPServerlessWestGFSCollectionMeta 4-5
2022-07-13 13:49:23,907 INFO o.a.j.t.JMeterThread: Thread started: NCPPServerlessWestGFSCollectionMeta 4-6
2022-07-13 13:49:24,907 INFO o.a.j.t.JMeterThread: Thread started: NCPPServerlessWestGFSCollectionMeta 4-7
2022-07-13 13:49:25,907 INFO o.a.j.t.JMeterThread: Thread started: NCPPServerlessWestGFSCollectionMeta 4-8
2022-07-13 13:49:26,907 INFO o.a.j.t.JMeterThread: Thread started: NCPPServerlessWestGFSCollectionMeta 4-9
2022-07-13 13:49:27,908 INFO o.a.j.t.JMeterThread: Thread started: NCPPServerlessWestGFSCollectionMeta 4-10
2022-07-13 13:49:30,014 INFO o.a.j.r.Summariser: summary +     88 in 00:00:30 =    2.9/s Avg:  2729 Min:   502 Max:  7552 Err:     0 (0.00%) Active: 10 Started: 40 Finished: 30
2022-07-13 13:49:30,015 INFO o.a.j.r.Summariser: summary =   5002 in 00:03:33 =   23.5/s Avg:   376 Min:    92 Max: 26596 Err:     0 (0.00%)
2022-07-13 13:50:00,016 INFO o.a.j.r.Summariser: summary +    413 in 00:00:30 =   13.8/s Avg:   751 Min:   476 Max:  6658 Err:     0 (0.00%) Active: 10 Started: 40 Finished: 30
2022-07-13 13:50:00,018 INFO o.a.j.r.Summariser: summary =   5415 in 00:04:03 =   22.3/s Avg:   405 Min:    92 Max: 26596 Err:     0 (0.00%)
2022-07-13 13:50:18,914 INFO o.a.j.t.JMeterThread: Stopping because end time detected by thread: NCPPServerlessWestGFSCollectionMeta 4-7
2022-07-13 13:50:18,914 INFO o.a.j.t.JMeterThread: Thread finished: NCPPServerlessWestGFSCollectionMeta 4-7
2022-07-13 13:50:18,928 INFO o.a.j.t.JMeterThread: Stopping because end time detected by thread: NCPPServerlessWestGFSCollectionMeta 4-10
2022-07-13 13:50:18,928 INFO o.a.j.t.JMeterThread: Thread finished: NCPPServerlessWestGFSCollectionMeta 4-10
2022-07-13 13:50:19,013 INFO o.a.j.t.JMeterThread: Stopping because end time detected by thread: NCPPServerlessWestGFSCollectionMeta 4-2
2022-07-13 13:50:19,013 INFO o.a.j.t.JMeterThread: Thread finished: NCPPServerlessWestGFSCollectionMeta 4-2
2022-07-13 13:50:19,119 INFO o.a.j.t.JMeterThread: Stopping because end time detected by thread: NCPPServerlessWestGFSCollectionMeta 4-6
2022-07-13 13:50:19,119 INFO o.a.j.t.JMeterThread: Thread finished: NCPPServerlessWestGFSCollectionMeta 4-6
2022-07-13 13:50:19,281 INFO o.a.j.t.JMeterThread: Stopping because end time detected by thread: NCPPServerlessWestGFSCollectionMeta 4-9
2022-07-13 13:50:19,281 INFO o.a.j.t.JMeterThread: Thread finished: NCPPServerlessWestGFSCollectionMeta 4-9
2022-07-13 13:50:19,331 INFO o.a.j.t.JMeterThread: Stopping because end time detected by thread: NCPPServerlessWestGFSCollectionMeta 4-1
2022-07-13 13:50:19,332 INFO o.a.j.t.JMeterThread: Thread finished: NCPPServerlessWestGFSCollectionMeta 4-1
2022-07-13 13:50:19,335 INFO o.a.j.t.JMeterThread: Stopping because end time detected by thread: NCPPServerlessWestGFSCollectionMeta 4-8
2022-07-13 13:50:19,335 INFO o.a.j.t.JMeterThread: Thread finished: NCPPServerlessWestGFSCollectionMeta 4-8
2022-07-13 13:50:19,379 INFO o.a.j.t.JMeterThread: Stopping because end time detected by thread: NCPPServerlessWestGFSCollectionMeta 4-5
2022-07-13 13:50:19,379 INFO o.a.j.t.JMeterThread: Thread finished: NCPPServerlessWestGFSCollectionMeta 4-5
2022-07-13 13:50:19,412 INFO o.a.j.t.JMeterThread: Stopping because end time detected by thread: NCPPServerlessWestGFSCollectionMeta 4-3
2022-07-13 13:50:19,413 INFO o.a.j.t.JMeterThread: Thread finished: NCPPServerlessWestGFSCollectionMeta 4-3
2022-07-13 13:50:19,430 INFO o.a.j.t.JMeterThread: Stopping because end time detected by thread: NCPPServerlessWestGFSCollectionMeta 4-4
2022-07-13 13:50:19,430 INFO o.a.j.t.JMeterThread: Thread finished: NCPPServerlessWestGFSCollectionMeta 4-4
2022-07-13 13:50:19,430 INFO o.a.j.e.StandardJMeterEngine: Starting ThreadGroup: 5 : NCPPServerlessWestGFSPosition-1time-1zedd
2022-07-13 13:50:19,431 INFO o.a.j.e.StandardJMeterEngine: Starting 10 threads for group NCPPServerlessWestGFSPosition-1time-1zedd.
2022-07-13 13:50:19,431 INFO o.a.j.e.StandardJMeterEngine: Thread will continue on error
2022-07-13 13:50:19,431 INFO o.a.j.t.ThreadGroup: Starting thread group... number=5 threads=10 ramp-up=10 delayedStart=false
2022-07-13 13:50:19,432 INFO o.a.j.t.JMeterThread: Thread started: NCPPServerlessWestGFSPosition-1time-1zedd 5-1
2022-07-13 13:50:19,433 INFO o.a.j.t.ThreadGroup: Started thread group number 5
2022-07-13 13:50:19,433 INFO o.a.j.e.StandardJMeterEngine: Waiting for thread group: NCPPServerlessWestGFSPosition-1time-1zedd to finish before starting next group
2022-07-13 13:50:20,443 INFO o.a.j.t.JMeterThread: Thread started: NCPPServerlessWestGFSPosition-1time-1zedd 5-2
2022-07-13 13:50:21,432 INFO o.a.j.t.JMeterThread: Thread started: NCPPServerlessWestGFSPosition-1time-1zedd 5-3
2022-07-13 13:50:22,432 INFO o.a.j.t.JMeterThread: Thread started: NCPPServerlessWestGFSPosition-1time-1zedd 5-4
2022-07-13 13:50:23,431 INFO o.a.j.t.JMeterThread: Thread started: NCPPServerlessWestGFSPosition-1time-1zedd 5-5
2022-07-13 13:50:24,431 INFO o.a.j.t.JMeterThread: Thread started: NCPPServerlessWestGFSPosition-1time-1zedd 5-6
2022-07-13 13:50:25,431 INFO o.a.j.t.JMeterThread: Thread started: NCPPServerlessWestGFSPosition-1time-1zedd 5-7
2022-07-13 13:50:26,432 INFO o.a.j.t.JMeterThread: Thread started: NCPPServerlessWestGFSPosition-1time-1zedd 5-8
2022-07-13 13:50:27,432 INFO o.a.j.t.JMeterThread: Thread started: NCPPServerlessWestGFSPosition-1time-1zedd 5-9
2022-07-13 13:50:28,431 INFO o.a.j.t.JMeterThread: Thread started: NCPPServerlessWestGFSPosition-1time-1zedd 5-10
2022-07-13 13:50:30,210 INFO o.a.j.r.Summariser: summary +    327 in 00:00:30 =   10.8/s Avg:   765 Min:   423 Max:  3677 Err:     0 (0.00%) Active: 10 Started: 50 Finished: 40
2022-07-13 13:50:30,211 INFO o.a.j.r.Summariser: summary =   5742 in 00:04:33 =   21.0/s Avg:   425 Min:    92 Max: 26596 Err:     0 (0.00%)
2022-07-13 13:51:00,091 INFO o.a.j.r.Summariser: summary +    340 in 00:00:30 =   11.4/s Avg:   895 Min:   532 Max:  3732 Err:     0 (0.00%) Active: 10 Started: 50 Finished: 40
2022-07-13 13:51:00,093 INFO o.a.j.r.Summariser: summary =   6082 in 00:05:03 =   20.1/s Avg:   451 Min:    92 Max: 26596 Err:     0 (0.00%)
2022-07-13 13:51:19,489 INFO o.a.j.t.JMeterThread: Stopping because end time detected by thread: NCPPServerlessWestGFSPosition-1time-1zedd 5-7
2022-07-13 13:51:19,489 INFO o.a.j.t.JMeterThread: Thread finished: NCPPServerlessWestGFSPosition-1time-1zedd 5-7
2022-07-13 13:51:19,529 INFO o.a.j.t.JMeterThread: Stopping because end time detected by thread: NCPPServerlessWestGFSPosition-1time-1zedd 5-10
2022-07-13 13:51:19,529 INFO o.a.j.t.JMeterThread: Stopping because end time detected by thread: NCPPServerlessWestGFSPosition-1time-1zedd 5-3
2022-07-13 13:51:19,529 INFO o.a.j.t.JMeterThread: Thread finished: NCPPServerlessWestGFSPosition-1time-1zedd 5-3
2022-07-13 13:51:19,529 INFO o.a.j.t.JMeterThread: Thread finished: NCPPServerlessWestGFSPosition-1time-1zedd 5-10
2022-07-13 13:51:19,599 INFO o.a.j.t.JMeterThread: Stopping because end time detected by thread: NCPPServerlessWestGFSPosition-1time-1zedd 5-5
2022-07-13 13:51:19,599 INFO o.a.j.t.JMeterThread: Thread finished: NCPPServerlessWestGFSPosition-1time-1zedd 5-5
2022-07-13 13:51:19,599 INFO o.a.j.t.JMeterThread: Stopping because end time detected by thread: NCPPServerlessWestGFSPosition-1time-1zedd 5-8
2022-07-13 13:51:19,599 INFO o.a.j.t.JMeterThread: Stopping because end time detected by thread: NCPPServerlessWestGFSPosition-1time-1zedd 5-1
2022-07-13 13:51:19,599 INFO o.a.j.t.JMeterThread: Thread finished: NCPPServerlessWestGFSPosition-1time-1zedd 5-1
2022-07-13 13:51:19,599 INFO o.a.j.t.JMeterThread: Thread finished: NCPPServerlessWestGFSPosition-1time-1zedd 5-8
2022-07-13 13:51:19,709 INFO o.a.j.t.JMeterThread: Stopping because end time detected by thread: NCPPServerlessWestGFSPosition-1time-1zedd 5-2
2022-07-13 13:51:19,709 INFO o.a.j.t.JMeterThread: Thread finished: NCPPServerlessWestGFSPosition-1time-1zedd 5-2
2022-07-13 13:51:19,803 INFO o.a.j.t.JMeterThread: Stopping because end time detected by thread: NCPPServerlessWestGFSPosition-1time-1zedd 5-6
2022-07-13 13:51:19,803 INFO o.a.j.t.JMeterThread: Thread finished: NCPPServerlessWestGFSPosition-1time-1zedd 5-6
2022-07-13 13:51:19,929 INFO o.a.j.t.JMeterThread: Stopping because end time detected by thread: NCPPServerlessWestGFSPosition-1time-1zedd 5-9
2022-07-13 13:51:19,929 INFO o.a.j.t.JMeterThread: Thread finished: NCPPServerlessWestGFSPosition-1time-1zedd 5-9
2022-07-13 13:51:19,936 INFO o.a.j.t.JMeterThread: Stopping because end time detected by thread: NCPPServerlessWestGFSPosition-1time-1zedd 5-4
2022-07-13 13:51:19,936 INFO o.a.j.t.JMeterThread: Thread finished: NCPPServerlessWestGFSPosition-1time-1zedd 5-4
2022-07-13 13:51:19,936 INFO o.a.j.e.StandardJMeterEngine: Starting ThreadGroup: 6 : NCPPServerlessWestGFSPosition-1time-halfzedd
2022-07-13 13:51:19,936 INFO o.a.j.e.StandardJMeterEngine: Starting 10 threads for group NCPPServerlessWestGFSPosition-1time-halfzedd.
2022-07-13 13:51:19,936 INFO o.a.j.e.StandardJMeterEngine: Thread will continue on error
2022-07-13 13:51:19,936 INFO o.a.j.t.ThreadGroup: Starting thread group... number=6 threads=10 ramp-up=10 delayedStart=false
2022-07-13 13:51:19,937 INFO o.a.j.t.JMeterThread: Thread started: NCPPServerlessWestGFSPosition-1time-halfzedd 6-1
2022-07-13 13:51:19,938 INFO o.a.j.t.ThreadGroup: Started thread group number 6
2022-07-13 13:51:19,938 INFO o.a.j.e.StandardJMeterEngine: Waiting for thread group: NCPPServerlessWestGFSPosition-1time-halfzedd to finish before starting next group
2022-07-13 13:51:20,936 INFO o.a.j.t.JMeterThread: Thread started: NCPPServerlessWestGFSPosition-1time-halfzedd 6-2
2022-07-13 13:51:21,937 INFO o.a.j.t.JMeterThread: Thread started: NCPPServerlessWestGFSPosition-1time-halfzedd 6-3
2022-07-13 13:51:22,937 INFO o.a.j.t.JMeterThread: Thread started: NCPPServerlessWestGFSPosition-1time-halfzedd 6-4
2022-07-13 13:51:23,937 INFO o.a.j.t.JMeterThread: Thread started: NCPPServerlessWestGFSPosition-1time-halfzedd 6-5
2022-07-13 13:51:24,951 INFO o.a.j.t.JMeterThread: Thread started: NCPPServerlessWestGFSPosition-1time-halfzedd 6-6
2022-07-13 13:51:25,937 INFO o.a.j.t.JMeterThread: Thread started: NCPPServerlessWestGFSPosition-1time-halfzedd 6-7
2022-07-13 13:51:26,936 INFO o.a.j.t.JMeterThread: Thread started: NCPPServerlessWestGFSPosition-1time-halfzedd 6-8
2022-07-13 13:51:27,941 INFO o.a.j.t.JMeterThread: Thread started: NCPPServerlessWestGFSPosition-1time-halfzedd 6-9
2022-07-13 13:51:28,937 INFO o.a.j.t.JMeterThread: Thread started: NCPPServerlessWestGFSPosition-1time-halfzedd 6-10
2022-07-13 13:51:30,066 INFO o.a.j.r.Summariser: summary +    256 in 00:00:30 =    8.5/s Avg:   970 Min:   584 Max:  3663 Err:     0 (0.00%) Active: 10 Started: 60 Finished: 50
2022-07-13 13:51:30,068 INFO o.a.j.r.Summariser: summary =   6338 in 00:05:33 =   19.0/s Avg:   472 Min:    92 Max: 26596 Err:     0 (0.00%)
2022-07-13 13:52:00,042 INFO o.a.j.r.Summariser: summary +    156 in 00:00:30 =    5.2/s Avg:  1912 Min:  1504 Max:  3561 Err:     0 (0.00%) Active: 10 Started: 60 Finished: 50
2022-07-13 13:52:00,043 INFO o.a.j.r.Summariser: summary =   6494 in 00:06:03 =   17.9/s Avg:   507 Min:    92 Max: 26596 Err:     0 (0.00%)
2022-07-13 13:52:20,208 INFO o.a.j.t.JMeterThread: Stopping because end time detected by thread: NCPPServerlessWestGFSPosition-1time-halfzedd 6-4
2022-07-13 13:52:20,209 INFO o.a.j.t.JMeterThread: Thread finished: NCPPServerlessWestGFSPosition-1time-halfzedd 6-4
2022-07-13 13:52:20,710 INFO o.a.j.t.JMeterThread: Stopping because end time detected by thread: NCPPServerlessWestGFSPosition-1time-halfzedd 6-5
2022-07-13 13:52:20,710 INFO o.a.j.t.JMeterThread: Thread finished: NCPPServerlessWestGFSPosition-1time-halfzedd 6-5
2022-07-13 13:52:20,858 INFO o.a.j.t.JMeterThread: Stopping because end time detected by thread: NCPPServerlessWestGFSPosition-1time-halfzedd 6-3
2022-07-13 13:52:20,858 INFO o.a.j.t.JMeterThread: Thread finished: NCPPServerlessWestGFSPosition-1time-halfzedd 6-3
2022-07-13 13:52:21,138 INFO o.a.j.t.JMeterThread: Stopping because end time detected by thread: NCPPServerlessWestGFSPosition-1time-halfzedd 6-2
2022-07-13 13:52:21,138 INFO o.a.j.t.JMeterThread: Thread finished: NCPPServerlessWestGFSPosition-1time-halfzedd 6-2
2022-07-13 13:52:21,186 INFO o.a.j.t.JMeterThread: Stopping because end time detected by thread: NCPPServerlessWestGFSPosition-1time-halfzedd 6-10
2022-07-13 13:52:21,187 INFO o.a.j.t.JMeterThread: Thread finished: NCPPServerlessWestGFSPosition-1time-halfzedd 6-10
2022-07-13 13:52:21,366 INFO o.a.j.t.JMeterThread: Stopping because end time detected by thread: NCPPServerlessWestGFSPosition-1time-halfzedd 6-9
2022-07-13 13:52:21,366 INFO o.a.j.t.JMeterThread: Thread finished: NCPPServerlessWestGFSPosition-1time-halfzedd 6-9
2022-07-13 13:52:21,500 INFO o.a.j.t.JMeterThread: Stopping because end time detected by thread: NCPPServerlessWestGFSPosition-1time-halfzedd 6-8
2022-07-13 13:52:21,500 INFO o.a.j.t.JMeterThread: Thread finished: NCPPServerlessWestGFSPosition-1time-halfzedd 6-8
2022-07-13 13:52:21,501 INFO o.a.j.t.JMeterThread: Stopping because end time detected by thread: NCPPServerlessWestGFSPosition-1time-halfzedd 6-6
2022-07-13 13:52:21,501 INFO o.a.j.t.JMeterThread: Thread finished: NCPPServerlessWestGFSPosition-1time-halfzedd 6-6
2022-07-13 13:52:21,511 INFO o.a.j.t.JMeterThread: Stopping because end time detected by thread: NCPPServerlessWestGFSPosition-1time-halfzedd 6-1
2022-07-13 13:52:21,511 INFO o.a.j.t.JMeterThread: Thread finished: NCPPServerlessWestGFSPosition-1time-halfzedd 6-1
2022-07-13 13:52:21,599 INFO o.a.j.t.JMeterThread: Stopping because end time detected by thread: NCPPServerlessWestGFSPosition-1time-halfzedd 6-7
2022-07-13 13:52:21,599 INFO o.a.j.t.JMeterThread: Thread finished: NCPPServerlessWestGFSPosition-1time-halfzedd 6-7
2022-07-13 13:52:21,600 INFO o.a.j.e.StandardJMeterEngine: Starting ThreadGroup: 7 : NCPPServerlessWestGFSPosition-1time-fullzedd
2022-07-13 13:52:21,600 INFO o.a.j.e.StandardJMeterEngine: Starting 10 threads for group NCPPServerlessWestGFSPosition-1time-fullzedd.
2022-07-13 13:52:21,600 INFO o.a.j.e.StandardJMeterEngine: Thread will continue on error
2022-07-13 13:52:21,600 INFO o.a.j.t.ThreadGroup: Starting thread group... number=7 threads=10 ramp-up=10 delayedStart=false
2022-07-13 13:52:21,602 INFO o.a.j.t.JMeterThread: Thread started: NCPPServerlessWestGFSPosition-1time-fullzedd 7-1
2022-07-13 13:52:21,603 INFO o.a.j.t.ThreadGroup: Started thread group number 7
2022-07-13 13:52:21,603 INFO o.a.j.e.StandardJMeterEngine: Waiting for thread group: NCPPServerlessWestGFSPosition-1time-fullzedd to finish before starting next group
2022-07-13 13:52:22,602 INFO o.a.j.t.JMeterThread: Thread started: NCPPServerlessWestGFSPosition-1time-fullzedd 7-2
2022-07-13 13:52:23,602 INFO o.a.j.t.JMeterThread: Thread started: NCPPServerlessWestGFSPosition-1time-fullzedd 7-3
2022-07-13 13:52:24,602 INFO o.a.j.t.JMeterThread: Thread started: NCPPServerlessWestGFSPosition-1time-fullzedd 7-4
2022-07-13 13:52:25,600 INFO o.a.j.t.JMeterThread: Thread started: NCPPServerlessWestGFSPosition-1time-fullzedd 7-5
2022-07-13 13:52:26,601 INFO o.a.j.t.JMeterThread: Thread started: NCPPServerlessWestGFSPosition-1time-fullzedd 7-6
2022-07-13 13:52:27,602 INFO o.a.j.t.JMeterThread: Thread started: NCPPServerlessWestGFSPosition-1time-fullzedd 7-7
2022-07-13 13:52:28,603 INFO o.a.j.t.JMeterThread: Thread started: NCPPServerlessWestGFSPosition-1time-fullzedd 7-8
2022-07-13 13:52:29,600 INFO o.a.j.t.JMeterThread: Thread started: NCPPServerlessWestGFSPosition-1time-fullzedd 7-9
2022-07-13 13:52:30,062 INFO o.a.j.r.Summariser: summary +    120 in 00:00:30 =    4.0/s Avg:  2050 Min:  1561 Max:  3770 Err:     0 (0.00%) Active: 9 Started: 69 Finished: 60
2022-07-13 13:52:30,064 INFO o.a.j.r.Summariser: summary =   6614 in 00:06:33 =   16.8/s Avg:   535 Min:    92 Max: 26596 Err:     0 (0.00%)
2022-07-13 13:52:30,601 INFO o.a.j.t.JMeterThread: Thread started: NCPPServerlessWestGFSPosition-1time-fullzedd 7-10
2022-07-13 13:53:00,413 INFO o.a.j.r.Summariser: summary +     97 in 00:00:30 =    3.2/s Avg:  3045 Min:  2547 Max:  3875 Err:     0 (0.00%) Active: 10 Started: 70 Finished: 60
2022-07-13 13:53:00,415 INFO o.a.j.r.Summariser: summary =   6711 in 00:07:03 =   15.8/s Avg:   571 Min:    92 Max: 26596 Err:     0 (0.00%)
2022-07-13 13:53:21,661 INFO o.a.j.t.JMeterThread: Stopping because end time detected by thread: NCPPServerlessWestGFSPosition-1time-fullzedd 7-7
2022-07-13 13:53:21,661 INFO o.a.j.t.JMeterThread: Thread finished: NCPPServerlessWestGFSPosition-1time-fullzedd 7-7
2022-07-13 13:53:22,115 INFO o.a.j.t.JMeterThread: Stopping because end time detected by thread: NCPPServerlessWestGFSPosition-1time-fullzedd 7-1
2022-07-13 13:53:22,115 INFO o.a.j.t.JMeterThread: Thread finished: NCPPServerlessWestGFSPosition-1time-fullzedd 7-1
2022-07-13 13:53:22,160 INFO o.a.j.t.JMeterThread: Stopping because end time detected by thread: NCPPServerlessWestGFSPosition-1time-fullzedd 7-9
2022-07-13 13:53:22,160 INFO o.a.j.t.JMeterThread: Thread finished: NCPPServerlessWestGFSPosition-1time-fullzedd 7-9
2022-07-13 13:53:22,625 INFO o.a.j.t.JMeterThread: Stopping because end time detected by thread: NCPPServerlessWestGFSPosition-1time-fullzedd 7-4
2022-07-13 13:53:22,626 INFO o.a.j.t.JMeterThread: Thread finished: NCPPServerlessWestGFSPosition-1time-fullzedd 7-4
2022-07-13 13:53:22,665 INFO o.a.j.t.JMeterThread: Stopping because end time detected by thread: NCPPServerlessWestGFSPosition-1time-fullzedd 7-5
2022-07-13 13:53:22,665 INFO o.a.j.t.JMeterThread: Thread finished: NCPPServerlessWestGFSPosition-1time-fullzedd 7-5
2022-07-13 13:53:23,057 INFO o.a.j.t.JMeterThread: Stopping because end time detected by thread: NCPPServerlessWestGFSPosition-1time-fullzedd 7-6
2022-07-13 13:53:23,057 INFO o.a.j.t.JMeterThread: Thread finished: NCPPServerlessWestGFSPosition-1time-fullzedd 7-6
2022-07-13 13:53:23,143 INFO o.a.j.t.JMeterThread: Stopping because end time detected by thread: NCPPServerlessWestGFSPosition-1time-fullzedd 7-8
2022-07-13 13:53:23,143 INFO o.a.j.t.JMeterThread: Thread finished: NCPPServerlessWestGFSPosition-1time-fullzedd 7-8
2022-07-13 13:53:23,474 INFO o.a.j.t.JMeterThread: Stopping because end time detected by thread: NCPPServerlessWestGFSPosition-1time-fullzedd 7-2
2022-07-13 13:53:23,474 INFO o.a.j.t.JMeterThread: Thread finished: NCPPServerlessWestGFSPosition-1time-fullzedd 7-2
2022-07-13 13:53:23,607 INFO o.a.j.t.JMeterThread: Stopping because end time detected by thread: NCPPServerlessWestGFSPosition-1time-fullzedd 7-10
2022-07-13 13:53:23,607 INFO o.a.j.t.JMeterThread: Thread finished: NCPPServerlessWestGFSPosition-1time-fullzedd 7-10
2022-07-13 13:53:24,491 INFO o.a.j.t.JMeterThread: Stopping because end time detected by thread: NCPPServerlessWestGFSPosition-1time-fullzedd 7-3
2022-07-13 13:53:24,491 INFO o.a.j.t.JMeterThread: Thread finished: NCPPServerlessWestGFSPosition-1time-fullzedd 7-3
2022-07-13 13:53:24,491 INFO o.a.j.e.StandardJMeterEngine: Starting ThreadGroup: 8 : NCPPServerlessWestGFSPosition-halftime-1zedd
2022-07-13 13:53:24,491 INFO o.a.j.e.StandardJMeterEngine: Starting 10 threads for group NCPPServerlessWestGFSPosition-halftime-1zedd.
2022-07-13 13:53:24,491 INFO o.a.j.e.StandardJMeterEngine: Thread will continue on error
2022-07-13 13:53:24,491 INFO o.a.j.t.ThreadGroup: Starting thread group... number=8 threads=10 ramp-up=10 delayedStart=false
2022-07-13 13:53:24,492 INFO o.a.j.t.JMeterThread: Thread started: NCPPServerlessWestGFSPosition-halftime-1zedd 8-1
2022-07-13 13:53:24,492 INFO o.a.j.t.ThreadGroup: Started thread group number 8
2022-07-13 13:53:24,492 INFO o.a.j.e.StandardJMeterEngine: Waiting for thread group: NCPPServerlessWestGFSPosition-halftime-1zedd to finish before starting next group
2022-07-13 13:53:25,506 INFO o.a.j.t.JMeterThread: Thread started: NCPPServerlessWestGFSPosition-halftime-1zedd 8-2
2022-07-13 13:53:26,493 INFO o.a.j.t.JMeterThread: Thread started: NCPPServerlessWestGFSPosition-halftime-1zedd 8-3
2022-07-13 13:53:27,491 INFO o.a.j.t.JMeterThread: Thread started: NCPPServerlessWestGFSPosition-halftime-1zedd 8-4
2022-07-13 13:53:28,491 INFO o.a.j.t.JMeterThread: Thread started: NCPPServerlessWestGFSPosition-halftime-1zedd 8-5
2022-07-13 13:53:29,492 INFO o.a.j.t.JMeterThread: Thread started: NCPPServerlessWestGFSPosition-halftime-1zedd 8-6
2022-07-13 13:53:30,079 INFO o.a.j.r.Summariser: summary +     96 in 00:00:30 =    3.2/s Avg:  2725 Min:   599 Max:  4542 Err:     0 (0.00%) Active: 6 Started: 76 Finished: 70
2022-07-13 13:53:30,080 INFO o.a.j.r.Summariser: summary =   6807 in 00:07:33 =   15.0/s Avg:   602 Min:    92 Max: 26596 Err:     0 (0.00%)
2022-07-13 13:53:30,491 INFO o.a.j.t.JMeterThread: Thread started: NCPPServerlessWestGFSPosition-halftime-1zedd 8-7
2022-07-13 13:53:31,493 INFO o.a.j.t.JMeterThread: Thread started: NCPPServerlessWestGFSPosition-halftime-1zedd 8-8
2022-07-13 13:53:32,492 INFO o.a.j.t.JMeterThread: Thread started: NCPPServerlessWestGFSPosition-halftime-1zedd 8-9
2022-07-13 13:53:33,492 INFO o.a.j.t.JMeterThread: Thread started: NCPPServerlessWestGFSPosition-halftime-1zedd 8-10
2022-07-13 13:54:00,076 INFO o.a.j.r.Summariser: summary +    348 in 00:00:30 =   11.6/s Avg:   838 Min:   557 Max:  1420 Err:     0 (0.00%) Active: 10 Started: 80 Finished: 70
2022-07-13 13:54:00,077 INFO o.a.j.r.Summariser: summary =   7155 in 00:08:03 =   14.8/s Avg:   613 Min:    92 Max: 26596 Err:     0 (0.00%)
2022-07-13 13:54:24,504 INFO o.a.j.t.JMeterThread: Stopping because end time detected by thread: NCPPServerlessWestGFSPosition-halftime-1zedd 8-9
2022-07-13 13:54:24,504 INFO o.a.j.t.JMeterThread: Thread finished: NCPPServerlessWestGFSPosition-halftime-1zedd 8-9
2022-07-13 13:54:24,581 INFO o.a.j.t.JMeterThread: Stopping because end time detected by thread: NCPPServerlessWestGFSPosition-halftime-1zedd 8-1
2022-07-13 13:54:24,581 INFO o.a.j.t.JMeterThread: Thread finished: NCPPServerlessWestGFSPosition-halftime-1zedd 8-1
2022-07-13 13:54:24,678 INFO o.a.j.t.JMeterThread: Stopping because end time detected by thread: NCPPServerlessWestGFSPosition-halftime-1zedd 8-7
2022-07-13 13:54:24,678 INFO o.a.j.t.JMeterThread: Thread finished: NCPPServerlessWestGFSPosition-halftime-1zedd 8-7
2022-07-13 13:54:24,694 INFO o.a.j.t.JMeterThread: Stopping because end time detected by thread: NCPPServerlessWestGFSPosition-halftime-1zedd 8-3
2022-07-13 13:54:24,694 INFO o.a.j.t.JMeterThread: Thread finished: NCPPServerlessWestGFSPosition-halftime-1zedd 8-3
2022-07-13 13:54:24,698 INFO o.a.j.t.JMeterThread: Stopping because end time detected by thread: NCPPServerlessWestGFSPosition-halftime-1zedd 8-6
2022-07-13 13:54:24,698 INFO o.a.j.t.JMeterThread: Thread finished: NCPPServerlessWestGFSPosition-halftime-1zedd 8-6
2022-07-13 13:54:24,813 INFO o.a.j.t.JMeterThread: Stopping because end time detected by thread: NCPPServerlessWestGFSPosition-halftime-1zedd 8-5
2022-07-13 13:54:24,813 INFO o.a.j.t.JMeterThread: Thread finished: NCPPServerlessWestGFSPosition-halftime-1zedd 8-5
2022-07-13 13:54:24,988 INFO o.a.j.t.JMeterThread: Stopping because end time detected by thread: NCPPServerlessWestGFSPosition-halftime-1zedd 8-2
2022-07-13 13:54:24,988 INFO o.a.j.t.JMeterThread: Thread finished: NCPPServerlessWestGFSPosition-halftime-1zedd 8-2
2022-07-13 13:54:24,991 INFO o.a.j.t.JMeterThread: Stopping because end time detected by thread: NCPPServerlessWestGFSPosition-halftime-1zedd 8-4
2022-07-13 13:54:24,992 INFO o.a.j.t.JMeterThread: Thread finished: NCPPServerlessWestGFSPosition-halftime-1zedd 8-4
2022-07-13 13:54:25,120 INFO o.a.j.t.JMeterThread: Stopping because end time detected by thread: NCPPServerlessWestGFSPosition-halftime-1zedd 8-10
2022-07-13 13:54:25,120 INFO o.a.j.t.JMeterThread: Thread finished: NCPPServerlessWestGFSPosition-halftime-1zedd 8-10
2022-07-13 13:54:25,220 INFO o.a.j.t.JMeterThread: Stopping because end time detected by thread: NCPPServerlessWestGFSPosition-halftime-1zedd 8-8
2022-07-13 13:54:25,220 INFO o.a.j.t.JMeterThread: Thread finished: NCPPServerlessWestGFSPosition-halftime-1zedd 8-8
2022-07-13 13:54:25,221 INFO o.a.j.e.StandardJMeterEngine: Starting ThreadGroup: 9 : NCPPServerlessWestGFSPosition-halftime-halfzedd
2022-07-13 13:54:25,221 INFO o.a.j.e.StandardJMeterEngine: Starting 10 threads for group NCPPServerlessWestGFSPosition-halftime-halfzedd.
2022-07-13 13:54:25,221 INFO o.a.j.e.StandardJMeterEngine: Thread will continue on error
2022-07-13 13:54:25,221 INFO o.a.j.t.ThreadGroup: Starting thread group... number=9 threads=10 ramp-up=10 delayedStart=false
2022-07-13 13:54:25,221 INFO o.a.j.t.JMeterThread: Thread started: NCPPServerlessWestGFSPosition-halftime-halfzedd 9-1
2022-07-13 13:54:25,222 INFO o.a.j.t.ThreadGroup: Started thread group number 9
2022-07-13 13:54:25,222 INFO o.a.j.e.StandardJMeterEngine: Waiting for thread group: NCPPServerlessWestGFSPosition-halftime-halfzedd to finish before starting next group
2022-07-13 13:54:26,231 INFO o.a.j.t.JMeterThread: Thread started: NCPPServerlessWestGFSPosition-halftime-halfzedd 9-2
2022-07-13 13:54:27,223 INFO o.a.j.t.JMeterThread: Thread started: NCPPServerlessWestGFSPosition-halftime-halfzedd 9-3
2022-07-13 13:54:28,223 INFO o.a.j.t.JMeterThread: Thread started: NCPPServerlessWestGFSPosition-halftime-halfzedd 9-4
2022-07-13 13:54:29,223 INFO o.a.j.t.JMeterThread: Thread started: NCPPServerlessWestGFSPosition-halftime-halfzedd 9-5
2022-07-13 13:54:30,223 INFO o.a.j.t.JMeterThread: Thread started: NCPPServerlessWestGFSPosition-halftime-halfzedd 9-6
2022-07-13 13:54:30,228 INFO o.a.j.r.Summariser: summary +    308 in 00:00:30 =   10.2/s Avg:   848 Min:   563 Max:  2004 Err:     0 (0.00%) Active: 6 Started: 86 Finished: 80
2022-07-13 13:54:30,229 INFO o.a.j.r.Summariser: summary =   7463 in 00:08:33 =   14.5/s Avg:   623 Min:    92 Max: 26596 Err:     0 (0.00%)
2022-07-13 13:54:31,221 INFO o.a.j.t.JMeterThread: Thread started: NCPPServerlessWestGFSPosition-halftime-halfzedd 9-7
2022-07-13 13:54:32,221 INFO o.a.j.t.JMeterThread: Thread started: NCPPServerlessWestGFSPosition-halftime-halfzedd 9-8
2022-07-13 13:54:33,221 INFO o.a.j.t.JMeterThread: Thread started: NCPPServerlessWestGFSPosition-halftime-halfzedd 9-9
2022-07-13 13:54:34,221 INFO o.a.j.t.JMeterThread: Thread started: NCPPServerlessWestGFSPosition-halftime-halfzedd 9-10
2022-07-13 13:55:00,045 INFO o.a.j.r.Summariser: summary +    148 in 00:00:30 =    5.0/s Avg:  1925 Min:  1493 Max:  2769 Err:     0 (0.00%) Active: 10 Started: 90 Finished: 80
2022-07-13 13:55:00,046 INFO o.a.j.r.Summariser: summary =   7611 in 00:09:03 =   14.0/s Avg:   648 Min:    92 Max: 26596 Err:     0 (0.00%)
2022-07-13 13:55:25,619 INFO o.a.j.t.JMeterThread: Stopping because end time detected by thread: NCPPServerlessWestGFSPosition-halftime-halfzedd 9-3
2022-07-13 13:55:25,619 INFO o.a.j.t.JMeterThread: Thread finished: NCPPServerlessWestGFSPosition-halftime-halfzedd 9-3
2022-07-13 13:55:25,768 INFO o.a.j.t.JMeterThread: Stopping because end time detected by thread: NCPPServerlessWestGFSPosition-halftime-halfzedd 9-7
2022-07-13 13:55:25,768 INFO o.a.j.t.JMeterThread: Thread finished: NCPPServerlessWestGFSPosition-halftime-halfzedd 9-7
2022-07-13 13:55:25,968 INFO o.a.j.t.JMeterThread: Stopping because end time detected by thread: NCPPServerlessWestGFSPosition-halftime-halfzedd 9-4
2022-07-13 13:55:25,968 INFO o.a.j.t.JMeterThread: Thread finished: NCPPServerlessWestGFSPosition-halftime-halfzedd 9-4
2022-07-13 13:55:26,280 INFO o.a.j.t.JMeterThread: Stopping because end time detected by thread: NCPPServerlessWestGFSPosition-halftime-halfzedd 9-5
2022-07-13 13:55:26,281 INFO o.a.j.t.JMeterThread: Thread finished: NCPPServerlessWestGFSPosition-halftime-halfzedd 9-5
2022-07-13 13:55:26,535 INFO o.a.j.t.JMeterThread: Stopping because end time detected by thread: NCPPServerlessWestGFSPosition-halftime-halfzedd 9-8
2022-07-13 13:55:26,535 INFO o.a.j.t.JMeterThread: Thread finished: NCPPServerlessWestGFSPosition-halftime-halfzedd 9-8
2022-07-13 13:55:26,679 INFO o.a.j.t.JMeterThread: Stopping because end time detected by thread: NCPPServerlessWestGFSPosition-halftime-halfzedd 9-10
2022-07-13 13:55:26,679 INFO o.a.j.t.JMeterThread: Thread finished: NCPPServerlessWestGFSPosition-halftime-halfzedd 9-10
2022-07-13 13:55:26,780 INFO o.a.j.t.JMeterThread: Stopping because end time detected by thread: NCPPServerlessWestGFSPosition-halftime-halfzedd 9-2
2022-07-13 13:55:26,780 INFO o.a.j.t.JMeterThread: Thread finished: NCPPServerlessWestGFSPosition-halftime-halfzedd 9-2
2022-07-13 13:55:26,974 INFO o.a.j.t.JMeterThread: Stopping because end time detected by thread: NCPPServerlessWestGFSPosition-halftime-halfzedd 9-9
2022-07-13 13:55:26,975 INFO o.a.j.t.JMeterThread: Thread finished: NCPPServerlessWestGFSPosition-halftime-halfzedd 9-9
2022-07-13 13:55:27,340 INFO o.a.j.t.JMeterThread: Stopping because end time detected by thread: NCPPServerlessWestGFSPosition-halftime-halfzedd 9-6
2022-07-13 13:55:27,340 INFO o.a.j.t.JMeterThread: Thread finished: NCPPServerlessWestGFSPosition-halftime-halfzedd 9-6
2022-07-13 13:55:27,447 INFO o.a.j.t.JMeterThread: Stopping because end time detected by thread: NCPPServerlessWestGFSPosition-halftime-halfzedd 9-1
2022-07-13 13:55:27,447 INFO o.a.j.t.JMeterThread: Thread finished: NCPPServerlessWestGFSPosition-halftime-halfzedd 9-1
2022-07-13 13:55:27,448 INFO o.a.j.e.StandardJMeterEngine: Starting ThreadGroup: 10 : NCPPServerlessWestGFSPosition-halftime-fullzedd
2022-07-13 13:55:27,448 INFO o.a.j.e.StandardJMeterEngine: Starting 10 threads for group NCPPServerlessWestGFSPosition-halftime-fullzedd.
2022-07-13 13:55:27,448 INFO o.a.j.e.StandardJMeterEngine: Thread will continue on error
2022-07-13 13:55:27,448 INFO o.a.j.t.ThreadGroup: Starting thread group... number=10 threads=10 ramp-up=10 delayedStart=false
2022-07-13 13:55:27,450 INFO o.a.j.t.JMeterThread: Thread started: NCPPServerlessWestGFSPosition-halftime-fullzedd 10-1
2022-07-13 13:55:27,452 INFO o.a.j.t.ThreadGroup: Started thread group number 10
2022-07-13 13:55:27,452 INFO o.a.j.e.StandardJMeterEngine: Waiting for thread group: NCPPServerlessWestGFSPosition-halftime-fullzedd to finish before starting next group
2022-07-13 13:55:28,462 INFO o.a.j.t.JMeterThread: Thread started: NCPPServerlessWestGFSPosition-halftime-fullzedd 10-2
2022-07-13 13:55:29,450 INFO o.a.j.t.JMeterThread: Thread started: NCPPServerlessWestGFSPosition-halftime-fullzedd 10-3
2022-07-13 13:55:30,451 INFO o.a.j.t.JMeterThread: Thread started: NCPPServerlessWestGFSPosition-halftime-fullzedd 10-4
2022-07-13 13:55:31,450 INFO o.a.j.t.JMeterThread: Thread started: NCPPServerlessWestGFSPosition-halftime-fullzedd 10-5
2022-07-13 13:55:31,733 INFO o.a.j.r.Summariser: summary +    141 in 00:00:32 =    4.4/s Avg:  1957 Min:  1417 Max:  3545 Err:     0 (0.00%) Active: 5 Started: 95 Finished: 90
2022-07-13 13:55:31,734 INFO o.a.j.r.Summariser: summary =   7752 in 00:09:35 =   13.5/s Avg:   672 Min:    92 Max: 26596 Err:     0 (0.00%)
2022-07-13 13:55:32,451 INFO o.a.j.t.JMeterThread: Thread started: NCPPServerlessWestGFSPosition-halftime-fullzedd 10-6
2022-07-13 13:55:33,451 INFO o.a.j.t.JMeterThread: Thread started: NCPPServerlessWestGFSPosition-halftime-fullzedd 10-7
2022-07-13 13:55:34,450 INFO o.a.j.t.JMeterThread: Thread started: NCPPServerlessWestGFSPosition-halftime-fullzedd 10-8
2022-07-13 13:55:35,450 INFO o.a.j.t.JMeterThread: Thread started: NCPPServerlessWestGFSPosition-halftime-fullzedd 10-9
2022-07-13 13:55:36,462 INFO o.a.j.t.JMeterThread: Thread started: NCPPServerlessWestGFSPosition-halftime-fullzedd 10-10
2022-07-13 13:56:00,587 INFO o.a.j.r.Summariser: summary +     86 in 00:00:29 =    3.0/s Avg:  3131 Min:  2522 Max:  5554 Err:     0 (0.00%) Active: 10 Started: 100 Finished: 90
2022-07-13 13:56:00,588 INFO o.a.j.r.Summariser: summary =   7838 in 00:10:04 =   13.0/s Avg:   699 Min:    92 Max: 26596 Err:     0 (0.00%)
2022-07-13 13:56:27,758 INFO o.a.j.t.JMeterThread: Stopping because end time detected by thread: NCPPServerlessWestGFSPosition-halftime-fullzedd 10-9
2022-07-13 13:56:27,758 INFO o.a.j.t.JMeterThread: Thread finished: NCPPServerlessWestGFSPosition-halftime-fullzedd 10-9
2022-07-13 13:56:28,116 INFO o.a.j.t.JMeterThread: Stopping because end time detected by thread: NCPPServerlessWestGFSPosition-halftime-fullzedd 10-1
2022-07-13 13:56:28,116 INFO o.a.j.t.JMeterThread: Thread finished: NCPPServerlessWestGFSPosition-halftime-fullzedd 10-1
2022-07-13 13:56:28,234 INFO o.a.j.t.JMeterThread: Stopping because end time detected by thread: NCPPServerlessWestGFSPosition-halftime-fullzedd 10-3
2022-07-13 13:56:28,234 INFO o.a.j.t.JMeterThread: Thread finished: NCPPServerlessWestGFSPosition-halftime-fullzedd 10-3
2022-07-13 13:56:28,271 INFO o.a.j.t.JMeterThread: Stopping because end time detected by thread: NCPPServerlessWestGFSPosition-halftime-fullzedd 10-5
2022-07-13 13:56:28,271 INFO o.a.j.t.JMeterThread: Thread finished: NCPPServerlessWestGFSPosition-halftime-fullzedd 10-5
2022-07-13 13:56:28,300 INFO o.a.j.t.JMeterThread: Stopping because end time detected by thread: NCPPServerlessWestGFSPosition-halftime-fullzedd 10-7
2022-07-13 13:56:28,300 INFO o.a.j.t.JMeterThread: Thread finished: NCPPServerlessWestGFSPosition-halftime-fullzedd 10-7
2022-07-13 13:56:28,497 INFO o.a.j.t.JMeterThread: Stopping because end time detected by thread: NCPPServerlessWestGFSPosition-halftime-fullzedd 10-10
2022-07-13 13:56:28,497 INFO o.a.j.t.JMeterThread: Thread finished: NCPPServerlessWestGFSPosition-halftime-fullzedd 10-10
2022-07-13 13:56:29,189 INFO o.a.j.t.JMeterThread: Stopping because end time detected by thread: NCPPServerlessWestGFSPosition-halftime-fullzedd 10-6
2022-07-13 13:56:29,190 INFO o.a.j.t.JMeterThread: Thread finished: NCPPServerlessWestGFSPosition-halftime-fullzedd 10-6
2022-07-13 13:56:29,321 INFO o.a.j.t.JMeterThread: Stopping because end time detected by thread: NCPPServerlessWestGFSPosition-halftime-fullzedd 10-2
2022-07-13 13:56:29,321 INFO o.a.j.t.JMeterThread: Thread finished: NCPPServerlessWestGFSPosition-halftime-fullzedd 10-2
2022-07-13 13:56:29,723 INFO o.a.j.t.JMeterThread: Stopping because end time detected by thread: NCPPServerlessWestGFSPosition-halftime-fullzedd 10-8
2022-07-13 13:56:29,723 INFO o.a.j.t.JMeterThread: Thread finished: NCPPServerlessWestGFSPosition-halftime-fullzedd 10-8
2022-07-13 13:56:30,428 INFO o.a.j.r.Summariser: summary +     96 in 00:00:30 =    3.2/s Avg:  3080 Min:  2412 Max:  3794 Err:     0 (0.00%) Active: 1 Started: 100 Finished: 99
2022-07-13 13:56:30,429 INFO o.a.j.r.Summariser: summary =   7934 in 00:10:34 =   12.5/s Avg:   728 Min:    92 Max: 26596 Err:     0 (0.00%)
2022-07-13 13:56:30,429 INFO o.a.j.t.JMeterThread: Stopping because end time detected by thread: NCPPServerlessWestGFSPosition-halftime-fullzedd 10-4
2022-07-13 13:56:30,430 INFO o.a.j.t.JMeterThread: Thread finished: NCPPServerlessWestGFSPosition-halftime-fullzedd 10-4
2022-07-13 13:56:30,430 INFO o.a.j.e.StandardJMeterEngine: Starting ThreadGroup: 11 : NCPPServerlessWestGFSPosition-fulltime-1zedd
2022-07-13 13:56:30,430 INFO o.a.j.e.StandardJMeterEngine: Starting 10 threads for group NCPPServerlessWestGFSPosition-fulltime-1zedd.
2022-07-13 13:56:30,430 INFO o.a.j.e.StandardJMeterEngine: Thread will continue on error
2022-07-13 13:56:30,430 INFO o.a.j.t.ThreadGroup: Starting thread group... number=11 threads=10 ramp-up=10 delayedStart=false
2022-07-13 13:56:30,430 INFO o.a.j.t.JMeterThread: Thread started: NCPPServerlessWestGFSPosition-fulltime-1zedd 11-1
2022-07-13 13:56:30,432 INFO o.a.j.t.ThreadGroup: Started thread group number 11
2022-07-13 13:56:30,432 INFO o.a.j.e.StandardJMeterEngine: Waiting for thread group: NCPPServerlessWestGFSPosition-fulltime-1zedd to finish before starting next group
2022-07-13 13:56:31,432 INFO o.a.j.t.JMeterThread: Thread started: NCPPServerlessWestGFSPosition-fulltime-1zedd 11-2
2022-07-13 13:56:32,432 INFO o.a.j.t.JMeterThread: Thread started: NCPPServerlessWestGFSPosition-fulltime-1zedd 11-3
2022-07-13 13:56:33,433 INFO o.a.j.t.JMeterThread: Thread started: NCPPServerlessWestGFSPosition-fulltime-1zedd 11-4
2022-07-13 13:56:34,431 INFO o.a.j.t.JMeterThread: Thread started: NCPPServerlessWestGFSPosition-fulltime-1zedd 11-5
2022-07-13 13:56:35,430 INFO o.a.j.t.JMeterThread: Thread started: NCPPServerlessWestGFSPosition-fulltime-1zedd 11-6
2022-07-13 13:56:36,431 INFO o.a.j.t.JMeterThread: Thread started: NCPPServerlessWestGFSPosition-fulltime-1zedd 11-7
2022-07-13 13:56:37,430 INFO o.a.j.t.JMeterThread: Thread started: NCPPServerlessWestGFSPosition-fulltime-1zedd 11-8
2022-07-13 13:56:38,431 INFO o.a.j.t.JMeterThread: Thread started: NCPPServerlessWestGFSPosition-fulltime-1zedd 11-9
2022-07-13 13:56:39,431 INFO o.a.j.t.JMeterThread: Thread started: NCPPServerlessWestGFSPosition-fulltime-1zedd 11-10
2022-07-13 13:57:00,183 INFO o.a.j.r.Summariser: summary +    296 in 00:00:30 =    9.9/s Avg:   836 Min:   499 Max:  1256 Err:     0 (0.00%) Active: 10 Started: 110 Finished: 100
2022-07-13 13:57:00,184 INFO o.a.j.r.Summariser: summary =   8230 in 00:11:03 =   12.4/s Avg:   732 Min:    92 Max: 26596 Err:     0 (0.00%)
2022-07-13 13:57:30,087 INFO o.a.j.r.Summariser: summary +    360 in 00:00:30 =   12.0/s Avg:   831 Min:   587 Max:  1260 Err:     0 (0.00%) Active: 10 Started: 110 Finished: 100
2022-07-13 13:57:30,089 INFO o.a.j.r.Summariser: summary =   8590 in 00:11:33 =   12.4/s Avg:   736 Min:    92 Max: 26596 Err:     0 (0.00%)
2022-07-13 13:57:30,503 INFO o.a.j.t.JMeterThread: Stopping because end time detected by thread: NCPPServerlessWestGFSPosition-fulltime-1zedd 11-10
2022-07-13 13:57:30,503 INFO o.a.j.t.JMeterThread: Thread finished: NCPPServerlessWestGFSPosition-fulltime-1zedd 11-10
2022-07-13 13:57:30,591 INFO o.a.j.t.JMeterThread: Stopping because end time detected by thread: NCPPServerlessWestGFSPosition-fulltime-1zedd 11-7
2022-07-13 13:57:30,591 INFO o.a.j.t.JMeterThread: Thread finished: NCPPServerlessWestGFSPosition-fulltime-1zedd 11-7
2022-07-13 13:57:30,692 INFO o.a.j.t.JMeterThread: Stopping because end time detected by thread: NCPPServerlessWestGFSPosition-fulltime-1zedd 11-9
2022-07-13 13:57:30,692 INFO o.a.j.t.JMeterThread: Thread finished: NCPPServerlessWestGFSPosition-fulltime-1zedd 11-9
2022-07-13 13:57:30,893 INFO o.a.j.t.JMeterThread: Stopping because end time detected by thread: NCPPServerlessWestGFSPosition-fulltime-1zedd 11-2
2022-07-13 13:57:30,893 INFO o.a.j.t.JMeterThread: Thread finished: NCPPServerlessWestGFSPosition-fulltime-1zedd 11-2
2022-07-13 13:57:30,899 INFO o.a.j.t.JMeterThread: Stopping because end time detected by thread: NCPPServerlessWestGFSPosition-fulltime-1zedd 11-8
2022-07-13 13:57:30,899 INFO o.a.j.t.JMeterThread: Thread finished: NCPPServerlessWestGFSPosition-fulltime-1zedd 11-8
2022-07-13 13:57:30,942 INFO o.a.j.t.JMeterThread: Stopping because end time detected by thread: NCPPServerlessWestGFSPosition-fulltime-1zedd 11-1
2022-07-13 13:57:30,942 INFO o.a.j.t.JMeterThread: Thread finished: NCPPServerlessWestGFSPosition-fulltime-1zedd 11-1
2022-07-13 13:57:31,082 INFO o.a.j.t.JMeterThread: Stopping because end time detected by thread: NCPPServerlessWestGFSPosition-fulltime-1zedd 11-4
2022-07-13 13:57:31,082 INFO o.a.j.t.JMeterThread: Thread finished: NCPPServerlessWestGFSPosition-fulltime-1zedd 11-4
2022-07-13 13:57:31,083 INFO o.a.j.t.JMeterThread: Stopping because end time detected by thread: NCPPServerlessWestGFSPosition-fulltime-1zedd 11-5
2022-07-13 13:57:31,083 INFO o.a.j.t.JMeterThread: Thread finished: NCPPServerlessWestGFSPosition-fulltime-1zedd 11-5
2022-07-13 13:57:31,092 INFO o.a.j.t.JMeterThread: Stopping because end time detected by thread: NCPPServerlessWestGFSPosition-fulltime-1zedd 11-3
2022-07-13 13:57:31,092 INFO o.a.j.t.JMeterThread: Thread finished: NCPPServerlessWestGFSPosition-fulltime-1zedd 11-3
2022-07-13 13:57:31,098 INFO o.a.j.t.JMeterThread: Stopping because end time detected by thread: NCPPServerlessWestGFSPosition-fulltime-1zedd 11-6
2022-07-13 13:57:31,098 INFO o.a.j.t.JMeterThread: Thread finished: NCPPServerlessWestGFSPosition-fulltime-1zedd 11-6
2022-07-13 13:57:31,098 INFO o.a.j.e.StandardJMeterEngine: Starting ThreadGroup: 12 : NCPPServerlessWestGFSPosition-fulltime-halfzedd
2022-07-13 13:57:31,098 INFO o.a.j.e.StandardJMeterEngine: Starting 10 threads for group NCPPServerlessWestGFSPosition-fulltime-halfzedd.
2022-07-13 13:57:31,098 INFO o.a.j.e.StandardJMeterEngine: Thread will continue on error
2022-07-13 13:57:31,098 INFO o.a.j.t.ThreadGroup: Starting thread group... number=12 threads=10 ramp-up=10 delayedStart=false
2022-07-13 13:57:31,099 INFO o.a.j.t.JMeterThread: Thread started: NCPPServerlessWestGFSPosition-fulltime-halfzedd 12-1
2022-07-13 13:57:31,100 INFO o.a.j.t.ThreadGroup: Started thread group number 12
2022-07-13 13:57:31,100 INFO o.a.j.e.StandardJMeterEngine: Waiting for thread group: NCPPServerlessWestGFSPosition-fulltime-halfzedd to finish before starting next group
2022-07-13 13:57:32,098 INFO o.a.j.t.JMeterThread: Thread started: NCPPServerlessWestGFSPosition-fulltime-halfzedd 12-2
2022-07-13 13:57:33,099 INFO o.a.j.t.JMeterThread: Thread started: NCPPServerlessWestGFSPosition-fulltime-halfzedd 12-3
2022-07-13 13:57:34,099 INFO o.a.j.t.JMeterThread: Thread started: NCPPServerlessWestGFSPosition-fulltime-halfzedd 12-4
2022-07-13 13:57:35,098 INFO o.a.j.t.JMeterThread: Thread started: NCPPServerlessWestGFSPosition-fulltime-halfzedd 12-5
2022-07-13 13:57:36,100 INFO o.a.j.t.JMeterThread: Thread started: NCPPServerlessWestGFSPosition-fulltime-halfzedd 12-6
2022-07-13 13:57:37,099 INFO o.a.j.t.JMeterThread: Thread started: NCPPServerlessWestGFSPosition-fulltime-halfzedd 12-7
2022-07-13 13:57:38,099 INFO o.a.j.t.JMeterThread: Thread started: NCPPServerlessWestGFSPosition-fulltime-halfzedd 12-8
2022-07-13 13:57:39,100 INFO o.a.j.t.JMeterThread: Thread started: NCPPServerlessWestGFSPosition-fulltime-halfzedd 12-9
2022-07-13 13:57:40,098 INFO o.a.j.t.JMeterThread: Thread started: NCPPServerlessWestGFSPosition-fulltime-halfzedd 12-10
