2023-03-22 14:47:03,803 INFO o.a.j.u.JMeterUtils: Setting Locale to en_EN
2023-03-22 14:47:03,813 INFO o.a.j.JMeter: Loading user properties from: /home/ec2-user/apache-jmeter-5.5/bin/user.properties
2023-03-22 14:47:03,813 INFO o.a.j.JMeter: Loading system properties from: /home/ec2-user/apache-jmeter-5.5/bin/system.properties
2023-03-22 14:47:03,818 INFO o.a.j.JMeter: Copyright (c) 1998-2022 The Apache Software Foundation
2023-03-22 14:47:03,818 INFO o.a.j.JMeter: Version 5.5
2023-03-22 14:47:03,818 INFO o.a.j.JMeter: java.version=1.8.0_362
2023-03-22 14:47:03,818 INFO o.a.j.JMeter: java.vm.name=OpenJDK 64-Bit Server VM
2023-03-22 14:47:03,819 INFO o.a.j.JMeter: os.name=Linux
2023-03-22 14:47:03,819 INFO o.a.j.JMeter: os.arch=amd64
2023-03-22 14:47:03,819 INFO o.a.j.JMeter: os.version=5.10.167-147.601.amzn2.x86_64
2023-03-22 14:47:03,819 INFO o.a.j.JMeter: file.encoding=UTF-8
2023-03-22 14:47:03,819 INFO o.a.j.JMeter: java.awt.headless=true
2023-03-22 14:47:03,819 INFO o.a.j.JMeter: Max memory     =26843545600
2023-03-22 14:47:03,819 INFO o.a.j.JMeter: Available Processors =16
2023-03-22 14:47:03,823 INFO o.a.j.JMeter: Default Locale=English (EN)
2023-03-22 14:47:03,823 INFO o.a.j.JMeter: JMeter  Locale=English (EN)
2023-03-22 14:47:03,823 INFO o.a.j.JMeter: JMeterHome=/home/ec2-user/apache-jmeter-5.5
2023-03-22 14:47:03,823 INFO o.a.j.JMeter: user.dir  =/home/ec2-user/ShaneMill1.github.io/WIFS-Listener-c5aLarge-C5aLarge-OPMET-only
2023-03-22 14:47:03,823 INFO o.a.j.JMeter: PWD       =/home/ec2-user/ShaneMill1.github.io/WIFS-Listener-c5aLarge-C5aLarge-OPMET-only
2023-03-22 14:47:03,824 INFO o.a.j.JMeter: IP: 172.31.14.115 Name: ip-172-31-14-115.ec2.internal FullName: ip-172-31-14-115.ec2.internal
2023-03-22 14:47:03,835 INFO o.a.j.JMeter: Setting property 'jmeter.reportgenerator.outputdir' to:'/home/ec2-user/ShaneMill1.github.io/WIFS-Listener-c5aLarge-C5aLarge-OPMET-only/results'
2023-03-22 14:47:03,837 INFO o.a.j.s.FileServer: Default base='/home/ec2-user/ShaneMill1.github.io/WIFS-Listener-c5aLarge-C5aLarge-OPMET-only'
2023-03-22 14:47:03,838 INFO o.a.j.s.FileServer: Set new base='/home/ec2-user/ShaneMill1.github.io/WIFS-Listener-c5aLarge-C5aLarge-OPMET-only'
2023-03-22 14:47:03,937 INFO o.a.j.s.SaveService: Testplan (JMX) version: 2.2. Testlog (JTL) version: 2.2
2023-03-22 14:47:03,950 INFO o.a.j.s.SaveService: Using SaveService properties file encoding UTF-8
2023-03-22 14:47:03,953 INFO o.a.j.s.SaveService: Using SaveService properties version 5.0
2023-03-22 14:47:03,958 INFO o.a.j.s.SaveService: Loading file: WIFSTestPlan.jmx
2023-03-22 14:47:03,996 INFO o.a.j.p.h.s.HTTPSamplerBase: Parser for text/html is org.apache.jmeter.protocol.http.parser.LagartoBasedHtmlParser
2023-03-22 14:47:03,996 INFO o.a.j.p.h.s.HTTPSamplerBase: Parser for application/xhtml+xml is org.apache.jmeter.protocol.http.parser.LagartoBasedHtmlParser
2023-03-22 14:47:03,996 INFO o.a.j.p.h.s.HTTPSamplerBase: Parser for application/xml is org.apache.jmeter.protocol.http.parser.LagartoBasedHtmlParser
2023-03-22 14:47:03,996 INFO o.a.j.p.h.s.HTTPSamplerBase: Parser for text/xml is org.apache.jmeter.protocol.http.parser.LagartoBasedHtmlParser
2023-03-22 14:47:03,996 INFO o.a.j.p.h.s.HTTPSamplerBase: Parser for text/vnd.wap.wml is org.apache.jmeter.protocol.http.parser.RegexpHTMLParser
2023-03-22 14:47:03,997 INFO o.a.j.p.h.s.HTTPSamplerBase: Parser for text/css is org.apache.jmeter.protocol.http.parser.CssParser
2023-03-22 14:47:04,213 INFO o.a.j.JMeter: Creating summariser <summary>
2023-03-22 14:47:04,221 INFO o.a.j.r.d.ReportGenerator: ReportGenerator will use for Parsing the separator: ','
2023-03-22 14:47:04,221 INFO o.a.j.r.d.ReportGenerator: Will generate report at end of test from  results file: SummaryReport.jtl
2023-03-22 14:47:04,221 INFO o.a.j.r.d.ReportGenerator: Reading report generator properties from: /home/ec2-user/apache-jmeter-5.5/bin/reportgenerator.properties
2023-03-22 14:47:04,221 INFO o.a.j.r.d.ReportGenerator: Merging with JMeter properties
2023-03-22 14:47:04,225 INFO o.a.j.r.c.ReportGeneratorConfiguration: Property 'jmeter.reportgenerator.temp_dir' not found, using default value 'temp' instead.
2023-03-22 14:47:04,227 INFO o.a.j.r.c.ReportGeneratorConfiguration: Property 'jmeter.reportgenerator.apdex_per_transaction' not found, using default value 'null' instead.
2023-03-22 14:47:04,227 INFO o.a.j.r.c.ReportGeneratorConfiguration: apdex_per_transaction is empty, not APDEX per transaction customization
2023-03-22 14:47:04,228 INFO o.a.j.r.c.ReportGeneratorConfiguration: Property 'jmeter.reportgenerator.sample_filter' not found, using default value 'null' instead.
2023-03-22 14:47:04,228 INFO o.a.j.r.c.ReportGeneratorConfiguration: Property 'jmeter.reportgenerator.report_title' not found, using default value 'null' instead.
2023-03-22 14:47:04,228 INFO o.a.j.r.c.ReportGeneratorConfiguration: Property 'jmeter.reportgenerator.start_date' not found, using default value 'null' instead.
2023-03-22 14:47:04,228 INFO o.a.j.r.c.ReportGeneratorConfiguration: Property 'jmeter.reportgenerator.end_date' not found, using default value 'null' instead.
2023-03-22 14:47:04,228 INFO o.a.j.r.c.ReportGeneratorConfiguration: Property 'jmeter.reportgenerator.date_format' not found, using default value 'null' instead.
2023-03-22 14:47:04,228 INFO o.a.j.r.c.ReportGeneratorConfiguration: Will use date range start date: null, end date: null
2023-03-22 14:47:04,231 INFO o.a.j.r.c.ReportGeneratorConfiguration: Property 'jmeter.reportgenerator.graph.totalTPS.exclude_controllers' not found, using default value 'false' instead.
2023-03-22 14:47:04,231 INFO o.a.j.r.c.ReportGeneratorConfiguration: Property 'jmeter.reportgenerator.graph.activeThreadsOverTime.exclude_controllers' not found, using default value 'false' instead.
2023-03-22 14:47:04,231 INFO o.a.j.r.c.ReportGeneratorConfiguration: Property 'jmeter.reportgenerator.graph.timeVsThreads.exclude_controllers' not found, using default value 'false' instead.
2023-03-22 14:47:04,231 INFO o.a.j.r.c.ReportGeneratorConfiguration: Property 'jmeter.reportgenerator.graph.responseTimeDistribution.exclude_controllers' not found, using default value 'false' instead.
2023-03-22 14:47:04,232 INFO o.a.j.r.c.ReportGeneratorConfiguration: Property 'jmeter.reportgenerator.graph.transactionsPerSecond.exclude_controllers' not found, using default value 'false' instead.
2023-03-22 14:47:04,232 INFO o.a.j.r.c.ReportGeneratorConfiguration: Property 'jmeter.reportgenerator.graph.responseTimePercentiles.exclude_controllers' not found, using default value 'false' instead.
2023-03-22 14:47:04,234 INFO o.a.j.r.c.ReportGeneratorConfiguration: Property 'jmeter.reportgenerator.graph.responseTimePercentilesOverTime.exclude_controllers' not found, using default value 'false' instead.
2023-03-22 14:47:04,234 INFO o.a.j.r.c.ReportGeneratorConfiguration: Property 'jmeter.reportgenerator.graph.responseTimesOverTime.exclude_controllers' not found, using default value 'false' instead.
2023-03-22 14:47:04,234 INFO o.a.j.r.c.ReportGeneratorConfiguration: Property 'jmeter.reportgenerator.graph.connectTimeOverTime.exclude_controllers' not found, using default value 'false' instead.
2023-03-22 14:47:04,235 INFO o.a.j.r.c.ReportGeneratorConfiguration: Property 'jmeter.reportgenerator.graph.latenciesOverTime.exclude_controllers' not found, using default value 'false' instead.
2023-03-22 14:47:04,235 INFO o.a.j.r.c.ReportGeneratorConfiguration: Property 'jmeter.reportgenerator.exporter.json.filters_only_sample_series' not found, using default value 'true' instead.
2023-03-22 14:47:04,235 INFO o.a.j.r.c.ReportGeneratorConfiguration: Property 'jmeter.reportgenerator.exporter.json.series_filter' not found, using default value '' instead.
2023-03-22 14:47:04,235 INFO o.a.j.r.c.ReportGeneratorConfiguration: Property 'jmeter.reportgenerator.exporter.json.show_controllers_only' not found, using default value 'false' instead.
2023-03-22 14:47:04,236 INFO o.a.j.r.c.ReportGeneratorConfiguration: Property 'jmeter.reportgenerator.exporter.html.filters_only_sample_series' not found, using default value 'true' instead.
2023-03-22 14:47:04,236 INFO o.a.j.r.c.ReportGeneratorConfiguration: Property 'jmeter.reportgenerator.exporter.html.series_filter' not found, using default value '' instead.
2023-03-22 14:47:04,236 INFO o.a.j.r.c.ReportGeneratorConfiguration: Property 'jmeter.reportgenerator.exporter.html.show_controllers_only' not found, using default value 'false' instead.
2023-03-22 14:47:04,242 INFO o.a.j.e.StandardJMeterEngine: Running the test!
2023-03-22 14:47:04,242 INFO o.a.j.s.SampleEvent: List of sample_variables: []
2023-03-22 14:47:04,242 INFO o.a.j.s.SampleEvent: List of sample_variables: []
2023-03-22 14:47:04,246 INFO o.a.j.e.u.CompoundVariable: Note: Function class names must contain the string: '.functions.'
2023-03-22 14:47:04,246 INFO o.a.j.e.u.CompoundVariable: Note: Function class names must not contain the string: '.gui.'
2023-03-22 14:47:04,435 INFO o.a.j.JMeter: Running test (1679496424435)
2023-03-22 14:47:04,503 INFO o.a.j.e.StandardJMeterEngine: Starting ThreadGroup: 1 : Gridded Thread Group
2023-03-22 14:47:04,503 INFO o.a.j.e.StandardJMeterEngine: Starting 82 threads for group Gridded Thread Group.
2023-03-22 14:47:04,503 INFO o.a.j.e.StandardJMeterEngine: Thread will continue on error
2023-03-22 14:47:04,503 INFO o.a.j.t.ThreadGroup: Starting thread group... number=1 threads=82 ramp-up=10 delayedStart=false
2023-03-22 14:47:04,509 INFO o.a.j.t.JMeterThread: Thread started: Gridded Thread Group 1-1
2023-03-22 14:47:04,524 INFO o.a.j.p.h.s.HTTPHCAbstractImpl: Local host = ip-172-31-14-115.ec2.internal
2023-03-22 14:47:04,526 INFO o.a.j.t.ThreadGroup: Started thread group number 1
2023-03-22 14:47:04,527 INFO o.a.j.e.StandardJMeterEngine: Starting ThreadGroup: 2 : OPMET Thread Group
2023-03-22 14:47:04,527 INFO o.a.j.e.StandardJMeterEngine: Starting 14 threads for group OPMET Thread Group.
2023-03-22 14:47:04,527 INFO o.a.j.e.StandardJMeterEngine: Thread will continue on error
2023-03-22 14:47:04,527 INFO o.a.j.t.ThreadGroup: Starting thread group... number=2 threads=14 ramp-up=10 delayedStart=false
2023-03-22 14:47:04,527 INFO o.a.j.t.JMeterThread: Thread started: OPMET Thread Group 2-1
2023-03-22 14:47:04,530 INFO o.a.j.p.h.s.HTTPHC4Impl: HTTP request retry count = 0
2023-03-22 14:47:04,531 INFO o.a.j.s.SampleResult: Note: Sample TimeStamps are START times
2023-03-22 14:47:04,532 INFO o.a.j.s.SampleResult: sampleresult.default.encoding is set to ISO-8859-1
2023-03-22 14:47:04,532 INFO o.a.j.s.SampleResult: sampleresult.useNanoTime=true
2023-03-22 14:47:04,532 INFO o.a.j.s.SampleResult: sampleresult.nanoThreadSleep=5000
2023-03-22 14:47:04,532 INFO o.a.j.t.ThreadGroup: Started thread group number 2
2023-03-22 14:47:04,532 INFO o.a.j.e.StandardJMeterEngine: All thread groups have been started
2023-03-22 14:47:04,628 INFO o.a.j.t.JMeterThread: Thread started: Gridded Thread Group 1-2
2023-03-22 14:47:04,748 INFO o.a.j.r.Summariser: summary +      1 in 00:00:00 =    3.2/s Avg:   117 Min:   117 Max:   117 Err:     0 (0.00%) Active: 3 Started: 3 Finished: 0
2023-03-22 14:47:04,750 INFO o.a.j.t.JMeterThread: Thread started: Gridded Thread Group 1-3
2023-03-22 14:47:04,872 INFO o.a.j.t.JMeterThread: Thread started: Gridded Thread Group 1-4
2023-03-22 14:47:04,993 INFO o.a.j.t.JMeterThread: Thread started: Gridded Thread Group 1-5
2023-03-22 14:47:05,115 INFO o.a.j.t.JMeterThread: Thread started: Gridded Thread Group 1-6
2023-03-22 14:47:05,237 INFO o.a.j.t.JMeterThread: Thread started: Gridded Thread Group 1-7
2023-03-22 14:47:05,242 INFO o.a.j.t.JMeterThread: Thread started: OPMET Thread Group 2-2
2023-03-22 14:47:05,359 INFO o.a.j.t.JMeterThread: Thread started: Gridded Thread Group 1-8
2023-03-22 14:47:05,480 INFO o.a.j.t.JMeterThread: Thread started: Gridded Thread Group 1-9
2023-03-22 14:47:05,603 INFO o.a.j.t.JMeterThread: Thread started: Gridded Thread Group 1-10
2023-03-22 14:47:05,725 INFO o.a.j.t.JMeterThread: Thread started: Gridded Thread Group 1-11
2023-03-22 14:47:05,847 INFO o.a.j.t.JMeterThread: Thread started: Gridded Thread Group 1-12
2023-03-22 14:47:05,955 INFO o.a.j.t.JMeterThread: Thread started: OPMET Thread Group 2-3
2023-03-22 14:47:05,969 INFO o.a.j.t.JMeterThread: Thread started: Gridded Thread Group 1-13
2023-03-22 14:47:06,090 INFO o.a.j.t.JMeterThread: Thread started: Gridded Thread Group 1-14
2023-03-22 14:47:06,213 INFO o.a.j.t.JMeterThread: Thread started: Gridded Thread Group 1-15
2023-03-22 14:47:06,335 INFO o.a.j.t.JMeterThread: Thread started: Gridded Thread Group 1-16
2023-03-22 14:47:06,456 INFO o.a.j.t.JMeterThread: Thread started: Gridded Thread Group 1-17
2023-03-22 14:47:06,578 INFO o.a.j.t.JMeterThread: Thread started: Gridded Thread Group 1-18
2023-03-22 14:47:06,670 INFO o.a.j.t.JMeterThread: Thread started: OPMET Thread Group 2-4
2023-03-22 14:47:06,701 INFO o.a.j.t.JMeterThread: Thread started: Gridded Thread Group 1-19
2023-03-22 14:47:06,823 INFO o.a.j.t.JMeterThread: Thread started: Gridded Thread Group 1-20
2023-03-22 14:47:06,944 INFO o.a.j.t.JMeterThread: Thread started: Gridded Thread Group 1-21
2023-03-22 14:47:07,067 INFO o.a.j.t.JMeterThread: Thread started: Gridded Thread Group 1-22
2023-03-22 14:47:07,188 INFO o.a.j.t.JMeterThread: Thread started: Gridded Thread Group 1-23
2023-03-22 14:47:07,311 INFO o.a.j.t.JMeterThread: Thread started: Gridded Thread Group 1-24
2023-03-22 14:47:07,384 INFO o.a.j.t.JMeterThread: Thread started: OPMET Thread Group 2-5
2023-03-22 14:47:07,432 INFO o.a.j.t.JMeterThread: Thread started: Gridded Thread Group 1-25
2023-03-22 14:47:07,554 INFO o.a.j.t.JMeterThread: Thread started: Gridded Thread Group 1-26
2023-03-22 14:47:07,677 INFO o.a.j.t.JMeterThread: Thread started: Gridded Thread Group 1-27
2023-03-22 14:47:07,798 INFO o.a.j.t.JMeterThread: Thread started: Gridded Thread Group 1-28
2023-03-22 14:47:07,921 INFO o.a.j.t.JMeterThread: Thread started: Gridded Thread Group 1-29
2023-03-22 14:47:08,043 INFO o.a.j.t.JMeterThread: Thread started: Gridded Thread Group 1-30
2023-03-22 14:47:08,097 INFO o.a.j.t.JMeterThread: Thread started: OPMET Thread Group 2-6
2023-03-22 14:47:08,164 INFO o.a.j.t.JMeterThread: Thread started: Gridded Thread Group 1-31
2023-03-22 14:47:08,287 INFO o.a.j.t.JMeterThread: Thread started: Gridded Thread Group 1-32
2023-03-22 14:47:08,409 INFO o.a.j.t.JMeterThread: Thread started: Gridded Thread Group 1-33
2023-03-22 14:47:08,530 INFO o.a.j.t.JMeterThread: Thread started: Gridded Thread Group 1-34
2023-03-22 14:47:08,653 INFO o.a.j.t.JMeterThread: Thread started: Gridded Thread Group 1-35
2023-03-22 14:47:08,775 INFO o.a.j.t.JMeterThread: Thread started: Gridded Thread Group 1-36
2023-03-22 14:47:08,812 INFO o.a.j.t.JMeterThread: Thread started: OPMET Thread Group 2-7
2023-03-22 14:47:08,896 INFO o.a.j.t.JMeterThread: Thread started: Gridded Thread Group 1-37
2023-03-22 14:47:09,019 INFO o.a.j.t.JMeterThread: Thread started: Gridded Thread Group 1-38
2023-03-22 14:47:09,140 INFO o.a.j.t.JMeterThread: Thread started: Gridded Thread Group 1-39
2023-03-22 14:47:09,263 INFO o.a.j.t.JMeterThread: Thread started: Gridded Thread Group 1-40
2023-03-22 14:47:09,385 INFO o.a.j.t.JMeterThread: Thread started: Gridded Thread Group 1-41
2023-03-22 14:47:09,506 INFO o.a.j.t.JMeterThread: Thread started: Gridded Thread Group 1-42
2023-03-22 14:47:09,526 INFO o.a.j.t.JMeterThread: Thread started: OPMET Thread Group 2-8
2023-03-22 14:47:09,628 INFO o.a.j.t.JMeterThread: Thread started: Gridded Thread Group 1-43
2023-03-22 14:47:09,751 INFO o.a.j.t.JMeterThread: Thread started: Gridded Thread Group 1-44
2023-03-22 14:47:09,872 INFO o.a.j.t.JMeterThread: Thread started: Gridded Thread Group 1-45
2023-03-22 14:47:09,995 INFO o.a.j.t.JMeterThread: Thread started: Gridded Thread Group 1-46
2023-03-22 14:47:10,116 INFO o.a.j.t.JMeterThread: Thread started: Gridded Thread Group 1-47
2023-03-22 14:47:10,239 INFO o.a.j.t.JMeterThread: Thread started: Gridded Thread Group 1-48
2023-03-22 14:47:10,240 INFO o.a.j.t.JMeterThread: Thread started: OPMET Thread Group 2-9
2023-03-22 14:47:10,360 INFO o.a.j.t.JMeterThread: Thread started: Gridded Thread Group 1-49
2023-03-22 14:47:10,482 INFO o.a.j.t.JMeterThread: Thread started: Gridded Thread Group 1-50
2023-03-22 14:47:10,605 INFO o.a.j.t.JMeterThread: Thread started: Gridded Thread Group 1-51
2023-03-22 14:47:10,727 INFO o.a.j.t.JMeterThread: Thread started: Gridded Thread Group 1-52
2023-03-22 14:47:10,848 INFO o.a.j.t.JMeterThread: Thread started: Gridded Thread Group 1-53
2023-03-22 14:47:10,954 INFO o.a.j.t.JMeterThread: Thread started: OPMET Thread Group 2-10
2023-03-22 14:47:10,970 INFO o.a.j.t.JMeterThread: Thread started: Gridded Thread Group 1-54
2023-03-22 14:47:11,092 INFO o.a.j.t.JMeterThread: Thread started: Gridded Thread Group 1-55
2023-03-22 14:47:11,215 INFO o.a.j.t.JMeterThread: Thread started: Gridded Thread Group 1-56
2023-03-22 14:47:11,336 INFO o.a.j.t.JMeterThread: Thread started: Gridded Thread Group 1-57
2023-03-22 14:47:11,458 INFO o.a.j.t.JMeterThread: Thread started: Gridded Thread Group 1-58
2023-03-22 14:47:11,580 INFO o.a.j.t.JMeterThread: Thread started: Gridded Thread Group 1-59
2023-03-22 14:47:11,667 INFO o.a.j.t.JMeterThread: Thread started: OPMET Thread Group 2-11
2023-03-22 14:47:11,703 INFO o.a.j.t.JMeterThread: Thread started: Gridded Thread Group 1-60
2023-03-22 14:47:11,825 INFO o.a.j.t.JMeterThread: Thread started: Gridded Thread Group 1-61
2023-03-22 14:47:11,946 INFO o.a.j.t.JMeterThread: Thread started: Gridded Thread Group 1-62
2023-03-22 14:47:12,068 INFO o.a.j.t.JMeterThread: Thread started: Gridded Thread Group 1-63
2023-03-22 14:47:12,191 INFO o.a.j.t.JMeterThread: Thread started: Gridded Thread Group 1-64
2023-03-22 14:47:12,312 INFO o.a.j.t.JMeterThread: Thread started: Gridded Thread Group 1-65
2023-03-22 14:47:12,382 INFO o.a.j.t.JMeterThread: Thread started: OPMET Thread Group 2-12
2023-03-22 14:47:12,434 INFO o.a.j.t.JMeterThread: Thread started: Gridded Thread Group 1-66
2023-03-22 14:47:12,556 INFO o.a.j.t.JMeterThread: Thread started: Gridded Thread Group 1-67
2023-03-22 14:47:12,679 INFO o.a.j.t.JMeterThread: Thread started: Gridded Thread Group 1-68
2023-03-22 14:47:12,801 INFO o.a.j.t.JMeterThread: Thread started: Gridded Thread Group 1-69
2023-03-22 14:47:12,923 INFO o.a.j.t.JMeterThread: Thread started: Gridded Thread Group 1-70
2023-03-22 14:47:13,044 INFO o.a.j.t.JMeterThread: Thread started: Gridded Thread Group 1-71
2023-03-22 14:47:13,096 INFO o.a.j.t.JMeterThread: Thread started: OPMET Thread Group 2-13
2023-03-22 14:47:13,166 INFO o.a.j.t.JMeterThread: Thread started: Gridded Thread Group 1-72
2023-03-22 14:47:13,289 INFO o.a.j.t.JMeterThread: Thread started: Gridded Thread Group 1-73
2023-03-22 14:47:13,411 INFO o.a.j.t.JMeterThread: Thread started: Gridded Thread Group 1-74
2023-03-22 14:47:13,532 INFO o.a.j.t.JMeterThread: Thread started: Gridded Thread Group 1-75
2023-03-22 14:47:13,654 INFO o.a.j.t.JMeterThread: Thread started: Gridded Thread Group 1-76
2023-03-22 14:47:13,776 INFO o.a.j.t.JMeterThread: Thread started: Gridded Thread Group 1-77
2023-03-22 14:47:13,810 INFO o.a.j.t.JMeterThread: Thread started: OPMET Thread Group 2-14
2023-03-22 14:47:13,899 INFO o.a.j.t.JMeterThread: Thread started: Gridded Thread Group 1-78
2023-03-22 14:47:14,020 INFO o.a.j.t.JMeterThread: Thread started: Gridded Thread Group 1-79
2023-03-22 14:47:14,142 INFO o.a.j.t.JMeterThread: Thread started: Gridded Thread Group 1-80
2023-03-22 14:47:14,264 INFO o.a.j.t.JMeterThread: Thread started: Gridded Thread Group 1-81
2023-03-22 14:47:14,386 INFO o.a.j.t.JMeterThread: Thread started: Gridded Thread Group 1-82
2023-03-22 14:47:30,049 INFO o.a.j.r.Summariser: summary +    784 in 00:00:25 =   31.0/s Avg:  2333 Min:    88 Max:  4923 Err:     0 (0.00%) Active: 96 Started: 96 Finished: 0
2023-03-22 14:47:30,049 INFO o.a.j.r.Summariser: summary =    785 in 00:00:26 =   30.6/s Avg:  2331 Min:    88 Max:  4923 Err:     0 (0.00%)
2023-03-22 14:48:00,104 INFO o.a.j.r.Summariser: summary +    918 in 00:00:30 =   30.5/s Avg:  3141 Min:  2732 Max:  3702 Err:     0 (0.00%) Active: 96 Started: 96 Finished: 0
2023-03-22 14:48:00,105 INFO o.a.j.r.Summariser: summary =   1703 in 00:00:56 =   30.6/s Avg:  2767 Min:    88 Max:  4923 Err:     0 (0.00%)
2023-03-22 14:48:30,002 INFO o.a.j.r.Summariser: summary +    909 in 00:00:30 =   30.4/s Avg:  3161 Min:  2888 Max:  3791 Err:     0 (0.00%) Active: 96 Started: 96 Finished: 0
2023-03-22 14:48:30,002 INFO o.a.j.r.Summariser: summary =   2612 in 00:01:26 =   30.5/s Avg:  2904 Min:    88 Max:  4923 Err:     0 (0.00%)
2023-03-22 14:49:00,027 INFO o.a.j.r.Summariser: summary +    922 in 00:00:30 =   30.7/s Avg:  3140 Min:  2844 Max:  3729 Err:     0 (0.00%) Active: 96 Started: 96 Finished: 0
2023-03-22 14:49:00,028 INFO o.a.j.r.Summariser: summary =   3534 in 00:01:56 =   30.6/s Avg:  2966 Min:    88 Max:  4923 Err:     0 (0.00%)
2023-03-22 14:49:30,029 INFO o.a.j.r.Summariser: summary +    921 in 00:00:30 =   30.7/s Avg:  3109 Min:  2676 Max:  3671 Err:     0 (0.00%) Active: 96 Started: 96 Finished: 0
2023-03-22 14:49:30,029 INFO o.a.j.r.Summariser: summary =   4455 in 00:02:26 =   30.6/s Avg:  2995 Min:    88 Max:  4923 Err:     0 (0.00%)
2023-03-22 14:50:00,032 INFO o.a.j.r.Summariser: summary +    911 in 00:00:30 =   30.4/s Avg:  3155 Min:  2736 Max:  3792 Err:     0 (0.00%) Active: 96 Started: 96 Finished: 0
2023-03-22 14:50:00,032 INFO o.a.j.r.Summariser: summary =   5366 in 00:02:56 =   30.6/s Avg:  3022 Min:    88 Max:  4923 Err:     0 (0.00%)
2023-03-22 14:50:30,021 INFO o.a.j.r.Summariser: summary +    914 in 00:00:30 =   30.5/s Avg:  3146 Min:  2829 Max:  4443 Err:     0 (0.00%) Active: 96 Started: 96 Finished: 0
2023-03-22 14:50:30,022 INFO o.a.j.r.Summariser: summary =   6280 in 00:03:26 =   30.5/s Avg:  3040 Min:    88 Max:  4923 Err:     0 (0.00%)
2023-03-22 14:51:00,090 INFO o.a.j.r.Summariser: summary +    930 in 00:00:30 =   30.9/s Avg:  3127 Min:  2777 Max:  3687 Err:     0 (0.00%) Active: 96 Started: 96 Finished: 0
2023-03-22 14:51:00,090 INFO o.a.j.r.Summariser: summary =   7210 in 00:03:56 =   30.6/s Avg:  3052 Min:    88 Max:  4923 Err:     0 (0.00%)
2023-03-22 14:51:30,015 INFO o.a.j.r.Summariser: summary +    912 in 00:00:30 =   30.5/s Avg:  3137 Min:  2693 Max:  3846 Err:     0 (0.00%) Active: 96 Started: 96 Finished: 0
2023-03-22 14:51:30,015 INFO o.a.j.r.Summariser: summary =   8122 in 00:04:26 =   30.6/s Avg:  3061 Min:    88 Max:  4923 Err:     0 (0.00%)
2023-03-22 14:52:00,018 INFO o.a.j.r.Summariser: summary +    918 in 00:00:30 =   30.6/s Avg:  3145 Min:  2860 Max:  3740 Err:     0 (0.00%) Active: 96 Started: 96 Finished: 0
2023-03-22 14:52:00,018 INFO o.a.j.r.Summariser: summary =   9040 in 00:04:56 =   30.6/s Avg:  3070 Min:    88 Max:  4923 Err:     0 (0.00%)
2023-03-22 14:52:30,053 INFO o.a.j.r.Summariser: summary +    907 in 00:00:30 =   30.2/s Avg:  3171 Min:  2709 Max:  4219 Err:     0 (0.00%) Active: 96 Started: 96 Finished: 0
2023-03-22 14:52:30,054 INFO o.a.j.r.Summariser: summary =   9947 in 00:05:26 =   30.5/s Avg:  3079 Min:    88 Max:  4923 Err:     0 (0.00%)
2023-03-22 14:53:00,067 INFO o.a.j.r.Summariser: summary +    914 in 00:00:30 =   30.5/s Avg:  3163 Min:  2727 Max:  3912 Err:     0 (0.00%) Active: 96 Started: 96 Finished: 0
2023-03-22 14:53:00,067 INFO o.a.j.r.Summariser: summary =  10861 in 00:05:56 =   30.5/s Avg:  3086 Min:    88 Max:  4923 Err:     0 (0.00%)
2023-03-22 14:53:30,008 INFO o.a.j.r.Summariser: summary +    891 in 00:00:30 =   29.8/s Avg:  3183 Min:  2745 Max:  3853 Err:     0 (0.00%) Active: 96 Started: 96 Finished: 0
2023-03-22 14:53:30,008 INFO o.a.j.r.Summariser: summary =  11752 in 00:06:26 =   30.5/s Avg:  3093 Min:    88 Max:  4923 Err:     0 (0.00%)
2023-03-22 14:54:00,012 INFO o.a.j.r.Summariser: summary +    907 in 00:00:30 =   30.2/s Avg:  3189 Min:  2859 Max:  3857 Err:     0 (0.00%) Active: 96 Started: 96 Finished: 0
2023-03-22 14:54:00,013 INFO o.a.j.r.Summariser: summary =  12659 in 00:06:56 =   30.5/s Avg:  3100 Min:    88 Max:  4923 Err:     0 (0.00%)
2023-03-22 14:54:30,004 INFO o.a.j.r.Summariser: summary +    909 in 00:00:30 =   30.3/s Avg:  3130 Min:  1922 Max:  5646 Err:     0 (0.00%) Active: 96 Started: 96 Finished: 0
2023-03-22 14:54:30,004 INFO o.a.j.r.Summariser: summary =  13568 in 00:07:26 =   30.5/s Avg:  3102 Min:    88 Max:  5646 Err:     0 (0.00%)
2023-03-22 14:55:00,075 INFO o.a.j.r.Summariser: summary +    908 in 00:00:30 =   30.2/s Avg:  3224 Min:  2225 Max:  5789 Err:     0 (0.00%) Active: 96 Started: 96 Finished: 0
2023-03-22 14:55:00,075 INFO o.a.j.r.Summariser: summary =  14476 in 00:07:56 =   30.4/s Avg:  3110 Min:    88 Max:  5789 Err:     0 (0.00%)
2023-03-22 14:55:30,029 INFO o.a.j.r.Summariser: summary +    979 in 00:00:30 =   32.7/s Avg:  3008 Min:   103 Max:  3888 Err:     0 (0.00%) Active: 96 Started: 96 Finished: 0
2023-03-22 14:55:30,029 INFO o.a.j.r.Summariser: summary =  15455 in 00:08:26 =   30.6/s Avg:  3103 Min:    88 Max:  5789 Err:     0 (0.00%)
2023-03-22 14:56:00,016 INFO o.a.j.r.Summariser: summary +   1612 in 00:00:30 =   53.8/s Avg:  1742 Min:    34 Max:  5006 Err:     0 (0.00%) Active: 96 Started: 96 Finished: 0
2023-03-22 14:56:00,016 INFO o.a.j.r.Summariser: summary =  17067 in 00:08:56 =   31.9/s Avg:  2975 Min:    34 Max:  5789 Err:     0 (0.00%)
2023-03-22 14:56:30,009 INFO o.a.j.r.Summariser: summary +   1490 in 00:00:30 =   49.7/s Avg:  1921 Min:    34 Max:  4456 Err:     0 (0.00%) Active: 96 Started: 96 Finished: 0
2023-03-22 14:56:30,009 INFO o.a.j.r.Summariser: summary =  18557 in 00:09:26 =   32.8/s Avg:  2890 Min:    34 Max:  5789 Err:     0 (0.00%)
2023-03-22 14:57:00,000 INFO o.a.j.r.Summariser: summary +   1497 in 00:00:30 =   49.9/s Avg:  1919 Min:    31 Max:  4831 Err:     0 (0.00%) Active: 96 Started: 96 Finished: 0
2023-03-22 14:57:00,001 INFO o.a.j.r.Summariser: summary =  20054 in 00:09:56 =   33.7/s Avg:  2818 Min:    31 Max:  5789 Err:     0 (0.00%)
2023-03-22 14:57:30,001 INFO o.a.j.r.Summariser: summary +   1457 in 00:00:30 =   48.6/s Avg:  1982 Min:    31 Max:  4771 Err:     0 (0.00%) Active: 96 Started: 96 Finished: 0
2023-03-22 14:57:30,001 INFO o.a.j.r.Summariser: summary =  21511 in 00:10:26 =   34.4/s Avg:  2761 Min:    31 Max:  5789 Err:     0 (0.00%)
2023-03-22 14:58:00,009 INFO o.a.j.r.Summariser: summary +   1503 in 00:00:30 =   50.1/s Avg:  1901 Min:    33 Max:  4420 Err:     0 (0.00%) Active: 96 Started: 96 Finished: 0
2023-03-22 14:58:00,009 INFO o.a.j.r.Summariser: summary =  23014 in 00:10:56 =   35.1/s Avg:  2705 Min:    31 Max:  5789 Err:     0 (0.00%)
2023-03-22 14:58:30,017 INFO o.a.j.r.Summariser: summary +   1513 in 00:00:30 =   50.4/s Avg:  1913 Min:    31 Max:  4435 Err:     0 (0.00%) Active: 96 Started: 96 Finished: 0
2023-03-22 14:58:30,017 INFO o.a.j.r.Summariser: summary =  24527 in 00:11:26 =   35.8/s Avg:  2656 Min:    31 Max:  5789 Err:     0 (0.00%)
2023-03-22 14:59:00,011 INFO o.a.j.r.Summariser: summary +   1509 in 00:00:30 =   50.3/s Avg:  1910 Min:    31 Max:  4308 Err:     0 (0.00%) Active: 96 Started: 96 Finished: 0
2023-03-22 14:59:00,011 INFO o.a.j.r.Summariser: summary =  26036 in 00:11:56 =   36.4/s Avg:  2613 Min:    31 Max:  5789 Err:     0 (0.00%)
2023-03-22 14:59:30,008 INFO o.a.j.r.Summariser: summary +   1544 in 00:00:30 =   51.5/s Avg:  1875 Min:    30 Max:  4136 Err:     0 (0.00%) Active: 96 Started: 96 Finished: 0
2023-03-22 14:59:30,008 INFO o.a.j.r.Summariser: summary =  27580 in 00:12:26 =   37.0/s Avg:  2572 Min:    30 Max:  5789 Err:     0 (0.00%)
2023-03-22 15:00:00,032 INFO o.a.j.r.Summariser: summary +   1494 in 00:00:30 =   49.8/s Avg:  1906 Min:    32 Max:  6721 Err:     0 (0.00%) Active: 96 Started: 96 Finished: 0
2023-03-22 15:00:00,033 INFO o.a.j.r.Summariser: summary =  29074 in 00:12:56 =   37.5/s Avg:  2537 Min:    30 Max:  6721 Err:     0 (0.00%)
2023-03-22 15:00:30,033 INFO o.a.j.r.Summariser: summary +   1498 in 00:00:30 =   49.9/s Avg:  1932 Min:    31 Max:  4374 Err:     0 (0.00%) Active: 96 Started: 96 Finished: 0
2023-03-22 15:00:30,034 INFO o.a.j.r.Summariser: summary =  30572 in 00:13:26 =   37.9/s Avg:  2508 Min:    30 Max:  6721 Err:     0 (0.00%)
2023-03-22 15:01:00,011 INFO o.a.j.r.Summariser: summary +   1648 in 00:00:30 =   55.0/s Avg:  1776 Min:    31 Max:  4583 Err:     0 (0.00%) Active: 96 Started: 96 Finished: 0
2023-03-22 15:01:00,011 INFO o.a.j.r.Summariser: summary =  32220 in 00:13:56 =   38.6/s Avg:  2470 Min:    30 Max:  6721 Err:     0 (0.00%)
2023-03-22 15:01:30,021 INFO o.a.j.r.Summariser: summary +   2938 in 00:00:30 =   97.9/s Avg:   971 Min:    29 Max:  4293 Err:     0 (0.00%) Active: 96 Started: 96 Finished: 0
2023-03-22 15:01:30,021 INFO o.a.j.r.Summariser: summary =  35158 in 00:14:26 =   40.6/s Avg:  2345 Min:    29 Max:  6721 Err:     0 (0.00%)
2023-03-22 15:02:00,017 INFO o.a.j.r.Summariser: summary +   3252 in 00:00:30 =  108.4/s Avg:   887 Min:    29 Max:  3743 Err:     0 (0.00%) Active: 96 Started: 96 Finished: 0
2023-03-22 15:02:00,018 INFO o.a.j.r.Summariser: summary =  38410 in 00:14:56 =   42.9/s Avg:  2222 Min:    29 Max:  6721 Err:     0 (0.00%)
2023-03-22 15:02:30,006 INFO o.a.j.r.Summariser: summary +   3304 in 00:00:30 =  110.2/s Avg:   883 Min:    30 Max:  3598 Err:     0 (0.00%) Active: 96 Started: 96 Finished: 0
2023-03-22 15:02:30,007 INFO o.a.j.r.Summariser: summary =  41714 in 00:15:26 =   45.1/s Avg:  2116 Min:    29 Max:  6721 Err:     0 (0.00%)
2023-03-22 15:03:00,000 INFO o.a.j.r.Summariser: summary +   3283 in 00:00:30 =  109.5/s Avg:   865 Min:    30 Max:  3822 Err:     0 (0.00%) Active: 96 Started: 96 Finished: 0
2023-03-22 15:03:00,000 INFO o.a.j.r.Summariser: summary =  44997 in 00:15:56 =   47.1/s Avg:  2024 Min:    29 Max:  6721 Err:     0 (0.00%)
2023-03-22 15:03:30,019 INFO o.a.j.r.Summariser: summary +   3374 in 00:00:30 =  112.4/s Avg:   856 Min:    30 Max:  3638 Err:     0 (0.00%) Active: 96 Started: 96 Finished: 0
2023-03-22 15:03:30,019 INFO o.a.j.r.Summariser: summary =  48371 in 00:16:26 =   49.1/s Avg:  1943 Min:    29 Max:  6721 Err:     0 (0.00%)
2023-03-22 15:04:00,009 INFO o.a.j.r.Summariser: summary +   3257 in 00:00:30 =  108.6/s Avg:   881 Min:    29 Max:  3945 Err:     0 (0.00%) Active: 96 Started: 96 Finished: 0
2023-03-22 15:04:00,010 INFO o.a.j.r.Summariser: summary =  51628 in 00:16:56 =   50.8/s Avg:  1876 Min:    29 Max:  6721 Err:     0 (0.00%)
2023-03-22 15:04:30,007 INFO o.a.j.r.Summariser: summary +   3272 in 00:00:30 =  109.1/s Avg:   881 Min:    30 Max:  3757 Err:     0 (0.00%) Active: 96 Started: 96 Finished: 0
2023-03-22 15:04:30,007 INFO o.a.j.r.Summariser: summary =  54900 in 00:17:26 =   52.5/s Avg:  1816 Min:    29 Max:  6721 Err:     0 (0.00%)
2023-03-22 15:05:00,001 INFO o.a.j.r.Summariser: summary +   3322 in 00:00:30 =  110.8/s Avg:   867 Min:    30 Max:  4428 Err:     0 (0.00%) Active: 96 Started: 96 Finished: 0
2023-03-22 15:05:00,002 INFO o.a.j.r.Summariser: summary =  58222 in 00:17:56 =   54.1/s Avg:  1762 Min:    29 Max:  6721 Err:     0 (0.00%)
2023-03-22 15:05:30,001 INFO o.a.j.r.Summariser: summary +   3112 in 00:00:30 =  103.7/s Avg:   917 Min:    29 Max:  3989 Err:     0 (0.00%) Active: 96 Started: 96 Finished: 0
2023-03-22 15:05:30,002 INFO o.a.j.r.Summariser: summary =  61334 in 00:18:26 =   55.5/s Avg:  1719 Min:    29 Max:  6721 Err:     0 (0.00%)
2023-03-22 15:06:00,005 INFO o.a.j.r.Summariser: summary +   3131 in 00:00:30 =  104.4/s Avg:   921 Min:    29 Max:  4034 Err:     0 (0.00%) Active: 96 Started: 96 Finished: 0
2023-03-22 15:06:00,005 INFO o.a.j.r.Summariser: summary =  64465 in 00:18:56 =   56.8/s Avg:  1681 Min:    29 Max:  6721 Err:     0 (0.00%)
2023-03-22 15:06:30,007 INFO o.a.j.r.Summariser: summary +   3271 in 00:00:30 =  109.0/s Avg:   891 Min:    28 Max:  3667 Err:     0 (0.00%) Active: 96 Started: 96 Finished: 0
2023-03-22 15:06:30,008 INFO o.a.j.r.Summariser: summary =  67736 in 00:19:26 =   58.1/s Avg:  1643 Min:    28 Max:  6721 Err:     0 (0.00%)
2023-03-22 15:07:00,006 INFO o.a.j.r.Summariser: summary +   3720 in 00:00:30 =  124.0/s Avg:   776 Min:    30 Max:  4493 Err:     0 (0.00%) Active: 96 Started: 96 Finished: 0
2023-03-22 15:07:00,007 INFO o.a.j.r.Summariser: summary =  71456 in 00:19:56 =   59.8/s Avg:  1597 Min:    28 Max:  6721 Err:     0 (0.00%)
2023-03-22 15:07:30,013 INFO o.a.j.r.Summariser: summary +   3942 in 00:00:30 =  131.4/s Avg:   731 Min:    30 Max:  3698 Err:     0 (0.00%) Active: 96 Started: 96 Finished: 0
2023-03-22 15:07:30,013 INFO o.a.j.r.Summariser: summary =  75398 in 00:20:26 =   61.5/s Avg:  1552 Min:    28 Max:  6721 Err:     0 (0.00%)
2023-03-22 15:08:00,004 INFO o.a.j.r.Summariser: summary +   4011 in 00:00:30 =  133.7/s Avg:   712 Min:    30 Max:  3597 Err:     0 (0.00%) Active: 96 Started: 96 Finished: 0
2023-03-22 15:08:00,004 INFO o.a.j.r.Summariser: summary =  79409 in 00:20:56 =   63.2/s Avg:  1510 Min:    28 Max:  6721 Err:     0 (0.00%)
2023-03-22 15:08:30,001 INFO o.a.j.r.Summariser: summary +   3953 in 00:00:30 =  131.8/s Avg:   725 Min:    30 Max:  3925 Err:     0 (0.00%) Active: 96 Started: 96 Finished: 0
2023-03-22 15:08:30,001 INFO o.a.j.r.Summariser: summary =  83362 in 00:21:26 =   64.8/s Avg:  1472 Min:    28 Max:  6721 Err:     0 (0.00%)
2023-03-22 15:09:00,000 INFO o.a.j.r.Summariser: summary +   4106 in 00:00:30 =  136.9/s Avg:   711 Min:    30 Max:  5956 Err:     0 (0.00%) Active: 96 Started: 96 Finished: 0
2023-03-22 15:09:00,000 INFO o.a.j.r.Summariser: summary =  87468 in 00:21:56 =   66.5/s Avg:  1437 Min:    28 Max:  6721 Err:     0 (0.00%)
2023-03-22 15:09:30,001 INFO o.a.j.r.Summariser: summary +   5121 in 00:00:30 =  170.7/s Avg:   570 Min:    29 Max:  4043 Err:     0 (0.00%) Active: 96 Started: 96 Finished: 0
2023-03-22 15:09:30,001 INFO o.a.j.r.Summariser: summary =  92589 in 00:22:26 =   68.8/s Avg:  1389 Min:    28 Max:  6721 Err:     0 (0.00%)
2023-03-22 15:10:00,007 INFO o.a.j.r.Summariser: summary +   5927 in 00:00:30 =  197.5/s Avg:   478 Min:    29 Max:  3375 Err:     0 (0.00%) Active: 96 Started: 96 Finished: 0
2023-03-22 15:10:00,007 INFO o.a.j.r.Summariser: summary =  98516 in 00:22:56 =   71.6/s Avg:  1334 Min:    28 Max:  6721 Err:     0 (0.00%)
2023-03-22 15:10:30,000 INFO o.a.j.r.Summariser: summary +   5577 in 00:00:30 =  185.9/s Avg:   506 Min:    30 Max:  3552 Err:     0 (0.00%) Active: 96 Started: 96 Finished: 0
2023-03-22 15:10:30,000 INFO o.a.j.r.Summariser: summary = 104093 in 00:23:26 =   74.1/s Avg:  1290 Min:    28 Max:  6721 Err:     0 (0.00%)
2023-03-22 15:11:00,003 INFO o.a.j.r.Summariser: summary +   5657 in 00:00:30 =  188.5/s Avg:   507 Min:    29 Max:  4574 Err:     0 (0.00%) Active: 96 Started: 96 Finished: 0
2023-03-22 15:11:00,003 INFO o.a.j.r.Summariser: summary = 109750 in 00:23:56 =   76.5/s Avg:  1249 Min:    28 Max:  6721 Err:     0 (0.00%)
2023-03-22 15:11:30,003 INFO o.a.j.r.Summariser: summary +   5830 in 00:00:30 =  194.3/s Avg:   502 Min:    30 Max: 81170 Err:     0 (0.00%) Active: 96 Started: 96 Finished: 0
2023-03-22 15:11:30,003 INFO o.a.j.r.Summariser: summary = 115580 in 00:24:26 =   78.9/s Avg:  1212 Min:    28 Max: 81170 Err:     0 (0.00%)
2023-03-22 15:12:00,004 INFO o.a.j.r.Summariser: summary +   5591 in 00:00:30 =  186.4/s Avg:   519 Min:    29 Max:  3548 Err:     0 (0.00%) Active: 96 Started: 96 Finished: 0
2023-03-22 15:12:00,004 INFO o.a.j.r.Summariser: summary = 121171 in 00:24:56 =   81.0/s Avg:  1180 Min:    28 Max: 81170 Err:     0 (0.00%)
2023-03-22 15:12:30,001 INFO o.a.j.r.Summariser: summary +   5653 in 00:00:30 =  188.4/s Avg:   505 Min:    29 Max:  3568 Err:     0 (0.00%) Active: 96 Started: 96 Finished: 0
2023-03-22 15:12:30,001 INFO o.a.j.r.Summariser: summary = 126824 in 00:25:26 =   83.1/s Avg:  1150 Min:    28 Max: 81170 Err:     0 (0.00%)
2023-03-22 15:13:00,002 INFO o.a.j.r.Summariser: summary +   8497 in 00:00:30 =  283.2/s Avg:   343 Min:    29 Max:  3535 Err:     0 (0.00%) Active: 96 Started: 96 Finished: 0
2023-03-22 15:13:00,003 INFO o.a.j.r.Summariser: summary = 135321 in 00:25:56 =   87.0/s Avg:  1099 Min:    28 Max: 81170 Err:     0 (0.00%)
2023-03-22 15:13:30,001 INFO o.a.j.r.Summariser: summary +   8259 in 00:00:30 =  275.3/s Avg:   345 Min:    30 Max:  2921 Err:     0 (0.00%) Active: 96 Started: 96 Finished: 0
2023-03-22 15:13:30,001 INFO o.a.j.r.Summariser: summary = 143580 in 00:26:26 =   90.6/s Avg:  1056 Min:    28 Max: 81170 Err:     0 (0.00%)
2023-03-22 15:14:00,001 INFO o.a.j.r.Summariser: summary +   8488 in 00:00:30 =  282.9/s Avg:   330 Min:    29 Max:  3237 Err:     0 (0.00%) Active: 96 Started: 96 Finished: 0
2023-03-22 15:14:00,001 INFO o.a.j.r.Summariser: summary = 152068 in 00:26:56 =   94.1/s Avg:  1015 Min:    28 Max: 81170 Err:     0 (0.00%)
2023-03-22 15:14:30,002 INFO o.a.j.r.Summariser: summary +   8150 in 00:00:30 =  271.7/s Avg:   355 Min:    29 Max:  3395 Err:     0 (0.00%) Active: 96 Started: 96 Finished: 0
2023-03-22 15:14:30,002 INFO o.a.j.r.Summariser: summary = 160218 in 00:27:26 =   97.4/s Avg:   982 Min:    28 Max: 81170 Err:     0 (0.00%)
2023-03-22 15:15:00,005 INFO o.a.j.r.Summariser: summary +   8382 in 00:00:30 =  279.4/s Avg:   352 Min:    29 Max: 90001 Err:     1 (0.01%) Active: 96 Started: 96 Finished: 0
2023-03-22 15:15:00,005 INFO o.a.j.r.Summariser: summary = 168600 in 00:27:56 =  100.6/s Avg:   950 Min:    28 Max: 90001 Err:     1 (0.00%)
2023-03-22 15:15:30,000 INFO o.a.j.r.Summariser: summary +   8448 in 00:00:30 =  281.6/s Avg:   342 Min:    29 Max:  3729 Err:     0 (0.00%) Active: 96 Started: 96 Finished: 0
2023-03-22 15:15:30,000 INFO o.a.j.r.Summariser: summary = 177048 in 00:28:26 =  103.8/s Avg:   921 Min:    28 Max: 90001 Err:     1 (0.00%)
2023-03-22 15:16:00,005 INFO o.a.j.r.Summariser: summary +   9243 in 00:00:30 =  308.0/s Avg:   310 Min:    29 Max:  3773 Err:     0 (0.00%) Active: 96 Started: 96 Finished: 0
2023-03-22 15:16:00,005 INFO o.a.j.r.Summariser: summary = 186291 in 00:28:56 =  107.3/s Avg:   891 Min:    28 Max: 90001 Err:     1 (0.00%)
2023-03-22 15:16:30,007 INFO o.a.j.r.Summariser: summary +   9099 in 00:00:30 =  303.3/s Avg:   315 Min:    29 Max:  2898 Err:     0 (0.00%) Active: 96 Started: 96 Finished: 0
2023-03-22 15:16:30,008 INFO o.a.j.r.Summariser: summary = 195390 in 00:29:26 =  110.7/s Avg:   864 Min:    28 Max: 90001 Err:     1 (0.00%)
2023-03-22 15:17:00,004 INFO o.a.j.r.Summariser: summary +   9140 in 00:00:30 =  304.7/s Avg:   313 Min:    29 Max:  2872 Err:     0 (0.00%) Active: 96 Started: 96 Finished: 0
2023-03-22 15:17:00,004 INFO o.a.j.r.Summariser: summary = 204530 in 00:29:56 =  113.9/s Avg:   839 Min:    28 Max: 90001 Err:     1 (0.00%)
2023-03-22 15:17:04,521 INFO o.a.j.t.JMeterThread: Stopping because end time detected by thread: Gridded Thread Group 1-11
2023-03-22 15:17:04,522 INFO o.a.j.t.JMeterThread: Thread finished: Gridded Thread Group 1-11
2023-03-22 15:17:04,525 INFO o.a.j.t.JMeterThread: Stopping because end time detected by thread: Gridded Thread Group 1-21
2023-03-22 15:17:04,525 INFO o.a.j.t.JMeterThread: Thread finished: Gridded Thread Group 1-21
2023-03-22 15:17:04,528 INFO o.a.j.t.JMeterThread: Stopping because end time detected by thread: Gridded Thread Group 1-63
2023-03-22 15:17:04,528 INFO o.a.j.t.JMeterThread: Thread finished: Gridded Thread Group 1-63
2023-03-22 15:17:04,532 INFO o.a.j.t.JMeterThread: Stopping because end time detected by thread: Gridded Thread Group 1-75
2023-03-22 15:17:04,532 INFO o.a.j.t.JMeterThread: Thread finished: Gridded Thread Group 1-75
2023-03-22 15:17:04,532 INFO o.a.j.t.JMeterThread: Stopping because end time detected by thread: OPMET Thread Group 2-9
2023-03-22 15:17:04,532 INFO o.a.j.t.JMeterThread: Thread finished: OPMET Thread Group 2-9
2023-03-22 15:17:04,537 INFO o.a.j.t.JMeterThread: Stopping because end time detected by thread: Gridded Thread Group 1-61
2023-03-22 15:17:04,537 INFO o.a.j.t.JMeterThread: Thread finished: Gridded Thread Group 1-61
2023-03-22 15:17:04,543 INFO o.a.j.t.JMeterThread: Stopping because end time detected by thread: Gridded Thread Group 1-77
2023-03-22 15:17:04,543 INFO o.a.j.t.JMeterThread: Thread finished: Gridded Thread Group 1-77
2023-03-22 15:17:04,544 INFO o.a.j.t.JMeterThread: Stopping because end time detected by thread: Gridded Thread Group 1-26
2023-03-22 15:17:04,545 INFO o.a.j.t.JMeterThread: Thread finished: Gridded Thread Group 1-26
2023-03-22 15:17:04,549 INFO o.a.j.t.JMeterThread: Stopping because end time detected by thread: Gridded Thread Group 1-54
2023-03-22 15:17:04,549 INFO o.a.j.t.JMeterThread: Thread finished: Gridded Thread Group 1-54
2023-03-22 15:17:04,549 INFO o.a.j.t.JMeterThread: Stopping because end time detected by thread: Gridded Thread Group 1-70
2023-03-22 15:17:04,549 INFO o.a.j.t.JMeterThread: Thread finished: Gridded Thread Group 1-70
2023-03-22 15:17:04,556 INFO o.a.j.t.JMeterThread: Stopping because end time detected by thread: Gridded Thread Group 1-71
2023-03-22 15:17:04,556 INFO o.a.j.t.JMeterThread: Thread finished: Gridded Thread Group 1-71
2023-03-22 15:17:04,558 INFO o.a.j.t.JMeterThread: Stopping because end time detected by thread: Gridded Thread Group 1-64
2023-03-22 15:17:04,558 INFO o.a.j.t.JMeterThread: Thread finished: Gridded Thread Group 1-64
2023-03-22 15:17:04,560 INFO o.a.j.t.JMeterThread: Stopping because end time detected by thread: Gridded Thread Group 1-20
2023-03-22 15:17:04,560 INFO o.a.j.t.JMeterThread: Thread finished: Gridded Thread Group 1-20
2023-03-22 15:17:04,562 INFO o.a.j.t.JMeterThread: Stopping because end time detected by thread: OPMET Thread Group 2-11
2023-03-22 15:17:04,562 INFO o.a.j.t.JMeterThread: Thread finished: OPMET Thread Group 2-11
2023-03-22 15:17:04,569 INFO o.a.j.t.JMeterThread: Stopping because end time detected by thread: Gridded Thread Group 1-13
2023-03-22 15:17:04,569 INFO o.a.j.t.JMeterThread: Thread finished: Gridded Thread Group 1-13
2023-03-22 15:17:04,571 INFO o.a.j.t.JMeterThread: Stopping because end time detected by thread: Gridded Thread Group 1-33
2023-03-22 15:17:04,571 INFO o.a.j.t.JMeterThread: Thread finished: Gridded Thread Group 1-33
2023-03-22 15:17:04,572 INFO o.a.j.t.JMeterThread: Stopping because end time detected by thread: Gridded Thread Group 1-25
2023-03-22 15:17:04,572 INFO o.a.j.t.JMeterThread: Thread finished: Gridded Thread Group 1-25
2023-03-22 15:17:04,572 INFO o.a.j.t.JMeterThread: Stopping because end time detected by thread: OPMET Thread Group 2-5
2023-03-22 15:17:04,572 INFO o.a.j.t.JMeterThread: Thread finished: OPMET Thread Group 2-5
2023-03-22 15:17:04,573 INFO o.a.j.t.JMeterThread: Stopping because end time detected by thread: Gridded Thread Group 1-49
2023-03-22 15:17:04,573 INFO o.a.j.t.JMeterThread: Thread finished: Gridded Thread Group 1-49
2023-03-22 15:17:04,573 INFO o.a.j.t.JMeterThread: Stopping because end time detected by thread: Gridded Thread Group 1-27
2023-03-22 15:17:04,573 INFO o.a.j.t.JMeterThread: Thread finished: Gridded Thread Group 1-27
2023-03-22 15:17:04,575 INFO o.a.j.t.JMeterThread: Stopping because end time detected by thread: Gridded Thread Group 1-81
2023-03-22 15:17:04,575 INFO o.a.j.t.JMeterThread: Thread finished: Gridded Thread Group 1-81
2023-03-22 15:17:04,577 INFO o.a.j.t.JMeterThread: Stopping because end time detected by thread: Gridded Thread Group 1-73
2023-03-22 15:17:04,577 INFO o.a.j.t.JMeterThread: Thread finished: Gridded Thread Group 1-73
2023-03-22 15:17:04,577 INFO o.a.j.t.JMeterThread: Stopping because end time detected by thread: Gridded Thread Group 1-8
2023-03-22 15:17:04,577 INFO o.a.j.t.JMeterThread: Thread finished: Gridded Thread Group 1-8
2023-03-22 15:17:04,580 INFO o.a.j.t.JMeterThread: Stopping because end time detected by thread: Gridded Thread Group 1-29
2023-03-22 15:17:04,580 INFO o.a.j.t.JMeterThread: Thread finished: Gridded Thread Group 1-29
2023-03-22 15:17:04,581 INFO o.a.j.t.JMeterThread: Stopping because end time detected by thread: Gridded Thread Group 1-46
2023-03-22 15:17:04,581 INFO o.a.j.t.JMeterThread: Thread finished: Gridded Thread Group 1-46
2023-03-22 15:17:04,582 INFO o.a.j.t.JMeterThread: Stopping because end time detected by thread: Gridded Thread Group 1-65
2023-03-22 15:17:04,582 INFO o.a.j.t.JMeterThread: Thread finished: Gridded Thread Group 1-65
2023-03-22 15:17:04,587 INFO o.a.j.t.JMeterThread: Stopping because end time detected by thread: Gridded Thread Group 1-55
2023-03-22 15:17:04,587 INFO o.a.j.t.JMeterThread: Thread finished: Gridded Thread Group 1-55
2023-03-22 15:17:04,594 INFO o.a.j.t.JMeterThread: Stopping because end time detected by thread: Gridded Thread Group 1-4
2023-03-22 15:17:04,595 INFO o.a.j.t.JMeterThread: Thread finished: Gridded Thread Group 1-4
2023-03-22 15:17:04,619 INFO o.a.j.t.JMeterThread: Stopping because end time detected by thread: Gridded Thread Group 1-67
2023-03-22 15:17:04,619 INFO o.a.j.t.JMeterThread: Thread finished: Gridded Thread Group 1-67
2023-03-22 15:17:04,621 INFO o.a.j.t.JMeterThread: Stopping because end time detected by thread: Gridded Thread Group 1-66
2023-03-22 15:17:04,622 INFO o.a.j.t.JMeterThread: Thread finished: Gridded Thread Group 1-66
2023-03-22 15:17:04,625 INFO o.a.j.t.JMeterThread: Stopping because end time detected by thread: Gridded Thread Group 1-72
2023-03-22 15:17:04,625 INFO o.a.j.t.JMeterThread: Thread finished: Gridded Thread Group 1-72
2023-03-22 15:17:04,644 INFO o.a.j.t.JMeterThread: Stopping because end time detected by thread: Gridded Thread Group 1-19
2023-03-22 15:17:04,644 INFO o.a.j.t.JMeterThread: Thread finished: Gridded Thread Group 1-19
2023-03-22 15:17:04,656 INFO o.a.j.t.JMeterThread: Stopping because end time detected by thread: Gridded Thread Group 1-5
2023-03-22 15:17:04,656 INFO o.a.j.t.JMeterThread: Thread finished: Gridded Thread Group 1-5
2023-03-22 15:17:04,673 INFO o.a.j.t.JMeterThread: Stopping because end time detected by thread: OPMET Thread Group 2-12
2023-03-22 15:17:04,673 INFO o.a.j.t.JMeterThread: Thread finished: OPMET Thread Group 2-12
2023-03-22 15:17:04,724 INFO o.a.j.t.JMeterThread: Stopping because end time detected by thread: OPMET Thread Group 2-6
2023-03-22 15:17:04,724 INFO o.a.j.t.JMeterThread: Thread finished: OPMET Thread Group 2-6
2023-03-22 15:17:04,737 INFO o.a.j.t.JMeterThread: Stopping because end time detected by thread: Gridded Thread Group 1-28
2023-03-22 15:17:04,737 INFO o.a.j.t.JMeterThread: Thread finished: Gridded Thread Group 1-28
2023-03-22 15:17:04,755 INFO o.a.j.t.JMeterThread: Stopping because end time detected by thread: Gridded Thread Group 1-74
2023-03-22 15:17:04,755 INFO o.a.j.t.JMeterThread: Thread finished: Gridded Thread Group 1-74
2023-03-22 15:17:04,755 INFO o.a.j.t.JMeterThread: Stopping because end time detected by thread: Gridded Thread Group 1-24
2023-03-22 15:17:04,755 INFO o.a.j.t.JMeterThread: Thread finished: Gridded Thread Group 1-24
2023-03-22 15:17:04,835 INFO o.a.j.t.JMeterThread: Stopping because end time detected by thread: Gridded Thread Group 1-42
2023-03-22 15:17:04,835 INFO o.a.j.t.JMeterThread: Thread finished: Gridded Thread Group 1-42
2023-03-22 15:17:04,838 INFO o.a.j.t.JMeterThread: Stopping because end time detected by thread: Gridded Thread Group 1-56
2023-03-22 15:17:04,838 INFO o.a.j.t.JMeterThread: Thread finished: Gridded Thread Group 1-56
2023-03-22 15:17:04,854 INFO o.a.j.t.JMeterThread: Stopping because end time detected by thread: OPMET Thread Group 2-13
2023-03-22 15:17:04,854 INFO o.a.j.t.JMeterThread: Thread finished: OPMET Thread Group 2-13
2023-03-22 15:17:04,923 INFO o.a.j.t.JMeterThread: Stopping because end time detected by thread: Gridded Thread Group 1-48
2023-03-22 15:17:04,924 INFO o.a.j.t.JMeterThread: Thread finished: Gridded Thread Group 1-48
2023-03-22 15:17:04,947 INFO o.a.j.t.JMeterThread: Stopping because end time detected by thread: Gridded Thread Group 1-23
2023-03-22 15:17:04,947 INFO o.a.j.t.JMeterThread: Thread finished: Gridded Thread Group 1-23
2023-03-22 15:17:05,007 INFO o.a.j.t.JMeterThread: Stopping because end time detected by thread: Gridded Thread Group 1-47
2023-03-22 15:17:05,007 INFO o.a.j.t.JMeterThread: Thread finished: Gridded Thread Group 1-47
2023-03-22 15:17:05,023 INFO o.a.j.t.JMeterThread: Stopping because end time detected by thread: Gridded Thread Group 1-45
2023-03-22 15:17:05,023 INFO o.a.j.t.JMeterThread: Thread finished: Gridded Thread Group 1-45
2023-03-22 15:17:05,049 INFO o.a.j.t.JMeterThread: Stopping because end time detected by thread: Gridded Thread Group 1-7
2023-03-22 15:17:05,049 INFO o.a.j.t.JMeterThread: Thread finished: Gridded Thread Group 1-7
2023-03-22 15:17:05,113 INFO o.a.j.t.JMeterThread: Stopping because end time detected by thread: OPMET Thread Group 2-10
2023-03-22 15:17:05,113 INFO o.a.j.t.JMeterThread: Thread finished: OPMET Thread Group 2-10
2023-03-22 15:17:05,148 INFO o.a.j.t.JMeterThread: Stopping because end time detected by thread: Gridded Thread Group 1-35
2023-03-22 15:17:05,148 INFO o.a.j.t.JMeterThread: Thread finished: Gridded Thread Group 1-35
2023-03-22 15:17:05,157 INFO o.a.j.t.JMeterThread: Stopping because end time detected by thread: Gridded Thread Group 1-34
2023-03-22 15:17:05,157 INFO o.a.j.t.JMeterThread: Thread finished: Gridded Thread Group 1-34
2023-03-22 15:17:05,205 INFO o.a.j.t.JMeterThread: Stopping because end time detected by thread: Gridded Thread Group 1-58
2023-03-22 15:17:05,205 INFO o.a.j.t.JMeterThread: Thread finished: Gridded Thread Group 1-58
2023-03-22 15:17:05,239 INFO o.a.j.t.JMeterThread: Stopping because end time detected by thread: OPMET Thread Group 2-3
2023-03-22 15:17:05,239 INFO o.a.j.t.JMeterThread: Thread finished: OPMET Thread Group 2-3
2023-03-22 15:17:05,301 INFO o.a.j.t.JMeterThread: Stopping because end time detected by thread: Gridded Thread Group 1-15
2023-03-22 15:17:05,302 INFO o.a.j.t.JMeterThread: Thread finished: Gridded Thread Group 1-15
2023-03-22 15:17:05,317 INFO o.a.j.t.JMeterThread: Stopping because end time detected by thread: Gridded Thread Group 1-76
2023-03-22 15:17:05,317 INFO o.a.j.t.JMeterThread: Thread finished: Gridded Thread Group 1-76
2023-03-22 15:17:05,333 INFO o.a.j.t.JMeterThread: Stopping because end time detected by thread: Gridded Thread Group 1-22
2023-03-22 15:17:05,333 INFO o.a.j.t.JMeterThread: Thread finished: Gridded Thread Group 1-22
2023-03-22 15:17:05,415 INFO o.a.j.t.JMeterThread: Stopping because end time detected by thread: Gridded Thread Group 1-41
2023-03-22 15:17:05,415 INFO o.a.j.t.JMeterThread: Thread finished: Gridded Thread Group 1-41
2023-03-22 15:17:05,416 INFO o.a.j.t.JMeterThread: Stopping because end time detected by thread: Gridded Thread Group 1-68
2023-03-22 15:17:05,416 INFO o.a.j.t.JMeterThread: Thread finished: Gridded Thread Group 1-68
2023-03-22 15:17:05,523 INFO o.a.j.t.JMeterThread: Stopping because end time detected by thread: Gridded Thread Group 1-1
2023-03-22 15:17:05,524 INFO o.a.j.t.JMeterThread: Thread finished: Gridded Thread Group 1-1
2023-03-22 15:17:05,561 INFO o.a.j.t.JMeterThread: Stopping because end time detected by thread: Gridded Thread Group 1-60
2023-03-22 15:17:05,561 INFO o.a.j.t.JMeterThread: Thread finished: Gridded Thread Group 1-60
2023-03-22 15:17:05,567 INFO o.a.j.t.JMeterThread: Stopping because end time detected by thread: OPMET Thread Group 2-7
2023-03-22 15:17:05,567 INFO o.a.j.t.JMeterThread: Thread finished: OPMET Thread Group 2-7
2023-03-22 15:17:05,623 INFO o.a.j.t.JMeterThread: Stopping because end time detected by thread: Gridded Thread Group 1-69
2023-03-22 15:17:05,623 INFO o.a.j.t.JMeterThread: Thread finished: Gridded Thread Group 1-69
2023-03-22 15:17:05,673 INFO o.a.j.t.JMeterThread: Stopping because end time detected by thread: Gridded Thread Group 1-37
2023-03-22 15:17:05,673 INFO o.a.j.t.JMeterThread: Thread finished: Gridded Thread Group 1-37
2023-03-22 15:17:05,684 INFO o.a.j.t.JMeterThread: Stopping because end time detected by thread: OPMET Thread Group 2-8
2023-03-22 15:17:05,684 INFO o.a.j.t.JMeterThread: Thread finished: OPMET Thread Group 2-8
2023-03-22 15:17:05,713 INFO o.a.j.t.JMeterThread: Stopping because end time detected by thread: Gridded Thread Group 1-51
2023-03-22 15:17:05,714 INFO o.a.j.t.JMeterThread: Thread finished: Gridded Thread Group 1-51
2023-03-22 15:17:05,749 INFO o.a.j.t.JMeterThread: Stopping because end time detected by thread: Gridded Thread Group 1-16
2023-03-22 15:17:05,749 INFO o.a.j.t.JMeterThread: Thread finished: Gridded Thread Group 1-16
2023-03-22 15:17:05,791 INFO o.a.j.t.JMeterThread: Stopping because end time detected by thread: Gridded Thread Group 1-17
2023-03-22 15:17:05,791 INFO o.a.j.t.JMeterThread: Thread finished: Gridded Thread Group 1-17
2023-03-22 15:17:05,839 INFO o.a.j.t.JMeterThread: Stopping because end time detected by thread: Gridded Thread Group 1-39
2023-03-22 15:17:05,840 INFO o.a.j.t.JMeterThread: Thread finished: Gridded Thread Group 1-39
2023-03-22 15:17:05,856 INFO o.a.j.t.JMeterThread: Stopping because end time detected by thread: Gridded Thread Group 1-78
2023-03-22 15:17:05,856 INFO o.a.j.t.JMeterThread: Thread finished: Gridded Thread Group 1-78
2023-03-22 15:17:05,890 INFO o.a.j.t.JMeterThread: Stopping because end time detected by thread: Gridded Thread Group 1-59
2023-03-22 15:17:05,890 INFO o.a.j.t.JMeterThread: Thread finished: Gridded Thread Group 1-59
2023-03-22 15:17:05,903 INFO o.a.j.t.JMeterThread: Stopping because end time detected by thread: Gridded Thread Group 1-18
2023-03-22 15:17:05,903 INFO o.a.j.t.JMeterThread: Thread finished: Gridded Thread Group 1-18
2023-03-22 15:17:05,945 INFO o.a.j.t.JMeterThread: Stopping because end time detected by thread: Gridded Thread Group 1-30
2023-03-22 15:17:05,945 INFO o.a.j.t.JMeterThread: Thread finished: Gridded Thread Group 1-30
2023-03-22 15:17:06,006 INFO o.a.j.t.JMeterThread: Stopping because end time detected by thread: Gridded Thread Group 1-79
2023-03-22 15:17:06,006 INFO o.a.j.t.JMeterThread: Thread finished: Gridded Thread Group 1-79
2023-03-22 15:17:06,059 INFO o.a.j.t.JMeterThread: Stopping because end time detected by thread: Gridded Thread Group 1-44
2023-03-22 15:17:06,059 INFO o.a.j.t.JMeterThread: Thread finished: Gridded Thread Group 1-44
2023-03-22 15:17:06,060 INFO o.a.j.t.JMeterThread: Stopping because end time detected by thread: Gridded Thread Group 1-82
2023-03-22 15:17:06,060 INFO o.a.j.t.JMeterThread: Thread finished: Gridded Thread Group 1-82
2023-03-22 15:17:06,165 INFO o.a.j.t.JMeterThread: Stopping because end time detected by thread: Gridded Thread Group 1-40
2023-03-22 15:17:06,165 INFO o.a.j.t.JMeterThread: Thread finished: Gridded Thread Group 1-40
2023-03-22 15:17:06,185 INFO o.a.j.t.JMeterThread: Stopping because end time detected by thread: Gridded Thread Group 1-6
2023-03-22 15:17:06,185 INFO o.a.j.t.JMeterThread: Thread finished: Gridded Thread Group 1-6
2023-03-22 15:17:06,235 INFO o.a.j.t.JMeterThread: Stopping because end time detected by thread: OPMET Thread Group 2-1
2023-03-22 15:17:06,235 INFO o.a.j.t.JMeterThread: Thread finished: OPMET Thread Group 2-1
2023-03-22 15:17:06,261 INFO o.a.j.t.JMeterThread: Stopping because end time detected by thread: Gridded Thread Group 1-12
2023-03-22 15:17:06,261 INFO o.a.j.t.JMeterThread: Thread finished: Gridded Thread Group 1-12
2023-03-22 15:17:06,294 INFO o.a.j.t.JMeterThread: Stopping because end time detected by thread: Gridded Thread Group 1-43
2023-03-22 15:17:06,294 INFO o.a.j.t.JMeterThread: Thread finished: Gridded Thread Group 1-43
2023-03-22 15:17:06,372 INFO o.a.j.t.JMeterThread: Stopping because end time detected by thread: Gridded Thread Group 1-9
2023-03-22 15:17:06,372 INFO o.a.j.t.JMeterThread: Thread finished: Gridded Thread Group 1-9
2023-03-22 15:17:06,421 INFO o.a.j.t.JMeterThread: Stopping because end time detected by thread: Gridded Thread Group 1-32
2023-03-22 15:17:06,422 INFO o.a.j.t.JMeterThread: Thread finished: Gridded Thread Group 1-32
2023-03-22 15:17:06,450 INFO o.a.j.t.JMeterThread: Stopping because end time detected by thread: OPMET Thread Group 2-2
2023-03-22 15:17:06,450 INFO o.a.j.t.JMeterThread: Thread finished: OPMET Thread Group 2-2
2023-03-22 15:17:06,471 INFO o.a.j.t.JMeterThread: Stopping because end time detected by thread: Gridded Thread Group 1-3
2023-03-22 15:17:06,471 INFO o.a.j.t.JMeterThread: Thread finished: Gridded Thread Group 1-3
2023-03-22 15:17:06,511 INFO o.a.j.t.JMeterThread: Stopping because end time detected by thread: Gridded Thread Group 1-36
2023-03-22 15:17:06,511 INFO o.a.j.t.JMeterThread: Thread finished: Gridded Thread Group 1-36
2023-03-22 15:17:06,638 INFO o.a.j.t.JMeterThread: Stopping because end time detected by thread: Gridded Thread Group 1-53
2023-03-22 15:17:06,638 INFO o.a.j.t.JMeterThread: Thread finished: Gridded Thread Group 1-53
2023-03-22 15:17:06,671 INFO o.a.j.t.JMeterThread: Stopping because end time detected by thread: Gridded Thread Group 1-38
2023-03-22 15:17:06,671 INFO o.a.j.t.JMeterThread: Thread finished: Gridded Thread Group 1-38
2023-03-22 15:17:06,681 INFO o.a.j.t.JMeterThread: Stopping because end time detected by thread: Gridded Thread Group 1-14
2023-03-22 15:17:06,681 INFO o.a.j.t.JMeterThread: Thread finished: Gridded Thread Group 1-14
2023-03-22 15:17:06,706 INFO o.a.j.t.JMeterThread: Stopping because end time detected by thread: OPMET Thread Group 2-14
2023-03-22 15:17:06,706 INFO o.a.j.t.JMeterThread: Thread finished: OPMET Thread Group 2-14
2023-03-22 15:17:06,767 INFO o.a.j.t.JMeterThread: Stopping because end time detected by thread: Gridded Thread Group 1-10
2023-03-22 15:17:06,767 INFO o.a.j.t.JMeterThread: Thread finished: Gridded Thread Group 1-10
2023-03-22 15:17:06,784 INFO o.a.j.t.JMeterThread: Stopping because end time detected by thread: Gridded Thread Group 1-52
2023-03-22 15:17:06,784 INFO o.a.j.t.JMeterThread: Thread finished: Gridded Thread Group 1-52
2023-03-22 15:17:06,851 INFO o.a.j.t.JMeterThread: Stopping because end time detected by thread: Gridded Thread Group 1-31
2023-03-22 15:17:06,851 INFO o.a.j.t.JMeterThread: Thread finished: Gridded Thread Group 1-31
2023-03-22 15:17:06,890 INFO o.a.j.t.JMeterThread: Stopping because end time detected by thread: Gridded Thread Group 1-50
2023-03-22 15:17:06,890 INFO o.a.j.t.JMeterThread: Thread finished: Gridded Thread Group 1-50
2023-03-22 15:17:06,927 INFO o.a.j.t.JMeterThread: Stopping because end time detected by thread: OPMET Thread Group 2-4
2023-03-22 15:17:06,927 INFO o.a.j.t.JMeterThread: Thread finished: OPMET Thread Group 2-4
2023-03-22 15:17:06,963 INFO o.a.j.t.JMeterThread: Stopping because end time detected by thread: Gridded Thread Group 1-2
2023-03-22 15:17:06,963 INFO o.a.j.t.JMeterThread: Thread finished: Gridded Thread Group 1-2
2023-03-22 15:17:06,974 INFO o.a.j.t.JMeterThread: Stopping because end time detected by thread: Gridded Thread Group 1-62
2023-03-22 15:17:06,974 INFO o.a.j.t.JMeterThread: Thread finished: Gridded Thread Group 1-62
2023-03-22 15:17:06,981 INFO o.a.j.t.JMeterThread: Stopping because end time detected by thread: Gridded Thread Group 1-57
2023-03-22 15:17:06,981 INFO o.a.j.t.JMeterThread: Thread finished: Gridded Thread Group 1-57
2023-03-22 15:17:07,024 INFO o.a.j.t.JMeterThread: Stopping because end time detected by thread: Gridded Thread Group 1-80
2023-03-22 15:17:07,024 INFO o.a.j.t.JMeterThread: Thread finished: Gridded Thread Group 1-80
2023-03-22 15:17:07,024 INFO o.a.j.e.StandardJMeterEngine: Notifying test listeners of end of test
2023-03-22 15:17:07,025 INFO o.a.j.r.Summariser: summary +   1455 in 00:00:07 =  207.2/s Avg:   416 Min:    30 Max:  2725 Err:     0 (0.00%) Active: 0 Started: 96 Finished: 96
2023-03-22 15:17:07,025 INFO o.a.j.r.Summariser: summary = 205985 in 00:30:03 =  114.3/s Avg:   836 Min:    28 Max: 90001 Err:     1 (0.00%)
2023-03-22 15:17:07,026 INFO o.a.j.JMeter: Generating Dashboard
2023-03-22 15:17:07,026 INFO o.a.j.r.d.ReportGenerator: Flushing result collector before report Generation
2023-03-22 15:17:07,037 INFO o.a.j.r.p.NormalizerSampleConsumer: Using format, 'ms', to parse timeStamp field
2023-03-22 15:17:11,008 INFO o.a.j.r.p.AbstractSampleConsumer: class org.apache.jmeter.report.processor.AggregateConsumer#stopProducing(): beginDate produced 0 samples
2023-03-22 15:17:11,008 INFO o.a.j.r.p.AbstractSampleConsumer: class org.apache.jmeter.report.processor.AggregateConsumer#stopProducing(): endDate produced 0 samples
2023-03-22 15:17:11,011 INFO o.a.j.r.p.AbstractSampleConsumer: class org.apache.jmeter.report.processor.ApdexSummaryConsumer#stopProducing(): apdexSummary produced 0 samples
2023-03-22 15:17:11,012 INFO o.a.j.r.p.AbstractSampleConsumer: class org.apache.jmeter.report.processor.RequestsSummaryConsumer#stopProducing(): requestsSummary produced 0 samples
2023-03-22 15:17:11,028 INFO o.a.j.r.p.AbstractSampleConsumer: class org.apache.jmeter.report.processor.StatisticsSummaryConsumer#stopProducing(): statisticsSummary produced 0 samples
2023-03-22 15:17:11,035 INFO o.a.j.r.p.AbstractSampleConsumer: class org.apache.jmeter.report.processor.Top5ErrorsBySamplerConsumer#stopProducing(): top5ErrorsBySampler produced 0 samples
2023-03-22 15:17:11,035 INFO o.a.j.r.p.AbstractSampleConsumer: class org.apache.jmeter.report.processor.ErrorsSummaryConsumer#stopProducing(): errorsSummary produced 0 samples
2023-03-22 15:17:11,035 INFO o.a.j.r.p.AbstractSampleConsumer: class org.apache.jmeter.report.processor.graph.impl.HitsPerSecondGraphConsumer#stopProducing(): hitsPerSecond produced 0 samples
2023-03-22 15:17:11,874 INFO o.a.j.r.p.AbstractSampleConsumer: class org.apache.jmeter.report.processor.graph.impl.LatencyVSRequestGraphConsumer#stopProducing(): latencyVsRequest produced 0 samples
2023-03-22 15:17:11,880 INFO o.a.j.r.p.AbstractSampleConsumer: class org.apache.jmeter.report.processor.graph.impl.SyntheticResponseTimeDistributionGraphConsumer#stopProducing(): syntheticResponseTimeDistribution produced 0 samples
2023-03-22 15:17:11,880 INFO o.a.j.r.p.AbstractSampleConsumer: class org.apache.jmeter.report.processor.graph.impl.BytesThroughputGraphConsumer#stopProducing(): bytesThroughputOverTime produced 0 samples
2023-03-22 15:17:11,881 INFO o.a.j.r.p.AbstractSampleConsumer: class org.apache.jmeter.report.processor.graph.impl.CodesPerSecondGraphConsumer#stopProducing(): codesPerSecond produced 0 samples
2023-03-22 15:17:12,668 INFO o.a.j.r.p.AbstractSampleConsumer: class org.apache.jmeter.report.processor.graph.impl.ResponseTimeVSRequestGraphConsumer#stopProducing(): responseTimeVsRequest produced 0 samples
2023-03-22 15:17:12,672 INFO o.a.j.r.p.AbstractSampleConsumer: class org.apache.jmeter.report.processor.FilterConsumer#stopProducing(): startIntervalControlerFilter produced 1441895 samples
2023-03-22 15:17:12,672 INFO o.a.j.r.p.AbstractSampleConsumer: class org.apache.jmeter.report.processor.graph.impl.TotalTPSGraphConsumer#stopProducing(): totalTPS produced 0 samples
2023-03-22 15:17:12,672 INFO o.a.j.r.p.AbstractSampleConsumer: class org.apache.jmeter.report.processor.graph.impl.ActiveThreadsGraphConsumer#stopProducing(): activeThreadsOverTime produced 0 samples
2023-03-22 15:17:12,672 INFO o.a.j.r.p.AbstractSampleConsumer: class org.apache.jmeter.report.processor.graph.impl.TimeVSThreadGraphConsumer#stopProducing(): timeVsThreads produced 0 samples
2023-03-22 15:17:12,673 INFO o.a.j.r.p.AbstractSampleConsumer: class org.apache.jmeter.report.processor.graph.impl.ResponseTimeDistributionGraphConsumer#stopProducing(): responseTimeDistribution produced 0 samples
2023-03-22 15:17:12,673 INFO o.a.j.r.p.AbstractSampleConsumer: class org.apache.jmeter.report.processor.graph.impl.TransactionsPerSecondGraphConsumer#stopProducing(): transactionsPerSecond produced 0 samples
2023-03-22 15:17:12,674 INFO o.a.j.r.p.AbstractSampleConsumer: class org.apache.jmeter.report.processor.graph.impl.ResponseTimePercentilesGraphConsumer#stopProducing(): responseTimePercentiles produced 0 samples
2023-03-22 15:17:12,690 INFO o.a.j.r.p.AbstractSampleConsumer: class org.apache.jmeter.report.processor.graph.impl.ResponseTimePercentilesOverTimeGraphConsumer#stopProducing(): responseTimePercentilesOverTime produced 0 samples
2023-03-22 15:17:12,699 INFO o.a.j.r.p.AbstractSampleConsumer: class org.apache.jmeter.report.processor.graph.impl.ResponseTimeOverTimeGraphConsumer#stopProducing(): responseTimesOverTime produced 0 samples
2023-03-22 15:17:12,700 INFO o.a.j.r.p.AbstractSampleConsumer: class org.apache.jmeter.report.processor.graph.impl.ConnectTimeOverTimeGraphConsumer#stopProducing(): connectTimeOverTime produced 0 samples
2023-03-22 15:17:12,700 INFO o.a.j.r.p.AbstractSampleConsumer: class org.apache.jmeter.report.processor.graph.impl.LatencyOverTimeGraphConsumer#stopProducing(): latenciesOverTime produced 0 samples
2023-03-22 15:17:12,700 INFO o.a.j.r.p.AbstractSampleConsumer: class org.apache.jmeter.report.processor.FilterConsumer#stopProducing(): nameFilter produced 3089775 samples
2023-03-22 15:17:12,700 INFO o.a.j.r.p.AbstractSampleConsumer: class org.apache.jmeter.report.processor.FilterConsumer#stopProducing(): dateRangeFilter produced 617955 samples
2023-03-22 15:17:12,700 INFO o.a.j.r.p.AbstractSampleConsumer: class org.apache.jmeter.report.processor.NormalizerSampleConsumer#stopProducing(): normalizer produced 205985 samples
2023-03-22 15:17:12,701 INFO o.a.j.r.p.CsvFileSampleSource: produce(): 205985 samples produced in 5s 643 ms on channel 0
2023-03-22 15:17:12,701 INFO o.a.j.r.d.ReportGenerator: Exporting data using exporter:'json' of className:'org.apache.jmeter.report.dashboard.JsonExporter'
2023-03-22 15:17:12,844 INFO o.a.j.r.d.JsonExporter: Found data for consumer statisticsSummaryin context
2023-03-22 15:17:12,844 INFO o.a.j.r.d.JsonExporter: Creating statistics for overall
2023-03-22 15:17:12,845 INFO o.a.j.r.d.JsonExporter: Creating statistics for other transactions
2023-03-22 15:17:12,845 INFO o.a.j.r.d.JsonExporter: Checking output folder
2023-03-22 15:17:12,845 INFO o.a.j.r.d.JsonExporter: Writing statistics JSON to /home/ec2-user/ShaneMill1.github.io/WIFS-Listener-c5aLarge-C5aLarge-OPMET-only/results/statistics.json
2023-03-22 15:17:12,881 INFO o.a.j.r.d.ReportGenerator: Exporting data using exporter:'html' of className:'org.apache.jmeter.report.dashboard.HtmlTemplateExporter'
2023-03-22 15:17:12,884 INFO o.a.j.r.d.HtmlTemplateExporter: Will generate dashboard in folder: /home/ec2-user/ShaneMill1.github.io/WIFS-Listener-c5aLarge-C5aLarge-OPMET-only/results
2023-03-22 15:17:12,999 INFO o.a.j.r.d.HtmlTemplateExporter: Report will be generated in: /home/ec2-user/ShaneMill1.github.io/WIFS-Listener-c5aLarge-C5aLarge-OPMET-only/results, creating folder structure
2023-03-22 15:17:13,003 INFO o.a.j.r.d.TemplateVisitor: Copying folder from '/home/ec2-user/apache-jmeter-5.5/bin/report-template' to '/home/ec2-user/ShaneMill1.github.io/WIFS-Listener-c5aLarge-C5aLarge-OPMET-only/results', got message: /home/ec2-user/ShaneMill1.github.io/WIFS-Listener-c5aLarge-C5aLarge-OPMET-only/results, found non empty folder with following content [/home/ec2-user/ShaneMill1.github.io/WIFS-Listener-c5aLarge-C5aLarge-OPMET-only/results/statistics.json], will be ignored
2023-03-22 15:17:13,226 INFO o.a.j.JMeter: Dashboard generated
