2022-07-13 13:44:54,940 INFO o.a.j.u.JMeterUtils: Setting Locale to en_EN
2022-07-13 13:44:54,949 INFO o.a.j.JMeter: Loading user properties from: C:\Users\Shane.Mill\Desktop\apache-jmeter-5.5\apache-jmeter-5.5\bin\user.properties
2022-07-13 13:44:54,949 INFO o.a.j.JMeter: Loading system properties from: C:\Users\Shane.Mill\Desktop\apache-jmeter-5.5\apache-jmeter-5.5\bin\system.properties
2022-07-13 13:44:54,955 INFO o.a.j.JMeter: Copyright (c) 1998-2022 The Apache Software Foundation
2022-07-13 13:44:54,955 INFO o.a.j.JMeter: Version 5.5
2022-07-13 13:44:54,955 INFO o.a.j.JMeter: java.version=1.8.0_331
2022-07-13 13:44:54,955 INFO o.a.j.JMeter: java.vm.name=Java HotSpot(TM) Client VM
2022-07-13 13:44:54,955 INFO o.a.j.JMeter: os.name=Windows 10
2022-07-13 13:44:54,955 INFO o.a.j.JMeter: os.arch=x86
2022-07-13 13:44:54,955 INFO o.a.j.JMeter: os.version=10.0
2022-07-13 13:44:54,955 INFO o.a.j.JMeter: file.encoding=Cp1252
2022-07-13 13:44:54,956 INFO o.a.j.JMeter: java.awt.headless=true
2022-07-13 13:44:54,956 INFO o.a.j.JMeter: Max memory     =1073741824
2022-07-13 13:44:54,956 INFO o.a.j.JMeter: Available Processors =8
2022-07-13 13:44:54,958 INFO o.a.j.JMeter: Default Locale=English (EN)
2022-07-13 13:44:54,958 INFO o.a.j.JMeter: JMeter  Locale=English (EN)
2022-07-13 13:44:54,958 INFO o.a.j.JMeter: JMeterHome=C:\Users\Shane.Mill\Desktop\apache-jmeter-5.5\apache-jmeter-5.5
2022-07-13 13:44:54,958 INFO o.a.j.JMeter: user.dir  =C:\Users\Shane.Mill\Desktop\jtl_testing\NCPPServerlessEast2
2022-07-13 13:44:54,959 INFO o.a.j.JMeter: PWD       =C:\Users\Shane.Mill\Desktop\jtl_testing\NCPPServerlessEast2
2022-07-13 13:44:59,497 INFO o.a.j.JMeter: IP: 10.0.0.87 Name: SILNWS-L-SMILL1 FullName: SILNWS-L-SMILL1.corpsrv.noaa.local
2022-07-13 13:44:59,510 INFO o.a.j.JMeter: Setting property 'jmeter.reportgenerator.outputdir' to:'C:\Users\Shane.Mill\Desktop\jtl_testing\NCPPServerlessEast2\10concurrent1min'
2022-07-13 13:44:59,512 INFO o.a.j.s.FileServer: Default base='C:\Users\Shane.Mill\Desktop\jtl_testing\NCPPServerlessEast2'
2022-07-13 13:44:59,513 INFO o.a.j.s.FileServer: Set new base='C:\Users\Shane.Mill\Desktop\jtl_testing\NCPPServerlessEast2'
2022-07-13 13:44:59,581 INFO o.a.j.s.SaveService: Testplan (JMX) version: 2.2. Testlog (JTL) version: 2.2
2022-07-13 13:44:59,593 INFO o.a.j.s.SaveService: Using SaveService properties file encoding UTF-8
2022-07-13 13:44:59,596 INFO o.a.j.s.SaveService: Using SaveService properties version 5.0
2022-07-13 13:44:59,601 INFO o.a.j.s.SaveService: Loading file: NCPPServerlessEastTestPlan.jmx
2022-07-13 13:44:59,636 INFO o.a.j.p.h.s.HTTPSamplerBase: Parser for text/html is org.apache.jmeter.protocol.http.parser.LagartoBasedHtmlParser
2022-07-13 13:44:59,636 INFO o.a.j.p.h.s.HTTPSamplerBase: Parser for application/xhtml+xml is org.apache.jmeter.protocol.http.parser.LagartoBasedHtmlParser
2022-07-13 13:44:59,636 INFO o.a.j.p.h.s.HTTPSamplerBase: Parser for application/xml is org.apache.jmeter.protocol.http.parser.LagartoBasedHtmlParser
2022-07-13 13:44:59,636 INFO o.a.j.p.h.s.HTTPSamplerBase: Parser for text/xml is org.apache.jmeter.protocol.http.parser.LagartoBasedHtmlParser
2022-07-13 13:44:59,636 INFO o.a.j.p.h.s.HTTPSamplerBase: Parser for text/vnd.wap.wml is org.apache.jmeter.protocol.http.parser.RegexpHTMLParser
2022-07-13 13:44:59,636 INFO o.a.j.p.h.s.HTTPSamplerBase: Parser for text/css is org.apache.jmeter.protocol.http.parser.CssParser
2022-07-13 13:44:59,836 INFO o.a.j.JMeter: Creating summariser <summary>
2022-07-13 13:44:59,840 INFO o.a.j.r.d.ReportGenerator: ReportGenerator will use for Parsing the separator: ','
2022-07-13 13:44:59,840 INFO o.a.j.r.d.ReportGenerator: Will generate report at end of test from  results file: SummaryReport.jtl
2022-07-13 13:44:59,841 INFO o.a.j.r.d.ReportGenerator: Reading report generator properties from: C:\Users\Shane.Mill\Desktop\apache-jmeter-5.5\apache-jmeter-5.5\bin\reportgenerator.properties
2022-07-13 13:44:59,841 INFO o.a.j.r.d.ReportGenerator: Merging with JMeter properties
2022-07-13 13:44:59,844 INFO o.a.j.r.c.ReportGeneratorConfiguration: Property 'jmeter.reportgenerator.temp_dir' not found, using default value 'temp' instead.
2022-07-13 13:44:59,846 INFO o.a.j.r.c.ReportGeneratorConfiguration: Property 'jmeter.reportgenerator.apdex_per_transaction' not found, using default value 'null' instead.
2022-07-13 13:44:59,846 INFO o.a.j.r.c.ReportGeneratorConfiguration: apdex_per_transaction is empty, not APDEX per transaction customization
2022-07-13 13:44:59,846 INFO o.a.j.r.c.ReportGeneratorConfiguration: Property 'jmeter.reportgenerator.sample_filter' not found, using default value 'null' instead.
2022-07-13 13:44:59,846 INFO o.a.j.r.c.ReportGeneratorConfiguration: Property 'jmeter.reportgenerator.report_title' not found, using default value 'null' instead.
2022-07-13 13:44:59,846 INFO o.a.j.r.c.ReportGeneratorConfiguration: Property 'jmeter.reportgenerator.start_date' not found, using default value 'null' instead.
2022-07-13 13:44:59,846 INFO o.a.j.r.c.ReportGeneratorConfiguration: Property 'jmeter.reportgenerator.end_date' not found, using default value 'null' instead.
2022-07-13 13:44:59,846 INFO o.a.j.r.c.ReportGeneratorConfiguration: Property 'jmeter.reportgenerator.date_format' not found, using default value 'null' instead.
2022-07-13 13:44:59,846 INFO o.a.j.r.c.ReportGeneratorConfiguration: Will use date range start date: null, end date: null
2022-07-13 13:44:59,849 INFO o.a.j.r.c.ReportGeneratorConfiguration: Property 'jmeter.reportgenerator.graph.totalTPS.exclude_controllers' not found, using default value 'false' instead.
2022-07-13 13:44:59,849 INFO o.a.j.r.c.ReportGeneratorConfiguration: Property 'jmeter.reportgenerator.graph.activeThreadsOverTime.exclude_controllers' not found, using default value 'false' instead.
2022-07-13 13:44:59,849 INFO o.a.j.r.c.ReportGeneratorConfiguration: Property 'jmeter.reportgenerator.graph.timeVsThreads.exclude_controllers' not found, using default value 'false' instead.
2022-07-13 13:44:59,849 INFO o.a.j.r.c.ReportGeneratorConfiguration: Property 'jmeter.reportgenerator.graph.responseTimeDistribution.exclude_controllers' not found, using default value 'false' instead.
2022-07-13 13:44:59,849 INFO o.a.j.r.c.ReportGeneratorConfiguration: Property 'jmeter.reportgenerator.graph.transactionsPerSecond.exclude_controllers' not found, using default value 'false' instead.
2022-07-13 13:44:59,849 INFO o.a.j.r.c.ReportGeneratorConfiguration: Property 'jmeter.reportgenerator.graph.responseTimePercentiles.exclude_controllers' not found, using default value 'false' instead.
2022-07-13 13:44:59,849 INFO o.a.j.r.c.ReportGeneratorConfiguration: Property 'jmeter.reportgenerator.graph.responseTimePercentilesOverTime.exclude_controllers' not found, using default value 'false' instead.
2022-07-13 13:44:59,849 INFO o.a.j.r.c.ReportGeneratorConfiguration: Property 'jmeter.reportgenerator.graph.responseTimesOverTime.exclude_controllers' not found, using default value 'false' instead.
2022-07-13 13:44:59,849 INFO o.a.j.r.c.ReportGeneratorConfiguration: Property 'jmeter.reportgenerator.graph.connectTimeOverTime.exclude_controllers' not found, using default value 'false' instead.
2022-07-13 13:44:59,849 INFO o.a.j.r.c.ReportGeneratorConfiguration: Property 'jmeter.reportgenerator.graph.latenciesOverTime.exclude_controllers' not found, using default value 'false' instead.
2022-07-13 13:44:59,850 INFO o.a.j.r.c.ReportGeneratorConfiguration: Property 'jmeter.reportgenerator.exporter.json.filters_only_sample_series' not found, using default value 'true' instead.
2022-07-13 13:44:59,850 INFO o.a.j.r.c.ReportGeneratorConfiguration: Property 'jmeter.reportgenerator.exporter.json.series_filter' not found, using default value '' instead.
2022-07-13 13:44:59,850 INFO o.a.j.r.c.ReportGeneratorConfiguration: Property 'jmeter.reportgenerator.exporter.json.show_controllers_only' not found, using default value 'false' instead.
2022-07-13 13:44:59,850 INFO o.a.j.r.c.ReportGeneratorConfiguration: Property 'jmeter.reportgenerator.exporter.html.filters_only_sample_series' not found, using default value 'true' instead.
2022-07-13 13:44:59,850 INFO o.a.j.r.c.ReportGeneratorConfiguration: Property 'jmeter.reportgenerator.exporter.html.series_filter' not found, using default value '' instead.
2022-07-13 13:44:59,850 INFO o.a.j.r.c.ReportGeneratorConfiguration: Property 'jmeter.reportgenerator.exporter.html.show_controllers_only' not found, using default value 'false' instead.
2022-07-13 13:44:59,855 INFO o.a.j.e.StandardJMeterEngine: Running the test!
2022-07-13 13:44:59,855 INFO o.a.j.s.SampleEvent: List of sample_variables: []
2022-07-13 13:44:59,856 INFO o.a.j.s.SampleEvent: List of sample_variables: []
2022-07-13 13:44:59,860 INFO o.a.j.e.u.CompoundVariable: Note: Function class names must contain the string: '.functions.'
2022-07-13 13:44:59,860 INFO o.a.j.e.u.CompoundVariable: Note: Function class names must not contain the string: '.gui.'
2022-07-13 13:45:00,027 INFO o.a.j.JMeter: Running test (1657734300026)
2022-07-13 13:45:00,056 INFO o.a.j.e.StandardJMeterEngine: Starting ThreadGroup: 1 : NCPPServerlessEastRoot
2022-07-13 13:45:00,056 INFO o.a.j.e.StandardJMeterEngine: Starting 10 threads for group NCPPServerlessEastRoot.
2022-07-13 13:45:00,056 INFO o.a.j.e.StandardJMeterEngine: Thread will continue on error
2022-07-13 13:45:00,056 INFO o.a.j.t.ThreadGroup: Starting thread group... number=1 threads=10 ramp-up=10 delayedStart=false
2022-07-13 13:45:00,059 INFO o.a.j.t.ThreadGroup: Started thread group number 1
2022-07-13 13:45:00,060 INFO o.a.j.e.StandardJMeterEngine: Waiting for thread group: NCPPServerlessEastRoot to finish before starting next group
2022-07-13 13:45:00,061 INFO o.a.j.t.JMeterThread: Thread started: NCPPServerlessEastRoot 1-1
2022-07-13 13:45:00,072 INFO o.a.j.p.h.s.HTTPHCAbstractImpl: Local host = SILNWS-L-SMILL1
2022-07-13 13:45:00,076 INFO o.a.j.p.h.s.HTTPHC4Impl: HTTP request retry count = 0
2022-07-13 13:45:00,077 INFO o.a.j.s.SampleResult: Note: Sample TimeStamps are START times
2022-07-13 13:45:00,077 INFO o.a.j.s.SampleResult: sampleresult.default.encoding is set to ISO-8859-1
2022-07-13 13:45:00,077 INFO o.a.j.s.SampleResult: sampleresult.useNanoTime=true
2022-07-13 13:45:00,077 INFO o.a.j.s.SampleResult: sampleresult.nanoThreadSleep=5000
2022-07-13 13:45:00,125 INFO o.a.j.p.h.s.h.LazyLayeredConnectionSocketFactory: Setting up HTTPS TrustAll Socket Factory
2022-07-13 13:45:00,129 INFO o.a.j.u.JsseSSLManager: Using default SSL protocol: TLS
2022-07-13 13:45:00,129 INFO o.a.j.u.JsseSSLManager: SSL session context: per-thread
2022-07-13 13:45:00,393 INFO o.a.j.u.SSLManager: JmeterKeyStore Location:  type JKS
2022-07-13 13:45:00,394 INFO o.a.j.u.SSLManager: KeyStore created OK
2022-07-13 13:45:00,394 WARN o.a.j.u.SSLManager: Keystore file not found, loading empty keystore
2022-07-13 13:45:01,060 INFO o.a.j.t.JMeterThread: Thread started: NCPPServerlessEastRoot 1-2
2022-07-13 13:45:01,454 INFO o.a.j.r.Summariser: summary +      1 in 00:00:01 =    0.7/s Avg:  1340 Min:  1340 Max:  1340 Err:     0 (0.00%) Active: 2 Started: 2 Finished: 0
2022-07-13 13:45:02,058 INFO o.a.j.t.JMeterThread: Thread started: NCPPServerlessEastRoot 1-3
2022-07-13 13:45:03,058 INFO o.a.j.t.JMeterThread: Thread started: NCPPServerlessEastRoot 1-4
2022-07-13 13:45:04,058 INFO o.a.j.t.JMeterThread: Thread started: NCPPServerlessEastRoot 1-5
2022-07-13 13:45:05,059 INFO o.a.j.t.JMeterThread: Thread started: NCPPServerlessEastRoot 1-6
2022-07-13 13:45:06,058 INFO o.a.j.t.JMeterThread: Thread started: NCPPServerlessEastRoot 1-7
2022-07-13 13:45:07,058 INFO o.a.j.t.JMeterThread: Thread started: NCPPServerlessEastRoot 1-8
2022-07-13 13:45:08,059 INFO o.a.j.t.JMeterThread: Thread started: NCPPServerlessEastRoot 1-9
2022-07-13 13:45:09,063 INFO o.a.j.t.JMeterThread: Thread started: NCPPServerlessEastRoot 1-10
2022-07-13 13:45:30,013 INFO o.a.j.r.Summariser: summary +   5092 in 00:00:29 =  178.3/s Avg:    49 Min:    37 Max:   860 Err:     0 (0.00%) Active: 10 Started: 10 Finished: 0
2022-07-13 13:45:30,015 INFO o.a.j.r.Summariser: summary =   5093 in 00:00:30 =  169.8/s Avg:    49 Min:    37 Max:  1340 Err:     0 (0.00%)
2022-07-13 13:46:00,001 INFO o.a.j.r.Summariser: summary +   6229 in 00:00:30 =  207.7/s Avg:    48 Min:    36 Max:   322 Err:     0 (0.00%) Active: 10 Started: 10 Finished: 0
2022-07-13 13:46:00,002 INFO o.a.j.r.Summariser: summary =  11322 in 00:01:00 =  188.8/s Avg:    48 Min:    36 Max:  1340 Err:     0 (0.00%)
2022-07-13 13:46:00,067 INFO o.a.j.t.JMeterThread: Stopping because end time detected by thread: NCPPServerlessEastRoot 1-3
2022-07-13 13:46:00,067 INFO o.a.j.t.JMeterThread: Thread finished: NCPPServerlessEastRoot 1-3
2022-07-13 13:46:00,081 INFO o.a.j.t.JMeterThread: Stopping because end time detected by thread: NCPPServerlessEastRoot 1-6
2022-07-13 13:46:00,081 INFO o.a.j.t.JMeterThread: Thread finished: NCPPServerlessEastRoot 1-6
2022-07-13 13:46:00,087 INFO o.a.j.t.JMeterThread: Stopping because end time detected by thread: NCPPServerlessEastRoot 1-4
2022-07-13 13:46:00,087 INFO o.a.j.t.JMeterThread: Thread finished: NCPPServerlessEastRoot 1-4
2022-07-13 13:46:00,087 INFO o.a.j.t.JMeterThread: Stopping because end time detected by thread: NCPPServerlessEastRoot 1-9
2022-07-13 13:46:00,087 INFO o.a.j.t.JMeterThread: Thread finished: NCPPServerlessEastRoot 1-9
2022-07-13 13:46:00,089 INFO o.a.j.t.JMeterThread: Stopping because end time detected by thread: NCPPServerlessEastRoot 1-8
2022-07-13 13:46:00,089 INFO o.a.j.t.JMeterThread: Thread finished: NCPPServerlessEastRoot 1-8
2022-07-13 13:46:00,089 INFO o.a.j.t.JMeterThread: Stopping because end time detected by thread: NCPPServerlessEastRoot 1-2
2022-07-13 13:46:00,089 INFO o.a.j.t.JMeterThread: Thread finished: NCPPServerlessEastRoot 1-2
2022-07-13 13:46:00,089 INFO o.a.j.t.JMeterThread: Stopping because end time detected by thread: NCPPServerlessEastRoot 1-1
2022-07-13 13:46:00,090 INFO o.a.j.t.JMeterThread: Thread finished: NCPPServerlessEastRoot 1-1
2022-07-13 13:46:00,095 INFO o.a.j.t.JMeterThread: Stopping because end time detected by thread: NCPPServerlessEastRoot 1-7
2022-07-13 13:46:00,095 INFO o.a.j.t.JMeterThread: Thread finished: NCPPServerlessEastRoot 1-7
2022-07-13 13:46:00,099 INFO o.a.j.t.JMeterThread: Stopping because end time detected by thread: NCPPServerlessEastRoot 1-10
2022-07-13 13:46:00,099 INFO o.a.j.t.JMeterThread: Thread finished: NCPPServerlessEastRoot 1-10
2022-07-13 13:46:00,106 INFO o.a.j.t.JMeterThread: Stopping because end time detected by thread: NCPPServerlessEastRoot 1-5
2022-07-13 13:46:00,106 INFO o.a.j.t.JMeterThread: Thread finished: NCPPServerlessEastRoot 1-5
2022-07-13 13:46:00,106 INFO o.a.j.e.StandardJMeterEngine: Starting ThreadGroup: 2 : NCPPServerlessEastCollections
2022-07-13 13:46:00,107 INFO o.a.j.e.StandardJMeterEngine: Starting 10 threads for group NCPPServerlessEastCollections.
2022-07-13 13:46:00,107 INFO o.a.j.e.StandardJMeterEngine: Thread will continue on error
2022-07-13 13:46:00,107 INFO o.a.j.t.ThreadGroup: Starting thread group... number=2 threads=10 ramp-up=10 delayedStart=false
2022-07-13 13:46:00,107 INFO o.a.j.t.JMeterThread: Thread started: NCPPServerlessEastCollections 2-1
2022-07-13 13:46:00,109 INFO o.a.j.t.ThreadGroup: Started thread group number 2
2022-07-13 13:46:00,109 INFO o.a.j.e.StandardJMeterEngine: Waiting for thread group: NCPPServerlessEastCollections to finish before starting next group
2022-07-13 13:46:01,107 INFO o.a.j.t.JMeterThread: Thread started: NCPPServerlessEastCollections 2-2
2022-07-13 13:46:02,114 INFO o.a.j.t.JMeterThread: Thread started: NCPPServerlessEastCollections 2-3
2022-07-13 13:46:03,108 INFO o.a.j.t.JMeterThread: Thread started: NCPPServerlessEastCollections 2-4
2022-07-13 13:46:04,109 INFO o.a.j.t.JMeterThread: Thread started: NCPPServerlessEastCollections 2-5
2022-07-13 13:46:05,108 INFO o.a.j.t.JMeterThread: Thread started: NCPPServerlessEastCollections 2-6
2022-07-13 13:46:06,108 INFO o.a.j.t.JMeterThread: Thread started: NCPPServerlessEastCollections 2-7
2022-07-13 13:46:07,108 INFO o.a.j.t.JMeterThread: Thread started: NCPPServerlessEastCollections 2-8
2022-07-13 13:46:08,108 INFO o.a.j.t.JMeterThread: Thread started: NCPPServerlessEastCollections 2-9
2022-07-13 13:46:09,109 INFO o.a.j.t.JMeterThread: Thread started: NCPPServerlessEastCollections 2-10
2022-07-13 13:46:30,971 INFO o.a.j.r.Summariser: summary +     28 in 00:00:31 =    0.9/s Avg:  5369 Min:    42 Max: 25824 Err:     0 (0.00%) Active: 10 Started: 20 Finished: 10
2022-07-13 13:46:30,972 INFO o.a.j.r.Summariser: summary =  11350 in 00:01:31 =  124.8/s Avg:    61 Min:    36 Max: 25824 Err:     0 (0.00%)
2022-07-13 13:47:08,950 INFO o.a.j.t.JMeterThread: Stopping because end time detected by thread: NCPPServerlessEastCollections 2-2
2022-07-13 13:47:08,951 INFO o.a.j.t.JMeterThread: Thread finished: NCPPServerlessEastCollections 2-2
2022-07-13 13:47:09,958 INFO o.a.j.t.JMeterThread: Stopping because end time detected by thread: NCPPServerlessEastCollections 2-1
2022-07-13 13:47:09,958 INFO o.a.j.t.JMeterThread: Thread finished: NCPPServerlessEastCollections 2-1
2022-07-13 13:47:10,210 INFO o.a.j.t.JMeterThread: Stopping because end time detected by thread: NCPPServerlessEastCollections 2-3
2022-07-13 13:47:10,210 INFO o.a.j.t.JMeterThread: Thread finished: NCPPServerlessEastCollections 2-3
2022-07-13 13:47:10,519 INFO o.a.j.t.JMeterThread: Stopping because end time detected by thread: NCPPServerlessEastCollections 2-5
2022-07-13 13:47:10,519 INFO o.a.j.t.JMeterThread: Thread finished: NCPPServerlessEastCollections 2-5
2022-07-13 13:47:13,237 INFO o.a.j.t.JMeterThread: Stopping because end time detected by thread: NCPPServerlessEastCollections 2-4
2022-07-13 13:47:13,237 INFO o.a.j.t.JMeterThread: Thread finished: NCPPServerlessEastCollections 2-4
2022-07-13 13:47:14,985 INFO o.a.j.t.JMeterThread: Stopping because end time detected by thread: NCPPServerlessEastCollections 2-7
2022-07-13 13:47:14,985 INFO o.a.j.t.JMeterThread: Thread finished: NCPPServerlessEastCollections 2-7
2022-07-13 13:47:16,546 INFO o.a.j.t.JMeterThread: Stopping because end time detected by thread: NCPPServerlessEastCollections 2-8
2022-07-13 13:47:16,546 INFO o.a.j.t.JMeterThread: Thread finished: NCPPServerlessEastCollections 2-8
2022-07-13 13:47:16,616 INFO o.a.j.t.JMeterThread: Stopping because end time detected by thread: NCPPServerlessEastCollections 2-6
2022-07-13 13:47:16,616 INFO o.a.j.t.JMeterThread: Thread finished: NCPPServerlessEastCollections 2-6
2022-07-13 13:47:18,228 INFO o.a.j.t.JMeterThread: Stopping because end time detected by thread: NCPPServerlessEastCollections 2-9
2022-07-13 13:47:18,228 INFO o.a.j.t.JMeterThread: Thread finished: NCPPServerlessEastCollections 2-9
2022-07-13 13:47:18,557 INFO o.a.j.t.JMeterThread: Stopping because end time detected by thread: NCPPServerlessEastCollections 2-10
2022-07-13 13:47:18,557 INFO o.a.j.t.JMeterThread: Thread finished: NCPPServerlessEastCollections 2-10
2022-07-13 13:47:18,558 INFO o.a.j.e.StandardJMeterEngine: Starting ThreadGroup: 3 : NCPPServerlessEastGFSInstances
2022-07-13 13:47:18,558 INFO o.a.j.e.StandardJMeterEngine: Starting 10 threads for group NCPPServerlessEastGFSInstances.
2022-07-13 13:47:18,558 INFO o.a.j.e.StandardJMeterEngine: Thread will continue on error
2022-07-13 13:47:18,558 INFO o.a.j.t.ThreadGroup: Starting thread group... number=3 threads=10 ramp-up=10 delayedStart=false
2022-07-13 13:47:18,560 INFO o.a.j.t.JMeterThread: Thread started: NCPPServerlessEastGFSInstances 3-1
2022-07-13 13:47:18,563 INFO o.a.j.t.ThreadGroup: Started thread group number 3
2022-07-13 13:47:18,563 INFO o.a.j.e.StandardJMeterEngine: Waiting for thread group: NCPPServerlessEastGFSInstances to finish before starting next group
2022-07-13 13:47:19,560 INFO o.a.j.t.JMeterThread: Thread started: NCPPServerlessEastGFSInstances 3-2
2022-07-13 13:47:20,560 INFO o.a.j.t.JMeterThread: Thread started: NCPPServerlessEastGFSInstances 3-3
2022-07-13 13:47:21,559 INFO o.a.j.t.JMeterThread: Thread started: NCPPServerlessEastGFSInstances 3-4
2022-07-13 13:47:22,558 INFO o.a.j.t.JMeterThread: Thread started: NCPPServerlessEastGFSInstances 3-5
2022-07-13 13:47:23,560 INFO o.a.j.t.JMeterThread: Thread started: NCPPServerlessEastGFSInstances 3-6
2022-07-13 13:47:24,564 INFO o.a.j.t.JMeterThread: Thread started: NCPPServerlessEastGFSInstances 3-7
2022-07-13 13:47:25,568 INFO o.a.j.t.JMeterThread: Thread started: NCPPServerlessEastGFSInstances 3-8
2022-07-13 13:47:26,560 INFO o.a.j.t.JMeterThread: Thread started: NCPPServerlessEastGFSInstances 3-9
2022-07-13 13:47:27,560 INFO o.a.j.t.JMeterThread: Thread started: NCPPServerlessEastGFSInstances 3-10
2022-07-13 13:47:30,043 INFO o.a.j.r.Summariser: summary +     34 in 00:00:59 =    0.6/s Avg: 17306 Min:  2735 Max: 26085 Err:     0 (0.00%) Active: 10 Started: 30 Finished: 20
2022-07-13 13:47:30,043 INFO o.a.j.r.Summariser: summary =  11384 in 00:02:30 =   75.9/s Avg:   113 Min:    36 Max: 26085 Err:     0 (0.00%)
2022-07-13 13:48:00,301 INFO o.a.j.r.Summariser: summary +    106 in 00:00:30 =    3.5/s Avg:  2955 Min:  2365 Max:  5690 Err:     0 (0.00%) Active: 10 Started: 30 Finished: 20
2022-07-13 13:48:00,302 INFO o.a.j.r.Summariser: summary =  11490 in 00:03:00 =   63.7/s Avg:   139 Min:    36 Max: 26085 Err:     0 (0.00%)
2022-07-13 13:48:18,719 INFO o.a.j.t.JMeterThread: Stopping because end time detected by thread: NCPPServerlessEastGFSInstances 3-7
2022-07-13 13:48:18,719 INFO o.a.j.t.JMeterThread: Thread finished: NCPPServerlessEastGFSInstances 3-7
2022-07-13 13:48:19,275 INFO o.a.j.t.JMeterThread: Stopping because end time detected by thread: NCPPServerlessEastGFSInstances 3-10
2022-07-13 13:48:19,275 INFO o.a.j.t.JMeterThread: Thread finished: NCPPServerlessEastGFSInstances 3-10
2022-07-13 13:48:19,530 INFO o.a.j.t.JMeterThread: Stopping because end time detected by thread: NCPPServerlessEastGFSInstances 3-3
2022-07-13 13:48:19,531 INFO o.a.j.t.JMeterThread: Thread finished: NCPPServerlessEastGFSInstances 3-3
2022-07-13 13:48:19,537 INFO o.a.j.t.JMeterThread: Stopping because end time detected by thread: NCPPServerlessEastGFSInstances 3-6
2022-07-13 13:48:19,537 INFO o.a.j.t.JMeterThread: Thread finished: NCPPServerlessEastGFSInstances 3-6
2022-07-13 13:48:19,794 INFO o.a.j.t.JMeterThread: Stopping because end time detected by thread: NCPPServerlessEastGFSInstances 3-8
2022-07-13 13:48:19,794 INFO o.a.j.t.JMeterThread: Thread finished: NCPPServerlessEastGFSInstances 3-8
2022-07-13 13:48:20,056 INFO o.a.j.t.JMeterThread: Stopping because end time detected by thread: NCPPServerlessEastGFSInstances 3-9
2022-07-13 13:48:20,056 INFO o.a.j.t.JMeterThread: Thread finished: NCPPServerlessEastGFSInstances 3-9
2022-07-13 13:48:20,590 INFO o.a.j.t.JMeterThread: Stopping because end time detected by thread: NCPPServerlessEastGFSInstances 3-1
2022-07-13 13:48:20,591 INFO o.a.j.t.JMeterThread: Thread finished: NCPPServerlessEastGFSInstances 3-1
2022-07-13 13:48:20,612 INFO o.a.j.t.JMeterThread: Stopping because end time detected by thread: NCPPServerlessEastGFSInstances 3-5
2022-07-13 13:48:20,612 INFO o.a.j.t.JMeterThread: Thread finished: NCPPServerlessEastGFSInstances 3-5
2022-07-13 13:48:20,912 INFO o.a.j.t.JMeterThread: Stopping because end time detected by thread: NCPPServerlessEastGFSInstances 3-4
2022-07-13 13:48:20,912 INFO o.a.j.t.JMeterThread: Thread finished: NCPPServerlessEastGFSInstances 3-4
2022-07-13 13:48:21,280 INFO o.a.j.t.JMeterThread: Stopping because end time detected by thread: NCPPServerlessEastGFSInstances 3-2
2022-07-13 13:48:21,280 INFO o.a.j.t.JMeterThread: Thread finished: NCPPServerlessEastGFSInstances 3-2
2022-07-13 13:48:21,282 INFO o.a.j.e.StandardJMeterEngine: Starting ThreadGroup: 4 : NCPPServerlessEastGFSCollectionMeta
2022-07-13 13:48:21,282 INFO o.a.j.e.StandardJMeterEngine: Starting 10 threads for group NCPPServerlessEastGFSCollectionMeta.
2022-07-13 13:48:21,282 INFO o.a.j.e.StandardJMeterEngine: Thread will continue on error
2022-07-13 13:48:21,282 INFO o.a.j.t.ThreadGroup: Starting thread group... number=4 threads=10 ramp-up=10 delayedStart=false
2022-07-13 13:48:21,283 INFO o.a.j.t.JMeterThread: Thread started: NCPPServerlessEastGFSCollectionMeta 4-1
2022-07-13 13:48:21,286 INFO o.a.j.t.ThreadGroup: Started thread group number 4
2022-07-13 13:48:21,286 INFO o.a.j.e.StandardJMeterEngine: Waiting for thread group: NCPPServerlessEastGFSCollectionMeta to finish before starting next group
2022-07-13 13:48:22,287 INFO o.a.j.t.JMeterThread: Thread started: NCPPServerlessEastGFSCollectionMeta 4-2
2022-07-13 13:48:23,283 INFO o.a.j.t.JMeterThread: Thread started: NCPPServerlessEastGFSCollectionMeta 4-3
2022-07-13 13:48:24,284 INFO o.a.j.t.JMeterThread: Thread started: NCPPServerlessEastGFSCollectionMeta 4-4
2022-07-13 13:48:25,284 INFO o.a.j.t.JMeterThread: Thread started: NCPPServerlessEastGFSCollectionMeta 4-5
2022-07-13 13:48:26,285 INFO o.a.j.t.JMeterThread: Thread started: NCPPServerlessEastGFSCollectionMeta 4-6
2022-07-13 13:48:27,283 INFO o.a.j.t.JMeterThread: Thread started: NCPPServerlessEastGFSCollectionMeta 4-7
2022-07-13 13:48:28,282 INFO o.a.j.t.JMeterThread: Thread started: NCPPServerlessEastGFSCollectionMeta 4-8
2022-07-13 13:48:29,283 INFO o.a.j.t.JMeterThread: Thread started: NCPPServerlessEastGFSCollectionMeta 4-9
2022-07-13 13:48:30,276 INFO o.a.j.r.Summariser: summary +     82 in 00:00:30 =    2.7/s Avg:  2767 Min:   489 Max:  6888 Err:     0 (0.00%) Active: 9 Started: 39 Finished: 30
2022-07-13 13:48:30,278 INFO o.a.j.r.Summariser: summary =  11572 in 00:03:30 =   55.0/s Avg:   158 Min:    36 Max: 26085 Err:     0 (0.00%)
2022-07-13 13:48:30,288 INFO o.a.j.t.JMeterThread: Thread started: NCPPServerlessEastGFSCollectionMeta 4-10
2022-07-13 13:49:00,204 INFO o.a.j.r.Summariser: summary +    417 in 00:00:30 =   13.9/s Avg:   776 Min:   497 Max:  7491 Err:     0 (0.00%) Active: 10 Started: 40 Finished: 30
2022-07-13 13:49:00,205 INFO o.a.j.r.Summariser: summary =  11989 in 00:04:00 =   49.9/s Avg:   179 Min:    36 Max: 26085 Err:     0 (0.00%)
2022-07-13 13:49:21,376 INFO o.a.j.t.JMeterThread: Stopping because end time detected by thread: NCPPServerlessEastGFSCollectionMeta 4-3
2022-07-13 13:49:21,376 INFO o.a.j.t.JMeterThread: Stopping because end time detected by thread: NCPPServerlessEastGFSCollectionMeta 4-1
2022-07-13 13:49:21,376 INFO o.a.j.t.JMeterThread: Thread finished: NCPPServerlessEastGFSCollectionMeta 4-3
2022-07-13 13:49:21,376 INFO o.a.j.t.JMeterThread: Thread finished: NCPPServerlessEastGFSCollectionMeta 4-1
2022-07-13 13:49:21,376 INFO o.a.j.t.JMeterThread: Stopping because end time detected by thread: NCPPServerlessEastGFSCollectionMeta 4-9
2022-07-13 13:49:21,376 INFO o.a.j.t.JMeterThread: Stopping because end time detected by thread: NCPPServerlessEastGFSCollectionMeta 4-7
2022-07-13 13:49:21,377 INFO o.a.j.t.JMeterThread: Thread finished: NCPPServerlessEastGFSCollectionMeta 4-7
2022-07-13 13:49:21,377 INFO o.a.j.t.JMeterThread: Thread finished: NCPPServerlessEastGFSCollectionMeta 4-9
2022-07-13 13:49:21,677 INFO o.a.j.t.JMeterThread: Stopping because end time detected by thread: NCPPServerlessEastGFSCollectionMeta 4-10
2022-07-13 13:49:21,677 INFO o.a.j.t.JMeterThread: Thread finished: NCPPServerlessEastGFSCollectionMeta 4-10
2022-07-13 13:49:21,689 INFO o.a.j.t.JMeterThread: Stopping because end time detected by thread: NCPPServerlessEastGFSCollectionMeta 4-8
2022-07-13 13:49:21,689 INFO o.a.j.t.JMeterThread: Thread finished: NCPPServerlessEastGFSCollectionMeta 4-8
2022-07-13 13:49:21,784 INFO o.a.j.t.JMeterThread: Stopping because end time detected by thread: NCPPServerlessEastGFSCollectionMeta 4-6
2022-07-13 13:49:21,784 INFO o.a.j.t.JMeterThread: Stopping because end time detected by thread: NCPPServerlessEastGFSCollectionMeta 4-5
2022-07-13 13:49:21,784 INFO o.a.j.t.JMeterThread: Thread finished: NCPPServerlessEastGFSCollectionMeta 4-6
2022-07-13 13:49:21,784 INFO o.a.j.t.JMeterThread: Thread finished: NCPPServerlessEastGFSCollectionMeta 4-5
2022-07-13 13:49:21,785 INFO o.a.j.t.JMeterThread: Stopping because end time detected by thread: NCPPServerlessEastGFSCollectionMeta 4-2
2022-07-13 13:49:21,785 INFO o.a.j.t.JMeterThread: Thread finished: NCPPServerlessEastGFSCollectionMeta 4-2
2022-07-13 13:49:22,069 INFO o.a.j.t.JMeterThread: Stopping because end time detected by thread: NCPPServerlessEastGFSCollectionMeta 4-4
2022-07-13 13:49:22,069 INFO o.a.j.t.JMeterThread: Thread finished: NCPPServerlessEastGFSCollectionMeta 4-4
2022-07-13 13:49:22,069 INFO o.a.j.e.StandardJMeterEngine: Starting ThreadGroup: 5 : NCPPServerlessEastGFSPosition-1time-1zedd
2022-07-13 13:49:22,069 INFO o.a.j.e.StandardJMeterEngine: Starting 10 threads for group NCPPServerlessEastGFSPosition-1time-1zedd.
2022-07-13 13:49:22,069 INFO o.a.j.e.StandardJMeterEngine: Thread will continue on error
2022-07-13 13:49:22,069 INFO o.a.j.t.ThreadGroup: Starting thread group... number=5 threads=10 ramp-up=10 delayedStart=false
2022-07-13 13:49:22,070 INFO o.a.j.t.JMeterThread: Thread started: NCPPServerlessEastGFSPosition-1time-1zedd 5-1
2022-07-13 13:49:22,070 INFO o.a.j.t.ThreadGroup: Started thread group number 5
2022-07-13 13:49:22,070 INFO o.a.j.e.StandardJMeterEngine: Waiting for thread group: NCPPServerlessEastGFSPosition-1time-1zedd to finish before starting next group
2022-07-13 13:49:23,084 INFO o.a.j.t.JMeterThread: Thread started: NCPPServerlessEastGFSPosition-1time-1zedd 5-2
2022-07-13 13:49:24,069 INFO o.a.j.t.JMeterThread: Thread started: NCPPServerlessEastGFSPosition-1time-1zedd 5-3
2022-07-13 13:49:25,069 INFO o.a.j.t.JMeterThread: Thread started: NCPPServerlessEastGFSPosition-1time-1zedd 5-4
2022-07-13 13:49:26,069 INFO o.a.j.t.JMeterThread: Thread started: NCPPServerlessEastGFSPosition-1time-1zedd 5-5
2022-07-13 13:49:27,077 INFO o.a.j.t.JMeterThread: Thread started: NCPPServerlessEastGFSPosition-1time-1zedd 5-6
2022-07-13 13:49:28,069 INFO o.a.j.t.JMeterThread: Thread started: NCPPServerlessEastGFSPosition-1time-1zedd 5-7
2022-07-13 13:49:29,073 INFO o.a.j.t.JMeterThread: Thread started: NCPPServerlessEastGFSPosition-1time-1zedd 5-8
2022-07-13 13:49:30,069 INFO o.a.j.t.JMeterThread: Thread started: NCPPServerlessEastGFSPosition-1time-1zedd 5-9
2022-07-13 13:49:30,134 INFO o.a.j.r.Summariser: summary +    296 in 00:00:30 =    9.9/s Avg:   820 Min:   486 Max:  3833 Err:     0 (0.00%) Active: 9 Started: 49 Finished: 40
2022-07-13 13:49:30,135 INFO o.a.j.r.Summariser: summary =  12285 in 00:04:30 =   45.5/s Avg:   195 Min:    36 Max: 26085 Err:     0 (0.00%)
2022-07-13 13:49:31,069 INFO o.a.j.t.JMeterThread: Thread started: NCPPServerlessEastGFSPosition-1time-1zedd 5-10
2022-07-13 13:50:00,006 INFO o.a.j.r.Summariser: summary +    239 in 00:00:30 =    8.0/s Avg:  1260 Min:   896 Max:  4329 Err:     0 (0.00%) Active: 10 Started: 50 Finished: 40
2022-07-13 13:50:00,008 INFO o.a.j.r.Summariser: summary =  12524 in 00:05:00 =   41.7/s Avg:   215 Min:    36 Max: 26085 Err:     0 (0.00%)
2022-07-13 13:50:22,134 INFO o.a.j.t.JMeterThread: Stopping because end time detected by thread: NCPPServerlessEastGFSPosition-1time-1zedd 5-7
2022-07-13 13:50:22,135 INFO o.a.j.t.JMeterThread: Thread finished: NCPPServerlessEastGFSPosition-1time-1zedd 5-7
2022-07-13 13:50:22,152 INFO o.a.j.t.JMeterThread: Stopping because end time detected by thread: NCPPServerlessEastGFSPosition-1time-1zedd 5-1
2022-07-13 13:50:22,152 INFO o.a.j.t.JMeterThread: Thread finished: NCPPServerlessEastGFSPosition-1time-1zedd 5-1
2022-07-13 13:50:22,162 INFO o.a.j.t.JMeterThread: Stopping because end time detected by thread: NCPPServerlessEastGFSPosition-1time-1zedd 5-2
2022-07-13 13:50:22,162 INFO o.a.j.t.JMeterThread: Thread finished: NCPPServerlessEastGFSPosition-1time-1zedd 5-2
2022-07-13 13:50:22,241 INFO o.a.j.t.JMeterThread: Stopping because end time detected by thread: NCPPServerlessEastGFSPosition-1time-1zedd 5-3
2022-07-13 13:50:22,241 INFO o.a.j.t.JMeterThread: Thread finished: NCPPServerlessEastGFSPosition-1time-1zedd 5-3
2022-07-13 13:50:22,340 INFO o.a.j.t.JMeterThread: Stopping because end time detected by thread: NCPPServerlessEastGFSPosition-1time-1zedd 5-6
2022-07-13 13:50:22,340 INFO o.a.j.t.JMeterThread: Thread finished: NCPPServerlessEastGFSPosition-1time-1zedd 5-6
2022-07-13 13:50:22,437 INFO o.a.j.t.JMeterThread: Stopping because end time detected by thread: NCPPServerlessEastGFSPosition-1time-1zedd 5-5
2022-07-13 13:50:22,437 INFO o.a.j.t.JMeterThread: Thread finished: NCPPServerlessEastGFSPosition-1time-1zedd 5-5
2022-07-13 13:50:22,449 INFO o.a.j.t.JMeterThread: Stopping because end time detected by thread: NCPPServerlessEastGFSPosition-1time-1zedd 5-4
2022-07-13 13:50:22,450 INFO o.a.j.t.JMeterThread: Thread finished: NCPPServerlessEastGFSPosition-1time-1zedd 5-4
2022-07-13 13:50:22,542 INFO o.a.j.t.JMeterThread: Stopping because end time detected by thread: NCPPServerlessEastGFSPosition-1time-1zedd 5-8
2022-07-13 13:50:22,542 INFO o.a.j.t.JMeterThread: Thread finished: NCPPServerlessEastGFSPosition-1time-1zedd 5-8
2022-07-13 13:50:22,659 INFO o.a.j.t.JMeterThread: Stopping because end time detected by thread: NCPPServerlessEastGFSPosition-1time-1zedd 5-10
2022-07-13 13:50:22,660 INFO o.a.j.t.JMeterThread: Thread finished: NCPPServerlessEastGFSPosition-1time-1zedd 5-10
2022-07-13 13:50:22,750 INFO o.a.j.t.JMeterThread: Stopping because end time detected by thread: NCPPServerlessEastGFSPosition-1time-1zedd 5-9
2022-07-13 13:50:22,750 INFO o.a.j.t.JMeterThread: Thread finished: NCPPServerlessEastGFSPosition-1time-1zedd 5-9
2022-07-13 13:50:22,751 INFO o.a.j.e.StandardJMeterEngine: Starting ThreadGroup: 6 : NCPPServerlessEastGFSPosition-1time-halfzedd
2022-07-13 13:50:22,751 INFO o.a.j.e.StandardJMeterEngine: Starting 10 threads for group NCPPServerlessEastGFSPosition-1time-halfzedd.
2022-07-13 13:50:22,751 INFO o.a.j.e.StandardJMeterEngine: Thread will continue on error
2022-07-13 13:50:22,751 INFO o.a.j.t.ThreadGroup: Starting thread group... number=6 threads=10 ramp-up=10 delayedStart=false
2022-07-13 13:50:22,752 INFO o.a.j.t.JMeterThread: Thread started: NCPPServerlessEastGFSPosition-1time-halfzedd 6-1
2022-07-13 13:50:22,756 INFO o.a.j.t.ThreadGroup: Started thread group number 6
2022-07-13 13:50:22,756 INFO o.a.j.e.StandardJMeterEngine: Waiting for thread group: NCPPServerlessEastGFSPosition-1time-halfzedd to finish before starting next group
2022-07-13 13:50:23,753 INFO o.a.j.t.JMeterThread: Thread started: NCPPServerlessEastGFSPosition-1time-halfzedd 6-2
2022-07-13 13:50:24,753 INFO o.a.j.t.JMeterThread: Thread started: NCPPServerlessEastGFSPosition-1time-halfzedd 6-3
2022-07-13 13:50:25,752 INFO o.a.j.t.JMeterThread: Thread started: NCPPServerlessEastGFSPosition-1time-halfzedd 6-4
2022-07-13 13:50:26,751 INFO o.a.j.t.JMeterThread: Thread started: NCPPServerlessEastGFSPosition-1time-halfzedd 6-5
2022-07-13 13:50:27,753 INFO o.a.j.t.JMeterThread: Thread started: NCPPServerlessEastGFSPosition-1time-halfzedd 6-6
2022-07-13 13:50:28,752 INFO o.a.j.t.JMeterThread: Thread started: NCPPServerlessEastGFSPosition-1time-halfzedd 6-7
2022-07-13 13:50:29,767 INFO o.a.j.t.JMeterThread: Thread started: NCPPServerlessEastGFSPosition-1time-halfzedd 6-8
2022-07-13 13:50:30,063 INFO o.a.j.r.Summariser: summary +    197 in 00:00:30 =    6.6/s Avg:  1305 Min:   993 Max:  2216 Err:     0 (0.00%) Active: 8 Started: 58 Finished: 50
2022-07-13 13:50:30,066 INFO o.a.j.r.Summariser: summary =  12721 in 00:05:30 =   38.5/s Avg:   232 Min:    36 Max: 26085 Err:     0 (0.00%)
2022-07-13 13:50:30,752 INFO o.a.j.t.JMeterThread: Thread started: NCPPServerlessEastGFSPosition-1time-halfzedd 6-9
2022-07-13 13:50:31,762 INFO o.a.j.t.JMeterThread: Thread started: NCPPServerlessEastGFSPosition-1time-halfzedd 6-10
2022-07-13 13:51:00,326 INFO o.a.j.r.Summariser: summary +    135 in 00:00:30 =    4.5/s Avg:  2176 Min:  1828 Max:  3124 Err:     0 (0.00%) Active: 10 Started: 60 Finished: 50
2022-07-13 13:51:00,327 INFO o.a.j.r.Summariser: summary =  12856 in 00:06:00 =   35.7/s Avg:   252 Min:    36 Max: 26085 Err:     0 (0.00%)
2022-07-13 13:51:22,776 INFO o.a.j.t.JMeterThread: Stopping because end time detected by thread: NCPPServerlessEastGFSPosition-1time-halfzedd 6-10
2022-07-13 13:51:22,777 INFO o.a.j.t.JMeterThread: Thread finished: NCPPServerlessEastGFSPosition-1time-halfzedd 6-10
2022-07-13 13:51:23,249 INFO o.a.j.t.JMeterThread: Stopping because end time detected by thread: NCPPServerlessEastGFSPosition-1time-halfzedd 6-7
2022-07-13 13:51:23,249 INFO o.a.j.t.JMeterThread: Thread finished: NCPPServerlessEastGFSPosition-1time-halfzedd 6-7
2022-07-13 13:51:23,410 INFO o.a.j.t.JMeterThread: Stopping because end time detected by thread: NCPPServerlessEastGFSPosition-1time-halfzedd 6-6
2022-07-13 13:51:23,410 INFO o.a.j.t.JMeterThread: Thread finished: NCPPServerlessEastGFSPosition-1time-halfzedd 6-6
2022-07-13 13:51:23,633 INFO o.a.j.t.JMeterThread: Stopping because end time detected by thread: NCPPServerlessEastGFSPosition-1time-halfzedd 6-5
2022-07-13 13:51:23,633 INFO o.a.j.t.JMeterThread: Thread finished: NCPPServerlessEastGFSPosition-1time-halfzedd 6-5
2022-07-13 13:51:23,685 INFO o.a.j.t.JMeterThread: Stopping because end time detected by thread: NCPPServerlessEastGFSPosition-1time-halfzedd 6-1
2022-07-13 13:51:23,685 INFO o.a.j.t.JMeterThread: Thread finished: NCPPServerlessEastGFSPosition-1time-halfzedd 6-1
2022-07-13 13:51:24,328 INFO o.a.j.t.JMeterThread: Stopping because end time detected by thread: NCPPServerlessEastGFSPosition-1time-halfzedd 6-8
2022-07-13 13:51:24,329 INFO o.a.j.t.JMeterThread: Thread finished: NCPPServerlessEastGFSPosition-1time-halfzedd 6-8
2022-07-13 13:51:24,369 INFO o.a.j.t.JMeterThread: Stopping because end time detected by thread: NCPPServerlessEastGFSPosition-1time-halfzedd 6-3
2022-07-13 13:51:24,369 INFO o.a.j.t.JMeterThread: Thread finished: NCPPServerlessEastGFSPosition-1time-halfzedd 6-3
2022-07-13 13:51:24,550 INFO o.a.j.t.JMeterThread: Stopping because end time detected by thread: NCPPServerlessEastGFSPosition-1time-halfzedd 6-2
2022-07-13 13:51:24,550 INFO o.a.j.t.JMeterThread: Thread finished: NCPPServerlessEastGFSPosition-1time-halfzedd 6-2
2022-07-13 13:51:24,682 INFO o.a.j.t.JMeterThread: Stopping because end time detected by thread: NCPPServerlessEastGFSPosition-1time-halfzedd 6-4
2022-07-13 13:51:24,683 INFO o.a.j.t.JMeterThread: Thread finished: NCPPServerlessEastGFSPosition-1time-halfzedd 6-4
2022-07-13 13:51:24,806 INFO o.a.j.t.JMeterThread: Stopping because end time detected by thread: NCPPServerlessEastGFSPosition-1time-halfzedd 6-9
2022-07-13 13:51:24,807 INFO o.a.j.t.JMeterThread: Thread finished: NCPPServerlessEastGFSPosition-1time-halfzedd 6-9
2022-07-13 13:51:24,808 INFO o.a.j.e.StandardJMeterEngine: Starting ThreadGroup: 7 : NCPPServerlessEastGFSPosition-1time-fullzedd
2022-07-13 13:51:24,809 INFO o.a.j.e.StandardJMeterEngine: Starting 10 threads for group NCPPServerlessEastGFSPosition-1time-fullzedd.
2022-07-13 13:51:24,809 INFO o.a.j.e.StandardJMeterEngine: Thread will continue on error
2022-07-13 13:51:24,809 INFO o.a.j.t.ThreadGroup: Starting thread group... number=7 threads=10 ramp-up=10 delayedStart=false
2022-07-13 13:51:24,811 INFO o.a.j.t.JMeterThread: Thread started: NCPPServerlessEastGFSPosition-1time-fullzedd 7-1
2022-07-13 13:51:24,813 INFO o.a.j.t.ThreadGroup: Started thread group number 7
2022-07-13 13:51:24,814 INFO o.a.j.e.StandardJMeterEngine: Waiting for thread group: NCPPServerlessEastGFSPosition-1time-fullzedd to finish before starting next group
2022-07-13 13:51:25,811 INFO o.a.j.t.JMeterThread: Thread started: NCPPServerlessEastGFSPosition-1time-fullzedd 7-2
2022-07-13 13:51:26,825 INFO o.a.j.t.JMeterThread: Thread started: NCPPServerlessEastGFSPosition-1time-fullzedd 7-3
2022-07-13 13:51:27,810 INFO o.a.j.t.JMeterThread: Thread started: NCPPServerlessEastGFSPosition-1time-fullzedd 7-4
2022-07-13 13:51:28,811 INFO o.a.j.t.JMeterThread: Thread started: NCPPServerlessEastGFSPosition-1time-fullzedd 7-5
2022-07-13 13:51:29,810 INFO o.a.j.t.JMeterThread: Thread started: NCPPServerlessEastGFSPosition-1time-fullzedd 7-6
2022-07-13 13:51:30,810 INFO o.a.j.t.JMeterThread: Thread started: NCPPServerlessEastGFSPosition-1time-fullzedd 7-7
2022-07-13 13:51:30,960 INFO o.a.j.r.Summariser: summary +    116 in 00:00:31 =    3.8/s Avg:  2243 Min:  1870 Max:  3149 Err:     0 (0.00%) Active: 7 Started: 67 Finished: 60
2022-07-13 13:51:30,961 INFO o.a.j.r.Summariser: summary =  12972 in 00:06:31 =   33.2/s Avg:   270 Min:    36 Max: 26085 Err:     0 (0.00%)
2022-07-13 13:51:31,810 INFO o.a.j.t.JMeterThread: Thread started: NCPPServerlessEastGFSPosition-1time-fullzedd 7-8
2022-07-13 13:51:32,810 INFO o.a.j.t.JMeterThread: Thread started: NCPPServerlessEastGFSPosition-1time-fullzedd 7-9
2022-07-13 13:51:33,810 INFO o.a.j.t.JMeterThread: Thread started: NCPPServerlessEastGFSPosition-1time-fullzedd 7-10
2022-07-13 13:52:00,074 INFO o.a.j.r.Summariser: summary +     86 in 00:00:29 =    3.0/s Avg:  3259 Min:  2859 Max:  4201 Err:     0 (0.00%) Active: 10 Started: 70 Finished: 60
2022-07-13 13:52:00,075 INFO o.a.j.r.Summariser: summary =  13058 in 00:07:00 =   31.1/s Avg:   290 Min:    36 Max: 26085 Err:     0 (0.00%)
2022-07-13 13:52:25,001 INFO o.a.j.t.JMeterThread: Stopping because end time detected by thread: NCPPServerlessEastGFSPosition-1time-fullzedd 7-10
2022-07-13 13:52:25,002 INFO o.a.j.t.JMeterThread: Thread finished: NCPPServerlessEastGFSPosition-1time-fullzedd 7-10
2022-07-13 13:52:25,092 INFO o.a.j.t.JMeterThread: Stopping because end time detected by thread: NCPPServerlessEastGFSPosition-1time-fullzedd 7-5
2022-07-13 13:52:25,092 INFO o.a.j.t.JMeterThread: Thread finished: NCPPServerlessEastGFSPosition-1time-fullzedd 7-5
2022-07-13 13:52:25,314 INFO o.a.j.t.JMeterThread: Stopping because end time detected by thread: NCPPServerlessEastGFSPosition-1time-fullzedd 7-7
2022-07-13 13:52:25,314 INFO o.a.j.t.JMeterThread: Thread finished: NCPPServerlessEastGFSPosition-1time-fullzedd 7-7
2022-07-13 13:52:25,606 INFO o.a.j.t.JMeterThread: Stopping because end time detected by thread: NCPPServerlessEastGFSPosition-1time-fullzedd 7-8
2022-07-13 13:52:25,606 INFO o.a.j.t.JMeterThread: Thread finished: NCPPServerlessEastGFSPosition-1time-fullzedd 7-8
2022-07-13 13:52:25,643 INFO o.a.j.t.JMeterThread: Stopping because end time detected by thread: NCPPServerlessEastGFSPosition-1time-fullzedd 7-9
2022-07-13 13:52:25,643 INFO o.a.j.t.JMeterThread: Thread finished: NCPPServerlessEastGFSPosition-1time-fullzedd 7-9
2022-07-13 13:52:25,862 INFO o.a.j.t.JMeterThread: Stopping because end time detected by thread: NCPPServerlessEastGFSPosition-1time-fullzedd 7-2
2022-07-13 13:52:25,862 INFO o.a.j.t.JMeterThread: Thread finished: NCPPServerlessEastGFSPosition-1time-fullzedd 7-2
2022-07-13 13:52:26,001 INFO o.a.j.t.JMeterThread: Stopping because end time detected by thread: NCPPServerlessEastGFSPosition-1time-fullzedd 7-3
2022-07-13 13:52:26,002 INFO o.a.j.t.JMeterThread: Thread finished: NCPPServerlessEastGFSPosition-1time-fullzedd 7-3
2022-07-13 13:52:26,633 INFO o.a.j.t.JMeterThread: Stopping because end time detected by thread: NCPPServerlessEastGFSPosition-1time-fullzedd 7-6
2022-07-13 13:52:26,633 INFO o.a.j.t.JMeterThread: Thread finished: NCPPServerlessEastGFSPosition-1time-fullzedd 7-6
2022-07-13 13:52:27,088 INFO o.a.j.t.JMeterThread: Stopping because end time detected by thread: NCPPServerlessEastGFSPosition-1time-fullzedd 7-4
2022-07-13 13:52:27,088 INFO o.a.j.t.JMeterThread: Thread finished: NCPPServerlessEastGFSPosition-1time-fullzedd 7-4
2022-07-13 13:52:27,577 INFO o.a.j.t.JMeterThread: Stopping because end time detected by thread: NCPPServerlessEastGFSPosition-1time-fullzedd 7-1
2022-07-13 13:52:27,577 INFO o.a.j.t.JMeterThread: Thread finished: NCPPServerlessEastGFSPosition-1time-fullzedd 7-1
2022-07-13 13:52:27,578 INFO o.a.j.e.StandardJMeterEngine: Starting ThreadGroup: 8 : NCPPServerlessEastGFSPosition-halftime-1zedd
2022-07-13 13:52:27,578 INFO o.a.j.e.StandardJMeterEngine: Starting 10 threads for group NCPPServerlessEastGFSPosition-halftime-1zedd.
2022-07-13 13:52:27,578 INFO o.a.j.e.StandardJMeterEngine: Thread will continue on error
2022-07-13 13:52:27,578 INFO o.a.j.t.ThreadGroup: Starting thread group... number=8 threads=10 ramp-up=10 delayedStart=false
2022-07-13 13:52:27,579 INFO o.a.j.t.JMeterThread: Thread started: NCPPServerlessEastGFSPosition-halftime-1zedd 8-1
2022-07-13 13:52:27,581 INFO o.a.j.t.ThreadGroup: Started thread group number 8
2022-07-13 13:52:27,582 INFO o.a.j.e.StandardJMeterEngine: Waiting for thread group: NCPPServerlessEastGFSPosition-halftime-1zedd to finish before starting next group
2022-07-13 13:52:28,578 INFO o.a.j.t.JMeterThread: Thread started: NCPPServerlessEastGFSPosition-halftime-1zedd 8-2
2022-07-13 13:52:29,580 INFO o.a.j.t.JMeterThread: Thread started: NCPPServerlessEastGFSPosition-halftime-1zedd 8-3
2022-07-13 13:52:30,040 INFO o.a.j.r.Summariser: summary +     87 in 00:00:30 =    2.9/s Avg:  3190 Min:   687 Max:  4000 Err:     0 (0.00%) Active: 3 Started: 73 Finished: 70
2022-07-13 13:52:30,041 INFO o.a.j.r.Summariser: summary =  13145 in 00:07:30 =   29.2/s Avg:   309 Min:    36 Max: 26085 Err:     0 (0.00%)
2022-07-13 13:52:30,579 INFO o.a.j.t.JMeterThread: Thread started: NCPPServerlessEastGFSPosition-halftime-1zedd 8-4
2022-07-13 13:52:31,580 INFO o.a.j.t.JMeterThread: Thread started: NCPPServerlessEastGFSPosition-halftime-1zedd 8-5
2022-07-13 13:52:32,579 INFO o.a.j.t.JMeterThread: Thread started: NCPPServerlessEastGFSPosition-halftime-1zedd 8-6
2022-07-13 13:52:33,579 INFO o.a.j.t.JMeterThread: Thread started: NCPPServerlessEastGFSPosition-halftime-1zedd 8-7
2022-07-13 13:52:34,579 INFO o.a.j.t.JMeterThread: Thread started: NCPPServerlessEastGFSPosition-halftime-1zedd 8-8
2022-07-13 13:52:35,580 INFO o.a.j.t.JMeterThread: Thread started: NCPPServerlessEastGFSPosition-halftime-1zedd 8-9
2022-07-13 13:52:36,579 INFO o.a.j.t.JMeterThread: Thread started: NCPPServerlessEastGFSPosition-halftime-1zedd 8-10
2022-07-13 13:53:00,150 INFO o.a.j.r.Summariser: summary +    224 in 00:00:30 =    7.4/s Avg:  1208 Min:   692 Max:  2282 Err:     0 (0.00%) Active: 10 Started: 80 Finished: 70
2022-07-13 13:53:00,151 INFO o.a.j.r.Summariser: summary =  13369 in 00:08:00 =   27.8/s Avg:   324 Min:    36 Max: 26085 Err:     0 (0.00%)
2022-07-13 13:53:27,878 INFO o.a.j.t.JMeterThread: Stopping because end time detected by thread: NCPPServerlessEastGFSPosition-halftime-1zedd 8-8
2022-07-13 13:53:27,878 INFO o.a.j.t.JMeterThread: Thread finished: NCPPServerlessEastGFSPosition-halftime-1zedd 8-8
2022-07-13 13:53:27,909 INFO o.a.j.t.JMeterThread: Stopping because end time detected by thread: NCPPServerlessEastGFSPosition-halftime-1zedd 8-10
2022-07-13 13:53:27,909 INFO o.a.j.t.JMeterThread: Thread finished: NCPPServerlessEastGFSPosition-halftime-1zedd 8-10
2022-07-13 13:53:27,959 INFO o.a.j.t.JMeterThread: Stopping because end time detected by thread: NCPPServerlessEastGFSPosition-halftime-1zedd 8-1
2022-07-13 13:53:27,960 INFO o.a.j.t.JMeterThread: Thread finished: NCPPServerlessEastGFSPosition-halftime-1zedd 8-1
2022-07-13 13:53:28,262 INFO o.a.j.t.JMeterThread: Stopping because end time detected by thread: NCPPServerlessEastGFSPosition-halftime-1zedd 8-3
2022-07-13 13:53:28,262 INFO o.a.j.t.JMeterThread: Thread finished: NCPPServerlessEastGFSPosition-halftime-1zedd 8-3
2022-07-13 13:53:28,262 INFO o.a.j.t.JMeterThread: Stopping because end time detected by thread: NCPPServerlessEastGFSPosition-halftime-1zedd 8-7
2022-07-13 13:53:28,262 INFO o.a.j.t.JMeterThread: Thread finished: NCPPServerlessEastGFSPosition-halftime-1zedd 8-7
2022-07-13 13:53:28,271 INFO o.a.j.t.JMeterThread: Stopping because end time detected by thread: NCPPServerlessEastGFSPosition-halftime-1zedd 8-4
2022-07-13 13:53:28,272 INFO o.a.j.t.JMeterThread: Thread finished: NCPPServerlessEastGFSPosition-halftime-1zedd 8-4
2022-07-13 13:53:28,279 INFO o.a.j.t.JMeterThread: Stopping because end time detected by thread: NCPPServerlessEastGFSPosition-halftime-1zedd 8-6
2022-07-13 13:53:28,279 INFO o.a.j.t.JMeterThread: Thread finished: NCPPServerlessEastGFSPosition-halftime-1zedd 8-6
2022-07-13 13:53:28,280 INFO o.a.j.t.JMeterThread: Stopping because end time detected by thread: NCPPServerlessEastGFSPosition-halftime-1zedd 8-2
2022-07-13 13:53:28,280 INFO o.a.j.t.JMeterThread: Stopping because end time detected by thread: NCPPServerlessEastGFSPosition-halftime-1zedd 8-5
2022-07-13 13:53:28,280 INFO o.a.j.t.JMeterThread: Thread finished: NCPPServerlessEastGFSPosition-halftime-1zedd 8-2
2022-07-13 13:53:28,280 INFO o.a.j.t.JMeterThread: Thread finished: NCPPServerlessEastGFSPosition-halftime-1zedd 8-5
2022-07-13 13:53:28,400 INFO o.a.j.t.JMeterThread: Stopping because end time detected by thread: NCPPServerlessEastGFSPosition-halftime-1zedd 8-9
2022-07-13 13:53:28,400 INFO o.a.j.t.JMeterThread: Thread finished: NCPPServerlessEastGFSPosition-halftime-1zedd 8-9
2022-07-13 13:53:28,401 INFO o.a.j.e.StandardJMeterEngine: Starting ThreadGroup: 9 : NCPPServerlessEastGFSPosition-halftime-halfzedd
2022-07-13 13:53:28,401 INFO o.a.j.e.StandardJMeterEngine: Starting 10 threads for group NCPPServerlessEastGFSPosition-halftime-halfzedd.
2022-07-13 13:53:28,401 INFO o.a.j.e.StandardJMeterEngine: Thread will continue on error
2022-07-13 13:53:28,401 INFO o.a.j.t.ThreadGroup: Starting thread group... number=9 threads=10 ramp-up=10 delayedStart=false
2022-07-13 13:53:28,402 INFO o.a.j.t.JMeterThread: Thread started: NCPPServerlessEastGFSPosition-halftime-halfzedd 9-1
2022-07-13 13:53:28,403 INFO o.a.j.t.ThreadGroup: Started thread group number 9
2022-07-13 13:53:28,403 INFO o.a.j.e.StandardJMeterEngine: Waiting for thread group: NCPPServerlessEastGFSPosition-halftime-halfzedd to finish before starting next group
2022-07-13 13:53:29,411 INFO o.a.j.t.JMeterThread: Thread started: NCPPServerlessEastGFSPosition-halftime-halfzedd 9-2
2022-07-13 13:53:30,331 INFO o.a.j.r.Summariser: summary +    230 in 00:00:30 =    7.6/s Avg:  1254 Min:   923 Max:  1937 Err:     0 (0.00%) Active: 2 Started: 82 Finished: 80
2022-07-13 13:53:30,332 INFO o.a.j.r.Summariser: summary =  13599 in 00:08:30 =   26.6/s Avg:   340 Min:    36 Max: 26085 Err:     0 (0.00%)
2022-07-13 13:53:30,413 INFO o.a.j.t.JMeterThread: Thread started: NCPPServerlessEastGFSPosition-halftime-halfzedd 9-3
2022-07-13 13:53:31,403 INFO o.a.j.t.JMeterThread: Thread started: NCPPServerlessEastGFSPosition-halftime-halfzedd 9-4
2022-07-13 13:53:32,402 INFO o.a.j.t.JMeterThread: Thread started: NCPPServerlessEastGFSPosition-halftime-halfzedd 9-5
2022-07-13 13:53:33,403 INFO o.a.j.t.JMeterThread: Thread started: NCPPServerlessEastGFSPosition-halftime-halfzedd 9-6
2022-07-13 13:53:34,402 INFO o.a.j.t.JMeterThread: Thread started: NCPPServerlessEastGFSPosition-halftime-halfzedd 9-7
2022-07-13 13:53:35,401 INFO o.a.j.t.JMeterThread: Thread started: NCPPServerlessEastGFSPosition-halftime-halfzedd 9-8
2022-07-13 13:53:36,402 INFO o.a.j.t.JMeterThread: Thread started: NCPPServerlessEastGFSPosition-halftime-halfzedd 9-9
2022-07-13 13:53:37,402 INFO o.a.j.t.JMeterThread: Thread started: NCPPServerlessEastGFSPosition-halftime-halfzedd 9-10
2022-07-13 13:54:00,450 INFO o.a.j.r.Summariser: summary +    118 in 00:00:30 =    3.9/s Avg:  2208 Min:  1911 Max:  3246 Err:     0 (0.00%) Active: 10 Started: 90 Finished: 80
2022-07-13 13:54:00,452 INFO o.a.j.r.Summariser: summary =  13717 in 00:09:00 =   25.4/s Avg:   356 Min:    36 Max: 26085 Err:     0 (0.00%)
2022-07-13 13:54:28,491 INFO o.a.j.t.JMeterThread: Stopping because end time detected by thread: NCPPServerlessEastGFSPosition-halftime-halfzedd 9-3
2022-07-13 13:54:28,491 INFO o.a.j.t.JMeterThread: Thread finished: NCPPServerlessEastGFSPosition-halftime-halfzedd 9-3
2022-07-13 13:54:28,569 INFO o.a.j.t.JMeterThread: Stopping because end time detected by thread: NCPPServerlessEastGFSPosition-halftime-halfzedd 9-1
2022-07-13 13:54:28,569 INFO o.a.j.t.JMeterThread: Thread finished: NCPPServerlessEastGFSPosition-halftime-halfzedd 9-1
2022-07-13 13:54:28,589 INFO o.a.j.t.JMeterThread: Stopping because end time detected by thread: NCPPServerlessEastGFSPosition-halftime-halfzedd 9-9
2022-07-13 13:54:28,589 INFO o.a.j.t.JMeterThread: Thread finished: NCPPServerlessEastGFSPosition-halftime-halfzedd 9-9
2022-07-13 13:54:28,680 INFO o.a.j.t.JMeterThread: Stopping because end time detected by thread: NCPPServerlessEastGFSPosition-halftime-halfzedd 9-6
2022-07-13 13:54:28,680 INFO o.a.j.t.JMeterThread: Thread finished: NCPPServerlessEastGFSPosition-halftime-halfzedd 9-6
2022-07-13 13:54:29,025 INFO o.a.j.t.JMeterThread: Stopping because end time detected by thread: NCPPServerlessEastGFSPosition-halftime-halfzedd 9-4
2022-07-13 13:54:29,025 INFO o.a.j.t.JMeterThread: Thread finished: NCPPServerlessEastGFSPosition-halftime-halfzedd 9-4
2022-07-13 13:54:29,262 INFO o.a.j.t.JMeterThread: Stopping because end time detected by thread: NCPPServerlessEastGFSPosition-halftime-halfzedd 9-10
2022-07-13 13:54:29,262 INFO o.a.j.t.JMeterThread: Thread finished: NCPPServerlessEastGFSPosition-halftime-halfzedd 9-10
2022-07-13 13:54:29,404 INFO o.a.j.t.JMeterThread: Stopping because end time detected by thread: NCPPServerlessEastGFSPosition-halftime-halfzedd 9-5
2022-07-13 13:54:29,404 INFO o.a.j.t.JMeterThread: Thread finished: NCPPServerlessEastGFSPosition-halftime-halfzedd 9-5
2022-07-13 13:54:29,447 INFO o.a.j.t.JMeterThread: Stopping because end time detected by thread: NCPPServerlessEastGFSPosition-halftime-halfzedd 9-2
2022-07-13 13:54:29,448 INFO o.a.j.t.JMeterThread: Thread finished: NCPPServerlessEastGFSPosition-halftime-halfzedd 9-2
2022-07-13 13:54:29,586 INFO o.a.j.t.JMeterThread: Stopping because end time detected by thread: NCPPServerlessEastGFSPosition-halftime-halfzedd 9-8
2022-07-13 13:54:29,586 INFO o.a.j.t.JMeterThread: Thread finished: NCPPServerlessEastGFSPosition-halftime-halfzedd 9-8
2022-07-13 13:54:30,000 INFO o.a.j.r.Summariser: summary +    130 in 00:00:30 =    4.4/s Avg:  2302 Min:  1939 Max:  2762 Err:     0 (0.00%) Active: 1 Started: 90 Finished: 89
2022-07-13 13:54:30,001 INFO o.a.j.r.Summariser: summary =  13847 in 00:09:30 =   24.3/s Avg:   374 Min:    36 Max: 26085 Err:     0 (0.00%)
2022-07-13 13:54:30,002 INFO o.a.j.t.JMeterThread: Stopping because end time detected by thread: NCPPServerlessEastGFSPosition-halftime-halfzedd 9-7
2022-07-13 13:54:30,002 INFO o.a.j.t.JMeterThread: Thread finished: NCPPServerlessEastGFSPosition-halftime-halfzedd 9-7
2022-07-13 13:54:30,002 INFO o.a.j.e.StandardJMeterEngine: Starting ThreadGroup: 10 : NCPPServerlessEastGFSPosition-halftime-fullzedd
2022-07-13 13:54:30,003 INFO o.a.j.e.StandardJMeterEngine: Starting 10 threads for group NCPPServerlessEastGFSPosition-halftime-fullzedd.
2022-07-13 13:54:30,003 INFO o.a.j.e.StandardJMeterEngine: Thread will continue on error
2022-07-13 13:54:30,003 INFO o.a.j.t.ThreadGroup: Starting thread group... number=10 threads=10 ramp-up=10 delayedStart=false
2022-07-13 13:54:30,003 INFO o.a.j.t.JMeterThread: Thread started: NCPPServerlessEastGFSPosition-halftime-fullzedd 10-1
2022-07-13 13:54:30,004 INFO o.a.j.t.ThreadGroup: Started thread group number 10
2022-07-13 13:54:30,004 INFO o.a.j.e.StandardJMeterEngine: Waiting for thread group: NCPPServerlessEastGFSPosition-halftime-fullzedd to finish before starting next group
2022-07-13 13:54:31,016 INFO o.a.j.t.JMeterThread: Thread started: NCPPServerlessEastGFSPosition-halftime-fullzedd 10-2
2022-07-13 13:54:32,004 INFO o.a.j.t.JMeterThread: Thread started: NCPPServerlessEastGFSPosition-halftime-fullzedd 10-3
2022-07-13 13:54:33,003 INFO o.a.j.t.JMeterThread: Thread started: NCPPServerlessEastGFSPosition-halftime-fullzedd 10-4
2022-07-13 13:54:34,003 INFO o.a.j.t.JMeterThread: Thread started: NCPPServerlessEastGFSPosition-halftime-fullzedd 10-5
2022-07-13 13:54:35,005 INFO o.a.j.t.JMeterThread: Thread started: NCPPServerlessEastGFSPosition-halftime-fullzedd 10-6
2022-07-13 13:54:36,005 INFO o.a.j.t.JMeterThread: Thread started: NCPPServerlessEastGFSPosition-halftime-fullzedd 10-7
2022-07-13 13:54:37,011 INFO o.a.j.t.JMeterThread: Thread started: NCPPServerlessEastGFSPosition-halftime-fullzedd 10-8
2022-07-13 13:54:38,003 INFO o.a.j.t.JMeterThread: Thread started: NCPPServerlessEastGFSPosition-halftime-fullzedd 10-9
2022-07-13 13:54:39,003 INFO o.a.j.t.JMeterThread: Thread started: NCPPServerlessEastGFSPosition-halftime-fullzedd 10-10
2022-07-13 13:55:00,116 INFO o.a.j.r.Summariser: summary +     71 in 00:00:30 =    2.4/s Avg:  3342 Min:  2967 Max:  3810 Err:     0 (0.00%) Active: 10 Started: 100 Finished: 90
2022-07-13 13:55:00,117 INFO o.a.j.r.Summariser: summary =  13918 in 00:10:00 =   23.2/s Avg:   389 Min:    36 Max: 26085 Err:     0 (0.00%)
2022-07-13 13:55:30,933 INFO o.a.j.r.Summariser: summary +     87 in 00:00:31 =    2.8/s Avg:  3512 Min:  3063 Max:  4505 Err:     0 (0.00%) Active: 10 Started: 100 Finished: 90
2022-07-13 13:55:30,934 INFO o.a.j.r.Summariser: summary =  14005 in 00:10:31 =   22.2/s Avg:   409 Min:    36 Max: 26085 Err:     0 (0.00%)
2022-07-13 13:55:30,934 INFO o.a.j.t.JMeterThread: Stopping because end time detected by thread: NCPPServerlessEastGFSPosition-halftime-fullzedd 10-7
2022-07-13 13:55:30,934 INFO o.a.j.t.JMeterThread: Thread finished: NCPPServerlessEastGFSPosition-halftime-fullzedd 10-7
2022-07-13 13:55:31,040 INFO o.a.j.t.JMeterThread: Stopping because end time detected by thread: NCPPServerlessEastGFSPosition-halftime-fullzedd 10-3
2022-07-13 13:55:31,040 INFO o.a.j.t.JMeterThread: Thread finished: NCPPServerlessEastGFSPosition-halftime-fullzedd 10-3
2022-07-13 13:55:31,042 INFO o.a.j.t.JMeterThread: Stopping because end time detected by thread: NCPPServerlessEastGFSPosition-halftime-fullzedd 10-4
2022-07-13 13:55:31,042 INFO o.a.j.t.JMeterThread: Thread finished: NCPPServerlessEastGFSPosition-halftime-fullzedd 10-4
2022-07-13 13:55:31,109 INFO o.a.j.t.JMeterThread: Stopping because end time detected by thread: NCPPServerlessEastGFSPosition-halftime-fullzedd 10-2
2022-07-13 13:55:31,109 INFO o.a.j.t.JMeterThread: Thread finished: NCPPServerlessEastGFSPosition-halftime-fullzedd 10-2
2022-07-13 13:55:31,351 INFO o.a.j.t.JMeterThread: Stopping because end time detected by thread: NCPPServerlessEastGFSPosition-halftime-fullzedd 10-8
2022-07-13 13:55:31,352 INFO o.a.j.t.JMeterThread: Thread finished: NCPPServerlessEastGFSPosition-halftime-fullzedd 10-8
2022-07-13 13:55:31,931 INFO o.a.j.t.JMeterThread: Stopping because end time detected by thread: NCPPServerlessEastGFSPosition-halftime-fullzedd 10-5
2022-07-13 13:55:31,931 INFO o.a.j.t.JMeterThread: Thread finished: NCPPServerlessEastGFSPosition-halftime-fullzedd 10-5
2022-07-13 13:55:32,670 INFO o.a.j.t.JMeterThread: Stopping because end time detected by thread: NCPPServerlessEastGFSPosition-halftime-fullzedd 10-1
2022-07-13 13:55:32,670 INFO o.a.j.t.JMeterThread: Thread finished: NCPPServerlessEastGFSPosition-halftime-fullzedd 10-1
2022-07-13 13:55:32,794 INFO o.a.j.t.JMeterThread: Stopping because end time detected by thread: NCPPServerlessEastGFSPosition-halftime-fullzedd 10-9
2022-07-13 13:55:32,794 INFO o.a.j.t.JMeterThread: Thread finished: NCPPServerlessEastGFSPosition-halftime-fullzedd 10-9
2022-07-13 13:55:32,977 INFO o.a.j.t.JMeterThread: Stopping because end time detected by thread: NCPPServerlessEastGFSPosition-halftime-fullzedd 10-6
2022-07-13 13:55:32,977 INFO o.a.j.t.JMeterThread: Thread finished: NCPPServerlessEastGFSPosition-halftime-fullzedd 10-6
2022-07-13 13:55:33,116 INFO o.a.j.t.JMeterThread: Stopping because end time detected by thread: NCPPServerlessEastGFSPosition-halftime-fullzedd 10-10
2022-07-13 13:55:33,116 INFO o.a.j.t.JMeterThread: Thread finished: NCPPServerlessEastGFSPosition-halftime-fullzedd 10-10
2022-07-13 13:55:33,116 INFO o.a.j.e.StandardJMeterEngine: Starting ThreadGroup: 11 : NCPPServerlessEastGFSPosition-fulltime-1zedd
2022-07-13 13:55:33,118 INFO o.a.j.e.StandardJMeterEngine: Starting 10 threads for group NCPPServerlessEastGFSPosition-fulltime-1zedd.
2022-07-13 13:55:33,118 INFO o.a.j.e.StandardJMeterEngine: Thread will continue on error
2022-07-13 13:55:33,118 INFO o.a.j.t.ThreadGroup: Starting thread group... number=11 threads=10 ramp-up=10 delayedStart=false
2022-07-13 13:55:33,118 INFO o.a.j.t.JMeterThread: Thread started: NCPPServerlessEastGFSPosition-fulltime-1zedd 11-1
2022-07-13 13:55:33,118 INFO o.a.j.t.ThreadGroup: Started thread group number 11
2022-07-13 13:55:33,118 INFO o.a.j.e.StandardJMeterEngine: Waiting for thread group: NCPPServerlessEastGFSPosition-fulltime-1zedd to finish before starting next group
2022-07-13 13:55:34,120 INFO o.a.j.t.JMeterThread: Thread started: NCPPServerlessEastGFSPosition-fulltime-1zedd 11-2
2022-07-13 13:55:35,119 INFO o.a.j.t.JMeterThread: Thread started: NCPPServerlessEastGFSPosition-fulltime-1zedd 11-3
2022-07-13 13:55:36,119 INFO o.a.j.t.JMeterThread: Thread started: NCPPServerlessEastGFSPosition-fulltime-1zedd 11-4
2022-07-13 13:55:37,118 INFO o.a.j.t.JMeterThread: Thread started: NCPPServerlessEastGFSPosition-fulltime-1zedd 11-5
2022-07-13 13:55:38,119 INFO o.a.j.t.JMeterThread: Thread started: NCPPServerlessEastGFSPosition-fulltime-1zedd 11-6
2022-07-13 13:55:39,119 INFO o.a.j.t.JMeterThread: Thread started: NCPPServerlessEastGFSPosition-fulltime-1zedd 11-7
2022-07-13 13:55:40,119 INFO o.a.j.t.JMeterThread: Thread started: NCPPServerlessEastGFSPosition-fulltime-1zedd 11-8
2022-07-13 13:55:41,121 INFO o.a.j.t.JMeterThread: Thread started: NCPPServerlessEastGFSPosition-fulltime-1zedd 11-9
2022-07-13 13:55:42,120 INFO o.a.j.t.JMeterThread: Thread started: NCPPServerlessEastGFSPosition-fulltime-1zedd 11-10
2022-07-13 13:56:00,643 INFO o.a.j.r.Summariser: summary +    192 in 00:00:30 =    6.5/s Avg:  1311 Min:   803 Max:  3902 Err:     0 (0.00%) Active: 10 Started: 110 Finished: 100
2022-07-13 13:56:00,644 INFO o.a.j.r.Summariser: summary =  14197 in 00:11:01 =   21.5/s Avg:   421 Min:    36 Max: 26085 Err:     0 (0.00%)
2022-07-13 13:56:30,293 INFO o.a.j.r.Summariser: summary +    238 in 00:00:30 =    8.0/s Avg:  1254 Min:  1010 Max:  1617 Err:     0 (0.00%) Active: 10 Started: 110 Finished: 100
2022-07-13 13:56:30,294 INFO o.a.j.r.Summariser: summary =  14435 in 00:11:30 =   20.9/s Avg:   435 Min:    36 Max: 26085 Err:     0 (0.00%)
2022-07-13 13:56:33,164 INFO o.a.j.t.JMeterThread: Stopping because end time detected by thread: NCPPServerlessEastGFSPosition-fulltime-1zedd 11-5
2022-07-13 13:56:33,164 INFO o.a.j.t.JMeterThread: Thread finished: NCPPServerlessEastGFSPosition-fulltime-1zedd 11-5
2022-07-13 13:56:33,188 INFO o.a.j.t.JMeterThread: Stopping because end time detected by thread: NCPPServerlessEastGFSPosition-fulltime-1zedd 11-9
2022-07-13 13:56:33,188 INFO o.a.j.t.JMeterThread: Thread finished: NCPPServerlessEastGFSPosition-fulltime-1zedd 11-9
2022-07-13 13:56:33,244 INFO o.a.j.t.JMeterThread: Stopping because end time detected by thread: NCPPServerlessEastGFSPosition-fulltime-1zedd 11-1
2022-07-13 13:56:33,244 INFO o.a.j.t.JMeterThread: Thread finished: NCPPServerlessEastGFSPosition-fulltime-1zedd 11-1
2022-07-13 13:56:33,253 INFO o.a.j.t.JMeterThread: Stopping because end time detected by thread: NCPPServerlessEastGFSPosition-fulltime-1zedd 11-3
2022-07-13 13:56:33,253 INFO o.a.j.t.JMeterThread: Thread finished: NCPPServerlessEastGFSPosition-fulltime-1zedd 11-3
2022-07-13 13:56:33,352 INFO o.a.j.t.JMeterThread: Stopping because end time detected by thread: NCPPServerlessEastGFSPosition-fulltime-1zedd 11-4
2022-07-13 13:56:33,352 INFO o.a.j.t.JMeterThread: Thread finished: NCPPServerlessEastGFSPosition-fulltime-1zedd 11-4
2022-07-13 13:56:33,846 INFO o.a.j.t.JMeterThread: Stopping because end time detected by thread: NCPPServerlessEastGFSPosition-fulltime-1zedd 11-8
2022-07-13 13:56:33,846 INFO o.a.j.t.JMeterThread: Thread finished: NCPPServerlessEastGFSPosition-fulltime-1zedd 11-8
2022-07-13 13:56:33,855 INFO o.a.j.t.JMeterThread: Stopping because end time detected by thread: NCPPServerlessEastGFSPosition-fulltime-1zedd 11-2
2022-07-13 13:56:33,856 INFO o.a.j.t.JMeterThread: Thread finished: NCPPServerlessEastGFSPosition-fulltime-1zedd 11-2
2022-07-13 13:56:33,856 INFO o.a.j.t.JMeterThread: Stopping because end time detected by thread: NCPPServerlessEastGFSPosition-fulltime-1zedd 11-7
2022-07-13 13:56:33,856 INFO o.a.j.t.JMeterThread: Thread finished: NCPPServerlessEastGFSPosition-fulltime-1zedd 11-7
2022-07-13 13:56:33,951 INFO o.a.j.t.JMeterThread: Stopping because end time detected by thread: NCPPServerlessEastGFSPosition-fulltime-1zedd 11-10
2022-07-13 13:56:33,951 INFO o.a.j.t.JMeterThread: Thread finished: NCPPServerlessEastGFSPosition-fulltime-1zedd 11-10
2022-07-13 13:56:33,955 INFO o.a.j.t.JMeterThread: Stopping because end time detected by thread: NCPPServerlessEastGFSPosition-fulltime-1zedd 11-6
2022-07-13 13:56:33,956 INFO o.a.j.t.JMeterThread: Thread finished: NCPPServerlessEastGFSPosition-fulltime-1zedd 11-6
2022-07-13 13:56:33,956 INFO o.a.j.e.StandardJMeterEngine: Starting ThreadGroup: 12 : NCPPServerlessEastGFSPosition-fulltime-halfzedd
2022-07-13 13:56:33,956 INFO o.a.j.e.StandardJMeterEngine: Starting 10 threads for group NCPPServerlessEastGFSPosition-fulltime-halfzedd.
2022-07-13 13:56:33,956 INFO o.a.j.e.StandardJMeterEngine: Thread will continue on error
2022-07-13 13:56:33,956 INFO o.a.j.t.ThreadGroup: Starting thread group... number=12 threads=10 ramp-up=10 delayedStart=false
2022-07-13 13:56:33,956 INFO o.a.j.t.JMeterThread: Thread started: NCPPServerlessEastGFSPosition-fulltime-halfzedd 12-1
2022-07-13 13:56:33,958 INFO o.a.j.t.ThreadGroup: Started thread group number 12
2022-07-13 13:56:33,958 INFO o.a.j.e.StandardJMeterEngine: Waiting for thread group: NCPPServerlessEastGFSPosition-fulltime-halfzedd to finish before starting next group
2022-07-13 13:56:34,967 INFO o.a.j.t.JMeterThread: Thread started: NCPPServerlessEastGFSPosition-fulltime-halfzedd 12-2
2022-07-13 13:56:35,958 INFO o.a.j.t.JMeterThread: Thread started: NCPPServerlessEastGFSPosition-fulltime-halfzedd 12-3
2022-07-13 13:56:36,957 INFO o.a.j.t.JMeterThread: Thread started: NCPPServerlessEastGFSPosition-fulltime-halfzedd 12-4
2022-07-13 13:56:37,958 INFO o.a.j.t.JMeterThread: Thread started: NCPPServerlessEastGFSPosition-fulltime-halfzedd 12-5
2022-07-13 13:56:38,956 INFO o.a.j.t.JMeterThread: Thread started: NCPPServerlessEastGFSPosition-fulltime-halfzedd 12-6
2022-07-13 13:56:39,956 INFO o.a.j.t.JMeterThread: Thread started: NCPPServerlessEastGFSPosition-fulltime-halfzedd 12-7
2022-07-13 13:56:40,956 INFO o.a.j.t.JMeterThread: Thread started: NCPPServerlessEastGFSPosition-fulltime-halfzedd 12-8
2022-07-13 13:56:41,958 INFO o.a.j.t.JMeterThread: Thread started: NCPPServerlessEastGFSPosition-fulltime-halfzedd 12-9
2022-07-13 13:56:42,968 INFO o.a.j.t.JMeterThread: Thread started: NCPPServerlessEastGFSPosition-fulltime-halfzedd 12-10
2022-07-13 13:57:00,319 INFO o.a.j.r.Summariser: summary +    123 in 00:00:30 =    4.1/s Avg:  2029 Min:  1006 Max:  3700 Err:     0 (0.00%) Active: 10 Started: 120 Finished: 110
2022-07-13 13:57:00,319 INFO o.a.j.r.Summariser: summary =  14558 in 00:12:00 =   20.2/s Avg:   448 Min:    36 Max: 26085 Err:     0 (0.00%)
2022-07-13 13:57:30,294 INFO o.a.j.r.Summariser: summary +    127 in 00:00:30 =    4.2/s Avg:  2324 Min:  1966 Max:  2786 Err:     0 (0.00%) Active: 10 Started: 120 Finished: 110
2022-07-13 13:57:30,295 INFO o.a.j.r.Summariser: summary =  14685 in 00:12:30 =   19.6/s Avg:   464 Min:    36 Max: 26085 Err:     0 (0.00%)
2022-07-13 13:57:34,114 INFO o.a.j.t.JMeterThread: Stopping because end time detected by thread: NCPPServerlessEastGFSPosition-fulltime-halfzedd 12-9
2022-07-13 13:57:34,114 INFO o.a.j.t.JMeterThread: Thread finished: NCPPServerlessEastGFSPosition-fulltime-halfzedd 12-9
2022-07-13 13:57:34,249 INFO o.a.j.t.JMeterThread: Stopping because end time detected by thread: NCPPServerlessEastGFSPosition-fulltime-halfzedd 12-8
2022-07-13 13:57:34,249 INFO o.a.j.t.JMeterThread: Thread finished: NCPPServerlessEastGFSPosition-fulltime-halfzedd 12-8
2022-07-13 13:57:35,131 INFO o.a.j.t.JMeterThread: Stopping because end time detected by thread: NCPPServerlessEastGFSPosition-fulltime-halfzedd 12-1
2022-07-13 13:57:35,132 INFO o.a.j.t.JMeterThread: Thread finished: NCPPServerlessEastGFSPosition-fulltime-halfzedd 12-1
2022-07-13 13:57:35,218 INFO o.a.j.t.JMeterThread: Stopping because end time detected by thread: NCPPServerlessEastGFSPosition-fulltime-halfzedd 12-2
2022-07-13 13:57:35,218 INFO o.a.j.t.JMeterThread: Thread finished: NCPPServerlessEastGFSPosition-fulltime-halfzedd 12-2
2022-07-13 13:57:35,265 INFO o.a.j.t.JMeterThread: Stopping because end time detected by thread: NCPPServerlessEastGFSPosition-fulltime-halfzedd 12-5
2022-07-13 13:57:35,265 INFO o.a.j.t.JMeterThread: Thread finished: NCPPServerlessEastGFSPosition-fulltime-halfzedd 12-5
2022-07-13 13:57:35,662 INFO o.a.j.t.JMeterThread: Stopping because end time detected by thread: NCPPServerlessEastGFSPosition-fulltime-halfzedd 12-3
2022-07-13 13:57:35,662 INFO o.a.j.t.JMeterThread: Thread finished: NCPPServerlessEastGFSPosition-fulltime-halfzedd 12-3
2022-07-13 13:57:35,843 INFO o.a.j.t.JMeterThread: Stopping because end time detected by thread: NCPPServerlessEastGFSPosition-fulltime-halfzedd 12-4
2022-07-13 13:57:35,844 INFO o.a.j.t.JMeterThread: Thread finished: NCPPServerlessEastGFSPosition-fulltime-halfzedd 12-4
2022-07-13 13:57:35,869 INFO o.a.j.t.JMeterThread: Stopping because end time detected by thread: NCPPServerlessEastGFSPosition-fulltime-halfzedd 12-7
2022-07-13 13:57:35,870 INFO o.a.j.t.JMeterThread: Thread finished: NCPPServerlessEastGFSPosition-fulltime-halfzedd 12-7
2022-07-13 13:57:35,894 INFO o.a.j.t.JMeterThread: Stopping because end time detected by thread: NCPPServerlessEastGFSPosition-fulltime-halfzedd 12-6
2022-07-13 13:57:35,895 INFO o.a.j.t.JMeterThread: Thread finished: NCPPServerlessEastGFSPosition-fulltime-halfzedd 12-6
2022-07-13 13:57:35,991 INFO o.a.j.t.JMeterThread: Stopping because end time detected by thread: NCPPServerlessEastGFSPosition-fulltime-halfzedd 12-10
2022-07-13 13:57:35,991 INFO o.a.j.t.JMeterThread: Thread finished: NCPPServerlessEastGFSPosition-fulltime-halfzedd 12-10
2022-07-13 13:57:35,991 INFO o.a.j.e.StandardJMeterEngine: Starting ThreadGroup: 13 : NCPPServerlessEastGFSPosition-fulltime-fullzedd
2022-07-13 13:57:35,991 INFO o.a.j.e.StandardJMeterEngine: Starting 10 threads for group NCPPServerlessEastGFSPosition-fulltime-fullzedd.
2022-07-13 13:57:35,991 INFO o.a.j.e.StandardJMeterEngine: Thread will continue on error
2022-07-13 13:57:35,991 INFO o.a.j.t.ThreadGroup: Starting thread group... number=13 threads=10 ramp-up=10 delayedStart=false
2022-07-13 13:57:35,991 INFO o.a.j.t.JMeterThread: Thread started: NCPPServerlessEastGFSPosition-fulltime-fullzedd 13-1
2022-07-13 13:57:35,992 INFO o.a.j.t.ThreadGroup: Started thread group number 13
2022-07-13 13:57:35,992 INFO o.a.j.e.StandardJMeterEngine: Waiting for thread group: NCPPServerlessEastGFSPosition-fulltime-fullzedd to finish before starting next group
2022-07-13 13:57:37,006 INFO o.a.j.t.JMeterThread: Thread started: NCPPServerlessEastGFSPosition-fulltime-fullzedd 13-2
2022-07-13 13:57:37,992 INFO o.a.j.t.JMeterThread: Thread started: NCPPServerlessEastGFSPosition-fulltime-fullzedd 13-3
2022-07-13 13:57:38,992 INFO o.a.j.t.JMeterThread: Thread started: NCPPServerlessEastGFSPosition-fulltime-fullzedd 13-4
2022-07-13 13:57:39,992 INFO o.a.j.t.JMeterThread: Thread started: NCPPServerlessEastGFSPosition-fulltime-fullzedd 13-5
2022-07-13 13:57:40,992 INFO o.a.j.t.JMeterThread: Thread started: NCPPServerlessEastGFSPosition-fulltime-fullzedd 13-6
2022-07-13 13:57:41,992 INFO o.a.j.t.JMeterThread: Thread started: NCPPServerlessEastGFSPosition-fulltime-fullzedd 13-7
2022-07-13 13:57:42,992 INFO o.a.j.t.JMeterThread: Thread started: NCPPServerlessEastGFSPosition-fulltime-fullzedd 13-8
2022-07-13 13:57:43,991 INFO o.a.j.t.JMeterThread: Thread started: NCPPServerlessEastGFSPosition-fulltime-fullzedd 13-9
2022-07-13 13:57:44,991 INFO o.a.j.t.JMeterThread: Thread started: NCPPServerlessEastGFSPosition-fulltime-fullzedd 13-10
