2023-03-13 19:10:45,108 INFO o.a.j.u.JMeterUtils: Setting Locale to en_EN
2023-03-13 19:10:45,118 INFO o.a.j.JMeter: Loading user properties from: /home/ec2-user/apache-jmeter-5.5/bin/user.properties
2023-03-13 19:10:45,119 INFO o.a.j.JMeter: Loading system properties from: /home/ec2-user/apache-jmeter-5.5/bin/system.properties
2023-03-13 19:10:45,124 INFO o.a.j.JMeter: Copyright (c) 1998-2022 The Apache Software Foundation
2023-03-13 19:10:45,124 INFO o.a.j.JMeter: Version 5.5
2023-03-13 19:10:45,124 INFO o.a.j.JMeter: java.version=1.8.0_362
2023-03-13 19:10:45,124 INFO o.a.j.JMeter: java.vm.name=OpenJDK 64-Bit Server VM
2023-03-13 19:10:45,124 INFO o.a.j.JMeter: os.name=Linux
2023-03-13 19:10:45,124 INFO o.a.j.JMeter: os.arch=amd64
2023-03-13 19:10:45,124 INFO o.a.j.JMeter: os.version=5.10.149-133.644.amzn2.x86_64
2023-03-13 19:10:45,124 INFO o.a.j.JMeter: file.encoding=UTF-8
2023-03-13 19:10:45,124 INFO o.a.j.JMeter: java.awt.headless=true
2023-03-13 19:10:45,125 INFO o.a.j.JMeter: Max memory     =26843545600
2023-03-13 19:10:45,125 INFO o.a.j.JMeter: Available Processors =16
2023-03-13 19:10:45,128 INFO o.a.j.JMeter: Default Locale=English (EN)
2023-03-13 19:10:45,129 INFO o.a.j.JMeter: JMeter  Locale=English (EN)
2023-03-13 19:10:45,129 INFO o.a.j.JMeter: JMeterHome=/home/ec2-user/apache-jmeter-5.5
2023-03-13 19:10:45,129 INFO o.a.j.JMeter: user.dir  =/home/ec2-user/ShaneMill1.github.io/WIFS
2023-03-13 19:10:45,129 INFO o.a.j.JMeter: PWD       =/home/ec2-user/ShaneMill1.github.io/WIFS
2023-03-13 19:10:45,130 INFO o.a.j.JMeter: IP: 172.31.14.115 Name: ip-172-31-14-115.ec2.internal FullName: ip-172-31-14-115.ec2.internal
2023-03-13 19:10:45,142 INFO o.a.j.JMeter: Setting property 'jmeter.reportgenerator.outputdir' to:'/home/ec2-user/ShaneMill1.github.io/WIFS/results'
2023-03-13 19:10:45,144 INFO o.a.j.s.FileServer: Default base='/home/ec2-user/ShaneMill1.github.io/WIFS'
2023-03-13 19:10:45,144 INFO o.a.j.s.FileServer: Set new base='/home/ec2-user/ShaneMill1.github.io/WIFS'
2023-03-13 19:10:45,243 INFO o.a.j.s.SaveService: Testplan (JMX) version: 2.2. Testlog (JTL) version: 2.2
2023-03-13 19:10:45,256 INFO o.a.j.s.SaveService: Using SaveService properties file encoding UTF-8
2023-03-13 19:10:45,260 INFO o.a.j.s.SaveService: Using SaveService properties version 5.0
2023-03-13 19:10:45,265 INFO o.a.j.s.SaveService: Loading file: WIFSTestPlan.jmx
2023-03-13 19:10:45,302 INFO o.a.j.p.h.s.HTTPSamplerBase: Parser for text/html is org.apache.jmeter.protocol.http.parser.LagartoBasedHtmlParser
2023-03-13 19:10:45,302 INFO o.a.j.p.h.s.HTTPSamplerBase: Parser for application/xhtml+xml is org.apache.jmeter.protocol.http.parser.LagartoBasedHtmlParser
2023-03-13 19:10:45,302 INFO o.a.j.p.h.s.HTTPSamplerBase: Parser for application/xml is org.apache.jmeter.protocol.http.parser.LagartoBasedHtmlParser
2023-03-13 19:10:45,302 INFO o.a.j.p.h.s.HTTPSamplerBase: Parser for text/xml is org.apache.jmeter.protocol.http.parser.LagartoBasedHtmlParser
2023-03-13 19:10:45,302 INFO o.a.j.p.h.s.HTTPSamplerBase: Parser for text/vnd.wap.wml is org.apache.jmeter.protocol.http.parser.RegexpHTMLParser
2023-03-13 19:10:45,302 INFO o.a.j.p.h.s.HTTPSamplerBase: Parser for text/css is org.apache.jmeter.protocol.http.parser.CssParser
2023-03-13 19:10:45,519 INFO o.a.j.JMeter: Creating summariser <summary>
2023-03-13 19:10:45,527 INFO o.a.j.r.d.ReportGenerator: ReportGenerator will use for Parsing the separator: ','
2023-03-13 19:10:45,527 INFO o.a.j.r.d.ReportGenerator: Will generate report at end of test from  results file: SummaryReport.jtl
2023-03-13 19:10:45,527 INFO o.a.j.r.d.ReportGenerator: Reading report generator properties from: /home/ec2-user/apache-jmeter-5.5/bin/reportgenerator.properties
2023-03-13 19:10:45,527 INFO o.a.j.r.d.ReportGenerator: Merging with JMeter properties
2023-03-13 19:10:45,531 INFO o.a.j.r.c.ReportGeneratorConfiguration: Property 'jmeter.reportgenerator.temp_dir' not found, using default value 'temp' instead.
2023-03-13 19:10:45,534 INFO o.a.j.r.c.ReportGeneratorConfiguration: Property 'jmeter.reportgenerator.apdex_per_transaction' not found, using default value 'null' instead.
2023-03-13 19:10:45,534 INFO o.a.j.r.c.ReportGeneratorConfiguration: apdex_per_transaction is empty, not APDEX per transaction customization
2023-03-13 19:10:45,534 INFO o.a.j.r.c.ReportGeneratorConfiguration: Property 'jmeter.reportgenerator.sample_filter' not found, using default value 'null' instead.
2023-03-13 19:10:45,534 INFO o.a.j.r.c.ReportGeneratorConfiguration: Property 'jmeter.reportgenerator.report_title' not found, using default value 'null' instead.
2023-03-13 19:10:45,534 INFO o.a.j.r.c.ReportGeneratorConfiguration: Property 'jmeter.reportgenerator.start_date' not found, using default value 'null' instead.
2023-03-13 19:10:45,534 INFO o.a.j.r.c.ReportGeneratorConfiguration: Property 'jmeter.reportgenerator.end_date' not found, using default value 'null' instead.
2023-03-13 19:10:45,534 INFO o.a.j.r.c.ReportGeneratorConfiguration: Property 'jmeter.reportgenerator.date_format' not found, using default value 'null' instead.
2023-03-13 19:10:45,534 INFO o.a.j.r.c.ReportGeneratorConfiguration: Will use date range start date: null, end date: null
2023-03-13 19:10:45,537 INFO o.a.j.r.c.ReportGeneratorConfiguration: Property 'jmeter.reportgenerator.graph.totalTPS.exclude_controllers' not found, using default value 'false' instead.
2023-03-13 19:10:45,538 INFO o.a.j.r.c.ReportGeneratorConfiguration: Property 'jmeter.reportgenerator.graph.activeThreadsOverTime.exclude_controllers' not found, using default value 'false' instead.
2023-03-13 19:10:45,538 INFO o.a.j.r.c.ReportGeneratorConfiguration: Property 'jmeter.reportgenerator.graph.timeVsThreads.exclude_controllers' not found, using default value 'false' instead.
2023-03-13 19:10:45,538 INFO o.a.j.r.c.ReportGeneratorConfiguration: Property 'jmeter.reportgenerator.graph.responseTimeDistribution.exclude_controllers' not found, using default value 'false' instead.
2023-03-13 19:10:45,538 INFO o.a.j.r.c.ReportGeneratorConfiguration: Property 'jmeter.reportgenerator.graph.transactionsPerSecond.exclude_controllers' not found, using default value 'false' instead.
2023-03-13 19:10:45,538 INFO o.a.j.r.c.ReportGeneratorConfiguration: Property 'jmeter.reportgenerator.graph.responseTimePercentiles.exclude_controllers' not found, using default value 'false' instead.
2023-03-13 19:10:45,540 INFO o.a.j.r.c.ReportGeneratorConfiguration: Property 'jmeter.reportgenerator.graph.responseTimePercentilesOverTime.exclude_controllers' not found, using default value 'false' instead.
2023-03-13 19:10:45,541 INFO o.a.j.r.c.ReportGeneratorConfiguration: Property 'jmeter.reportgenerator.graph.responseTimesOverTime.exclude_controllers' not found, using default value 'false' instead.
2023-03-13 19:10:45,541 INFO o.a.j.r.c.ReportGeneratorConfiguration: Property 'jmeter.reportgenerator.graph.connectTimeOverTime.exclude_controllers' not found, using default value 'false' instead.
2023-03-13 19:10:45,541 INFO o.a.j.r.c.ReportGeneratorConfiguration: Property 'jmeter.reportgenerator.graph.latenciesOverTime.exclude_controllers' not found, using default value 'false' instead.
2023-03-13 19:10:45,542 INFO o.a.j.r.c.ReportGeneratorConfiguration: Property 'jmeter.reportgenerator.exporter.json.filters_only_sample_series' not found, using default value 'true' instead.
2023-03-13 19:10:45,542 INFO o.a.j.r.c.ReportGeneratorConfiguration: Property 'jmeter.reportgenerator.exporter.json.series_filter' not found, using default value '' instead.
2023-03-13 19:10:45,542 INFO o.a.j.r.c.ReportGeneratorConfiguration: Property 'jmeter.reportgenerator.exporter.json.show_controllers_only' not found, using default value 'false' instead.
2023-03-13 19:10:45,542 INFO o.a.j.r.c.ReportGeneratorConfiguration: Property 'jmeter.reportgenerator.exporter.html.filters_only_sample_series' not found, using default value 'true' instead.
2023-03-13 19:10:45,542 INFO o.a.j.r.c.ReportGeneratorConfiguration: Property 'jmeter.reportgenerator.exporter.html.series_filter' not found, using default value '' instead.
2023-03-13 19:10:45,542 INFO o.a.j.r.c.ReportGeneratorConfiguration: Property 'jmeter.reportgenerator.exporter.html.show_controllers_only' not found, using default value 'false' instead.
2023-03-13 19:10:45,548 INFO o.a.j.e.StandardJMeterEngine: Running the test!
2023-03-13 19:10:45,548 INFO o.a.j.s.SampleEvent: List of sample_variables: []
2023-03-13 19:10:45,548 INFO o.a.j.s.SampleEvent: List of sample_variables: []
2023-03-13 19:10:45,552 INFO o.a.j.e.u.CompoundVariable: Note: Function class names must contain the string: '.functions.'
2023-03-13 19:10:45,552 INFO o.a.j.e.u.CompoundVariable: Note: Function class names must not contain the string: '.gui.'
2023-03-13 19:10:45,747 INFO o.a.j.JMeter: Running test (1678734645747)
2023-03-13 19:10:45,806 INFO o.a.j.e.StandardJMeterEngine: Starting ThreadGroup: 1 : Gridded Thread Group
2023-03-13 19:10:45,806 INFO o.a.j.e.StandardJMeterEngine: Starting 172 threads for group Gridded Thread Group.
2023-03-13 19:10:45,806 INFO o.a.j.e.StandardJMeterEngine: Thread will continue on error
2023-03-13 19:10:45,807 INFO o.a.j.t.ThreadGroup: Starting thread group... number=1 threads=172 ramp-up=10 delayedStart=false
2023-03-13 19:10:45,812 INFO o.a.j.t.JMeterThread: Thread started: Gridded Thread Group 1-1
2023-03-13 19:10:45,831 INFO o.a.j.p.h.s.HTTPHCAbstractImpl: Local host = ip-172-31-14-115.ec2.internal
2023-03-13 19:10:45,838 INFO o.a.j.p.h.s.HTTPHC4Impl: HTTP request retry count = 0
2023-03-13 19:10:45,840 INFO o.a.j.s.SampleResult: Note: Sample TimeStamps are START times
2023-03-13 19:10:45,840 INFO o.a.j.s.SampleResult: sampleresult.default.encoding is set to ISO-8859-1
2023-03-13 19:10:45,840 INFO o.a.j.s.SampleResult: sampleresult.useNanoTime=true
2023-03-13 19:10:45,840 INFO o.a.j.s.SampleResult: sampleresult.nanoThreadSleep=5000
2023-03-13 19:10:45,840 INFO o.a.j.t.ThreadGroup: Started thread group number 1
2023-03-13 19:10:45,840 INFO o.a.j.e.StandardJMeterEngine: Starting ThreadGroup: 2 : OPMET Thread Group
2023-03-13 19:10:45,840 INFO o.a.j.e.StandardJMeterEngine: Starting 14 threads for group OPMET Thread Group.
2023-03-13 19:10:45,840 INFO o.a.j.e.StandardJMeterEngine: Thread will continue on error
2023-03-13 19:10:45,840 INFO o.a.j.t.ThreadGroup: Starting thread group... number=2 threads=14 ramp-up=10 delayedStart=false
2023-03-13 19:10:45,841 INFO o.a.j.t.JMeterThread: Thread started: OPMET Thread Group 2-1
2023-03-13 19:10:45,844 INFO o.a.j.t.ThreadGroup: Started thread group number 2
2023-03-13 19:10:45,844 INFO o.a.j.e.StandardJMeterEngine: All thread groups have been started
2023-03-13 19:10:45,867 INFO o.a.j.t.JMeterThread: Thread started: Gridded Thread Group 1-2
2023-03-13 19:10:45,925 INFO o.a.j.t.JMeterThread: Thread started: Gridded Thread Group 1-3
2023-03-13 19:10:45,982 INFO o.a.j.t.JMeterThread: Thread started: Gridded Thread Group 1-4
2023-03-13 19:10:46,040 INFO o.a.j.t.JMeterThread: Thread started: Gridded Thread Group 1-5
2023-03-13 19:10:46,098 INFO o.a.j.t.JMeterThread: Thread started: Gridded Thread Group 1-6
2023-03-13 19:10:46,156 INFO o.a.j.t.JMeterThread: Thread started: Gridded Thread Group 1-7
2023-03-13 19:10:46,214 INFO o.a.j.t.JMeterThread: Thread started: Gridded Thread Group 1-8
2023-03-13 19:10:46,272 INFO o.a.j.t.JMeterThread: Thread started: Gridded Thread Group 1-9
2023-03-13 19:10:46,330 INFO o.a.j.t.JMeterThread: Thread started: Gridded Thread Group 1-10
2023-03-13 19:10:46,387 INFO o.a.j.t.JMeterThread: Thread started: Gridded Thread Group 1-11
2023-03-13 19:10:46,446 INFO o.a.j.t.JMeterThread: Thread started: Gridded Thread Group 1-12
2023-03-13 19:10:46,503 INFO o.a.j.t.JMeterThread: Thread started: Gridded Thread Group 1-13
2023-03-13 19:10:46,554 INFO o.a.j.t.JMeterThread: Thread started: OPMET Thread Group 2-2
2023-03-13 19:10:46,561 INFO o.a.j.t.JMeterThread: Thread started: Gridded Thread Group 1-14
2023-03-13 19:10:46,620 INFO o.a.j.t.JMeterThread: Thread started: Gridded Thread Group 1-15
2023-03-13 19:10:46,678 INFO o.a.j.t.JMeterThread: Thread started: Gridded Thread Group 1-16
2023-03-13 19:10:46,736 INFO o.a.j.t.JMeterThread: Thread started: Gridded Thread Group 1-17
2023-03-13 19:10:46,794 INFO o.a.j.t.JMeterThread: Thread started: Gridded Thread Group 1-18
2023-03-13 19:10:46,851 INFO o.a.j.t.JMeterThread: Thread started: Gridded Thread Group 1-19
2023-03-13 19:10:46,909 INFO o.a.j.t.JMeterThread: Thread started: Gridded Thread Group 1-20
2023-03-13 19:10:46,968 INFO o.a.j.t.JMeterThread: Thread started: Gridded Thread Group 1-21
2023-03-13 19:10:47,026 INFO o.a.j.t.JMeterThread: Thread started: Gridded Thread Group 1-22
2023-03-13 19:10:47,084 INFO o.a.j.t.JMeterThread: Thread started: Gridded Thread Group 1-23
2023-03-13 19:10:47,141 INFO o.a.j.t.JMeterThread: Thread started: Gridded Thread Group 1-24
2023-03-13 19:10:47,200 INFO o.a.j.t.JMeterThread: Thread started: Gridded Thread Group 1-25
2023-03-13 19:10:47,258 INFO o.a.j.t.JMeterThread: Thread started: Gridded Thread Group 1-26
2023-03-13 19:10:47,268 INFO o.a.j.t.JMeterThread: Thread started: OPMET Thread Group 2-3
2023-03-13 19:10:47,315 INFO o.a.j.t.JMeterThread: Thread started: Gridded Thread Group 1-27
2023-03-13 19:10:47,373 INFO o.a.j.t.JMeterThread: Thread started: Gridded Thread Group 1-28
2023-03-13 19:10:47,431 INFO o.a.j.t.JMeterThread: Thread started: Gridded Thread Group 1-29
2023-03-13 19:10:47,490 INFO o.a.j.t.JMeterThread: Thread started: Gridded Thread Group 1-30
2023-03-13 19:10:47,548 INFO o.a.j.t.JMeterThread: Thread started: Gridded Thread Group 1-31
2023-03-13 19:10:47,606 INFO o.a.j.t.JMeterThread: Thread started: Gridded Thread Group 1-32
2023-03-13 19:10:47,663 INFO o.a.j.t.JMeterThread: Thread started: Gridded Thread Group 1-33
2023-03-13 19:10:47,721 INFO o.a.j.t.JMeterThread: Thread started: Gridded Thread Group 1-34
2023-03-13 19:10:47,779 INFO o.a.j.t.JMeterThread: Thread started: Gridded Thread Group 1-35
2023-03-13 19:10:47,838 INFO o.a.j.t.JMeterThread: Thread started: Gridded Thread Group 1-36
2023-03-13 19:10:47,895 INFO o.a.j.t.JMeterThread: Thread started: Gridded Thread Group 1-37
2023-03-13 19:10:47,953 INFO o.a.j.t.JMeterThread: Thread started: Gridded Thread Group 1-38
2023-03-13 19:10:47,983 INFO o.a.j.t.JMeterThread: Thread started: OPMET Thread Group 2-4
2023-03-13 19:10:48,011 INFO o.a.j.t.JMeterThread: Thread started: Gridded Thread Group 1-39
2023-03-13 19:10:48,070 INFO o.a.j.t.JMeterThread: Thread started: Gridded Thread Group 1-40
2023-03-13 19:10:48,128 INFO o.a.j.t.JMeterThread: Thread started: Gridded Thread Group 1-41
2023-03-13 19:10:48,186 INFO o.a.j.t.JMeterThread: Thread started: Gridded Thread Group 1-42
2023-03-13 19:10:48,243 INFO o.a.j.t.JMeterThread: Thread started: Gridded Thread Group 1-43
2023-03-13 19:10:48,301 INFO o.a.j.t.JMeterThread: Thread started: Gridded Thread Group 1-44
2023-03-13 19:10:48,359 INFO o.a.j.t.JMeterThread: Thread started: Gridded Thread Group 1-45
2023-03-13 19:10:48,418 INFO o.a.j.t.JMeterThread: Thread started: Gridded Thread Group 1-46
2023-03-13 19:10:48,475 INFO o.a.j.t.JMeterThread: Thread started: Gridded Thread Group 1-47
2023-03-13 19:10:48,533 INFO o.a.j.t.JMeterThread: Thread started: Gridded Thread Group 1-48
2023-03-13 19:10:48,592 INFO o.a.j.t.JMeterThread: Thread started: Gridded Thread Group 1-49
2023-03-13 19:10:48,649 INFO o.a.j.t.JMeterThread: Thread started: Gridded Thread Group 1-50
2023-03-13 19:10:48,696 INFO o.a.j.t.JMeterThread: Thread started: OPMET Thread Group 2-5
2023-03-13 19:10:48,708 INFO o.a.j.t.JMeterThread: Thread started: Gridded Thread Group 1-51
2023-03-13 19:10:48,766 INFO o.a.j.t.JMeterThread: Thread started: Gridded Thread Group 1-52
2023-03-13 19:10:48,823 INFO o.a.j.t.JMeterThread: Thread started: Gridded Thread Group 1-53
2023-03-13 19:10:48,881 INFO o.a.j.t.JMeterThread: Thread started: Gridded Thread Group 1-54
2023-03-13 19:10:48,940 INFO o.a.j.t.JMeterThread: Thread started: Gridded Thread Group 1-55
2023-03-13 19:10:48,998 INFO o.a.j.t.JMeterThread: Thread started: Gridded Thread Group 1-56
2023-03-13 19:10:49,055 INFO o.a.j.t.JMeterThread: Thread started: Gridded Thread Group 1-57
2023-03-13 19:10:49,114 INFO o.a.j.t.JMeterThread: Thread started: Gridded Thread Group 1-58
2023-03-13 19:10:49,172 INFO o.a.j.t.JMeterThread: Thread started: Gridded Thread Group 1-59
2023-03-13 19:10:49,229 INFO o.a.j.t.JMeterThread: Thread started: Gridded Thread Group 1-60
2023-03-13 19:10:49,287 INFO o.a.j.t.JMeterThread: Thread started: Gridded Thread Group 1-61
2023-03-13 19:10:49,345 INFO o.a.j.t.JMeterThread: Thread started: Gridded Thread Group 1-62
2023-03-13 19:10:49,404 INFO o.a.j.t.JMeterThread: Thread started: Gridded Thread Group 1-63
2023-03-13 19:10:49,411 INFO o.a.j.t.JMeterThread: Thread started: OPMET Thread Group 2-6
2023-03-13 19:10:49,462 INFO o.a.j.t.JMeterThread: Thread started: Gridded Thread Group 1-64
2023-03-13 19:10:49,519 INFO o.a.j.t.JMeterThread: Thread started: Gridded Thread Group 1-65
2023-03-13 19:10:49,577 INFO o.a.j.t.JMeterThread: Thread started: Gridded Thread Group 1-66
2023-03-13 19:10:49,635 INFO o.a.j.t.JMeterThread: Thread started: Gridded Thread Group 1-67
2023-03-13 19:10:49,694 INFO o.a.j.t.JMeterThread: Thread started: Gridded Thread Group 1-68
2023-03-13 19:10:49,751 INFO o.a.j.t.JMeterThread: Thread started: Gridded Thread Group 1-69
2023-03-13 19:10:49,810 INFO o.a.j.t.JMeterThread: Thread started: Gridded Thread Group 1-70
2023-03-13 19:10:49,868 INFO o.a.j.t.JMeterThread: Thread started: Gridded Thread Group 1-71
2023-03-13 19:10:49,925 INFO o.a.j.t.JMeterThread: Thread started: Gridded Thread Group 1-72
2023-03-13 19:10:49,983 INFO o.a.j.t.JMeterThread: Thread started: Gridded Thread Group 1-73
2023-03-13 19:10:50,042 INFO o.a.j.t.JMeterThread: Thread started: Gridded Thread Group 1-74
2023-03-13 19:10:50,099 INFO o.a.j.t.JMeterThread: Thread started: Gridded Thread Group 1-75
2023-03-13 19:10:50,124 INFO o.a.j.t.JMeterThread: Thread started: OPMET Thread Group 2-7
2023-03-13 19:10:50,157 INFO o.a.j.t.JMeterThread: Thread started: Gridded Thread Group 1-76
2023-03-13 19:10:50,216 INFO o.a.j.t.JMeterThread: Thread started: Gridded Thread Group 1-77
2023-03-13 19:10:50,273 INFO o.a.j.t.JMeterThread: Thread started: Gridded Thread Group 1-78
2023-03-13 19:10:50,331 INFO o.a.j.t.JMeterThread: Thread started: Gridded Thread Group 1-79
2023-03-13 19:10:50,389 INFO o.a.j.t.JMeterThread: Thread started: Gridded Thread Group 1-80
2023-03-13 19:10:50,447 INFO o.a.j.t.JMeterThread: Thread started: Gridded Thread Group 1-81
2023-03-13 19:10:50,505 INFO o.a.j.t.JMeterThread: Thread started: Gridded Thread Group 1-82
2023-03-13 19:10:50,564 INFO o.a.j.t.JMeterThread: Thread started: Gridded Thread Group 1-83
2023-03-13 19:10:50,621 INFO o.a.j.t.JMeterThread: Thread started: Gridded Thread Group 1-84
2023-03-13 19:10:50,679 INFO o.a.j.t.JMeterThread: Thread started: Gridded Thread Group 1-85
2023-03-13 19:10:50,737 INFO o.a.j.t.JMeterThread: Thread started: Gridded Thread Group 1-86
2023-03-13 19:10:50,796 INFO o.a.j.t.JMeterThread: Thread started: Gridded Thread Group 1-87
2023-03-13 19:10:50,839 INFO o.a.j.t.JMeterThread: Thread started: OPMET Thread Group 2-8
2023-03-13 19:10:50,853 INFO o.a.j.t.JMeterThread: Thread started: Gridded Thread Group 1-88
2023-03-13 19:10:50,912 INFO o.a.j.t.JMeterThread: Thread started: Gridded Thread Group 1-89
2023-03-13 19:10:50,970 INFO o.a.j.t.JMeterThread: Thread started: Gridded Thread Group 1-90
2023-03-13 19:10:51,027 INFO o.a.j.t.JMeterThread: Thread started: Gridded Thread Group 1-91
2023-03-13 19:10:51,085 INFO o.a.j.t.JMeterThread: Thread started: Gridded Thread Group 1-92
2023-03-13 19:10:51,144 INFO o.a.j.t.JMeterThread: Thread started: Gridded Thread Group 1-93
2023-03-13 19:10:51,201 INFO o.a.j.t.JMeterThread: Thread started: Gridded Thread Group 1-94
2023-03-13 19:10:51,259 INFO o.a.j.t.JMeterThread: Thread started: Gridded Thread Group 1-95
2023-03-13 19:10:51,317 INFO o.a.j.t.JMeterThread: Thread started: Gridded Thread Group 1-96
2023-03-13 19:10:51,376 INFO o.a.j.t.JMeterThread: Thread started: Gridded Thread Group 1-97
2023-03-13 19:10:51,434 INFO o.a.j.t.JMeterThread: Thread started: Gridded Thread Group 1-98
2023-03-13 19:10:51,491 INFO o.a.j.t.JMeterThread: Thread started: Gridded Thread Group 1-99
2023-03-13 19:10:51,550 INFO o.a.j.t.JMeterThread: Thread started: Gridded Thread Group 1-100
2023-03-13 19:10:51,553 INFO o.a.j.t.JMeterThread: Thread started: OPMET Thread Group 2-9
2023-03-13 19:10:51,607 INFO o.a.j.t.JMeterThread: Thread started: Gridded Thread Group 1-101
2023-03-13 19:10:51,665 INFO o.a.j.t.JMeterThread: Thread started: Gridded Thread Group 1-102
2023-03-13 19:10:51,724 INFO o.a.j.t.JMeterThread: Thread started: Gridded Thread Group 1-103
2023-03-13 19:10:51,782 INFO o.a.j.t.JMeterThread: Thread started: Gridded Thread Group 1-104
2023-03-13 19:10:51,839 INFO o.a.j.t.JMeterThread: Thread started: Gridded Thread Group 1-105
2023-03-13 19:10:51,898 INFO o.a.j.t.JMeterThread: Thread started: Gridded Thread Group 1-106
2023-03-13 19:10:51,955 INFO o.a.j.t.JMeterThread: Thread started: Gridded Thread Group 1-107
2023-03-13 19:10:52,013 INFO o.a.j.t.JMeterThread: Thread started: Gridded Thread Group 1-108
2023-03-13 19:10:52,071 INFO o.a.j.t.JMeterThread: Thread started: Gridded Thread Group 1-109
2023-03-13 19:10:52,130 INFO o.a.j.t.JMeterThread: Thread started: Gridded Thread Group 1-110
2023-03-13 19:10:52,187 INFO o.a.j.t.JMeterThread: Thread started: Gridded Thread Group 1-111
2023-03-13 19:10:52,245 INFO o.a.j.t.JMeterThread: Thread started: Gridded Thread Group 1-112
2023-03-13 19:10:52,266 INFO o.a.j.t.JMeterThread: Thread started: OPMET Thread Group 2-10
2023-03-13 19:10:52,304 INFO o.a.j.t.JMeterThread: Thread started: Gridded Thread Group 1-113
2023-03-13 19:10:52,361 INFO o.a.j.t.JMeterThread: Thread started: Gridded Thread Group 1-114
2023-03-13 19:10:52,419 INFO o.a.j.t.JMeterThread: Thread started: Gridded Thread Group 1-115
2023-03-13 19:10:52,478 INFO o.a.j.t.JMeterThread: Thread started: Gridded Thread Group 1-116
2023-03-13 19:10:52,536 INFO o.a.j.t.JMeterThread: Thread started: Gridded Thread Group 1-117
2023-03-13 19:10:52,593 INFO o.a.j.t.JMeterThread: Thread started: Gridded Thread Group 1-118
2023-03-13 19:10:52,652 INFO o.a.j.t.JMeterThread: Thread started: Gridded Thread Group 1-119
2023-03-13 19:10:52,709 INFO o.a.j.t.JMeterThread: Thread started: Gridded Thread Group 1-120
2023-03-13 19:10:52,767 INFO o.a.j.t.JMeterThread: Thread started: Gridded Thread Group 1-121
2023-03-13 19:10:52,826 INFO o.a.j.t.JMeterThread: Thread started: Gridded Thread Group 1-122
2023-03-13 19:10:52,884 INFO o.a.j.t.JMeterThread: Thread started: Gridded Thread Group 1-123
2023-03-13 19:10:52,941 INFO o.a.j.t.JMeterThread: Thread started: Gridded Thread Group 1-124
2023-03-13 19:10:52,980 INFO o.a.j.t.JMeterThread: Thread started: OPMET Thread Group 2-11
2023-03-13 19:10:52,999 INFO o.a.j.t.JMeterThread: Thread started: Gridded Thread Group 1-125
2023-03-13 19:10:53,057 INFO o.a.j.t.JMeterThread: Thread started: Gridded Thread Group 1-126
2023-03-13 19:10:53,116 INFO o.a.j.t.JMeterThread: Thread started: Gridded Thread Group 1-127
2023-03-13 19:10:53,174 INFO o.a.j.t.JMeterThread: Thread started: Gridded Thread Group 1-128
2023-03-13 19:10:53,231 INFO o.a.j.t.JMeterThread: Thread started: Gridded Thread Group 1-129
2023-03-13 19:10:53,290 INFO o.a.j.t.JMeterThread: Thread started: Gridded Thread Group 1-130
2023-03-13 19:10:53,347 INFO o.a.j.t.JMeterThread: Thread started: Gridded Thread Group 1-131
2023-03-13 19:10:53,405 INFO o.a.j.t.JMeterThread: Thread started: Gridded Thread Group 1-132
2023-03-13 19:10:53,463 INFO o.a.j.t.JMeterThread: Thread started: Gridded Thread Group 1-133
2023-03-13 19:10:53,522 INFO o.a.j.t.JMeterThread: Thread started: Gridded Thread Group 1-134
2023-03-13 19:10:53,579 INFO o.a.j.t.JMeterThread: Thread started: Gridded Thread Group 1-135
2023-03-13 19:10:53,637 INFO o.a.j.t.JMeterThread: Thread started: Gridded Thread Group 1-136
2023-03-13 19:10:53,695 INFO o.a.j.t.JMeterThread: Thread started: OPMET Thread Group 2-12
2023-03-13 19:10:53,696 INFO o.a.j.t.JMeterThread: Thread started: Gridded Thread Group 1-137
2023-03-13 19:10:53,753 INFO o.a.j.t.JMeterThread: Thread started: Gridded Thread Group 1-138
2023-03-13 19:10:53,811 INFO o.a.j.t.JMeterThread: Thread started: Gridded Thread Group 1-139
2023-03-13 19:10:53,869 INFO o.a.j.t.JMeterThread: Thread started: Gridded Thread Group 1-140
2023-03-13 19:10:53,927 INFO o.a.j.t.JMeterThread: Thread started: Gridded Thread Group 1-141
2023-03-13 19:10:53,986 INFO o.a.j.t.JMeterThread: Thread started: Gridded Thread Group 1-142
2023-03-13 19:10:54,044 INFO o.a.j.t.JMeterThread: Thread started: Gridded Thread Group 1-143
2023-03-13 19:10:54,101 INFO o.a.j.t.JMeterThread: Thread started: Gridded Thread Group 1-144
2023-03-13 19:10:54,160 INFO o.a.j.t.JMeterThread: Thread started: Gridded Thread Group 1-145
2023-03-13 19:10:54,217 INFO o.a.j.t.JMeterThread: Thread started: Gridded Thread Group 1-146
2023-03-13 19:10:54,275 INFO o.a.j.t.JMeterThread: Thread started: Gridded Thread Group 1-147
2023-03-13 19:10:54,333 INFO o.a.j.t.JMeterThread: Thread started: Gridded Thread Group 1-148
2023-03-13 19:10:54,391 INFO o.a.j.t.JMeterThread: Thread started: Gridded Thread Group 1-149
2023-03-13 19:10:54,410 INFO o.a.j.t.JMeterThread: Thread started: OPMET Thread Group 2-13
2023-03-13 19:10:54,450 INFO o.a.j.t.JMeterThread: Thread started: Gridded Thread Group 1-150
2023-03-13 19:10:54,507 INFO o.a.j.t.JMeterThread: Thread started: Gridded Thread Group 1-151
2023-03-13 19:10:54,565 INFO o.a.j.t.JMeterThread: Thread started: Gridded Thread Group 1-152
2023-03-13 19:10:54,624 INFO o.a.j.t.JMeterThread: Thread started: Gridded Thread Group 1-153
2023-03-13 19:10:54,681 INFO o.a.j.t.JMeterThread: Thread started: Gridded Thread Group 1-154
2023-03-13 19:10:54,739 INFO o.a.j.t.JMeterThread: Thread started: Gridded Thread Group 1-155
2023-03-13 19:10:54,797 INFO o.a.j.t.JMeterThread: Thread started: Gridded Thread Group 1-156
2023-03-13 19:10:54,855 INFO o.a.j.t.JMeterThread: Thread started: Gridded Thread Group 1-157
2023-03-13 19:10:54,914 INFO o.a.j.t.JMeterThread: Thread started: Gridded Thread Group 1-158
2023-03-13 19:10:54,972 INFO o.a.j.t.JMeterThread: Thread started: Gridded Thread Group 1-159
2023-03-13 19:10:55,029 INFO o.a.j.t.JMeterThread: Thread started: Gridded Thread Group 1-160
2023-03-13 19:10:55,088 INFO o.a.j.t.JMeterThread: Thread started: Gridded Thread Group 1-161
2023-03-13 19:10:55,122 INFO o.a.j.t.JMeterThread: Thread started: OPMET Thread Group 2-14
2023-03-13 19:10:55,145 INFO o.a.j.t.JMeterThread: Thread started: Gridded Thread Group 1-162
2023-03-13 19:10:55,203 INFO o.a.j.t.JMeterThread: Thread started: Gridded Thread Group 1-163
2023-03-13 19:10:55,261 INFO o.a.j.t.JMeterThread: Thread started: Gridded Thread Group 1-164
2023-03-13 19:10:55,319 INFO o.a.j.t.JMeterThread: Thread started: Gridded Thread Group 1-165
2023-03-13 19:10:55,377 INFO o.a.j.t.JMeterThread: Thread started: Gridded Thread Group 1-166
2023-03-13 19:10:55,436 INFO o.a.j.t.JMeterThread: Thread started: Gridded Thread Group 1-167
2023-03-13 19:10:55,494 INFO o.a.j.t.JMeterThread: Thread started: Gridded Thread Group 1-168
2023-03-13 19:10:55,551 INFO o.a.j.t.JMeterThread: Thread started: Gridded Thread Group 1-169
2023-03-13 19:10:55,610 INFO o.a.j.t.JMeterThread: Thread started: Gridded Thread Group 1-170
2023-03-13 19:10:55,667 INFO o.a.j.t.JMeterThread: Thread started: Gridded Thread Group 1-171
2023-03-13 19:10:55,725 INFO o.a.j.t.JMeterThread: Thread started: Gridded Thread Group 1-172
2023-03-13 19:11:00,041 INFO o.a.j.r.Summariser: summary +    479 in 00:00:14 =   33.5/s Avg:  2608 Min:   177 Max:  4968 Err:     0 (0.00%) Active: 186 Started: 186 Finished: 0
2023-03-13 19:11:30,047 INFO o.a.j.r.Summariser: summary +    941 in 00:00:30 =   31.4/s Avg:  5871 Min:  4256 Max:  7505 Err:     0 (0.00%) Active: 186 Started: 186 Finished: 0
2023-03-13 19:11:30,048 INFO o.a.j.r.Summariser: summary =   1420 in 00:00:44 =   32.1/s Avg:  4770 Min:   177 Max:  7505 Err:     0 (0.00%)
2023-03-13 19:11:45,849 INFO o.a.j.t.JMeterThread: Stopping because end time detected by thread: Gridded Thread Group 1-156
2023-03-13 19:11:45,849 INFO o.a.j.t.JMeterThread: Thread finished: Gridded Thread Group 1-156
2023-03-13 19:11:45,857 INFO o.a.j.t.JMeterThread: Stopping because end time detected by thread: Gridded Thread Group 1-41
2023-03-13 19:11:45,857 INFO o.a.j.t.JMeterThread: Thread finished: Gridded Thread Group 1-41
2023-03-13 19:11:45,930 INFO o.a.j.t.JMeterThread: Stopping because end time detected by thread: Gridded Thread Group 1-71
2023-03-13 19:11:45,930 INFO o.a.j.t.JMeterThread: Thread finished: Gridded Thread Group 1-71
2023-03-13 19:11:45,940 INFO o.a.j.t.JMeterThread: Stopping because end time detected by thread: Gridded Thread Group 1-18
2023-03-13 19:11:45,940 INFO o.a.j.t.JMeterThread: Thread finished: Gridded Thread Group 1-18
2023-03-13 19:11:45,950 INFO o.a.j.t.JMeterThread: Stopping because end time detected by thread: Gridded Thread Group 1-10
2023-03-13 19:11:45,950 INFO o.a.j.t.JMeterThread: Thread finished: Gridded Thread Group 1-10
2023-03-13 19:11:45,980 INFO o.a.j.t.JMeterThread: Stopping because end time detected by thread: Gridded Thread Group 1-145
2023-03-13 19:11:45,981 INFO o.a.j.t.JMeterThread: Thread finished: Gridded Thread Group 1-145
2023-03-13 19:11:46,030 INFO o.a.j.t.JMeterThread: Stopping because end time detected by thread: Gridded Thread Group 1-78
2023-03-13 19:11:46,030 INFO o.a.j.t.JMeterThread: Thread finished: Gridded Thread Group 1-78
2023-03-13 19:11:46,039 INFO o.a.j.t.JMeterThread: Stopping because end time detected by thread: Gridded Thread Group 1-16
2023-03-13 19:11:46,039 INFO o.a.j.t.JMeterThread: Thread finished: Gridded Thread Group 1-16
2023-03-13 19:11:46,083 INFO o.a.j.t.JMeterThread: Stopping because end time detected by thread: Gridded Thread Group 1-76
2023-03-13 19:11:46,083 INFO o.a.j.t.JMeterThread: Thread finished: Gridded Thread Group 1-76
2023-03-13 19:11:46,097 INFO o.a.j.t.JMeterThread: Stopping because end time detected by thread: Gridded Thread Group 1-151
2023-03-13 19:11:46,097 INFO o.a.j.t.JMeterThread: Thread finished: Gridded Thread Group 1-151
2023-03-13 19:11:46,107 INFO o.a.j.t.JMeterThread: Stopping because end time detected by thread: Gridded Thread Group 1-110
2023-03-13 19:11:46,107 INFO o.a.j.t.JMeterThread: Thread finished: Gridded Thread Group 1-110
2023-03-13 19:11:46,156 INFO o.a.j.t.JMeterThread: Stopping because end time detected by thread: Gridded Thread Group 1-63
2023-03-13 19:11:46,156 INFO o.a.j.t.JMeterThread: Thread finished: Gridded Thread Group 1-63
2023-03-13 19:11:46,191 INFO o.a.j.t.JMeterThread: Stopping because end time detected by thread: Gridded Thread Group 1-100
2023-03-13 19:11:46,191 INFO o.a.j.t.JMeterThread: Thread finished: Gridded Thread Group 1-100
2023-03-13 19:11:46,192 INFO o.a.j.t.JMeterThread: Stopping because end time detected by thread: Gridded Thread Group 1-44
2023-03-13 19:11:46,192 INFO o.a.j.t.JMeterThread: Thread finished: Gridded Thread Group 1-44
2023-03-13 19:11:46,219 INFO o.a.j.t.JMeterThread: Stopping because end time detected by thread: Gridded Thread Group 1-158
2023-03-13 19:11:46,219 INFO o.a.j.t.JMeterThread: Thread finished: Gridded Thread Group 1-158
2023-03-13 19:11:46,274 INFO o.a.j.t.JMeterThread: Stopping because end time detected by thread: Gridded Thread Group 1-167
2023-03-13 19:11:46,274 INFO o.a.j.t.JMeterThread: Thread finished: Gridded Thread Group 1-167
2023-03-13 19:11:46,283 INFO o.a.j.t.JMeterThread: Stopping because end time detected by thread: Gridded Thread Group 1-82
2023-03-13 19:11:46,283 INFO o.a.j.t.JMeterThread: Thread finished: Gridded Thread Group 1-82
2023-03-13 19:11:46,283 INFO o.a.j.t.JMeterThread: Stopping because end time detected by thread: Gridded Thread Group 1-107
2023-03-13 19:11:46,284 INFO o.a.j.t.JMeterThread: Thread finished: Gridded Thread Group 1-107
2023-03-13 19:11:46,294 INFO o.a.j.t.JMeterThread: Stopping because end time detected by thread: Gridded Thread Group 1-8
2023-03-13 19:11:46,294 INFO o.a.j.t.JMeterThread: Thread finished: Gridded Thread Group 1-8
2023-03-13 19:11:46,386 INFO o.a.j.t.JMeterThread: Stopping because end time detected by thread: Gridded Thread Group 1-29
2023-03-13 19:11:46,386 INFO o.a.j.t.JMeterThread: Thread finished: Gridded Thread Group 1-29
2023-03-13 19:11:46,392 INFO o.a.j.t.JMeterThread: Stopping because end time detected by thread: Gridded Thread Group 1-85
2023-03-13 19:11:46,392 INFO o.a.j.t.JMeterThread: Thread finished: Gridded Thread Group 1-85
2023-03-13 19:11:46,411 INFO o.a.j.t.JMeterThread: Stopping because end time detected by thread: OPMET Thread Group 2-13
2023-03-13 19:11:46,411 INFO o.a.j.t.JMeterThread: Thread finished: OPMET Thread Group 2-13
2023-03-13 19:11:46,443 INFO o.a.j.t.JMeterThread: Stopping because end time detected by thread: Gridded Thread Group 1-160
2023-03-13 19:11:46,443 INFO o.a.j.t.JMeterThread: Thread finished: Gridded Thread Group 1-160
2023-03-13 19:11:46,480 INFO o.a.j.t.JMeterThread: Stopping because end time detected by thread: Gridded Thread Group 1-52
2023-03-13 19:11:46,480 INFO o.a.j.t.JMeterThread: Thread finished: Gridded Thread Group 1-52
2023-03-13 19:11:46,488 INFO o.a.j.t.JMeterThread: Stopping because end time detected by thread: Gridded Thread Group 1-92
2023-03-13 19:11:46,488 INFO o.a.j.t.JMeterThread: Thread finished: Gridded Thread Group 1-92
2023-03-13 19:11:46,510 INFO o.a.j.t.JMeterThread: Stopping because end time detected by thread: Gridded Thread Group 1-162
2023-03-13 19:11:46,510 INFO o.a.j.t.JMeterThread: Thread finished: Gridded Thread Group 1-162
2023-03-13 19:11:46,577 INFO o.a.j.t.JMeterThread: Stopping because end time detected by thread: OPMET Thread Group 2-14
2023-03-13 19:11:46,577 INFO o.a.j.t.JMeterThread: Thread finished: OPMET Thread Group 2-14
2023-03-13 19:11:46,608 INFO o.a.j.t.JMeterThread: Stopping because end time detected by thread: Gridded Thread Group 1-2
2023-03-13 19:11:46,608 INFO o.a.j.t.JMeterThread: Thread finished: Gridded Thread Group 1-2
2023-03-13 19:11:46,614 INFO o.a.j.t.JMeterThread: Stopping because end time detected by thread: Gridded Thread Group 1-6
2023-03-13 19:11:46,614 INFO o.a.j.t.JMeterThread: Thread finished: Gridded Thread Group 1-6
2023-03-13 19:11:46,627 INFO o.a.j.t.JMeterThread: Stopping because end time detected by thread: Gridded Thread Group 1-36
2023-03-13 19:11:46,628 INFO o.a.j.t.JMeterThread: Thread finished: Gridded Thread Group 1-36
2023-03-13 19:11:46,647 INFO o.a.j.t.JMeterThread: Stopping because end time detected by thread: Gridded Thread Group 1-105
2023-03-13 19:11:46,647 INFO o.a.j.t.JMeterThread: Thread finished: Gridded Thread Group 1-105
2023-03-13 19:11:46,694 INFO o.a.j.t.JMeterThread: Stopping because end time detected by thread: Gridded Thread Group 1-4
2023-03-13 19:11:46,694 INFO o.a.j.t.JMeterThread: Thread finished: Gridded Thread Group 1-4
2023-03-13 19:11:46,716 INFO o.a.j.t.JMeterThread: Stopping because end time detected by thread: Gridded Thread Group 1-13
2023-03-13 19:11:46,716 INFO o.a.j.t.JMeterThread: Thread finished: Gridded Thread Group 1-13
2023-03-13 19:11:46,761 INFO o.a.j.t.JMeterThread: Stopping because end time detected by thread: Gridded Thread Group 1-117
2023-03-13 19:11:46,761 INFO o.a.j.t.JMeterThread: Thread finished: Gridded Thread Group 1-117
2023-03-13 19:11:46,767 INFO o.a.j.t.JMeterThread: Stopping because end time detected by thread: Gridded Thread Group 1-166
2023-03-13 19:11:46,767 INFO o.a.j.t.JMeterThread: Thread finished: Gridded Thread Group 1-166
2023-03-13 19:11:46,783 INFO o.a.j.t.JMeterThread: Stopping because end time detected by thread: Gridded Thread Group 1-154
2023-03-13 19:11:46,783 INFO o.a.j.t.JMeterThread: Thread finished: Gridded Thread Group 1-154
2023-03-13 19:11:46,815 INFO o.a.j.t.JMeterThread: Stopping because end time detected by thread: Gridded Thread Group 1-89
2023-03-13 19:11:46,815 INFO o.a.j.t.JMeterThread: Thread finished: Gridded Thread Group 1-89
2023-03-13 19:11:46,864 INFO o.a.j.t.JMeterThread: Stopping because end time detected by thread: Gridded Thread Group 1-26
2023-03-13 19:11:46,864 INFO o.a.j.t.JMeterThread: Thread finished: Gridded Thread Group 1-26
2023-03-13 19:11:46,872 INFO o.a.j.t.JMeterThread: Stopping because end time detected by thread: Gridded Thread Group 1-1
2023-03-13 19:11:46,872 INFO o.a.j.t.JMeterThread: Thread finished: Gridded Thread Group 1-1
2023-03-13 19:11:46,905 INFO o.a.j.t.JMeterThread: Stopping because end time detected by thread: Gridded Thread Group 1-106
2023-03-13 19:11:46,905 INFO o.a.j.t.JMeterThread: Thread finished: Gridded Thread Group 1-106
2023-03-13 19:11:46,962 INFO o.a.j.t.JMeterThread: Stopping because end time detected by thread: Gridded Thread Group 1-109
2023-03-13 19:11:46,962 INFO o.a.j.t.JMeterThread: Thread finished: Gridded Thread Group 1-109
2023-03-13 19:11:46,972 INFO o.a.j.t.JMeterThread: Stopping because end time detected by thread: Gridded Thread Group 1-150
2023-03-13 19:11:46,972 INFO o.a.j.t.JMeterThread: Thread finished: Gridded Thread Group 1-150
2023-03-13 19:11:47,013 INFO o.a.j.t.JMeterThread: Stopping because end time detected by thread: Gridded Thread Group 1-25
2023-03-13 19:11:47,013 INFO o.a.j.t.JMeterThread: Thread finished: Gridded Thread Group 1-25
2023-03-13 19:11:47,031 INFO o.a.j.t.JMeterThread: Stopping because end time detected by thread: Gridded Thread Group 1-40
2023-03-13 19:11:47,031 INFO o.a.j.t.JMeterThread: Thread finished: Gridded Thread Group 1-40
2023-03-13 19:11:47,061 INFO o.a.j.t.JMeterThread: Stopping because end time detected by thread: Gridded Thread Group 1-111
2023-03-13 19:11:47,061 INFO o.a.j.t.JMeterThread: Thread finished: Gridded Thread Group 1-111
2023-03-13 19:11:47,112 INFO o.a.j.t.JMeterThread: Stopping because end time detected by thread: Gridded Thread Group 1-112
2023-03-13 19:11:47,112 INFO o.a.j.t.JMeterThread: Thread finished: Gridded Thread Group 1-112
2023-03-13 19:11:47,117 INFO o.a.j.t.JMeterThread: Stopping because end time detected by thread: OPMET Thread Group 2-8
2023-03-13 19:11:47,117 INFO o.a.j.t.JMeterThread: Thread finished: OPMET Thread Group 2-8
2023-03-13 19:11:47,158 INFO o.a.j.t.JMeterThread: Stopping because end time detected by thread: Gridded Thread Group 1-68
2023-03-13 19:11:47,158 INFO o.a.j.t.JMeterThread: Thread finished: Gridded Thread Group 1-68
2023-03-13 19:11:47,193 INFO o.a.j.t.JMeterThread: Stopping because end time detected by thread: Gridded Thread Group 1-171
2023-03-13 19:11:47,193 INFO o.a.j.t.JMeterThread: Thread finished: Gridded Thread Group 1-171
2023-03-13 19:11:47,254 INFO o.a.j.t.JMeterThread: Stopping because end time detected by thread: Gridded Thread Group 1-108
2023-03-13 19:11:47,254 INFO o.a.j.t.JMeterThread: Thread finished: Gridded Thread Group 1-108
2023-03-13 19:11:47,270 INFO o.a.j.t.JMeterThread: Stopping because end time detected by thread: Gridded Thread Group 1-33
2023-03-13 19:11:47,270 INFO o.a.j.t.JMeterThread: Thread finished: Gridded Thread Group 1-33
2023-03-13 19:11:47,273 INFO o.a.j.t.JMeterThread: Stopping because end time detected by thread: Gridded Thread Group 1-3
2023-03-13 19:11:47,273 INFO o.a.j.t.JMeterThread: Thread finished: Gridded Thread Group 1-3
2023-03-13 19:11:47,280 INFO o.a.j.t.JMeterThread: Stopping because end time detected by thread: Gridded Thread Group 1-125
2023-03-13 19:11:47,280 INFO o.a.j.t.JMeterThread: Thread finished: Gridded Thread Group 1-125
2023-03-13 19:11:47,351 INFO o.a.j.t.JMeterThread: Stopping because end time detected by thread: Gridded Thread Group 1-53
2023-03-13 19:11:47,351 INFO o.a.j.t.JMeterThread: Thread finished: Gridded Thread Group 1-53
2023-03-13 19:11:47,364 INFO o.a.j.t.JMeterThread: Stopping because end time detected by thread: Gridded Thread Group 1-20
2023-03-13 19:11:47,365 INFO o.a.j.t.JMeterThread: Thread finished: Gridded Thread Group 1-20
2023-03-13 19:11:47,376 INFO o.a.j.t.JMeterThread: Stopping because end time detected by thread: Gridded Thread Group 1-121
2023-03-13 19:11:47,376 INFO o.a.j.t.JMeterThread: Thread finished: Gridded Thread Group 1-121
2023-03-13 19:11:47,387 INFO o.a.j.t.JMeterThread: Stopping because end time detected by thread: Gridded Thread Group 1-126
2023-03-13 19:11:47,387 INFO o.a.j.t.JMeterThread: Thread finished: Gridded Thread Group 1-126
2023-03-13 19:11:47,447 INFO o.a.j.t.JMeterThread: Stopping because end time detected by thread: Gridded Thread Group 1-50
2023-03-13 19:11:47,447 INFO o.a.j.t.JMeterThread: Thread finished: Gridded Thread Group 1-50
2023-03-13 19:11:47,462 INFO o.a.j.t.JMeterThread: Stopping because end time detected by thread: Gridded Thread Group 1-60
2023-03-13 19:11:47,462 INFO o.a.j.t.JMeterThread: Thread finished: Gridded Thread Group 1-60
2023-03-13 19:11:47,470 INFO o.a.j.t.JMeterThread: Stopping because end time detected by thread: Gridded Thread Group 1-86
2023-03-13 19:11:47,470 INFO o.a.j.t.JMeterThread: Thread finished: Gridded Thread Group 1-86
2023-03-13 19:11:47,521 INFO o.a.j.t.JMeterThread: Stopping because end time detected by thread: OPMET Thread Group 2-10
2023-03-13 19:11:47,521 INFO o.a.j.t.JMeterThread: Thread finished: OPMET Thread Group 2-10
2023-03-13 19:11:47,540 INFO o.a.j.t.JMeterThread: Stopping because end time detected by thread: Gridded Thread Group 1-48
2023-03-13 19:11:47,540 INFO o.a.j.t.JMeterThread: Thread finished: Gridded Thread Group 1-48
2023-03-13 19:11:47,565 INFO o.a.j.t.JMeterThread: Stopping because end time detected by thread: Gridded Thread Group 1-127
2023-03-13 19:11:47,565 INFO o.a.j.t.JMeterThread: Thread finished: Gridded Thread Group 1-127
2023-03-13 19:11:47,605 INFO o.a.j.t.JMeterThread: Stopping because end time detected by thread: Gridded Thread Group 1-104
2023-03-13 19:11:47,605 INFO o.a.j.t.JMeterThread: Thread finished: Gridded Thread Group 1-104
2023-03-13 19:11:47,617 INFO o.a.j.t.JMeterThread: Stopping because end time detected by thread: Gridded Thread Group 1-49
2023-03-13 19:11:47,618 INFO o.a.j.t.JMeterThread: Thread finished: Gridded Thread Group 1-49
2023-03-13 19:11:47,650 INFO o.a.j.t.JMeterThread: Stopping because end time detected by thread: Gridded Thread Group 1-77
2023-03-13 19:11:47,650 INFO o.a.j.t.JMeterThread: Thread finished: Gridded Thread Group 1-77
2023-03-13 19:11:47,706 INFO o.a.j.t.JMeterThread: Stopping because end time detected by thread: Gridded Thread Group 1-34
2023-03-13 19:11:47,706 INFO o.a.j.t.JMeterThread: Thread finished: Gridded Thread Group 1-34
2023-03-13 19:11:47,751 INFO o.a.j.t.JMeterThread: Stopping because end time detected by thread: Gridded Thread Group 1-123
2023-03-13 19:11:47,751 INFO o.a.j.t.JMeterThread: Thread finished: Gridded Thread Group 1-123
2023-03-13 19:11:47,772 INFO o.a.j.t.JMeterThread: Stopping because end time detected by thread: Gridded Thread Group 1-155
2023-03-13 19:11:47,772 INFO o.a.j.t.JMeterThread: Thread finished: Gridded Thread Group 1-155
2023-03-13 19:11:47,788 INFO o.a.j.t.JMeterThread: Stopping because end time detected by thread: Gridded Thread Group 1-28
2023-03-13 19:11:47,788 INFO o.a.j.t.JMeterThread: Thread finished: Gridded Thread Group 1-28
2023-03-13 19:11:47,853 INFO o.a.j.t.JMeterThread: Stopping because end time detected by thread: Gridded Thread Group 1-116
2023-03-13 19:11:47,853 INFO o.a.j.t.JMeterThread: Thread finished: Gridded Thread Group 1-116
2023-03-13 19:11:47,874 INFO o.a.j.t.JMeterThread: Stopping because end time detected by thread: Gridded Thread Group 1-58
2023-03-13 19:11:47,874 INFO o.a.j.t.JMeterThread: Thread finished: Gridded Thread Group 1-58
2023-03-13 19:11:47,898 INFO o.a.j.t.JMeterThread: Stopping because end time detected by thread: Gridded Thread Group 1-122
2023-03-13 19:11:47,898 INFO o.a.j.t.JMeterThread: Thread finished: Gridded Thread Group 1-122
2023-03-13 19:11:47,956 INFO o.a.j.t.JMeterThread: Stopping because end time detected by thread: Gridded Thread Group 1-90
2023-03-13 19:11:47,956 INFO o.a.j.t.JMeterThread: Thread finished: Gridded Thread Group 1-90
2023-03-13 19:11:47,974 INFO o.a.j.t.JMeterThread: Stopping because end time detected by thread: Gridded Thread Group 1-114
2023-03-13 19:11:47,974 INFO o.a.j.t.JMeterThread: Thread finished: Gridded Thread Group 1-114
2023-03-13 19:11:48,056 INFO o.a.j.t.JMeterThread: Stopping because end time detected by thread: OPMET Thread Group 2-7
2023-03-13 19:11:48,056 INFO o.a.j.t.JMeterThread: Thread finished: OPMET Thread Group 2-7
2023-03-13 19:11:48,059 INFO o.a.j.t.JMeterThread: Stopping because end time detected by thread: Gridded Thread Group 1-32
2023-03-13 19:11:48,060 INFO o.a.j.t.JMeterThread: Thread finished: Gridded Thread Group 1-32
2023-03-13 19:11:48,062 INFO o.a.j.t.JMeterThread: Stopping because end time detected by thread: OPMET Thread Group 2-3
2023-03-13 19:11:48,062 INFO o.a.j.t.JMeterThread: Thread finished: OPMET Thread Group 2-3
2023-03-13 19:11:48,105 INFO o.a.j.t.JMeterThread: Stopping because end time detected by thread: Gridded Thread Group 1-172
2023-03-13 19:11:48,105 INFO o.a.j.t.JMeterThread: Thread finished: Gridded Thread Group 1-172
2023-03-13 19:11:48,141 INFO o.a.j.t.JMeterThread: Stopping because end time detected by thread: Gridded Thread Group 1-133
2023-03-13 19:11:48,141 INFO o.a.j.t.JMeterThread: Thread finished: Gridded Thread Group 1-133
2023-03-13 19:11:48,162 INFO o.a.j.t.JMeterThread: Stopping because end time detected by thread: Gridded Thread Group 1-57
2023-03-13 19:11:48,162 INFO o.a.j.t.JMeterThread: Thread finished: Gridded Thread Group 1-57
2023-03-13 19:11:48,184 INFO o.a.j.t.JMeterThread: Stopping because end time detected by thread: Gridded Thread Group 1-37
2023-03-13 19:11:48,184 INFO o.a.j.t.JMeterThread: Thread finished: Gridded Thread Group 1-37
2023-03-13 19:11:48,217 INFO o.a.j.t.JMeterThread: Stopping because end time detected by thread: Gridded Thread Group 1-22
2023-03-13 19:11:48,217 INFO o.a.j.t.JMeterThread: Thread finished: Gridded Thread Group 1-22
2023-03-13 19:11:48,217 INFO o.a.j.t.JMeterThread: Stopping because end time detected by thread: Gridded Thread Group 1-72
2023-03-13 19:11:48,217 INFO o.a.j.t.JMeterThread: Thread finished: Gridded Thread Group 1-72
2023-03-13 19:11:48,259 INFO o.a.j.t.JMeterThread: Stopping because end time detected by thread: Gridded Thread Group 1-55
2023-03-13 19:11:48,259 INFO o.a.j.t.JMeterThread: Thread finished: Gridded Thread Group 1-55
2023-03-13 19:11:48,267 INFO o.a.j.t.JMeterThread: Stopping because end time detected by thread: Gridded Thread Group 1-140
2023-03-13 19:11:48,267 INFO o.a.j.t.JMeterThread: Thread finished: Gridded Thread Group 1-140
2023-03-13 19:11:48,294 INFO o.a.j.t.JMeterThread: Stopping because end time detected by thread: Gridded Thread Group 1-59
2023-03-13 19:11:48,294 INFO o.a.j.t.JMeterThread: Thread finished: Gridded Thread Group 1-59
2023-03-13 19:11:48,309 INFO o.a.j.t.JMeterThread: Stopping because end time detected by thread: Gridded Thread Group 1-118
2023-03-13 19:11:48,309 INFO o.a.j.t.JMeterThread: Thread finished: Gridded Thread Group 1-118
2023-03-13 19:11:48,348 INFO o.a.j.t.JMeterThread: Stopping because end time detected by thread: Gridded Thread Group 1-9
2023-03-13 19:11:48,348 INFO o.a.j.t.JMeterThread: Thread finished: Gridded Thread Group 1-9
2023-03-13 19:11:48,352 INFO o.a.j.t.JMeterThread: Stopping because end time detected by thread: OPMET Thread Group 2-11
2023-03-13 19:11:48,352 INFO o.a.j.t.JMeterThread: Thread finished: OPMET Thread Group 2-11
2023-03-13 19:11:48,403 INFO o.a.j.t.JMeterThread: Stopping because end time detected by thread: Gridded Thread Group 1-45
2023-03-13 19:11:48,403 INFO o.a.j.t.JMeterThread: Thread finished: Gridded Thread Group 1-45
2023-03-13 19:11:48,441 INFO o.a.j.t.JMeterThread: Stopping because end time detected by thread: Gridded Thread Group 1-163
2023-03-13 19:11:48,441 INFO o.a.j.t.JMeterThread: Thread finished: Gridded Thread Group 1-163
2023-03-13 19:11:48,445 INFO o.a.j.t.JMeterThread: Stopping because end time detected by thread: Gridded Thread Group 1-35
2023-03-13 19:11:48,445 INFO o.a.j.t.JMeterThread: Thread finished: Gridded Thread Group 1-35
2023-03-13 19:11:48,484 INFO o.a.j.t.JMeterThread: Stopping because end time detected by thread: Gridded Thread Group 1-165
2023-03-13 19:11:48,484 INFO o.a.j.t.JMeterThread: Thread finished: Gridded Thread Group 1-165
2023-03-13 19:11:48,502 INFO o.a.j.t.JMeterThread: Stopping because end time detected by thread: Gridded Thread Group 1-115
2023-03-13 19:11:48,502 INFO o.a.j.t.JMeterThread: Thread finished: Gridded Thread Group 1-115
2023-03-13 19:11:48,519 INFO o.a.j.t.JMeterThread: Stopping because end time detected by thread: Gridded Thread Group 1-96
2023-03-13 19:11:48,519 INFO o.a.j.t.JMeterThread: Thread finished: Gridded Thread Group 1-96
2023-03-13 19:11:48,577 INFO o.a.j.t.JMeterThread: Stopping because end time detected by thread: Gridded Thread Group 1-91
2023-03-13 19:11:48,578 INFO o.a.j.t.JMeterThread: Thread finished: Gridded Thread Group 1-91
2023-03-13 19:11:48,600 INFO o.a.j.t.JMeterThread: Stopping because end time detected by thread: Gridded Thread Group 1-119
2023-03-13 19:11:48,600 INFO o.a.j.t.JMeterThread: Thread finished: Gridded Thread Group 1-119
2023-03-13 19:11:48,611 INFO o.a.j.t.JMeterThread: Stopping because end time detected by thread: Gridded Thread Group 1-12
2023-03-13 19:11:48,611 INFO o.a.j.t.JMeterThread: Thread finished: Gridded Thread Group 1-12
2023-03-13 19:11:48,618 INFO o.a.j.t.JMeterThread: Stopping because end time detected by thread: Gridded Thread Group 1-135
2023-03-13 19:11:48,618 INFO o.a.j.t.JMeterThread: Thread finished: Gridded Thread Group 1-135
2023-03-13 19:11:48,669 INFO o.a.j.t.JMeterThread: Stopping because end time detected by thread: Gridded Thread Group 1-101
2023-03-13 19:11:48,670 INFO o.a.j.t.JMeterThread: Thread finished: Gridded Thread Group 1-101
2023-03-13 19:11:48,692 INFO o.a.j.t.JMeterThread: Stopping because end time detected by thread: Gridded Thread Group 1-62
2023-03-13 19:11:48,692 INFO o.a.j.t.JMeterThread: Thread finished: Gridded Thread Group 1-62
2023-03-13 19:11:48,706 INFO o.a.j.t.JMeterThread: Stopping because end time detected by thread: Gridded Thread Group 1-5
2023-03-13 19:11:48,706 INFO o.a.j.t.JMeterThread: Thread finished: Gridded Thread Group 1-5
2023-03-13 19:11:48,711 INFO o.a.j.t.JMeterThread: Stopping because end time detected by thread: Gridded Thread Group 1-124
2023-03-13 19:11:48,711 INFO o.a.j.t.JMeterThread: Thread finished: Gridded Thread Group 1-124
2023-03-13 19:11:48,747 INFO o.a.j.t.JMeterThread: Stopping because end time detected by thread: Gridded Thread Group 1-39
2023-03-13 19:11:48,747 INFO o.a.j.t.JMeterThread: Thread finished: Gridded Thread Group 1-39
2023-03-13 19:11:48,787 INFO o.a.j.t.JMeterThread: Stopping because end time detected by thread: Gridded Thread Group 1-120
2023-03-13 19:11:48,787 INFO o.a.j.t.JMeterThread: Thread finished: Gridded Thread Group 1-120
2023-03-13 19:11:48,791 INFO o.a.j.t.JMeterThread: Stopping because end time detected by thread: Gridded Thread Group 1-51
2023-03-13 19:11:48,791 INFO o.a.j.t.JMeterThread: Thread finished: Gridded Thread Group 1-51
2023-03-13 19:11:48,869 INFO o.a.j.t.JMeterThread: Stopping because end time detected by thread: Gridded Thread Group 1-141
2023-03-13 19:11:48,869 INFO o.a.j.t.JMeterThread: Thread finished: Gridded Thread Group 1-141
2023-03-13 19:11:48,873 INFO o.a.j.t.JMeterThread: Stopping because end time detected by thread: Gridded Thread Group 1-164
2023-03-13 19:11:48,873 INFO o.a.j.t.JMeterThread: Thread finished: Gridded Thread Group 1-164
2023-03-13 19:11:48,884 INFO o.a.j.t.JMeterThread: Stopping because end time detected by thread: Gridded Thread Group 1-61
2023-03-13 19:11:48,885 INFO o.a.j.t.JMeterThread: Thread finished: Gridded Thread Group 1-61
2023-03-13 19:11:48,898 INFO o.a.j.t.JMeterThread: Stopping because end time detected by thread: Gridded Thread Group 1-73
2023-03-13 19:11:48,898 INFO o.a.j.t.JMeterThread: Thread finished: Gridded Thread Group 1-73
2023-03-13 19:11:48,976 INFO o.a.j.t.JMeterThread: Stopping because end time detected by thread: Gridded Thread Group 1-98
2023-03-13 19:11:48,976 INFO o.a.j.t.JMeterThread: Thread finished: Gridded Thread Group 1-98
2023-03-13 19:11:49,000 INFO o.a.j.t.JMeterThread: Stopping because end time detected by thread: Gridded Thread Group 1-38
2023-03-13 19:11:49,000 INFO o.a.j.t.JMeterThread: Thread finished: Gridded Thread Group 1-38
2023-03-13 19:11:49,012 INFO o.a.j.t.JMeterThread: Stopping because end time detected by thread: OPMET Thread Group 2-5
2023-03-13 19:11:49,013 INFO o.a.j.t.JMeterThread: Thread finished: OPMET Thread Group 2-5
2023-03-13 19:11:49,038 INFO o.a.j.t.JMeterThread: Stopping because end time detected by thread: Gridded Thread Group 1-54
2023-03-13 19:11:49,038 INFO o.a.j.t.JMeterThread: Thread finished: Gridded Thread Group 1-54
2023-03-13 19:11:49,071 INFO o.a.j.t.JMeterThread: Stopping because end time detected by thread: Gridded Thread Group 1-129
2023-03-13 19:11:49,071 INFO o.a.j.t.JMeterThread: Thread finished: Gridded Thread Group 1-129
2023-03-13 19:11:49,073 INFO o.a.j.t.JMeterThread: Stopping because end time detected by thread: Gridded Thread Group 1-14
2023-03-13 19:11:49,073 INFO o.a.j.t.JMeterThread: Thread finished: Gridded Thread Group 1-14
2023-03-13 19:11:49,125 INFO o.a.j.t.JMeterThread: Stopping because end time detected by thread: OPMET Thread Group 2-4
2023-03-13 19:11:49,125 INFO o.a.j.t.JMeterThread: Thread finished: OPMET Thread Group 2-4
2023-03-13 19:11:49,147 INFO o.a.j.t.JMeterThread: Stopping because end time detected by thread: Gridded Thread Group 1-132
2023-03-13 19:11:49,147 INFO o.a.j.t.JMeterThread: Thread finished: Gridded Thread Group 1-132
2023-03-13 19:11:49,166 INFO o.a.j.t.JMeterThread: Stopping because end time detected by thread: Gridded Thread Group 1-95
2023-03-13 19:11:49,167 INFO o.a.j.t.JMeterThread: Thread finished: Gridded Thread Group 1-95
2023-03-13 19:11:49,201 INFO o.a.j.t.JMeterThread: Stopping because end time detected by thread: Gridded Thread Group 1-31
2023-03-13 19:11:49,201 INFO o.a.j.t.JMeterThread: Thread finished: Gridded Thread Group 1-31
2023-03-13 19:11:49,206 INFO o.a.j.t.JMeterThread: Stopping because end time detected by thread: Gridded Thread Group 1-139
2023-03-13 19:11:49,206 INFO o.a.j.t.JMeterThread: Thread finished: Gridded Thread Group 1-139
2023-03-13 19:11:49,225 INFO o.a.j.t.JMeterThread: Stopping because end time detected by thread: Gridded Thread Group 1-19
2023-03-13 19:11:49,225 INFO o.a.j.t.JMeterThread: Thread finished: Gridded Thread Group 1-19
2023-03-13 19:11:49,266 INFO o.a.j.t.JMeterThread: Stopping because end time detected by thread: Gridded Thread Group 1-130
2023-03-13 19:11:49,266 INFO o.a.j.t.JMeterThread: Thread finished: Gridded Thread Group 1-130
2023-03-13 19:11:49,288 INFO o.a.j.t.JMeterThread: Stopping because end time detected by thread: Gridded Thread Group 1-97
2023-03-13 19:11:49,288 INFO o.a.j.t.JMeterThread: Thread finished: Gridded Thread Group 1-97
2023-03-13 19:11:49,294 INFO o.a.j.t.JMeterThread: Stopping because end time detected by thread: Gridded Thread Group 1-69
2023-03-13 19:11:49,294 INFO o.a.j.t.JMeterThread: Thread finished: Gridded Thread Group 1-69
2023-03-13 19:11:49,359 INFO o.a.j.t.JMeterThread: Stopping because end time detected by thread: Gridded Thread Group 1-23
2023-03-13 19:11:49,359 INFO o.a.j.t.JMeterThread: Thread finished: Gridded Thread Group 1-23
2023-03-13 19:11:49,388 INFO o.a.j.t.JMeterThread: Stopping because end time detected by thread: Gridded Thread Group 1-134
2023-03-13 19:11:49,388 INFO o.a.j.t.JMeterThread: Thread finished: Gridded Thread Group 1-134
2023-03-13 19:11:49,424 INFO o.a.j.t.JMeterThread: Stopping because end time detected by thread: Gridded Thread Group 1-157
2023-03-13 19:11:49,424 INFO o.a.j.t.JMeterThread: Thread finished: Gridded Thread Group 1-157
2023-03-13 19:11:49,432 INFO o.a.j.t.JMeterThread: Stopping because end time detected by thread: Gridded Thread Group 1-75
2023-03-13 19:11:49,432 INFO o.a.j.t.JMeterThread: Thread finished: Gridded Thread Group 1-75
2023-03-13 19:11:49,522 INFO o.a.j.t.JMeterThread: Stopping because end time detected by thread: Gridded Thread Group 1-142
2023-03-13 19:11:49,522 INFO o.a.j.t.JMeterThread: Thread finished: Gridded Thread Group 1-142
2023-03-13 19:11:49,551 INFO o.a.j.t.JMeterThread: Stopping because end time detected by thread: OPMET Thread Group 2-9
2023-03-13 19:11:49,551 INFO o.a.j.t.JMeterThread: Thread finished: OPMET Thread Group 2-9
2023-03-13 19:11:49,595 INFO o.a.j.t.JMeterThread: Stopping because end time detected by thread: Gridded Thread Group 1-168
2023-03-13 19:11:49,595 INFO o.a.j.t.JMeterThread: Thread finished: Gridded Thread Group 1-168
2023-03-13 19:11:49,610 INFO o.a.j.t.JMeterThread: Stopping because end time detected by thread: Gridded Thread Group 1-56
2023-03-13 19:11:49,610 INFO o.a.j.t.JMeterThread: Thread finished: Gridded Thread Group 1-56
2023-03-13 19:11:49,640 INFO o.a.j.t.JMeterThread: Stopping because end time detected by thread: Gridded Thread Group 1-152
2023-03-13 19:11:49,640 INFO o.a.j.t.JMeterThread: Thread finished: Gridded Thread Group 1-152
2023-03-13 19:11:49,669 INFO o.a.j.t.JMeterThread: Stopping because end time detected by thread: OPMET Thread Group 2-6
2023-03-13 19:11:49,669 INFO o.a.j.t.JMeterThread: Thread finished: OPMET Thread Group 2-6
2023-03-13 19:11:49,693 INFO o.a.j.t.JMeterThread: Stopping because end time detected by thread: Gridded Thread Group 1-128
2023-03-13 19:11:49,693 INFO o.a.j.t.JMeterThread: Thread finished: Gridded Thread Group 1-128
2023-03-13 19:11:49,722 INFO o.a.j.t.JMeterThread: Stopping because end time detected by thread: Gridded Thread Group 1-87
2023-03-13 19:11:49,723 INFO o.a.j.t.JMeterThread: Thread finished: Gridded Thread Group 1-87
2023-03-13 19:11:49,748 INFO o.a.j.t.JMeterThread: Stopping because end time detected by thread: Gridded Thread Group 1-42
2023-03-13 19:11:49,748 INFO o.a.j.t.JMeterThread: Thread finished: Gridded Thread Group 1-42
2023-03-13 19:11:49,774 INFO o.a.j.t.JMeterThread: Stopping because end time detected by thread: Gridded Thread Group 1-94
2023-03-13 19:11:49,774 INFO o.a.j.t.JMeterThread: Thread finished: Gridded Thread Group 1-94
2023-03-13 19:11:49,793 INFO o.a.j.t.JMeterThread: Stopping because end time detected by thread: Gridded Thread Group 1-144
2023-03-13 19:11:49,793 INFO o.a.j.t.JMeterThread: Thread finished: Gridded Thread Group 1-144
2023-03-13 19:11:49,822 INFO o.a.j.t.JMeterThread: Stopping because end time detected by thread: Gridded Thread Group 1-70
2023-03-13 19:11:49,822 INFO o.a.j.t.JMeterThread: Thread finished: Gridded Thread Group 1-70
2023-03-13 19:11:49,854 INFO o.a.j.t.JMeterThread: Stopping because end time detected by thread: Gridded Thread Group 1-74
2023-03-13 19:11:49,854 INFO o.a.j.t.JMeterThread: Thread finished: Gridded Thread Group 1-74
2023-03-13 19:11:49,869 INFO o.a.j.t.JMeterThread: Stopping because end time detected by thread: Gridded Thread Group 1-7
2023-03-13 19:11:49,869 INFO o.a.j.t.JMeterThread: Thread finished: Gridded Thread Group 1-7
2023-03-13 19:11:49,923 INFO o.a.j.t.JMeterThread: Stopping because end time detected by thread: Gridded Thread Group 1-103
2023-03-13 19:11:49,923 INFO o.a.j.t.JMeterThread: Thread finished: Gridded Thread Group 1-103
2023-03-13 19:11:49,956 INFO o.a.j.t.JMeterThread: Stopping because end time detected by thread: OPMET Thread Group 2-2
2023-03-13 19:11:49,956 INFO o.a.j.t.JMeterThread: Thread finished: OPMET Thread Group 2-2
2023-03-13 19:11:49,992 INFO o.a.j.t.JMeterThread: Stopping because end time detected by thread: Gridded Thread Group 1-65
2023-03-13 19:11:49,992 INFO o.a.j.t.JMeterThread: Thread finished: Gridded Thread Group 1-65
2023-03-13 19:11:50,032 INFO o.a.j.t.JMeterThread: Stopping because end time detected by thread: Gridded Thread Group 1-149
2023-03-13 19:11:50,032 INFO o.a.j.t.JMeterThread: Thread finished: Gridded Thread Group 1-149
2023-03-13 19:11:50,062 INFO o.a.j.t.JMeterThread: Stopping because end time detected by thread: Gridded Thread Group 1-64
2023-03-13 19:11:50,062 INFO o.a.j.t.JMeterThread: Thread finished: Gridded Thread Group 1-64
2023-03-13 19:11:50,078 INFO o.a.j.t.JMeterThread: Stopping because end time detected by thread: Gridded Thread Group 1-93
2023-03-13 19:11:50,078 INFO o.a.j.t.JMeterThread: Thread finished: Gridded Thread Group 1-93
2023-03-13 19:11:50,105 INFO o.a.j.t.JMeterThread: Stopping because end time detected by thread: OPMET Thread Group 2-1
2023-03-13 19:11:50,105 INFO o.a.j.t.JMeterThread: Thread finished: OPMET Thread Group 2-1
2023-03-13 19:11:50,117 INFO o.a.j.t.JMeterThread: Stopping because end time detected by thread: Gridded Thread Group 1-43
2023-03-13 19:11:50,117 INFO o.a.j.t.JMeterThread: Thread finished: Gridded Thread Group 1-43
2023-03-13 19:11:50,162 INFO o.a.j.t.JMeterThread: Stopping because end time detected by thread: Gridded Thread Group 1-148
2023-03-13 19:11:50,162 INFO o.a.j.t.JMeterThread: Thread finished: Gridded Thread Group 1-148
2023-03-13 19:11:50,170 INFO o.a.j.t.JMeterThread: Stopping because end time detected by thread: Gridded Thread Group 1-136
2023-03-13 19:11:50,170 INFO o.a.j.t.JMeterThread: Thread finished: Gridded Thread Group 1-136
2023-03-13 19:11:50,199 INFO o.a.j.t.JMeterThread: Stopping because end time detected by thread: Gridded Thread Group 1-113
2023-03-13 19:11:50,199 INFO o.a.j.t.JMeterThread: Thread finished: Gridded Thread Group 1-113
2023-03-13 19:11:50,205 INFO o.a.j.t.JMeterThread: Stopping because end time detected by thread: Gridded Thread Group 1-17
2023-03-13 19:11:50,205 INFO o.a.j.t.JMeterThread: Thread finished: Gridded Thread Group 1-17
2023-03-13 19:11:50,243 INFO o.a.j.t.JMeterThread: Stopping because end time detected by thread: Gridded Thread Group 1-79
2023-03-13 19:11:50,243 INFO o.a.j.t.JMeterThread: Thread finished: Gridded Thread Group 1-79
2023-03-13 19:11:50,272 INFO o.a.j.t.JMeterThread: Stopping because end time detected by thread: Gridded Thread Group 1-66
2023-03-13 19:11:50,272 INFO o.a.j.t.JMeterThread: Thread finished: Gridded Thread Group 1-66
2023-03-13 19:11:50,279 INFO o.a.j.t.JMeterThread: Stopping because end time detected by thread: Gridded Thread Group 1-159
2023-03-13 19:11:50,279 INFO o.a.j.t.JMeterThread: Thread finished: Gridded Thread Group 1-159
2023-03-13 19:11:50,292 INFO o.a.j.t.JMeterThread: Stopping because end time detected by thread: Gridded Thread Group 1-15
2023-03-13 19:11:50,292 INFO o.a.j.t.JMeterThread: Thread finished: Gridded Thread Group 1-15
2023-03-13 19:11:50,315 INFO o.a.j.t.JMeterThread: Stopping because end time detected by thread: Gridded Thread Group 1-147
2023-03-13 19:11:50,315 INFO o.a.j.t.JMeterThread: Thread finished: Gridded Thread Group 1-147
2023-03-13 19:11:50,382 INFO o.a.j.t.JMeterThread: Stopping because end time detected by thread: Gridded Thread Group 1-131
2023-03-13 19:11:50,382 INFO o.a.j.t.JMeterThread: Thread finished: Gridded Thread Group 1-131
2023-03-13 19:11:50,428 INFO o.a.j.t.JMeterThread: Stopping because end time detected by thread: Gridded Thread Group 1-27
2023-03-13 19:11:50,428 INFO o.a.j.t.JMeterThread: Thread finished: Gridded Thread Group 1-27
2023-03-13 19:11:50,532 INFO o.a.j.t.JMeterThread: Stopping because end time detected by thread: Gridded Thread Group 1-80
2023-03-13 19:11:50,532 INFO o.a.j.t.JMeterThread: Thread finished: Gridded Thread Group 1-80
2023-03-13 19:11:50,594 INFO o.a.j.t.JMeterThread: Stopping because end time detected by thread: Gridded Thread Group 1-170
2023-03-13 19:11:50,594 INFO o.a.j.t.JMeterThread: Thread finished: Gridded Thread Group 1-170
2023-03-13 19:11:50,689 INFO o.a.j.t.JMeterThread: Stopping because end time detected by thread: Gridded Thread Group 1-146
2023-03-13 19:11:50,689 INFO o.a.j.t.JMeterThread: Thread finished: Gridded Thread Group 1-146
2023-03-13 19:11:50,694 INFO o.a.j.t.JMeterThread: Stopping because end time detected by thread: Gridded Thread Group 1-11
2023-03-13 19:11:50,694 INFO o.a.j.t.JMeterThread: Thread finished: Gridded Thread Group 1-11
2023-03-13 19:11:50,782 INFO o.a.j.t.JMeterThread: Stopping because end time detected by thread: Gridded Thread Group 1-137
2023-03-13 19:11:50,782 INFO o.a.j.t.JMeterThread: Thread finished: Gridded Thread Group 1-137
2023-03-13 19:11:50,789 INFO o.a.j.t.JMeterThread: Stopping because end time detected by thread: Gridded Thread Group 1-67
2023-03-13 19:11:50,789 INFO o.a.j.t.JMeterThread: Thread finished: Gridded Thread Group 1-67
2023-03-13 19:11:50,872 INFO o.a.j.t.JMeterThread: Stopping because end time detected by thread: OPMET Thread Group 2-12
2023-03-13 19:11:50,872 INFO o.a.j.t.JMeterThread: Thread finished: OPMET Thread Group 2-12
2023-03-13 19:11:50,885 INFO o.a.j.t.JMeterThread: Stopping because end time detected by thread: Gridded Thread Group 1-99
2023-03-13 19:11:50,885 INFO o.a.j.t.JMeterThread: Thread finished: Gridded Thread Group 1-99
2023-03-13 19:11:51,036 INFO o.a.j.t.JMeterThread: Stopping because end time detected by thread: Gridded Thread Group 1-47
2023-03-13 19:11:51,036 INFO o.a.j.t.JMeterThread: Thread finished: Gridded Thread Group 1-47
2023-03-13 19:11:51,059 INFO o.a.j.t.JMeterThread: Stopping because end time detected by thread: Gridded Thread Group 1-169
2023-03-13 19:11:51,059 INFO o.a.j.t.JMeterThread: Thread finished: Gridded Thread Group 1-169
2023-03-13 19:11:51,135 INFO o.a.j.t.JMeterThread: Stopping because end time detected by thread: Gridded Thread Group 1-84
2023-03-13 19:11:51,135 INFO o.a.j.t.JMeterThread: Thread finished: Gridded Thread Group 1-84
2023-03-13 19:11:51,155 INFO o.a.j.t.JMeterThread: Stopping because end time detected by thread: Gridded Thread Group 1-102
2023-03-13 19:11:51,155 INFO o.a.j.t.JMeterThread: Thread finished: Gridded Thread Group 1-102
2023-03-13 19:11:51,233 INFO o.a.j.t.JMeterThread: Stopping because end time detected by thread: Gridded Thread Group 1-21
2023-03-13 19:11:51,233 INFO o.a.j.t.JMeterThread: Thread finished: Gridded Thread Group 1-21
2023-03-13 19:11:51,249 INFO o.a.j.t.JMeterThread: Stopping because end time detected by thread: Gridded Thread Group 1-161
2023-03-13 19:11:51,249 INFO o.a.j.t.JMeterThread: Thread finished: Gridded Thread Group 1-161
2023-03-13 19:11:51,329 INFO o.a.j.t.JMeterThread: Stopping because end time detected by thread: Gridded Thread Group 1-88
2023-03-13 19:11:51,329 INFO o.a.j.t.JMeterThread: Thread finished: Gridded Thread Group 1-88
2023-03-13 19:11:51,347 INFO o.a.j.t.JMeterThread: Stopping because end time detected by thread: Gridded Thread Group 1-143
2023-03-13 19:11:51,347 INFO o.a.j.t.JMeterThread: Thread finished: Gridded Thread Group 1-143
2023-03-13 19:11:51,438 INFO o.a.j.t.JMeterThread: Stopping because end time detected by thread: Gridded Thread Group 1-24
2023-03-13 19:11:51,438 INFO o.a.j.t.JMeterThread: Thread finished: Gridded Thread Group 1-24
2023-03-13 19:11:51,486 INFO o.a.j.t.JMeterThread: Stopping because end time detected by thread: Gridded Thread Group 1-81
2023-03-13 19:11:51,486 INFO o.a.j.t.JMeterThread: Thread finished: Gridded Thread Group 1-81
2023-03-13 19:11:51,539 INFO o.a.j.t.JMeterThread: Stopping because end time detected by thread: Gridded Thread Group 1-46
2023-03-13 19:11:51,539 INFO o.a.j.t.JMeterThread: Thread finished: Gridded Thread Group 1-46
2023-03-13 19:11:51,582 INFO o.a.j.t.JMeterThread: Stopping because end time detected by thread: Gridded Thread Group 1-153
2023-03-13 19:11:51,582 INFO o.a.j.t.JMeterThread: Thread finished: Gridded Thread Group 1-153
2023-03-13 19:11:51,635 INFO o.a.j.t.JMeterThread: Stopping because end time detected by thread: Gridded Thread Group 1-83
2023-03-13 19:11:51,635 INFO o.a.j.t.JMeterThread: Thread finished: Gridded Thread Group 1-83
2023-03-13 19:11:51,674 INFO o.a.j.t.JMeterThread: Stopping because end time detected by thread: Gridded Thread Group 1-30
2023-03-13 19:11:51,674 INFO o.a.j.t.JMeterThread: Thread finished: Gridded Thread Group 1-30
2023-03-13 19:11:51,722 INFO o.a.j.t.JMeterThread: Stopping because end time detected by thread: Gridded Thread Group 1-138
2023-03-13 19:11:51,722 INFO o.a.j.t.JMeterThread: Thread finished: Gridded Thread Group 1-138
2023-03-13 19:11:51,722 INFO o.a.j.e.StandardJMeterEngine: Notifying test listeners of end of test
2023-03-13 19:11:51,723 INFO o.a.j.r.Summariser: summary +    693 in 00:00:22 =   32.0/s Avg:  5724 Min:  4481 Max:  6359 Err:     0 (0.00%) Active: 0 Started: 186 Finished: 186
2023-03-13 19:11:51,723 INFO o.a.j.r.Summariser: summary =   2113 in 00:01:06 =   32.0/s Avg:  5083 Min:   177 Max:  7505 Err:     0 (0.00%)
2023-03-13 19:11:51,723 INFO o.a.j.JMeter: Generating Dashboard
2023-03-13 19:11:51,723 INFO o.a.j.r.d.ReportGenerator: Flushing result collector before report Generation
2023-03-13 19:11:51,734 INFO o.a.j.r.p.NormalizerSampleConsumer: Using format, 'ms', to parse timeStamp field
2023-03-13 19:11:51,879 INFO o.a.j.r.p.AbstractSampleConsumer: class org.apache.jmeter.report.processor.AggregateConsumer#stopProducing(): beginDate produced 0 samples
2023-03-13 19:11:51,879 INFO o.a.j.r.p.AbstractSampleConsumer: class org.apache.jmeter.report.processor.AggregateConsumer#stopProducing(): endDate produced 0 samples
2023-03-13 19:11:51,881 INFO o.a.j.r.p.AbstractSampleConsumer: class org.apache.jmeter.report.processor.ApdexSummaryConsumer#stopProducing(): apdexSummary produced 0 samples
2023-03-13 19:11:51,881 INFO o.a.j.r.p.AbstractSampleConsumer: class org.apache.jmeter.report.processor.RequestsSummaryConsumer#stopProducing(): requestsSummary produced 0 samples
2023-03-13 19:11:51,887 INFO o.a.j.r.p.AbstractSampleConsumer: class org.apache.jmeter.report.processor.StatisticsSummaryConsumer#stopProducing(): statisticsSummary produced 0 samples
2023-03-13 19:11:51,890 INFO o.a.j.r.p.AbstractSampleConsumer: class org.apache.jmeter.report.processor.Top5ErrorsBySamplerConsumer#stopProducing(): top5ErrorsBySampler produced 0 samples
2023-03-13 19:11:51,890 INFO o.a.j.r.p.AbstractSampleConsumer: class org.apache.jmeter.report.processor.ErrorsSummaryConsumer#stopProducing(): errorsSummary produced 0 samples
2023-03-13 19:11:51,890 INFO o.a.j.r.p.AbstractSampleConsumer: class org.apache.jmeter.report.processor.graph.impl.HitsPerSecondGraphConsumer#stopProducing(): hitsPerSecond produced 0 samples
2023-03-13 19:11:51,911 INFO o.a.j.r.p.AbstractSampleConsumer: class org.apache.jmeter.report.processor.graph.impl.LatencyVSRequestGraphConsumer#stopProducing(): latencyVsRequest produced 0 samples
2023-03-13 19:11:51,912 INFO o.a.j.r.p.AbstractSampleConsumer: class org.apache.jmeter.report.processor.graph.impl.SyntheticResponseTimeDistributionGraphConsumer#stopProducing(): syntheticResponseTimeDistribution produced 0 samples
2023-03-13 19:11:51,912 INFO o.a.j.r.p.AbstractSampleConsumer: class org.apache.jmeter.report.processor.graph.impl.BytesThroughputGraphConsumer#stopProducing(): bytesThroughputOverTime produced 0 samples
2023-03-13 19:11:51,912 INFO o.a.j.r.p.AbstractSampleConsumer: class org.apache.jmeter.report.processor.graph.impl.CodesPerSecondGraphConsumer#stopProducing(): codesPerSecond produced 0 samples
2023-03-13 19:11:51,943 INFO o.a.j.r.p.AbstractSampleConsumer: class org.apache.jmeter.report.processor.graph.impl.ResponseTimeVSRequestGraphConsumer#stopProducing(): responseTimeVsRequest produced 0 samples
2023-03-13 19:11:51,943 INFO o.a.j.r.p.AbstractSampleConsumer: class org.apache.jmeter.report.processor.FilterConsumer#stopProducing(): startIntervalControlerFilter produced 14791 samples
2023-03-13 19:11:51,943 INFO o.a.j.r.p.AbstractSampleConsumer: class org.apache.jmeter.report.processor.graph.impl.TotalTPSGraphConsumer#stopProducing(): totalTPS produced 0 samples
2023-03-13 19:11:51,943 INFO o.a.j.r.p.AbstractSampleConsumer: class org.apache.jmeter.report.processor.graph.impl.ActiveThreadsGraphConsumer#stopProducing(): activeThreadsOverTime produced 0 samples
2023-03-13 19:11:51,943 INFO o.a.j.r.p.AbstractSampleConsumer: class org.apache.jmeter.report.processor.graph.impl.TimeVSThreadGraphConsumer#stopProducing(): timeVsThreads produced 0 samples
2023-03-13 19:11:51,944 INFO o.a.j.r.p.AbstractSampleConsumer: class org.apache.jmeter.report.processor.graph.impl.ResponseTimeDistributionGraphConsumer#stopProducing(): responseTimeDistribution produced 0 samples
2023-03-13 19:11:51,945 INFO o.a.j.r.p.AbstractSampleConsumer: class org.apache.jmeter.report.processor.graph.impl.TransactionsPerSecondGraphConsumer#stopProducing(): transactionsPerSecond produced 0 samples
2023-03-13 19:11:51,945 INFO o.a.j.r.p.AbstractSampleConsumer: class org.apache.jmeter.report.processor.graph.impl.ResponseTimePercentilesGraphConsumer#stopProducing(): responseTimePercentiles produced 0 samples
2023-03-13 19:11:51,951 INFO o.a.j.r.p.AbstractSampleConsumer: class org.apache.jmeter.report.processor.graph.impl.ResponseTimePercentilesOverTimeGraphConsumer#stopProducing(): responseTimePercentilesOverTime produced 0 samples
2023-03-13 19:11:51,951 INFO o.a.j.r.p.AbstractSampleConsumer: class org.apache.jmeter.report.processor.graph.impl.ResponseTimeOverTimeGraphConsumer#stopProducing(): responseTimesOverTime produced 0 samples
2023-03-13 19:11:51,951 INFO o.a.j.r.p.AbstractSampleConsumer: class org.apache.jmeter.report.processor.graph.impl.ConnectTimeOverTimeGraphConsumer#stopProducing(): connectTimeOverTime produced 0 samples
2023-03-13 19:11:51,952 INFO o.a.j.r.p.AbstractSampleConsumer: class org.apache.jmeter.report.processor.graph.impl.LatencyOverTimeGraphConsumer#stopProducing(): latenciesOverTime produced 0 samples
2023-03-13 19:11:51,952 INFO o.a.j.r.p.AbstractSampleConsumer: class org.apache.jmeter.report.processor.FilterConsumer#stopProducing(): nameFilter produced 31695 samples
2023-03-13 19:11:51,952 INFO o.a.j.r.p.AbstractSampleConsumer: class org.apache.jmeter.report.processor.FilterConsumer#stopProducing(): dateRangeFilter produced 6339 samples
2023-03-13 19:11:51,952 INFO o.a.j.r.p.AbstractSampleConsumer: class org.apache.jmeter.report.processor.NormalizerSampleConsumer#stopProducing(): normalizer produced 2113 samples
2023-03-13 19:11:51,952 INFO o.a.j.r.p.CsvFileSampleSource: produce(): 2113 samples produced in 195ms on channel 0
2023-03-13 19:11:51,952 INFO o.a.j.r.d.ReportGenerator: Exporting data using exporter:'json' of className:'org.apache.jmeter.report.dashboard.JsonExporter'
2023-03-13 19:11:52,070 INFO o.a.j.r.d.JsonExporter: Found data for consumer statisticsSummaryin context
2023-03-13 19:11:52,071 INFO o.a.j.r.d.JsonExporter: Creating statistics for overall
2023-03-13 19:11:52,071 INFO o.a.j.r.d.JsonExporter: Creating statistics for other transactions
2023-03-13 19:11:52,071 INFO o.a.j.r.d.JsonExporter: Checking output folder
2023-03-13 19:11:52,075 INFO o.a.j.r.d.JsonExporter: Writing statistics JSON to /home/ec2-user/ShaneMill1.github.io/WIFS/results/statistics.json
2023-03-13 19:11:52,114 INFO o.a.j.r.d.ReportGenerator: Exporting data using exporter:'html' of className:'org.apache.jmeter.report.dashboard.HtmlTemplateExporter'
2023-03-13 19:11:52,116 INFO o.a.j.r.d.HtmlTemplateExporter: Will generate dashboard in folder: /home/ec2-user/ShaneMill1.github.io/WIFS/results
2023-03-13 19:11:52,220 INFO o.a.j.r.d.HtmlTemplateExporter: Report will be generated in: /home/ec2-user/ShaneMill1.github.io/WIFS/results, creating folder structure
2023-03-13 19:11:52,223 INFO o.a.j.r.d.TemplateVisitor: Copying folder from '/home/ec2-user/apache-jmeter-5.5/bin/report-template' to '/home/ec2-user/ShaneMill1.github.io/WIFS/results', got message: /home/ec2-user/ShaneMill1.github.io/WIFS/results, found non empty folder with following content [/home/ec2-user/ShaneMill1.github.io/WIFS/results/statistics.json], will be ignored
2023-03-13 19:11:52,378 INFO o.a.j.JMeter: Dashboard generated
