2023-03-22 22:28:50,590 INFO o.a.j.u.JMeterUtils: Setting Locale to en_EN
2023-03-22 22:28:50,600 INFO o.a.j.JMeter: Loading user properties from: /home/ec2-user/apache-jmeter-5.5/bin/user.properties
2023-03-22 22:28:50,600 INFO o.a.j.JMeter: Loading system properties from: /home/ec2-user/apache-jmeter-5.5/bin/system.properties
2023-03-22 22:28:50,606 INFO o.a.j.JMeter: Copyright (c) 1998-2022 The Apache Software Foundation
2023-03-22 22:28:50,606 INFO o.a.j.JMeter: Version 5.5
2023-03-22 22:28:50,606 INFO o.a.j.JMeter: java.version=1.8.0_362
2023-03-22 22:28:50,606 INFO o.a.j.JMeter: java.vm.name=OpenJDK 64-Bit Server VM
2023-03-22 22:28:50,606 INFO o.a.j.JMeter: os.name=Linux
2023-03-22 22:28:50,606 INFO o.a.j.JMeter: os.arch=amd64
2023-03-22 22:28:50,606 INFO o.a.j.JMeter: os.version=5.10.167-147.601.amzn2.x86_64
2023-03-22 22:28:50,606 INFO o.a.j.JMeter: file.encoding=UTF-8
2023-03-22 22:28:50,606 INFO o.a.j.JMeter: java.awt.headless=true
2023-03-22 22:28:50,606 INFO o.a.j.JMeter: Max memory     =26843545600
2023-03-22 22:28:50,606 INFO o.a.j.JMeter: Available Processors =16
2023-03-22 22:28:50,610 INFO o.a.j.JMeter: Default Locale=English (EN)
2023-03-22 22:28:50,610 INFO o.a.j.JMeter: JMeter  Locale=English (EN)
2023-03-22 22:28:50,610 INFO o.a.j.JMeter: JMeterHome=/home/ec2-user/apache-jmeter-5.5
2023-03-22 22:28:50,610 INFO o.a.j.JMeter: user.dir  =/home/ec2-user/ShaneMill1.github.io/WIFS-Listener-c5aLarge-C5aLarge-CentralizedDask
2023-03-22 22:28:50,611 INFO o.a.j.JMeter: PWD       =/home/ec2-user/ShaneMill1.github.io/WIFS-Listener-c5aLarge-C5aLarge-CentralizedDask
2023-03-22 22:28:50,612 INFO o.a.j.JMeter: IP: 172.31.14.115 Name: ip-172-31-14-115.ec2.internal FullName: ip-172-31-14-115.ec2.internal
2023-03-22 22:28:50,623 INFO o.a.j.JMeter: Setting property 'jmeter.reportgenerator.outputdir' to:'/home/ec2-user/ShaneMill1.github.io/WIFS-Listener-c5aLarge-C5aLarge-CentralizedDask/results'
2023-03-22 22:28:50,625 INFO o.a.j.s.FileServer: Default base='/home/ec2-user/ShaneMill1.github.io/WIFS-Listener-c5aLarge-C5aLarge-CentralizedDask'
2023-03-22 22:28:50,626 INFO o.a.j.s.FileServer: Set new base='/home/ec2-user/ShaneMill1.github.io/WIFS-Listener-c5aLarge-C5aLarge-CentralizedDask'
2023-03-22 22:28:50,727 INFO o.a.j.s.SaveService: Testplan (JMX) version: 2.2. Testlog (JTL) version: 2.2
2023-03-22 22:28:50,746 INFO o.a.j.s.SaveService: Using SaveService properties file encoding UTF-8
2023-03-22 22:28:50,750 INFO o.a.j.s.SaveService: Using SaveService properties version 5.0
2023-03-22 22:28:50,755 INFO o.a.j.s.SaveService: Loading file: WIFSTestPlan.jmx
2023-03-22 22:28:50,791 INFO o.a.j.p.h.s.HTTPSamplerBase: Parser for text/html is org.apache.jmeter.protocol.http.parser.LagartoBasedHtmlParser
2023-03-22 22:28:50,791 INFO o.a.j.p.h.s.HTTPSamplerBase: Parser for application/xhtml+xml is org.apache.jmeter.protocol.http.parser.LagartoBasedHtmlParser
2023-03-22 22:28:50,791 INFO o.a.j.p.h.s.HTTPSamplerBase: Parser for application/xml is org.apache.jmeter.protocol.http.parser.LagartoBasedHtmlParser
2023-03-22 22:28:50,791 INFO o.a.j.p.h.s.HTTPSamplerBase: Parser for text/xml is org.apache.jmeter.protocol.http.parser.LagartoBasedHtmlParser
2023-03-22 22:28:50,791 INFO o.a.j.p.h.s.HTTPSamplerBase: Parser for text/vnd.wap.wml is org.apache.jmeter.protocol.http.parser.RegexpHTMLParser
2023-03-22 22:28:50,791 INFO o.a.j.p.h.s.HTTPSamplerBase: Parser for text/css is org.apache.jmeter.protocol.http.parser.CssParser
2023-03-22 22:28:51,036 INFO o.a.j.JMeter: Creating summariser <summary>
2023-03-22 22:28:51,044 INFO o.a.j.r.d.ReportGenerator: ReportGenerator will use for Parsing the separator: ','
2023-03-22 22:28:51,044 INFO o.a.j.r.d.ReportGenerator: Will generate report at end of test from  results file: SummaryReport.jtl
2023-03-22 22:28:51,044 INFO o.a.j.r.d.ReportGenerator: Reading report generator properties from: /home/ec2-user/apache-jmeter-5.5/bin/reportgenerator.properties
2023-03-22 22:28:51,045 INFO o.a.j.r.d.ReportGenerator: Merging with JMeter properties
2023-03-22 22:28:51,048 INFO o.a.j.r.c.ReportGeneratorConfiguration: Property 'jmeter.reportgenerator.temp_dir' not found, using default value 'temp' instead.
2023-03-22 22:28:51,051 INFO o.a.j.r.c.ReportGeneratorConfiguration: Property 'jmeter.reportgenerator.apdex_per_transaction' not found, using default value 'null' instead.
2023-03-22 22:28:51,051 INFO o.a.j.r.c.ReportGeneratorConfiguration: apdex_per_transaction is empty, not APDEX per transaction customization
2023-03-22 22:28:51,051 INFO o.a.j.r.c.ReportGeneratorConfiguration: Property 'jmeter.reportgenerator.sample_filter' not found, using default value 'null' instead.
2023-03-22 22:28:51,051 INFO o.a.j.r.c.ReportGeneratorConfiguration: Property 'jmeter.reportgenerator.report_title' not found, using default value 'null' instead.
2023-03-22 22:28:51,051 INFO o.a.j.r.c.ReportGeneratorConfiguration: Property 'jmeter.reportgenerator.start_date' not found, using default value 'null' instead.
2023-03-22 22:28:51,051 INFO o.a.j.r.c.ReportGeneratorConfiguration: Property 'jmeter.reportgenerator.end_date' not found, using default value 'null' instead.
2023-03-22 22:28:51,051 INFO o.a.j.r.c.ReportGeneratorConfiguration: Property 'jmeter.reportgenerator.date_format' not found, using default value 'null' instead.
2023-03-22 22:28:51,052 INFO o.a.j.r.c.ReportGeneratorConfiguration: Will use date range start date: null, end date: null
2023-03-22 22:28:51,055 INFO o.a.j.r.c.ReportGeneratorConfiguration: Property 'jmeter.reportgenerator.graph.totalTPS.exclude_controllers' not found, using default value 'false' instead.
2023-03-22 22:28:51,055 INFO o.a.j.r.c.ReportGeneratorConfiguration: Property 'jmeter.reportgenerator.graph.activeThreadsOverTime.exclude_controllers' not found, using default value 'false' instead.
2023-03-22 22:28:51,055 INFO o.a.j.r.c.ReportGeneratorConfiguration: Property 'jmeter.reportgenerator.graph.timeVsThreads.exclude_controllers' not found, using default value 'false' instead.
2023-03-22 22:28:51,055 INFO o.a.j.r.c.ReportGeneratorConfiguration: Property 'jmeter.reportgenerator.graph.responseTimeDistribution.exclude_controllers' not found, using default value 'false' instead.
2023-03-22 22:28:51,055 INFO o.a.j.r.c.ReportGeneratorConfiguration: Property 'jmeter.reportgenerator.graph.transactionsPerSecond.exclude_controllers' not found, using default value 'false' instead.
2023-03-22 22:28:51,055 INFO o.a.j.r.c.ReportGeneratorConfiguration: Property 'jmeter.reportgenerator.graph.responseTimePercentiles.exclude_controllers' not found, using default value 'false' instead.
2023-03-22 22:28:51,058 INFO o.a.j.r.c.ReportGeneratorConfiguration: Property 'jmeter.reportgenerator.graph.responseTimePercentilesOverTime.exclude_controllers' not found, using default value 'false' instead.
2023-03-22 22:28:51,058 INFO o.a.j.r.c.ReportGeneratorConfiguration: Property 'jmeter.reportgenerator.graph.responseTimesOverTime.exclude_controllers' not found, using default value 'false' instead.
2023-03-22 22:28:51,058 INFO o.a.j.r.c.ReportGeneratorConfiguration: Property 'jmeter.reportgenerator.graph.connectTimeOverTime.exclude_controllers' not found, using default value 'false' instead.
2023-03-22 22:28:51,058 INFO o.a.j.r.c.ReportGeneratorConfiguration: Property 'jmeter.reportgenerator.graph.latenciesOverTime.exclude_controllers' not found, using default value 'false' instead.
2023-03-22 22:28:51,059 INFO o.a.j.r.c.ReportGeneratorConfiguration: Property 'jmeter.reportgenerator.exporter.json.filters_only_sample_series' not found, using default value 'true' instead.
2023-03-22 22:28:51,059 INFO o.a.j.r.c.ReportGeneratorConfiguration: Property 'jmeter.reportgenerator.exporter.json.series_filter' not found, using default value '' instead.
2023-03-22 22:28:51,059 INFO o.a.j.r.c.ReportGeneratorConfiguration: Property 'jmeter.reportgenerator.exporter.json.show_controllers_only' not found, using default value 'false' instead.
2023-03-22 22:28:51,059 INFO o.a.j.r.c.ReportGeneratorConfiguration: Property 'jmeter.reportgenerator.exporter.html.filters_only_sample_series' not found, using default value 'true' instead.
2023-03-22 22:28:51,059 INFO o.a.j.r.c.ReportGeneratorConfiguration: Property 'jmeter.reportgenerator.exporter.html.series_filter' not found, using default value '' instead.
2023-03-22 22:28:51,059 INFO o.a.j.r.c.ReportGeneratorConfiguration: Property 'jmeter.reportgenerator.exporter.html.show_controllers_only' not found, using default value 'false' instead.
2023-03-22 22:28:51,065 INFO o.a.j.e.StandardJMeterEngine: Running the test!
2023-03-22 22:28:51,065 INFO o.a.j.s.SampleEvent: List of sample_variables: []
2023-03-22 22:28:51,065 INFO o.a.j.s.SampleEvent: List of sample_variables: []
2023-03-22 22:28:51,069 INFO o.a.j.e.u.CompoundVariable: Note: Function class names must contain the string: '.functions.'
2023-03-22 22:28:51,069 INFO o.a.j.e.u.CompoundVariable: Note: Function class names must not contain the string: '.gui.'
2023-03-22 22:28:51,263 INFO o.a.j.JMeter: Running test (1679524131263)
2023-03-22 22:28:51,321 INFO o.a.j.e.StandardJMeterEngine: Starting ThreadGroup: 1 : Gridded Thread Group
2023-03-22 22:28:51,321 INFO o.a.j.e.StandardJMeterEngine: Starting 82 threads for group Gridded Thread Group.
2023-03-22 22:28:51,321 INFO o.a.j.e.StandardJMeterEngine: Thread will continue on error
2023-03-22 22:28:51,321 INFO o.a.j.t.ThreadGroup: Starting thread group... number=1 threads=82 ramp-up=10 delayedStart=false
2023-03-22 22:28:51,327 INFO o.a.j.t.JMeterThread: Thread started: Gridded Thread Group 1-1
2023-03-22 22:28:51,342 INFO o.a.j.p.h.s.HTTPHCAbstractImpl: Local host = ip-172-31-14-115.ec2.internal
2023-03-22 22:28:51,349 INFO o.a.j.p.h.s.HTTPHC4Impl: HTTP request retry count = 0
2023-03-22 22:28:51,350 INFO o.a.j.s.SampleResult: Note: Sample TimeStamps are START times
2023-03-22 22:28:51,351 INFO o.a.j.s.SampleResult: sampleresult.default.encoding is set to ISO-8859-1
2023-03-22 22:28:51,351 INFO o.a.j.s.SampleResult: sampleresult.useNanoTime=true
2023-03-22 22:28:51,351 INFO o.a.j.s.SampleResult: sampleresult.nanoThreadSleep=5000
2023-03-22 22:28:51,351 INFO o.a.j.t.ThreadGroup: Started thread group number 1
2023-03-22 22:28:51,351 INFO o.a.j.e.StandardJMeterEngine: Starting ThreadGroup: 2 : OPMET Thread Group
2023-03-22 22:28:51,351 INFO o.a.j.e.StandardJMeterEngine: Starting 14 threads for group OPMET Thread Group.
2023-03-22 22:28:51,351 INFO o.a.j.e.StandardJMeterEngine: Thread will continue on error
2023-03-22 22:28:51,351 INFO o.a.j.t.ThreadGroup: Starting thread group... number=2 threads=14 ramp-up=10 delayedStart=false
2023-03-22 22:28:51,352 INFO o.a.j.t.JMeterThread: Thread started: OPMET Thread Group 2-1
2023-03-22 22:28:51,355 INFO o.a.j.t.ThreadGroup: Started thread group number 2
2023-03-22 22:28:51,355 INFO o.a.j.e.StandardJMeterEngine: All thread groups have been started
2023-03-22 22:28:51,446 INFO o.a.j.t.JMeterThread: Thread started: Gridded Thread Group 1-2
2023-03-22 22:28:51,567 INFO o.a.j.t.JMeterThread: Thread started: Gridded Thread Group 1-3
2023-03-22 22:28:51,688 INFO o.a.j.t.JMeterThread: Thread started: Gridded Thread Group 1-4
2023-03-22 22:28:51,810 INFO o.a.j.t.JMeterThread: Thread started: Gridded Thread Group 1-5
2023-03-22 22:28:51,932 INFO o.a.j.t.JMeterThread: Thread started: Gridded Thread Group 1-6
2023-03-22 22:28:52,054 INFO o.a.j.t.JMeterThread: Thread started: Gridded Thread Group 1-7
2023-03-22 22:28:52,066 INFO o.a.j.t.JMeterThread: Thread started: OPMET Thread Group 2-2
2023-03-22 22:28:52,176 INFO o.a.j.t.JMeterThread: Thread started: Gridded Thread Group 1-8
2023-03-22 22:28:52,298 INFO o.a.j.t.JMeterThread: Thread started: Gridded Thread Group 1-9
2023-03-22 22:28:52,420 INFO o.a.j.t.JMeterThread: Thread started: Gridded Thread Group 1-10
2023-03-22 22:28:52,542 INFO o.a.j.t.JMeterThread: Thread started: Gridded Thread Group 1-11
2023-03-22 22:28:52,665 INFO o.a.j.t.JMeterThread: Thread started: Gridded Thread Group 1-12
2023-03-22 22:28:52,779 INFO o.a.j.t.JMeterThread: Thread started: OPMET Thread Group 2-3
2023-03-22 22:28:52,786 INFO o.a.j.t.JMeterThread: Thread started: Gridded Thread Group 1-13
2023-03-22 22:28:52,908 INFO o.a.j.t.JMeterThread: Thread started: Gridded Thread Group 1-14
2023-03-22 22:28:53,029 INFO o.a.j.t.JMeterThread: Thread started: Gridded Thread Group 1-15
2023-03-22 22:28:53,152 INFO o.a.j.t.JMeterThread: Thread started: Gridded Thread Group 1-16
2023-03-22 22:28:53,274 INFO o.a.j.t.JMeterThread: Thread started: Gridded Thread Group 1-17
2023-03-22 22:28:53,396 INFO o.a.j.t.JMeterThread: Thread started: Gridded Thread Group 1-18
2023-03-22 22:28:53,493 INFO o.a.j.t.JMeterThread: Thread started: OPMET Thread Group 2-4
2023-03-22 22:28:53,518 INFO o.a.j.t.JMeterThread: Thread started: Gridded Thread Group 1-19
2023-03-22 22:28:53,640 INFO o.a.j.t.JMeterThread: Thread started: Gridded Thread Group 1-20
2023-03-22 22:28:53,763 INFO o.a.j.t.JMeterThread: Thread started: Gridded Thread Group 1-21
2023-03-22 22:28:53,884 INFO o.a.j.t.JMeterThread: Thread started: Gridded Thread Group 1-22
2023-03-22 22:28:54,007 INFO o.a.j.t.JMeterThread: Thread started: Gridded Thread Group 1-23
2023-03-22 22:28:54,128 INFO o.a.j.t.JMeterThread: Thread started: Gridded Thread Group 1-24
2023-03-22 22:28:54,208 INFO o.a.j.t.JMeterThread: Thread started: OPMET Thread Group 2-5
2023-03-22 22:28:54,249 INFO o.a.j.t.JMeterThread: Thread started: Gridded Thread Group 1-25
2023-03-22 22:28:54,371 INFO o.a.j.t.JMeterThread: Thread started: Gridded Thread Group 1-26
2023-03-22 22:28:54,494 INFO o.a.j.t.JMeterThread: Thread started: Gridded Thread Group 1-27
2023-03-22 22:28:54,615 INFO o.a.j.t.JMeterThread: Thread started: Gridded Thread Group 1-28
2023-03-22 22:28:54,737 INFO o.a.j.t.JMeterThread: Thread started: Gridded Thread Group 1-29
2023-03-22 22:28:54,860 INFO o.a.j.t.JMeterThread: Thread started: Gridded Thread Group 1-30
2023-03-22 22:28:54,921 INFO o.a.j.t.JMeterThread: Thread started: OPMET Thread Group 2-6
2023-03-22 22:28:54,982 INFO o.a.j.t.JMeterThread: Thread started: Gridded Thread Group 1-31
2023-03-22 22:28:55,104 INFO o.a.j.t.JMeterThread: Thread started: Gridded Thread Group 1-32
2023-03-22 22:28:55,226 INFO o.a.j.t.JMeterThread: Thread started: Gridded Thread Group 1-33
2023-03-22 22:28:55,348 INFO o.a.j.t.JMeterThread: Thread started: Gridded Thread Group 1-34
2023-03-22 22:28:55,469 INFO o.a.j.t.JMeterThread: Thread started: Gridded Thread Group 1-35
2023-03-22 22:28:55,592 INFO o.a.j.t.JMeterThread: Thread started: Gridded Thread Group 1-36
2023-03-22 22:28:55,635 INFO o.a.j.t.JMeterThread: Thread started: OPMET Thread Group 2-7
2023-03-22 22:28:55,713 INFO o.a.j.t.JMeterThread: Thread started: Gridded Thread Group 1-37
2023-03-22 22:28:55,835 INFO o.a.j.t.JMeterThread: Thread started: Gridded Thread Group 1-38
2023-03-22 22:28:55,958 INFO o.a.j.t.JMeterThread: Thread started: Gridded Thread Group 1-39
2023-03-22 22:28:56,080 INFO o.a.j.t.JMeterThread: Thread started: Gridded Thread Group 1-40
2023-03-22 22:28:56,201 INFO o.a.j.t.JMeterThread: Thread started: Gridded Thread Group 1-41
2023-03-22 22:28:56,323 INFO o.a.j.t.JMeterThread: Thread started: Gridded Thread Group 1-42
2023-03-22 22:28:56,350 INFO o.a.j.t.JMeterThread: Thread started: OPMET Thread Group 2-8
2023-03-22 22:28:56,445 INFO o.a.j.t.JMeterThread: Thread started: Gridded Thread Group 1-43
2023-03-22 22:28:56,568 INFO o.a.j.t.JMeterThread: Thread started: Gridded Thread Group 1-44
2023-03-22 22:28:56,689 INFO o.a.j.t.JMeterThread: Thread started: Gridded Thread Group 1-45
2023-03-22 22:28:56,812 INFO o.a.j.t.JMeterThread: Thread started: Gridded Thread Group 1-46
2023-03-22 22:28:56,933 INFO o.a.j.t.JMeterThread: Thread started: Gridded Thread Group 1-47
2023-03-22 22:28:57,056 INFO o.a.j.t.JMeterThread: Thread started: Gridded Thread Group 1-48
2023-03-22 22:28:57,064 INFO o.a.j.t.JMeterThread: Thread started: OPMET Thread Group 2-9
2023-03-22 22:28:57,178 INFO o.a.j.t.JMeterThread: Thread started: Gridded Thread Group 1-49
2023-03-22 22:28:57,299 INFO o.a.j.t.JMeterThread: Thread started: Gridded Thread Group 1-50
2023-03-22 22:28:57,421 INFO o.a.j.t.JMeterThread: Thread started: Gridded Thread Group 1-51
2023-03-22 22:28:57,543 INFO o.a.j.t.JMeterThread: Thread started: Gridded Thread Group 1-52
2023-03-22 22:28:57,666 INFO o.a.j.t.JMeterThread: Thread started: Gridded Thread Group 1-53
2023-03-22 22:28:57,777 INFO o.a.j.t.JMeterThread: Thread started: OPMET Thread Group 2-10
2023-03-22 22:28:57,788 INFO o.a.j.t.JMeterThread: Thread started: Gridded Thread Group 1-54
2023-03-22 22:28:57,909 INFO o.a.j.t.JMeterThread: Thread started: Gridded Thread Group 1-55
2023-03-22 22:28:58,031 INFO o.a.j.t.JMeterThread: Thread started: Gridded Thread Group 1-56
2023-03-22 22:28:58,153 INFO o.a.j.t.JMeterThread: Thread started: Gridded Thread Group 1-57
2023-03-22 22:28:58,276 INFO o.a.j.t.JMeterThread: Thread started: Gridded Thread Group 1-58
2023-03-22 22:28:58,398 INFO o.a.j.t.JMeterThread: Thread started: Gridded Thread Group 1-59
2023-03-22 22:28:58,491 INFO o.a.j.t.JMeterThread: Thread started: OPMET Thread Group 2-11
2023-03-22 22:28:58,520 INFO o.a.j.t.JMeterThread: Thread started: Gridded Thread Group 1-60
2023-03-22 22:28:58,641 INFO o.a.j.t.JMeterThread: Thread started: Gridded Thread Group 1-61
2023-03-22 22:28:58,764 INFO o.a.j.t.JMeterThread: Thread started: Gridded Thread Group 1-62
2023-03-22 22:28:58,886 INFO o.a.j.t.JMeterThread: Thread started: Gridded Thread Group 1-63
2023-03-22 22:28:59,007 INFO o.a.j.t.JMeterThread: Thread started: Gridded Thread Group 1-64
2023-03-22 22:28:59,129 INFO o.a.j.t.JMeterThread: Thread started: Gridded Thread Group 1-65
2023-03-22 22:28:59,206 INFO o.a.j.t.JMeterThread: Thread started: OPMET Thread Group 2-12
2023-03-22 22:28:59,252 INFO o.a.j.t.JMeterThread: Thread started: Gridded Thread Group 1-66
2023-03-22 22:28:59,374 INFO o.a.j.t.JMeterThread: Thread started: Gridded Thread Group 1-67
2023-03-22 22:28:59,496 INFO o.a.j.t.JMeterThread: Thread started: Gridded Thread Group 1-68
2023-03-22 22:28:59,617 INFO o.a.j.t.JMeterThread: Thread started: Gridded Thread Group 1-69
2023-03-22 22:28:59,739 INFO o.a.j.t.JMeterThread: Thread started: Gridded Thread Group 1-70
2023-03-22 22:28:59,862 INFO o.a.j.t.JMeterThread: Thread started: Gridded Thread Group 1-71
2023-03-22 22:28:59,921 INFO o.a.j.t.JMeterThread: Thread started: OPMET Thread Group 2-13
2023-03-22 22:28:59,984 INFO o.a.j.t.JMeterThread: Thread started: Gridded Thread Group 1-72
2023-03-22 22:29:00,017 INFO o.a.j.r.Summariser: summary +    394 in 00:00:09 =   45.0/s Avg:   501 Min:    31 Max:  5747 Err:     0 (0.00%) Active: 85 Started: 85 Finished: 0
2023-03-22 22:29:00,106 INFO o.a.j.t.JMeterThread: Thread started: Gridded Thread Group 1-73
2023-03-22 22:29:00,227 INFO o.a.j.t.JMeterThread: Thread started: Gridded Thread Group 1-74
2023-03-22 22:29:00,349 INFO o.a.j.t.JMeterThread: Thread started: Gridded Thread Group 1-75
2023-03-22 22:29:00,472 INFO o.a.j.t.JMeterThread: Thread started: Gridded Thread Group 1-76
2023-03-22 22:29:00,595 INFO o.a.j.t.JMeterThread: Thread started: Gridded Thread Group 1-77
2023-03-22 22:29:00,633 INFO o.a.j.t.JMeterThread: Thread started: OPMET Thread Group 2-14
2023-03-22 22:29:00,715 INFO o.a.j.t.JMeterThread: Thread started: Gridded Thread Group 1-78
2023-03-22 22:29:00,837 INFO o.a.j.t.JMeterThread: Thread started: Gridded Thread Group 1-79
2023-03-22 22:29:00,960 INFO o.a.j.t.JMeterThread: Thread started: Gridded Thread Group 1-80
2023-03-22 22:29:01,082 INFO o.a.j.t.JMeterThread: Thread started: Gridded Thread Group 1-81
2023-03-22 22:29:01,204 INFO o.a.j.t.JMeterThread: Thread started: Gridded Thread Group 1-82
2023-03-22 22:29:30,001 INFO o.a.j.r.Summariser: summary +   1228 in 00:00:30 =   41.0/s Avg:  1591 Min:    85 Max: 27588 Err:     0 (0.00%) Active: 96 Started: 96 Finished: 0
2023-03-22 22:29:30,001 INFO o.a.j.r.Summariser: summary =   1622 in 00:00:39 =   41.9/s Avg:  1326 Min:    31 Max: 27588 Err:     0 (0.00%)
2023-03-22 22:30:00,037 INFO o.a.j.r.Summariser: summary +   1156 in 00:00:30 =   38.5/s Avg:  2116 Min:    58 Max: 38643 Err:     0 (0.00%) Active: 96 Started: 96 Finished: 0
2023-03-22 22:30:00,037 INFO o.a.j.r.Summariser: summary =   2778 in 00:01:09 =   40.4/s Avg:  1655 Min:    31 Max: 38643 Err:     0 (0.00%)
2023-03-22 22:30:30,006 INFO o.a.j.r.Summariser: summary +   1049 in 00:00:30 =   35.0/s Avg:  2142 Min:    60 Max: 48267 Err:     0 (0.00%) Active: 96 Started: 96 Finished: 0
2023-03-22 22:30:30,007 INFO o.a.j.r.Summariser: summary =   3827 in 00:01:39 =   38.8/s Avg:  1788 Min:    31 Max: 48267 Err:     0 (0.00%)
2023-03-22 22:31:00,006 INFO o.a.j.r.Summariser: summary +   1068 in 00:00:30 =   35.6/s Avg:  1868 Min:    56 Max: 65827 Err:     0 (0.00%) Active: 96 Started: 96 Finished: 0
2023-03-22 22:31:00,006 INFO o.a.j.r.Summariser: summary =   4895 in 00:02:09 =   38.0/s Avg:  1806 Min:    31 Max: 65827 Err:     0 (0.00%)
2023-03-22 22:31:30,001 INFO o.a.j.r.Summariser: summary +    886 in 00:00:30 =   29.5/s Avg:  3578 Min:    50 Max: 87114 Err:     0 (0.00%) Active: 96 Started: 96 Finished: 0
2023-03-22 22:31:30,002 INFO o.a.j.r.Summariser: summary =   5781 in 00:02:39 =   36.4/s Avg:  2077 Min:    31 Max: 87114 Err:     0 (0.00%)
2023-03-22 22:32:00,014 INFO o.a.j.r.Summariser: summary +   1162 in 00:00:30 =   38.7/s Avg:  2555 Min:    62 Max: 90004 Err:     8 (0.69%) Active: 96 Started: 96 Finished: 0
2023-03-22 22:32:00,014 INFO o.a.j.r.Summariser: summary =   6943 in 00:03:09 =   36.8/s Avg:  2157 Min:    31 Max: 90004 Err:     8 (0.12%)
2023-03-22 22:32:30,039 INFO o.a.j.r.Summariser: summary +   1167 in 00:00:30 =   38.9/s Avg:  2492 Min:    44 Max: 90003 Err:     5 (0.43%) Active: 96 Started: 96 Finished: 0
2023-03-22 22:32:30,039 INFO o.a.j.r.Summariser: summary =   8110 in 00:03:39 =   37.1/s Avg:  2205 Min:    31 Max: 90004 Err:    13 (0.16%)
2023-03-22 22:33:00,032 INFO o.a.j.r.Summariser: summary +   1170 in 00:00:30 =   39.0/s Avg:  2749 Min:    50 Max: 80669 Err:     0 (0.00%) Active: 96 Started: 96 Finished: 0
2023-03-22 22:33:00,032 INFO o.a.j.r.Summariser: summary =   9280 in 00:04:09 =   37.3/s Avg:  2274 Min:    31 Max: 90004 Err:    13 (0.14%)
2023-03-22 22:33:30,008 INFO o.a.j.r.Summariser: summary +   1208 in 00:00:30 =   40.3/s Avg:  3101 Min:    55 Max: 63390 Err:     0 (0.00%) Active: 96 Started: 96 Finished: 0
2023-03-22 22:33:30,008 INFO o.a.j.r.Summariser: summary =  10488 in 00:04:39 =   37.6/s Avg:  2369 Min:    31 Max: 90004 Err:    13 (0.12%)
2023-03-22 22:34:00,046 INFO o.a.j.r.Summariser: summary +   1154 in 00:00:30 =   38.4/s Avg:  1888 Min:    51 Max: 58615 Err:     0 (0.00%) Active: 96 Started: 96 Finished: 0
2023-03-22 22:34:00,046 INFO o.a.j.r.Summariser: summary =  11642 in 00:05:09 =   37.7/s Avg:  2321 Min:    31 Max: 90004 Err:    13 (0.11%)
2023-03-22 22:34:30,010 INFO o.a.j.r.Summariser: summary +   1133 in 00:00:30 =   37.8/s Avg:  2335 Min:    44 Max: 59943 Err:     0 (0.00%) Active: 96 Started: 96 Finished: 0
2023-03-22 22:34:30,010 INFO o.a.j.r.Summariser: summary =  12775 in 00:05:39 =   37.7/s Avg:  2323 Min:    31 Max: 90004 Err:    13 (0.10%)
2023-03-22 22:35:00,030 INFO o.a.j.r.Summariser: summary +   1188 in 00:00:30 =   39.6/s Avg:  2859 Min:    65 Max: 65458 Err:     0 (0.00%) Active: 96 Started: 96 Finished: 0
2023-03-22 22:35:00,030 INFO o.a.j.r.Summariser: summary =  13963 in 00:06:09 =   37.9/s Avg:  2368 Min:    31 Max: 90004 Err:    13 (0.09%)
2023-03-22 22:35:30,003 INFO o.a.j.r.Summariser: summary +   1164 in 00:00:30 =   38.8/s Avg:  2281 Min:    59 Max: 59015 Err:     0 (0.00%) Active: 96 Started: 96 Finished: 0
2023-03-22 22:35:30,003 INFO o.a.j.r.Summariser: summary =  15127 in 00:06:39 =   37.9/s Avg:  2362 Min:    31 Max: 90004 Err:    13 (0.09%)
2023-03-22 22:36:00,005 INFO o.a.j.r.Summariser: summary +   1080 in 00:00:30 =   36.0/s Avg:  1657 Min:    54 Max: 65178 Err:     0 (0.00%) Active: 96 Started: 96 Finished: 0
2023-03-22 22:36:00,005 INFO o.a.j.r.Summariser: summary =  16207 in 00:07:09 =   37.8/s Avg:  2315 Min:    31 Max: 90004 Err:    13 (0.08%)
2023-03-22 22:36:30,010 INFO o.a.j.r.Summariser: summary +   1098 in 00:00:30 =   36.6/s Avg:  3122 Min:    43 Max: 79894 Err:     0 (0.00%) Active: 96 Started: 96 Finished: 0
2023-03-22 22:36:30,011 INFO o.a.j.r.Summariser: summary =  17305 in 00:07:39 =   37.7/s Avg:  2366 Min:    31 Max: 90004 Err:    13 (0.08%)
2023-03-22 22:37:00,015 INFO o.a.j.r.Summariser: summary +   1142 in 00:00:30 =   38.1/s Avg:  3008 Min:    56 Max: 88337 Err:     0 (0.00%) Active: 96 Started: 96 Finished: 0
2023-03-22 22:37:00,015 INFO o.a.j.r.Summariser: summary =  18447 in 00:08:09 =   37.7/s Avg:  2406 Min:    31 Max: 90004 Err:    13 (0.07%)
2023-03-22 22:37:30,001 INFO o.a.j.r.Summariser: summary +   1089 in 00:00:30 =   36.3/s Avg:  2501 Min:    58 Max: 86835 Err:     0 (0.00%) Active: 96 Started: 96 Finished: 0
2023-03-22 22:37:30,001 INFO o.a.j.r.Summariser: summary =  19536 in 00:08:39 =   37.7/s Avg:  2411 Min:    31 Max: 90004 Err:    13 (0.07%)
2023-03-22 22:38:00,017 INFO o.a.j.r.Summariser: summary +   1049 in 00:00:30 =   34.9/s Avg:  2574 Min:    46 Max: 69808 Err:     0 (0.00%) Active: 96 Started: 96 Finished: 0
2023-03-22 22:38:00,018 INFO o.a.j.r.Summariser: summary =  20585 in 00:09:09 =   37.5/s Avg:  2419 Min:    31 Max: 90004 Err:    13 (0.06%)
2023-03-22 22:38:30,033 INFO o.a.j.r.Summariser: summary +   1162 in 00:00:30 =   38.7/s Avg:  2582 Min:    57 Max: 72092 Err:     0 (0.00%) Active: 96 Started: 96 Finished: 0
2023-03-22 22:38:30,033 INFO o.a.j.r.Summariser: summary =  21747 in 00:09:39 =   37.6/s Avg:  2428 Min:    31 Max: 90004 Err:    13 (0.06%)
2023-03-22 22:39:00,003 INFO o.a.j.r.Summariser: summary +   1540 in 00:00:30 =   51.4/s Avg:  2142 Min:    47 Max: 75275 Err:     0 (0.00%) Active: 96 Started: 96 Finished: 0
2023-03-22 22:39:00,004 INFO o.a.j.r.Summariser: summary =  23287 in 00:10:09 =   38.3/s Avg:  2409 Min:    31 Max: 90004 Err:    13 (0.06%)
2023-03-22 22:39:30,030 INFO o.a.j.r.Summariser: summary +   1548 in 00:00:30 =   51.6/s Avg:  1896 Min:    49 Max: 60795 Err:     0 (0.00%) Active: 96 Started: 96 Finished: 0
2023-03-22 22:39:30,030 INFO o.a.j.r.Summariser: summary =  24835 in 00:10:39 =   38.9/s Avg:  2377 Min:    31 Max: 90004 Err:    13 (0.05%)
2023-03-22 22:40:00,037 INFO o.a.j.r.Summariser: summary +   1676 in 00:00:30 =   55.9/s Avg:  1724 Min:    41 Max: 59822 Err:     0 (0.00%) Active: 96 Started: 96 Finished: 0
2023-03-22 22:40:00,038 INFO o.a.j.r.Summariser: summary =  26511 in 00:11:09 =   39.6/s Avg:  2336 Min:    31 Max: 90004 Err:    13 (0.05%)
2023-03-22 22:40:30,012 INFO o.a.j.r.Summariser: summary +   1677 in 00:00:30 =   55.9/s Avg:  1745 Min:    54 Max: 59552 Err:     0 (0.00%) Active: 96 Started: 96 Finished: 0
2023-03-22 22:40:30,012 INFO o.a.j.r.Summariser: summary =  28188 in 00:11:39 =   40.3/s Avg:  2301 Min:    31 Max: 90004 Err:    13 (0.05%)
2023-03-22 22:41:00,001 INFO o.a.j.r.Summariser: summary +   1666 in 00:00:30 =   55.6/s Avg:  1616 Min:    55 Max: 59584 Err:     0 (0.00%) Active: 96 Started: 96 Finished: 0
2023-03-22 22:41:00,001 INFO o.a.j.r.Summariser: summary =  29854 in 00:12:09 =   41.0/s Avg:  2262 Min:    31 Max: 90004 Err:    13 (0.04%)
2023-03-22 22:41:30,003 INFO o.a.j.r.Summariser: summary +   1683 in 00:00:30 =   56.1/s Avg:  1713 Min:    36 Max: 59050 Err:     0 (0.00%) Active: 96 Started: 96 Finished: 0
2023-03-22 22:41:30,004 INFO o.a.j.r.Summariser: summary =  31537 in 00:12:39 =   41.6/s Avg:  2233 Min:    31 Max: 90004 Err:    13 (0.04%)
2023-03-22 22:42:00,008 INFO o.a.j.r.Summariser: summary +   1661 in 00:00:30 =   55.4/s Avg:  1809 Min:    55 Max: 58309 Err:     0 (0.00%) Active: 96 Started: 96 Finished: 0
2023-03-22 22:42:00,008 INFO o.a.j.r.Summariser: summary =  33198 in 00:13:09 =   42.1/s Avg:  2212 Min:    31 Max: 90004 Err:    13 (0.04%)
2023-03-22 22:42:30,033 INFO o.a.j.r.Summariser: summary +   1510 in 00:00:30 =   50.3/s Avg:  1775 Min:    39 Max: 57284 Err:     0 (0.00%) Active: 96 Started: 96 Finished: 0
2023-03-22 22:42:30,033 INFO o.a.j.r.Summariser: summary =  34708 in 00:13:39 =   42.4/s Avg:  2193 Min:    31 Max: 90004 Err:    13 (0.04%)
2023-03-22 22:43:00,022 INFO o.a.j.r.Summariser: summary +   1610 in 00:00:30 =   53.7/s Avg:  2028 Min:    46 Max: 55584 Err:     0 (0.00%) Active: 96 Started: 96 Finished: 0
2023-03-22 22:43:00,022 INFO o.a.j.r.Summariser: summary =  36318 in 00:14:09 =   42.8/s Avg:  2186 Min:    31 Max: 90004 Err:    13 (0.04%)
2023-03-22 22:43:30,019 INFO o.a.j.r.Summariser: summary +   1515 in 00:00:30 =   50.5/s Avg:  1770 Min:    48 Max: 59440 Err:     0 (0.00%) Active: 96 Started: 96 Finished: 0
2023-03-22 22:43:30,019 INFO o.a.j.r.Summariser: summary =  37833 in 00:14:39 =   43.1/s Avg:  2169 Min:    31 Max: 90004 Err:    13 (0.03%)
2023-03-22 22:44:00,018 INFO o.a.j.r.Summariser: summary +   1545 in 00:00:30 =   51.5/s Avg:  1932 Min:    38 Max: 55296 Err:     0 (0.00%) Active: 96 Started: 96 Finished: 0
2023-03-22 22:44:00,018 INFO o.a.j.r.Summariser: summary =  39378 in 00:15:09 =   43.3/s Avg:  2160 Min:    31 Max: 90004 Err:    13 (0.03%)
2023-03-22 22:44:30,007 INFO o.a.j.r.Summariser: summary +   1843 in 00:00:30 =   61.5/s Avg:  1726 Min:    36 Max: 51484 Err:     0 (0.00%) Active: 96 Started: 96 Finished: 0
2023-03-22 22:44:30,008 INFO o.a.j.r.Summariser: summary =  41221 in 00:15:39 =   43.9/s Avg:  2140 Min:    31 Max: 90004 Err:    13 (0.03%)
2023-03-22 22:45:00,008 INFO o.a.j.r.Summariser: summary +   1824 in 00:00:30 =   60.8/s Avg:  1479 Min:    38 Max: 48269 Err:     0 (0.00%) Active: 96 Started: 96 Finished: 0
2023-03-22 22:45:00,009 INFO o.a.j.r.Summariser: summary =  43045 in 00:16:09 =   44.4/s Avg:  2112 Min:    31 Max: 90004 Err:    13 (0.03%)
2023-03-22 22:45:30,000 INFO o.a.j.r.Summariser: summary +   2137 in 00:00:30 =   71.3/s Avg:  1201 Min:    32 Max: 55419 Err:     0 (0.00%) Active: 96 Started: 96 Finished: 0
2023-03-22 22:45:30,001 INFO o.a.j.r.Summariser: summary =  45182 in 00:16:39 =   45.2/s Avg:  2069 Min:    31 Max: 90004 Err:    13 (0.03%)
2023-03-22 22:46:00,041 INFO o.a.j.r.Summariser: summary +   2180 in 00:00:30 =   72.6/s Avg:  1353 Min:    39 Max: 59430 Err:     0 (0.00%) Active: 96 Started: 96 Finished: 0
2023-03-22 22:46:00,041 INFO o.a.j.r.Summariser: summary =  47362 in 00:17:09 =   46.0/s Avg:  2036 Min:    31 Max: 90004 Err:    13 (0.03%)
2023-03-22 22:46:30,032 INFO o.a.j.r.Summariser: summary +   2049 in 00:00:30 =   68.3/s Avg:  1433 Min:    31 Max: 57454 Err:     0 (0.00%) Active: 96 Started: 96 Finished: 0
2023-03-22 22:46:30,032 INFO o.a.j.r.Summariser: summary =  49411 in 00:17:39 =   46.7/s Avg:  2011 Min:    31 Max: 90004 Err:    13 (0.03%)
2023-03-22 22:47:00,024 INFO o.a.j.r.Summariser: summary +   2106 in 00:00:30 =   70.2/s Avg:  1414 Min:    30 Max: 52696 Err:     0 (0.00%) Active: 96 Started: 96 Finished: 0
2023-03-22 22:47:00,025 INFO o.a.j.r.Summariser: summary =  51517 in 00:18:09 =   47.3/s Avg:  1987 Min:    30 Max: 90004 Err:    13 (0.03%)
2023-03-22 22:47:30,047 INFO o.a.j.r.Summariser: summary +   2262 in 00:00:30 =   75.3/s Avg:  1185 Min:    36 Max: 52128 Err:     0 (0.00%) Active: 96 Started: 96 Finished: 0
2023-03-22 22:47:30,047 INFO o.a.j.r.Summariser: summary =  53779 in 00:18:39 =   48.1/s Avg:  1953 Min:    30 Max: 90004 Err:    13 (0.02%)
2023-03-22 22:48:00,005 INFO o.a.j.r.Summariser: summary +   1992 in 00:00:30 =   66.5/s Avg:  1446 Min:    36 Max: 54789 Err:     0 (0.00%) Active: 96 Started: 96 Finished: 0
2023-03-22 22:48:00,006 INFO o.a.j.r.Summariser: summary =  55771 in 00:19:09 =   48.5/s Avg:  1935 Min:    30 Max: 90004 Err:    13 (0.02%)
2023-03-22 22:48:30,009 INFO o.a.j.r.Summariser: summary +   2044 in 00:00:30 =   68.1/s Avg:  1481 Min:    40 Max: 56766 Err:     0 (0.00%) Active: 96 Started: 96 Finished: 0
2023-03-22 22:48:30,009 INFO o.a.j.r.Summariser: summary =  57815 in 00:19:39 =   49.0/s Avg:  1919 Min:    30 Max: 90004 Err:    13 (0.02%)
2023-03-22 22:49:00,008 INFO o.a.j.r.Summariser: summary +   2094 in 00:00:30 =   69.8/s Avg:  1385 Min:    41 Max: 52139 Err:     0 (0.00%) Active: 96 Started: 96 Finished: 0
2023-03-22 22:49:00,008 INFO o.a.j.r.Summariser: summary =  59909 in 00:20:09 =   49.6/s Avg:  1900 Min:    30 Max: 90004 Err:    13 (0.02%)
2023-03-22 22:49:30,007 INFO o.a.j.r.Summariser: summary +   1972 in 00:00:30 =   65.7/s Avg:  1600 Min:    30 Max: 45258 Err:     0 (0.00%) Active: 96 Started: 96 Finished: 0
2023-03-22 22:49:30,007 INFO o.a.j.r.Summariser: summary =  61881 in 00:20:39 =   50.0/s Avg:  1891 Min:    30 Max: 90004 Err:    13 (0.02%)
2023-03-22 22:50:00,013 INFO o.a.j.r.Summariser: summary +   2223 in 00:00:30 =   74.1/s Avg:  1280 Min:    33 Max: 40777 Err:     0 (0.00%) Active: 96 Started: 96 Finished: 0
2023-03-22 22:50:00,014 INFO o.a.j.r.Summariser: summary =  64104 in 00:21:09 =   50.5/s Avg:  1869 Min:    30 Max: 90004 Err:    13 (0.02%)
2023-03-22 22:50:30,015 INFO o.a.j.r.Summariser: summary +   2258 in 00:00:30 =   75.3/s Avg:  1271 Min:    34 Max: 41167 Err:     0 (0.00%) Active: 96 Started: 96 Finished: 0
2023-03-22 22:50:30,015 INFO o.a.j.r.Summariser: summary =  66362 in 00:21:39 =   51.1/s Avg:  1849 Min:    30 Max: 90004 Err:    13 (0.02%)
2023-03-22 22:51:00,001 INFO o.a.j.r.Summariser: summary +   2155 in 00:00:30 =   71.9/s Avg:  1287 Min:    40 Max: 40097 Err:     0 (0.00%) Active: 96 Started: 96 Finished: 0
2023-03-22 22:51:00,001 INFO o.a.j.r.Summariser: summary =  68517 in 00:22:09 =   51.6/s Avg:  1831 Min:    30 Max: 90004 Err:    13 (0.02%)
2023-03-22 22:51:30,002 INFO o.a.j.r.Summariser: summary +   2017 in 00:00:30 =   67.2/s Avg:  1439 Min:    39 Max: 41831 Err:     0 (0.00%) Active: 96 Started: 96 Finished: 0
2023-03-22 22:51:30,002 INFO o.a.j.r.Summariser: summary =  70534 in 00:22:39 =   51.9/s Avg:  1820 Min:    30 Max: 90004 Err:    13 (0.02%)
2023-03-22 22:52:00,008 INFO o.a.j.r.Summariser: summary +   2065 in 00:00:30 =   68.8/s Avg:  1415 Min:    39 Max: 46116 Err:     0 (0.00%) Active: 96 Started: 96 Finished: 0
2023-03-22 22:52:00,008 INFO o.a.j.r.Summariser: summary =  72599 in 00:23:09 =   52.3/s Avg:  1809 Min:    30 Max: 90004 Err:    13 (0.02%)
2023-03-22 22:52:30,010 INFO o.a.j.r.Summariser: summary +   2134 in 00:00:30 =   71.1/s Avg:  1301 Min:    36 Max: 48405 Err:     0 (0.00%) Active: 96 Started: 96 Finished: 0
2023-03-22 22:52:30,010 INFO o.a.j.r.Summariser: summary =  74733 in 00:23:39 =   52.7/s Avg:  1794 Min:    30 Max: 90004 Err:    13 (0.02%)
2023-03-22 22:53:00,012 INFO o.a.j.r.Summariser: summary +   2310 in 00:00:30 =   77.0/s Avg:  1218 Min:    37 Max: 46145 Err:     0 (0.00%) Active: 96 Started: 96 Finished: 0
2023-03-22 22:53:00,012 INFO o.a.j.r.Summariser: summary =  77043 in 00:24:09 =   53.2/s Avg:  1777 Min:    30 Max: 90004 Err:    13 (0.02%)
2023-03-22 22:53:30,019 INFO o.a.j.r.Summariser: summary +   2420 in 00:00:30 =   80.6/s Avg:  1236 Min:    41 Max: 46136 Err:     0 (0.00%) Active: 96 Started: 96 Finished: 0
2023-03-22 22:53:30,019 INFO o.a.j.r.Summariser: summary =  79463 in 00:24:39 =   53.7/s Avg:  1760 Min:    30 Max: 90004 Err:    13 (0.02%)
2023-03-22 22:54:00,008 INFO o.a.j.r.Summariser: summary +   2316 in 00:00:30 =   77.2/s Avg:  1282 Min:    36 Max: 48229 Err:     0 (0.00%) Active: 96 Started: 96 Finished: 0
2023-03-22 22:54:00,009 INFO o.a.j.r.Summariser: summary =  81779 in 00:25:09 =   54.2/s Avg:  1747 Min:    30 Max: 90004 Err:    13 (0.02%)
2023-03-22 22:54:30,002 INFO o.a.j.r.Summariser: summary +   2317 in 00:00:30 =   77.2/s Avg:  1228 Min:    41 Max: 48156 Err:     0 (0.00%) Active: 96 Started: 96 Finished: 0
2023-03-22 22:54:30,002 INFO o.a.j.r.Summariser: summary =  84096 in 00:25:39 =   54.7/s Avg:  1733 Min:    30 Max: 90004 Err:    13 (0.02%)
2023-03-22 22:55:00,004 INFO o.a.j.r.Summariser: summary +   2357 in 00:00:30 =   78.6/s Avg:  1204 Min:    39 Max: 48675 Err:     0 (0.00%) Active: 96 Started: 96 Finished: 0
2023-03-22 22:55:00,004 INFO o.a.j.r.Summariser: summary =  86453 in 00:26:09 =   55.1/s Avg:  1718 Min:    30 Max: 90004 Err:    13 (0.02%)
2023-03-22 22:55:30,006 INFO o.a.j.r.Summariser: summary +   2409 in 00:00:30 =   80.3/s Avg:  1205 Min:    28 Max: 43109 Err:     0 (0.00%) Active: 96 Started: 96 Finished: 0
2023-03-22 22:55:30,006 INFO o.a.j.r.Summariser: summary =  88862 in 00:26:39 =   55.6/s Avg:  1704 Min:    28 Max: 90004 Err:    13 (0.01%)
2023-03-22 22:56:00,014 INFO o.a.j.r.Summariser: summary +   2323 in 00:00:30 =   77.4/s Avg:  1283 Min:    42 Max: 41384 Err:     0 (0.00%) Active: 96 Started: 96 Finished: 0
2023-03-22 22:56:00,015 INFO o.a.j.r.Summariser: summary =  91185 in 00:27:09 =   56.0/s Avg:  1694 Min:    28 Max: 90004 Err:    13 (0.01%)
2023-03-22 22:56:30,005 INFO o.a.j.r.Summariser: summary +   2307 in 00:00:30 =   76.9/s Avg:  1209 Min:    38 Max: 45043 Err:     0 (0.00%) Active: 96 Started: 96 Finished: 0
2023-03-22 22:56:30,005 INFO o.a.j.r.Summariser: summary =  93492 in 00:27:39 =   56.4/s Avg:  1682 Min:    28 Max: 90004 Err:    13 (0.01%)
2023-03-22 22:57:00,015 INFO o.a.j.r.Summariser: summary +   2371 in 00:00:30 =   79.0/s Avg:  1242 Min:    37 Max: 45835 Err:     0 (0.00%) Active: 96 Started: 96 Finished: 0
2023-03-22 22:57:00,015 INFO o.a.j.r.Summariser: summary =  95863 in 00:28:09 =   56.8/s Avg:  1671 Min:    28 Max: 90004 Err:    13 (0.01%)
2023-03-22 22:57:30,000 INFO o.a.j.r.Summariser: summary +   2407 in 00:00:30 =   80.3/s Avg:  1094 Min:    30 Max: 44739 Err:     0 (0.00%) Active: 96 Started: 96 Finished: 0
2023-03-22 22:57:30,000 INFO o.a.j.r.Summariser: summary =  98270 in 00:28:39 =   57.2/s Avg:  1657 Min:    28 Max: 90004 Err:    13 (0.01%)
2023-03-22 22:58:00,004 INFO o.a.j.r.Summariser: summary +   2360 in 00:00:30 =   78.7/s Avg:  1245 Min:    35 Max: 46810 Err:     0 (0.00%) Active: 96 Started: 96 Finished: 0
2023-03-22 22:58:00,004 INFO o.a.j.r.Summariser: summary = 100630 in 00:29:09 =   57.5/s Avg:  1647 Min:    28 Max: 90004 Err:    13 (0.01%)
2023-03-22 22:58:30,006 INFO o.a.j.r.Summariser: summary +   2466 in 00:00:30 =   82.2/s Avg:  1121 Min:    31 Max: 50869 Err:     0 (0.00%) Active: 96 Started: 96 Finished: 0
2023-03-22 22:58:30,006 INFO o.a.j.r.Summariser: summary = 103096 in 00:29:39 =   58.0/s Avg:  1634 Min:    28 Max: 90004 Err:    13 (0.01%)
2023-03-22 22:59:00,020 INFO o.a.j.r.Summariser: summary +   2444 in 00:00:30 =   81.4/s Avg:  1253 Min:    35 Max: 49157 Err:     0 (0.00%) Active: 96 Started: 96 Finished: 0
2023-03-22 22:59:00,020 INFO o.a.j.r.Summariser: summary = 105540 in 00:30:09 =   58.3/s Avg:  1625 Min:    28 Max: 90004 Err:    13 (0.01%)
2023-03-22 22:59:30,014 INFO o.a.j.r.Summariser: summary +   2293 in 00:00:30 =   76.4/s Avg:  1264 Min:    35 Max: 44129 Err:     0 (0.00%) Active: 96 Started: 96 Finished: 0
2023-03-22 22:59:30,014 INFO o.a.j.r.Summariser: summary = 107833 in 00:30:39 =   58.6/s Avg:  1618 Min:    28 Max: 90004 Err:    13 (0.01%)
2023-03-22 23:00:00,005 INFO o.a.j.r.Summariser: summary +   2728 in 00:00:30 =   91.0/s Avg:  1016 Min:    36 Max: 49046 Err:     0 (0.00%) Active: 96 Started: 96 Finished: 0
2023-03-22 23:00:00,005 INFO o.a.j.r.Summariser: summary = 110561 in 00:31:09 =   59.2/s Avg:  1603 Min:    28 Max: 90004 Err:    13 (0.01%)
2023-03-22 23:00:30,002 INFO o.a.j.r.Summariser: summary +   2522 in 00:00:30 =   84.1/s Avg:  1058 Min:    32 Max: 55431 Err:     0 (0.00%) Active: 96 Started: 96 Finished: 0
2023-03-22 23:00:30,002 INFO o.a.j.r.Summariser: summary = 113083 in 00:31:39 =   59.6/s Avg:  1591 Min:    28 Max: 90004 Err:    13 (0.01%)
2023-03-22 23:01:00,011 INFO o.a.j.r.Summariser: summary +   2469 in 00:00:30 =   82.3/s Avg:  1111 Min:    36 Max: 58600 Err:     0 (0.00%) Active: 96 Started: 96 Finished: 0
2023-03-22 23:01:00,011 INFO o.a.j.r.Summariser: summary = 115552 in 00:32:09 =   59.9/s Avg:  1581 Min:    28 Max: 90004 Err:    13 (0.01%)
2023-03-22 23:01:30,015 INFO o.a.j.r.Summariser: summary +   2434 in 00:00:30 =   81.1/s Avg:  1319 Min:    31 Max: 58511 Err:     0 (0.00%) Active: 96 Started: 96 Finished: 0
2023-03-22 23:01:30,015 INFO o.a.j.r.Summariser: summary = 117986 in 00:32:39 =   60.2/s Avg:  1575 Min:    28 Max: 90004 Err:    13 (0.01%)
2023-03-22 23:02:00,018 INFO o.a.j.r.Summariser: summary +   2484 in 00:00:30 =   82.8/s Avg:  1134 Min:    37 Max: 56932 Err:     0 (0.00%) Active: 96 Started: 96 Finished: 0
2023-03-22 23:02:00,018 INFO o.a.j.r.Summariser: summary = 120470 in 00:33:09 =   60.6/s Avg:  1566 Min:    28 Max: 90004 Err:    13 (0.01%)
2023-03-22 23:02:30,002 INFO o.a.j.r.Summariser: summary +   2495 in 00:00:30 =   83.2/s Avg:  1053 Min:    40 Max: 61728 Err:     0 (0.00%) Active: 96 Started: 96 Finished: 0
2023-03-22 23:02:30,002 INFO o.a.j.r.Summariser: summary = 122965 in 00:33:39 =   60.9/s Avg:  1556 Min:    28 Max: 90004 Err:    13 (0.01%)
2023-03-22 23:03:00,036 INFO o.a.j.r.Summariser: summary +   2180 in 00:00:30 =   72.6/s Avg:  1320 Min:    34 Max: 64570 Err:     0 (0.00%) Active: 96 Started: 96 Finished: 0
2023-03-22 23:03:00,037 INFO o.a.j.r.Summariser: summary = 125145 in 00:34:09 =   61.1/s Avg:  1552 Min:    28 Max: 90004 Err:    13 (0.01%)
2023-03-22 23:03:30,002 INFO o.a.j.r.Summariser: summary +   2013 in 00:00:30 =   67.2/s Avg:  1359 Min:    33 Max: 63192 Err:     0 (0.00%) Active: 96 Started: 96 Finished: 0
2023-03-22 23:03:30,002 INFO o.a.j.r.Summariser: summary = 127158 in 00:34:39 =   61.2/s Avg:  1548 Min:    28 Max: 90004 Err:    13 (0.01%)
2023-03-22 23:04:00,013 INFO o.a.j.r.Summariser: summary +   2222 in 00:00:30 =   74.0/s Avg:  1347 Min:    33 Max: 63308 Err:     0 (0.00%) Active: 96 Started: 96 Finished: 0
2023-03-22 23:04:00,013 INFO o.a.j.r.Summariser: summary = 129380 in 00:35:09 =   61.4/s Avg:  1545 Min:    28 Max: 90004 Err:    13 (0.01%)
2023-03-22 23:04:30,016 INFO o.a.j.r.Summariser: summary +   2243 in 00:00:30 =   74.8/s Avg:  1292 Min:    33 Max: 63032 Err:     0 (0.00%) Active: 96 Started: 96 Finished: 0
2023-03-22 23:04:30,016 INFO o.a.j.r.Summariser: summary = 131623 in 00:35:39 =   61.5/s Avg:  1541 Min:    28 Max: 90004 Err:    13 (0.01%)
2023-03-22 23:05:00,006 INFO o.a.j.r.Summariser: summary +   2618 in 00:00:30 =   87.3/s Avg:  1169 Min:    29 Max: 58728 Err:     0 (0.00%) Active: 96 Started: 96 Finished: 0
2023-03-22 23:05:00,006 INFO o.a.j.r.Summariser: summary = 134241 in 00:36:09 =   61.9/s Avg:  1533 Min:    28 Max: 90004 Err:    13 (0.01%)
2023-03-22 23:05:30,002 INFO o.a.j.r.Summariser: summary +   2518 in 00:00:30 =   83.9/s Avg:  1117 Min:    35 Max: 56098 Err:     0 (0.00%) Active: 96 Started: 96 Finished: 0
2023-03-22 23:05:30,003 INFO o.a.j.r.Summariser: summary = 136759 in 00:36:39 =   62.2/s Avg:  1526 Min:    28 Max: 90004 Err:    13 (0.01%)
2023-03-22 23:06:00,004 INFO o.a.j.r.Summariser: summary +   2232 in 00:00:30 =   74.4/s Avg:  1280 Min:    34 Max: 57444 Err:     0 (0.00%) Active: 96 Started: 96 Finished: 0
2023-03-22 23:06:00,004 INFO o.a.j.r.Summariser: summary = 138991 in 00:37:09 =   62.4/s Avg:  1522 Min:    28 Max: 90004 Err:    13 (0.01%)
2023-03-22 23:06:30,033 INFO o.a.j.r.Summariser: summary +   2486 in 00:00:30 =   82.8/s Avg:  1120 Min:    36 Max: 62293 Err:     0 (0.00%) Active: 96 Started: 96 Finished: 0
2023-03-22 23:06:30,033 INFO o.a.j.r.Summariser: summary = 141477 in 00:37:39 =   62.6/s Avg:  1515 Min:    28 Max: 90004 Err:    13 (0.01%)
2023-03-22 23:07:00,015 INFO o.a.j.r.Summariser: summary +   2461 in 00:00:30 =   82.1/s Avg:  1182 Min:    35 Max: 62214 Err:     0 (0.00%) Active: 96 Started: 96 Finished: 0
2023-03-22 23:07:00,016 INFO o.a.j.r.Summariser: summary = 143938 in 00:38:09 =   62.9/s Avg:  1509 Min:    28 Max: 90004 Err:    13 (0.01%)
2023-03-22 23:07:30,004 INFO o.a.j.r.Summariser: summary +   2534 in 00:00:30 =   84.5/s Avg:  1017 Min:    36 Max: 65602 Err:     0 (0.00%) Active: 96 Started: 96 Finished: 0
2023-03-22 23:07:30,004 INFO o.a.j.r.Summariser: summary = 146472 in 00:38:39 =   63.2/s Avg:  1501 Min:    28 Max: 90004 Err:    13 (0.01%)
2023-03-22 23:08:00,005 INFO o.a.j.r.Summariser: summary +   2464 in 00:00:30 =   82.1/s Avg:  1120 Min:    39 Max: 68497 Err:     0 (0.00%) Active: 96 Started: 96 Finished: 0
2023-03-22 23:08:00,006 INFO o.a.j.r.Summariser: summary = 148936 in 00:39:09 =   63.4/s Avg:  1494 Min:    28 Max: 90004 Err:    13 (0.01%)
2023-03-22 23:08:30,009 INFO o.a.j.r.Summariser: summary +   2356 in 00:00:30 =   78.5/s Avg:   914 Min:    47 Max: 80809 Err:     0 (0.00%) Active: 96 Started: 96 Finished: 0
2023-03-22 23:08:30,009 INFO o.a.j.r.Summariser: summary = 151292 in 00:39:39 =   63.6/s Avg:  1485 Min:    28 Max: 90004 Err:    13 (0.01%)
2023-03-22 23:09:00,006 INFO o.a.j.r.Summariser: summary +   2054 in 00:00:30 =   68.5/s Avg:  1609 Min:    31 Max: 79558 Err:     0 (0.00%) Active: 96 Started: 96 Finished: 0
2023-03-22 23:09:00,007 INFO o.a.j.r.Summariser: summary = 153346 in 00:40:09 =   63.7/s Avg:  1487 Min:    28 Max: 90004 Err:    13 (0.01%)
2023-03-22 23:09:30,000 INFO o.a.j.r.Summariser: summary +   2017 in 00:00:30 =   67.2/s Avg:  1827 Min:    36 Max: 78355 Err:     0 (0.00%) Active: 96 Started: 96 Finished: 0
2023-03-22 23:09:30,000 INFO o.a.j.r.Summariser: summary = 155363 in 00:40:39 =   63.7/s Avg:  1491 Min:    28 Max: 90004 Err:    13 (0.01%)
2023-03-22 23:10:00,018 INFO o.a.j.r.Summariser: summary +   2028 in 00:00:30 =   67.6/s Avg:  1456 Min:    35 Max: 68199 Err:     0 (0.00%) Active: 96 Started: 96 Finished: 0
2023-03-22 23:10:00,019 INFO o.a.j.r.Summariser: summary = 157391 in 00:41:09 =   63.8/s Avg:  1491 Min:    28 Max: 90004 Err:    13 (0.01%)
2023-03-22 23:10:30,021 INFO o.a.j.r.Summariser: summary +   2006 in 00:00:30 =   66.9/s Avg:  1073 Min:    40 Max: 56855 Err:     0 (0.00%) Active: 96 Started: 96 Finished: 0
2023-03-22 23:10:30,021 INFO o.a.j.r.Summariser: summary = 159397 in 00:41:39 =   63.8/s Avg:  1486 Min:    28 Max: 90004 Err:    13 (0.01%)
2023-03-22 23:11:00,011 INFO o.a.j.r.Summariser: summary +   1981 in 00:00:30 =   66.1/s Avg:  1632 Min:    32 Max: 67536 Err:     0 (0.00%) Active: 96 Started: 96 Finished: 0
2023-03-22 23:11:00,011 INFO o.a.j.r.Summariser: summary = 161378 in 00:42:09 =   63.8/s Avg:  1487 Min:    28 Max: 90004 Err:    13 (0.01%)
2023-03-22 23:11:30,005 INFO o.a.j.r.Summariser: summary +   1988 in 00:00:30 =   66.3/s Avg:  1720 Min:    38 Max: 71918 Err:     0 (0.00%) Active: 96 Started: 96 Finished: 0
2023-03-22 23:11:30,005 INFO o.a.j.r.Summariser: summary = 163366 in 00:42:39 =   63.8/s Avg:  1490 Min:    28 Max: 90004 Err:    13 (0.01%)
2023-03-22 23:12:00,047 INFO o.a.j.r.Summariser: summary +   2027 in 00:00:30 =   67.5/s Avg:   975 Min:    29 Max: 52971 Err:     0 (0.00%) Active: 96 Started: 96 Finished: 0
2023-03-22 23:12:00,047 INFO o.a.j.r.Summariser: summary = 165393 in 00:43:09 =   63.9/s Avg:  1484 Min:    28 Max: 90004 Err:    13 (0.01%)
2023-03-22 23:12:30,001 INFO o.a.j.r.Summariser: summary +   2103 in 00:00:30 =   70.2/s Avg:  1360 Min:    33 Max: 68210 Err:     0 (0.00%) Active: 96 Started: 96 Finished: 0
2023-03-22 23:12:30,001 INFO o.a.j.r.Summariser: summary = 167496 in 00:43:39 =   64.0/s Avg:  1482 Min:    28 Max: 90004 Err:    13 (0.01%)
2023-03-22 23:13:00,000 INFO o.a.j.r.Summariser: summary +   1978 in 00:00:30 =   65.9/s Avg:  1791 Min:    33 Max: 73179 Err:     0 (0.00%) Active: 96 Started: 96 Finished: 0
2023-03-22 23:13:00,000 INFO o.a.j.r.Summariser: summary = 169474 in 00:44:09 =   64.0/s Avg:  1486 Min:    28 Max: 90004 Err:    13 (0.01%)
2023-03-22 23:13:30,006 INFO o.a.j.r.Summariser: summary +   1847 in 00:00:30 =   61.6/s Avg:  1346 Min:    36 Max: 73956 Err:     0 (0.00%) Active: 96 Started: 96 Finished: 0
2023-03-22 23:13:30,006 INFO o.a.j.r.Summariser: summary = 171321 in 00:44:39 =   64.0/s Avg:  1484 Min:    28 Max: 90004 Err:    13 (0.01%)
2023-03-22 23:14:00,007 INFO o.a.j.r.Summariser: summary +   1774 in 00:00:30 =   59.1/s Avg:   464 Min:    77 Max: 56253 Err:     0 (0.00%) Active: 96 Started: 96 Finished: 0
2023-03-22 23:14:00,008 INFO o.a.j.r.Summariser: summary = 173095 in 00:45:09 =   63.9/s Avg:  1474 Min:    28 Max: 90004 Err:    13 (0.01%)
2023-03-22 23:14:30,023 INFO o.a.j.r.Summariser: summary +   1782 in 00:00:30 =   59.4/s Avg:  2068 Min:    28 Max: 89845 Err:     0 (0.00%) Active: 96 Started: 96 Finished: 0
2023-03-22 23:14:30,023 INFO o.a.j.r.Summariser: summary = 174877 in 00:45:39 =   63.9/s Avg:  1480 Min:    28 Max: 90004 Err:    13 (0.01%)
2023-03-22 23:15:00,014 INFO o.a.j.r.Summariser: summary +   1964 in 00:00:30 =   65.5/s Avg:  2276 Min:    38 Max: 90004 Err:    33 (1.68%) Active: 96 Started: 96 Finished: 0
2023-03-22 23:15:00,014 INFO o.a.j.r.Summariser: summary = 176841 in 00:46:09 =   63.9/s Avg:  1489 Min:    28 Max: 90004 Err:    46 (0.03%)
2023-03-22 23:15:30,037 INFO o.a.j.r.Summariser: summary +   1809 in 00:00:30 =   60.3/s Avg:  1524 Min:    32 Max: 90002 Err:     3 (0.17%) Active: 96 Started: 96 Finished: 0
2023-03-22 23:15:30,037 INFO o.a.j.r.Summariser: summary = 178650 in 00:46:39 =   63.8/s Avg:  1489 Min:    28 Max: 90004 Err:    49 (0.03%)
2023-03-22 23:16:00,017 INFO o.a.j.r.Summariser: summary +   1931 in 00:00:30 =   64.4/s Avg:  1520 Min:    37 Max: 63087 Err:     0 (0.00%) Active: 96 Started: 96 Finished: 0
2023-03-22 23:16:00,017 INFO o.a.j.r.Summariser: summary = 180581 in 00:47:09 =   63.8/s Avg:  1490 Min:    28 Max: 90004 Err:    49 (0.03%)
2023-03-22 23:16:30,033 INFO o.a.j.r.Summariser: summary +   1844 in 00:00:30 =   61.4/s Avg:  1265 Min:    33 Max: 64733 Err:     0 (0.00%) Active: 96 Started: 96 Finished: 0
2023-03-22 23:16:30,033 INFO o.a.j.r.Summariser: summary = 182425 in 00:47:39 =   63.8/s Avg:  1487 Min:    28 Max: 90004 Err:    49 (0.03%)
2023-03-22 23:17:00,003 INFO o.a.j.r.Summariser: summary +   1977 in 00:00:30 =   66.0/s Avg:  1482 Min:    37 Max: 90002 Err:     1 (0.05%) Active: 96 Started: 96 Finished: 0
2023-03-22 23:17:00,003 INFO o.a.j.r.Summariser: summary = 184402 in 00:48:09 =   63.8/s Avg:  1487 Min:    28 Max: 90004 Err:    50 (0.03%)
2023-03-22 23:17:30,005 INFO o.a.j.r.Summariser: summary +   1855 in 00:00:30 =   61.8/s Avg:  1687 Min:    34 Max: 74402 Err:     0 (0.00%) Active: 96 Started: 96 Finished: 0
2023-03-22 23:17:30,005 INFO o.a.j.r.Summariser: summary = 186257 in 00:48:39 =   63.8/s Avg:  1489 Min:    28 Max: 90004 Err:    50 (0.03%)
2023-03-22 23:18:00,014 INFO o.a.j.r.Summariser: summary +   1760 in 00:00:30 =   58.6/s Avg:  1490 Min:    34 Max: 70397 Err:     0 (0.00%) Active: 96 Started: 96 Finished: 0
2023-03-22 23:18:00,014 INFO o.a.j.r.Summariser: summary = 188017 in 00:49:09 =   63.8/s Avg:  1489 Min:    28 Max: 90004 Err:    50 (0.03%)
2023-03-22 23:18:30,028 INFO o.a.j.r.Summariser: summary +   1763 in 00:00:30 =   58.7/s Avg:  1815 Min:    36 Max: 70986 Err:     0 (0.00%) Active: 96 Started: 96 Finished: 0
2023-03-22 23:18:30,029 INFO o.a.j.r.Summariser: summary = 189780 in 00:49:39 =   63.7/s Avg:  1492 Min:    28 Max: 90004 Err:    50 (0.03%)
2023-03-22 23:19:00,021 INFO o.a.j.r.Summariser: summary +   1988 in 00:00:30 =   66.3/s Avg:  1626 Min:    34 Max: 67459 Err:     0 (0.00%) Active: 96 Started: 96 Finished: 0
2023-03-22 23:19:00,021 INFO o.a.j.r.Summariser: summary = 191768 in 00:50:09 =   63.7/s Avg:  1494 Min:    28 Max: 90004 Err:    50 (0.03%)
2023-03-22 23:19:30,009 INFO o.a.j.r.Summariser: summary +   1890 in 00:00:30 =   63.0/s Avg:  1420 Min:    32 Max: 65880 Err:     0 (0.00%) Active: 96 Started: 96 Finished: 0
2023-03-22 23:19:30,009 INFO o.a.j.r.Summariser: summary = 193658 in 00:50:39 =   63.7/s Avg:  1493 Min:    28 Max: 90004 Err:    50 (0.03%)
2023-03-22 23:20:00,005 INFO o.a.j.r.Summariser: summary +   1986 in 00:00:30 =   66.2/s Avg:  1265 Min:    35 Max: 57629 Err:     0 (0.00%) Active: 96 Started: 96 Finished: 0
2023-03-22 23:20:00,005 INFO o.a.j.r.Summariser: summary = 195644 in 00:51:09 =   63.8/s Avg:  1491 Min:    28 Max: 90004 Err:    50 (0.03%)
2023-03-22 23:20:30,022 INFO o.a.j.r.Summariser: summary +   1922 in 00:00:30 =   64.0/s Avg:  1883 Min:    31 Max: 67869 Err:     0 (0.00%) Active: 96 Started: 96 Finished: 0
2023-03-22 23:20:30,022 INFO o.a.j.r.Summariser: summary = 197566 in 00:51:39 =   63.8/s Avg:  1494 Min:    28 Max: 90004 Err:    50 (0.03%)
2023-03-22 23:21:00,012 INFO o.a.j.r.Summariser: summary +   1843 in 00:00:30 =   61.5/s Avg:  1434 Min:    31 Max: 62807 Err:     0 (0.00%) Active: 96 Started: 96 Finished: 0
2023-03-22 23:21:00,012 INFO o.a.j.r.Summariser: summary = 199409 in 00:52:09 =   63.7/s Avg:  1494 Min:    28 Max: 90004 Err:    50 (0.03%)
2023-03-22 23:21:30,003 INFO o.a.j.r.Summariser: summary +   2001 in 00:00:30 =   66.7/s Avg:  1008 Min:    31 Max: 56078 Err:     0 (0.00%) Active: 96 Started: 96 Finished: 0
2023-03-22 23:21:30,003 INFO o.a.j.r.Summariser: summary = 201410 in 00:52:39 =   63.8/s Avg:  1489 Min:    28 Max: 90004 Err:    50 (0.02%)
2023-03-22 23:22:00,028 INFO o.a.j.r.Summariser: summary +   2001 in 00:00:30 =   66.6/s Avg:  1452 Min:    31 Max: 73849 Err:     0 (0.00%) Active: 96 Started: 96 Finished: 0
2023-03-22 23:22:00,028 INFO o.a.j.r.Summariser: summary = 203411 in 00:53:09 =   63.8/s Avg:  1489 Min:    28 Max: 90004 Err:    50 (0.02%)
2023-03-22 23:22:30,010 INFO o.a.j.r.Summariser: summary +   1984 in 00:00:30 =   66.2/s Avg:  1781 Min:    31 Max: 78507 Err:     0 (0.00%) Active: 96 Started: 96 Finished: 0
2023-03-22 23:22:30,010 INFO o.a.j.r.Summariser: summary = 205395 in 00:53:39 =   63.8/s Avg:  1492 Min:    28 Max: 90004 Err:    50 (0.02%)
2023-03-22 23:23:00,011 INFO o.a.j.r.Summariser: summary +   1972 in 00:00:30 =   65.7/s Avg:  1570 Min:    29 Max: 78182 Err:     0 (0.00%) Active: 96 Started: 96 Finished: 0
2023-03-22 23:23:00,011 INFO o.a.j.r.Summariser: summary = 207367 in 00:54:09 =   63.8/s Avg:  1492 Min:    28 Max: 90004 Err:    50 (0.02%)
2023-03-22 23:23:30,013 INFO o.a.j.r.Summariser: summary +   1968 in 00:00:30 =   65.6/s Avg:  1213 Min:    32 Max: 56600 Err:     0 (0.00%) Active: 96 Started: 96 Finished: 0
2023-03-22 23:23:30,013 INFO o.a.j.r.Summariser: summary = 209335 in 00:54:39 =   63.8/s Avg:  1490 Min:    28 Max: 90004 Err:    50 (0.02%)
2023-03-22 23:24:00,027 INFO o.a.j.r.Summariser: summary +   1960 in 00:00:30 =   65.3/s Avg:  1635 Min:    32 Max: 67339 Err:     0 (0.00%) Active: 96 Started: 96 Finished: 0
2023-03-22 23:24:00,027 INFO o.a.j.r.Summariser: summary = 211295 in 00:55:09 =   63.9/s Avg:  1491 Min:    28 Max: 90004 Err:    50 (0.02%)
2023-03-22 23:24:30,003 INFO o.a.j.r.Summariser: summary +   2060 in 00:00:30 =   68.7/s Avg:  1508 Min:    30 Max: 65958 Err:     0 (0.00%) Active: 96 Started: 96 Finished: 0
2023-03-22 23:24:30,003 INFO o.a.j.r.Summariser: summary = 213355 in 00:55:39 =   63.9/s Avg:  1491 Min:    28 Max: 90004 Err:    50 (0.02%)
2023-03-22 23:25:00,016 INFO o.a.j.r.Summariser: summary +   1964 in 00:00:30 =   65.4/s Avg:   888 Min:    35 Max: 56447 Err:     0 (0.00%) Active: 96 Started: 96 Finished: 0
2023-03-22 23:25:00,017 INFO o.a.j.r.Summariser: summary = 215319 in 00:56:09 =   63.9/s Avg:  1486 Min:    28 Max: 90004 Err:    50 (0.02%)
2023-03-22 23:25:30,025 INFO o.a.j.r.Summariser: summary +   1842 in 00:00:30 =   61.4/s Avg:  1640 Min:    37 Max: 73422 Err:     0 (0.00%) Active: 96 Started: 96 Finished: 0
2023-03-22 23:25:30,025 INFO o.a.j.r.Summariser: summary = 217161 in 00:56:39 =   63.9/s Avg:  1487 Min:    28 Max: 90004 Err:    50 (0.02%)
2023-03-22 23:26:00,007 INFO o.a.j.r.Summariser: summary +   1942 in 00:00:30 =   64.8/s Avg:  1792 Min:    34 Max: 81403 Err:     0 (0.00%) Active: 96 Started: 96 Finished: 0
2023-03-22 23:26:00,007 INFO o.a.j.r.Summariser: summary = 219103 in 00:57:09 =   63.9/s Avg:  1490 Min:    28 Max: 90004 Err:    50 (0.02%)
2023-03-22 23:26:30,005 INFO o.a.j.r.Summariser: summary +   1964 in 00:00:30 =   65.5/s Avg:  1556 Min:    31 Max: 75058 Err:     0 (0.00%) Active: 96 Started: 96 Finished: 0
2023-03-22 23:26:30,005 INFO o.a.j.r.Summariser: summary = 221067 in 00:57:39 =   63.9/s Avg:  1490 Min:    28 Max: 90004 Err:    50 (0.02%)
2023-03-22 23:27:00,019 INFO o.a.j.r.Summariser: summary +   1914 in 00:00:30 =   63.8/s Avg:  1118 Min:    34 Max: 61178 Err:     0 (0.00%) Active: 96 Started: 96 Finished: 0
2023-03-22 23:27:00,019 INFO o.a.j.r.Summariser: summary = 222981 in 00:58:09 =   63.9/s Avg:  1487 Min:    28 Max: 90004 Err:    50 (0.02%)
2023-03-22 23:27:30,011 INFO o.a.j.r.Summariser: summary +   1959 in 00:00:30 =   65.3/s Avg:  1650 Min:    31 Max: 74014 Err:     0 (0.00%) Active: 96 Started: 96 Finished: 0
2023-03-22 23:27:30,012 INFO o.a.j.r.Summariser: summary = 224940 in 00:58:39 =   63.9/s Avg:  1488 Min:    28 Max: 90004 Err:    50 (0.02%)
2023-03-22 23:28:00,002 INFO o.a.j.r.Summariser: summary +   1974 in 00:00:30 =   65.8/s Avg:  1716 Min:    35 Max: 74077 Err:     0 (0.00%) Active: 96 Started: 96 Finished: 0
2023-03-22 23:28:00,003 INFO o.a.j.r.Summariser: summary = 226914 in 00:59:09 =   63.9/s Avg:  1490 Min:    28 Max: 90004 Err:    50 (0.02%)
2023-03-22 23:28:30,008 INFO o.a.j.r.Summariser: summary +   1956 in 00:00:30 =   65.2/s Avg:  1111 Min:    29 Max: 53936 Err:     0 (0.00%) Active: 96 Started: 96 Finished: 0
2023-03-22 23:28:30,009 INFO o.a.j.r.Summariser: summary = 228870 in 00:59:39 =   64.0/s Avg:  1487 Min:    28 Max: 90004 Err:    50 (0.02%)
2023-03-22 23:28:51,386 INFO o.a.j.t.JMeterThread: Stopping because end time detected by thread: OPMET Thread Group 2-8
2023-03-22 23:28:51,386 INFO o.a.j.t.JMeterThread: Thread finished: OPMET Thread Group 2-8
2023-03-22 23:28:51,395 INFO o.a.j.t.JMeterThread: Stopping because end time detected by thread: OPMET Thread Group 2-5
2023-03-22 23:28:51,395 INFO o.a.j.t.JMeterThread: Thread finished: OPMET Thread Group 2-5
2023-03-22 23:28:51,397 INFO o.a.j.t.JMeterThread: Stopping because end time detected by thread: OPMET Thread Group 2-14
2023-03-22 23:28:51,398 INFO o.a.j.t.JMeterThread: Thread finished: OPMET Thread Group 2-14
2023-03-22 23:28:51,400 INFO o.a.j.t.JMeterThread: Stopping because end time detected by thread: OPMET Thread Group 2-1
2023-03-22 23:28:51,400 INFO o.a.j.t.JMeterThread: Thread finished: OPMET Thread Group 2-1
2023-03-22 23:28:51,403 INFO o.a.j.t.JMeterThread: Stopping because end time detected by thread: OPMET Thread Group 2-12
2023-03-22 23:28:51,404 INFO o.a.j.t.JMeterThread: Thread finished: OPMET Thread Group 2-12
2023-03-22 23:28:51,420 INFO o.a.j.t.JMeterThread: Stopping because end time detected by thread: OPMET Thread Group 2-10
2023-03-22 23:28:51,420 INFO o.a.j.t.JMeterThread: Thread finished: OPMET Thread Group 2-10
2023-03-22 23:28:51,425 INFO o.a.j.t.JMeterThread: Stopping because end time detected by thread: OPMET Thread Group 2-4
2023-03-22 23:28:51,425 INFO o.a.j.t.JMeterThread: Thread finished: OPMET Thread Group 2-4
2023-03-22 23:28:51,475 INFO o.a.j.t.JMeterThread: Stopping because end time detected by thread: OPMET Thread Group 2-3
2023-03-22 23:28:51,475 INFO o.a.j.t.JMeterThread: Thread finished: OPMET Thread Group 2-3
2023-03-22 23:28:51,507 INFO o.a.j.t.JMeterThread: Stopping because end time detected by thread: OPMET Thread Group 2-6
2023-03-22 23:28:51,507 INFO o.a.j.t.JMeterThread: Thread finished: OPMET Thread Group 2-6
2023-03-22 23:28:51,543 INFO o.a.j.t.JMeterThread: Stopping because end time detected by thread: OPMET Thread Group 2-7
2023-03-22 23:28:51,543 INFO o.a.j.t.JMeterThread: Thread finished: OPMET Thread Group 2-7
2023-03-22 23:28:51,581 INFO o.a.j.t.JMeterThread: Stopping because end time detected by thread: Gridded Thread Group 1-27
2023-03-22 23:28:51,581 INFO o.a.j.t.JMeterThread: Thread finished: Gridded Thread Group 1-27
2023-03-22 23:28:51,581 INFO o.a.j.t.JMeterThread: Stopping because end time detected by thread: OPMET Thread Group 2-2
2023-03-22 23:28:51,582 INFO o.a.j.t.JMeterThread: Thread finished: OPMET Thread Group 2-2
2023-03-22 23:28:51,589 INFO o.a.j.t.JMeterThread: Stopping because end time detected by thread: OPMET Thread Group 2-11
2023-03-22 23:28:51,589 INFO o.a.j.t.JMeterThread: Thread finished: OPMET Thread Group 2-11
2023-03-22 23:28:51,599 INFO o.a.j.t.JMeterThread: Stopping because end time detected by thread: Gridded Thread Group 1-1
2023-03-22 23:28:51,599 INFO o.a.j.t.JMeterThread: Thread finished: Gridded Thread Group 1-1
2023-03-22 23:28:51,605 INFO o.a.j.t.JMeterThread: Stopping because end time detected by thread: OPMET Thread Group 2-9
2023-03-22 23:28:51,605 INFO o.a.j.t.JMeterThread: Thread finished: OPMET Thread Group 2-9
2023-03-22 23:28:51,687 INFO o.a.j.t.JMeterThread: Stopping because end time detected by thread: OPMET Thread Group 2-13
2023-03-22 23:28:51,687 INFO o.a.j.t.JMeterThread: Thread finished: OPMET Thread Group 2-13
2023-03-22 23:28:52,600 INFO o.a.j.t.JMeterThread: Stopping because end time detected by thread: Gridded Thread Group 1-59
2023-03-22 23:28:52,600 INFO o.a.j.t.JMeterThread: Thread finished: Gridded Thread Group 1-59
2023-03-22 23:28:52,933 INFO o.a.j.t.JMeterThread: Stopping because end time detected by thread: Gridded Thread Group 1-73
2023-03-22 23:28:52,933 INFO o.a.j.t.JMeterThread: Thread finished: Gridded Thread Group 1-73
2023-03-22 23:28:53,556 INFO o.a.j.t.JMeterThread: Stopping because end time detected by thread: Gridded Thread Group 1-34
2023-03-22 23:28:53,556 INFO o.a.j.t.JMeterThread: Thread finished: Gridded Thread Group 1-34
2023-03-22 23:28:53,608 INFO o.a.j.t.JMeterThread: Stopping because end time detected by thread: Gridded Thread Group 1-18
2023-03-22 23:28:53,608 INFO o.a.j.t.JMeterThread: Thread finished: Gridded Thread Group 1-18
2023-03-22 23:28:53,661 INFO o.a.j.t.JMeterThread: Stopping because end time detected by thread: Gridded Thread Group 1-5
2023-03-22 23:28:53,661 INFO o.a.j.t.JMeterThread: Thread finished: Gridded Thread Group 1-5
2023-03-22 23:28:53,732 INFO o.a.j.t.JMeterThread: Stopping because end time detected by thread: Gridded Thread Group 1-69
2023-03-22 23:28:53,732 INFO o.a.j.t.JMeterThread: Thread finished: Gridded Thread Group 1-69
2023-03-22 23:28:53,824 INFO o.a.j.t.JMeterThread: Stopping because end time detected by thread: Gridded Thread Group 1-21
2023-03-22 23:28:53,824 INFO o.a.j.t.JMeterThread: Thread finished: Gridded Thread Group 1-21
2023-03-22 23:28:55,184 INFO o.a.j.t.JMeterThread: Stopping because end time detected by thread: Gridded Thread Group 1-36
2023-03-22 23:28:55,184 INFO o.a.j.t.JMeterThread: Thread finished: Gridded Thread Group 1-36
2023-03-22 23:28:55,324 INFO o.a.j.t.JMeterThread: Stopping because end time detected by thread: Gridded Thread Group 1-41
2023-03-22 23:28:55,324 INFO o.a.j.t.JMeterThread: Thread finished: Gridded Thread Group 1-41
2023-03-22 23:28:56,668 INFO o.a.j.t.JMeterThread: Stopping because end time detected by thread: Gridded Thread Group 1-61
2023-03-22 23:28:56,668 INFO o.a.j.t.JMeterThread: Thread finished: Gridded Thread Group 1-61
2023-03-22 23:28:56,704 INFO o.a.j.t.JMeterThread: Stopping because end time detected by thread: Gridded Thread Group 1-19
2023-03-22 23:28:56,704 INFO o.a.j.t.JMeterThread: Thread finished: Gridded Thread Group 1-19
2023-03-22 23:28:58,178 INFO o.a.j.t.JMeterThread: Stopping because end time detected by thread: Gridded Thread Group 1-54
2023-03-22 23:28:58,178 INFO o.a.j.t.JMeterThread: Thread finished: Gridded Thread Group 1-54
2023-03-22 23:28:59,040 INFO o.a.j.t.JMeterThread: Stopping because end time detected by thread: Gridded Thread Group 1-16
2023-03-22 23:28:59,040 INFO o.a.j.t.JMeterThread: Thread finished: Gridded Thread Group 1-16
2023-03-22 23:28:59,045 INFO o.a.j.t.JMeterThread: Stopping because end time detected by thread: Gridded Thread Group 1-23
2023-03-22 23:28:59,045 INFO o.a.j.t.JMeterThread: Thread finished: Gridded Thread Group 1-23
2023-03-22 23:28:59,099 INFO o.a.j.t.JMeterThread: Stopping because end time detected by thread: Gridded Thread Group 1-20
2023-03-22 23:28:59,099 INFO o.a.j.t.JMeterThread: Thread finished: Gridded Thread Group 1-20
2023-03-22 23:28:59,130 INFO o.a.j.t.JMeterThread: Stopping because end time detected by thread: Gridded Thread Group 1-43
2023-03-22 23:28:59,130 INFO o.a.j.t.JMeterThread: Thread finished: Gridded Thread Group 1-43
2023-03-22 23:28:59,533 INFO o.a.j.t.JMeterThread: Stopping because end time detected by thread: Gridded Thread Group 1-50
2023-03-22 23:28:59,533 INFO o.a.j.t.JMeterThread: Thread finished: Gridded Thread Group 1-50
2023-03-22 23:29:00,629 INFO o.a.j.r.Summariser: summary +   1465 in 00:00:31 =   47.8/s Avg:  1993 Min:    34 Max: 70140 Err:     0 (0.00%) Active: 63 Started: 96 Finished: 33
2023-03-22 23:29:00,629 INFO o.a.j.r.Summariser: summary = 230335 in 01:00:09 =   63.8/s Avg:  1490 Min:    28 Max: 90004 Err:    50 (0.02%)
2023-03-22 23:29:00,629 INFO o.a.j.t.JMeterThread: Stopping because end time detected by thread: Gridded Thread Group 1-77
2023-03-22 23:29:00,629 INFO o.a.j.t.JMeterThread: Thread finished: Gridded Thread Group 1-77
2023-03-22 23:29:00,665 INFO o.a.j.t.JMeterThread: Stopping because end time detected by thread: Gridded Thread Group 1-72
2023-03-22 23:29:00,665 INFO o.a.j.t.JMeterThread: Thread finished: Gridded Thread Group 1-72
2023-03-22 23:29:00,844 INFO o.a.j.t.JMeterThread: Stopping because end time detected by thread: Gridded Thread Group 1-31
2023-03-22 23:29:00,844 INFO o.a.j.t.JMeterThread: Thread finished: Gridded Thread Group 1-31
2023-03-22 23:29:01,725 INFO o.a.j.t.JMeterThread: Stopping because end time detected by thread: Gridded Thread Group 1-63
2023-03-22 23:29:01,725 INFO o.a.j.t.JMeterThread: Thread finished: Gridded Thread Group 1-63
2023-03-22 23:29:01,872 INFO o.a.j.t.JMeterThread: Stopping because end time detected by thread: Gridded Thread Group 1-62
2023-03-22 23:29:01,872 INFO o.a.j.t.JMeterThread: Thread finished: Gridded Thread Group 1-62
2023-03-22 23:29:02,548 INFO o.a.j.t.JMeterThread: Stopping because end time detected by thread: Gridded Thread Group 1-15
2023-03-22 23:29:02,548 INFO o.a.j.t.JMeterThread: Thread finished: Gridded Thread Group 1-15
2023-03-22 23:29:02,680 INFO o.a.j.t.JMeterThread: Stopping because end time detected by thread: Gridded Thread Group 1-17
2023-03-22 23:29:02,680 INFO o.a.j.t.JMeterThread: Thread finished: Gridded Thread Group 1-17
2023-03-22 23:29:02,832 INFO o.a.j.t.JMeterThread: Stopping because end time detected by thread: Gridded Thread Group 1-57
2023-03-22 23:29:02,832 INFO o.a.j.t.JMeterThread: Thread finished: Gridded Thread Group 1-57
2023-03-22 23:29:03,630 INFO o.a.j.t.JMeterThread: Stopping because end time detected by thread: Gridded Thread Group 1-45
2023-03-22 23:29:03,630 INFO o.a.j.t.JMeterThread: Thread finished: Gridded Thread Group 1-45
2023-03-22 23:29:03,676 INFO o.a.j.t.JMeterThread: Stopping because end time detected by thread: Gridded Thread Group 1-53
2023-03-22 23:29:03,676 INFO o.a.j.t.JMeterThread: Thread finished: Gridded Thread Group 1-53
2023-03-22 23:29:03,969 INFO o.a.j.t.JMeterThread: Stopping because end time detected by thread: Gridded Thread Group 1-71
2023-03-22 23:29:03,970 INFO o.a.j.t.JMeterThread: Thread finished: Gridded Thread Group 1-71
2023-03-22 23:29:04,005 INFO o.a.j.t.JMeterThread: Stopping because end time detected by thread: Gridded Thread Group 1-24
2023-03-22 23:29:04,006 INFO o.a.j.t.JMeterThread: Thread finished: Gridded Thread Group 1-24
2023-03-22 23:29:05,326 INFO o.a.j.t.JMeterThread: Stopping because end time detected by thread: Gridded Thread Group 1-39
2023-03-22 23:29:05,327 INFO o.a.j.t.JMeterThread: Thread finished: Gridded Thread Group 1-39
2023-03-22 23:29:05,339 INFO o.a.j.t.JMeterThread: Stopping because end time detected by thread: Gridded Thread Group 1-35
2023-03-22 23:29:05,339 INFO o.a.j.t.JMeterThread: Thread finished: Gridded Thread Group 1-35
2023-03-22 23:29:05,367 INFO o.a.j.t.JMeterThread: Stopping because end time detected by thread: Gridded Thread Group 1-60
2023-03-22 23:29:05,367 INFO o.a.j.t.JMeterThread: Thread finished: Gridded Thread Group 1-60
2023-03-22 23:29:05,445 INFO o.a.j.t.JMeterThread: Stopping because end time detected by thread: Gridded Thread Group 1-65
2023-03-22 23:29:05,445 INFO o.a.j.t.JMeterThread: Thread finished: Gridded Thread Group 1-65
2023-03-22 23:29:07,801 INFO o.a.j.t.JMeterThread: Stopping because end time detected by thread: Gridded Thread Group 1-30
2023-03-22 23:29:07,801 INFO o.a.j.t.JMeterThread: Thread finished: Gridded Thread Group 1-30
2023-03-22 23:29:07,990 INFO o.a.j.t.JMeterThread: Stopping because end time detected by thread: Gridded Thread Group 1-28
2023-03-22 23:29:07,990 INFO o.a.j.t.JMeterThread: Thread finished: Gridded Thread Group 1-28
2023-03-22 23:29:08,283 INFO o.a.j.t.JMeterThread: Stopping because end time detected by thread: Gridded Thread Group 1-76
2023-03-22 23:29:08,283 INFO o.a.j.t.JMeterThread: Thread finished: Gridded Thread Group 1-76
2023-03-22 23:29:08,322 INFO o.a.j.t.JMeterThread: Stopping because end time detected by thread: Gridded Thread Group 1-4
2023-03-22 23:29:08,322 INFO o.a.j.t.JMeterThread: Thread finished: Gridded Thread Group 1-4
2023-03-22 23:29:09,290 INFO o.a.j.t.JMeterThread: Stopping because end time detected by thread: Gridded Thread Group 1-75
2023-03-22 23:29:09,291 INFO o.a.j.t.JMeterThread: Thread finished: Gridded Thread Group 1-75
2023-03-22 23:29:09,584 INFO o.a.j.t.JMeterThread: Stopping because end time detected by thread: Gridded Thread Group 1-44
2023-03-22 23:29:09,584 INFO o.a.j.t.JMeterThread: Thread finished: Gridded Thread Group 1-44
2023-03-22 23:29:09,892 INFO o.a.j.t.JMeterThread: Stopping because end time detected by thread: Gridded Thread Group 1-12
2023-03-22 23:29:09,892 INFO o.a.j.t.JMeterThread: Thread finished: Gridded Thread Group 1-12
2023-03-22 23:29:10,182 INFO o.a.j.t.JMeterThread: Stopping because end time detected by thread: Gridded Thread Group 1-6
2023-03-22 23:29:10,182 INFO o.a.j.t.JMeterThread: Thread finished: Gridded Thread Group 1-6
2023-03-22 23:29:10,224 INFO o.a.j.t.JMeterThread: Stopping because end time detected by thread: Gridded Thread Group 1-66
2023-03-22 23:29:10,224 INFO o.a.j.t.JMeterThread: Thread finished: Gridded Thread Group 1-66
2023-03-22 23:29:10,256 INFO o.a.j.t.JMeterThread: Stopping because end time detected by thread: Gridded Thread Group 1-48
2023-03-22 23:29:10,256 INFO o.a.j.t.JMeterThread: Thread finished: Gridded Thread Group 1-48
2023-03-22 23:29:10,352 INFO o.a.j.t.JMeterThread: Stopping because end time detected by thread: Gridded Thread Group 1-78
2023-03-22 23:29:10,353 INFO o.a.j.t.JMeterThread: Thread finished: Gridded Thread Group 1-78
2023-03-22 23:29:13,195 INFO o.a.j.t.JMeterThread: Stopping because end time detected by thread: Gridded Thread Group 1-37
2023-03-22 23:29:13,195 INFO o.a.j.t.JMeterThread: Thread finished: Gridded Thread Group 1-37
2023-03-22 23:29:13,250 INFO o.a.j.t.JMeterThread: Stopping because end time detected by thread: Gridded Thread Group 1-56
2023-03-22 23:29:13,250 INFO o.a.j.t.JMeterThread: Thread finished: Gridded Thread Group 1-56
2023-03-22 23:29:13,614 INFO o.a.j.t.JMeterThread: Stopping because end time detected by thread: Gridded Thread Group 1-26
2023-03-22 23:29:13,614 INFO o.a.j.t.JMeterThread: Thread finished: Gridded Thread Group 1-26
2023-03-22 23:29:16,684 INFO o.a.j.t.JMeterThread: Stopping because end time detected by thread: Gridded Thread Group 1-25
2023-03-22 23:29:16,684 INFO o.a.j.t.JMeterThread: Thread finished: Gridded Thread Group 1-25
2023-03-22 23:29:17,217 INFO o.a.j.t.JMeterThread: Stopping because end time detected by thread: Gridded Thread Group 1-3
2023-03-22 23:29:17,217 INFO o.a.j.t.JMeterThread: Thread finished: Gridded Thread Group 1-3
2023-03-22 23:29:18,317 INFO o.a.j.t.JMeterThread: Stopping because end time detected by thread: Gridded Thread Group 1-80
2023-03-22 23:29:18,317 INFO o.a.j.t.JMeterThread: Thread finished: Gridded Thread Group 1-80
2023-03-22 23:29:19,160 INFO o.a.j.t.JMeterThread: Stopping because end time detected by thread: Gridded Thread Group 1-10
2023-03-22 23:29:19,161 INFO o.a.j.t.JMeterThread: Thread finished: Gridded Thread Group 1-10
2023-03-22 23:29:19,752 INFO o.a.j.t.JMeterThread: Stopping because end time detected by thread: Gridded Thread Group 1-29
2023-03-22 23:29:19,752 INFO o.a.j.t.JMeterThread: Thread finished: Gridded Thread Group 1-29
2023-03-22 23:29:20,245 INFO o.a.j.t.JMeterThread: Stopping because end time detected by thread: Gridded Thread Group 1-7
2023-03-22 23:29:20,245 INFO o.a.j.t.JMeterThread: Thread finished: Gridded Thread Group 1-7
2023-03-22 23:29:22,077 INFO o.a.j.t.JMeterThread: Stopping because end time detected by thread: Gridded Thread Group 1-2
2023-03-22 23:29:22,078 INFO o.a.j.t.JMeterThread: Thread finished: Gridded Thread Group 1-2
2023-03-22 23:29:22,079 INFO o.a.j.t.JMeterThread: Stopping because end time detected by thread: Gridded Thread Group 1-81
2023-03-22 23:29:22,079 INFO o.a.j.t.JMeterThread: Thread finished: Gridded Thread Group 1-81
2023-03-22 23:29:22,225 INFO o.a.j.t.JMeterThread: Stopping because end time detected by thread: Gridded Thread Group 1-64
2023-03-22 23:29:22,225 INFO o.a.j.t.JMeterThread: Thread finished: Gridded Thread Group 1-64
2023-03-22 23:29:22,331 INFO o.a.j.t.JMeterThread: Stopping because end time detected by thread: Gridded Thread Group 1-22
2023-03-22 23:29:22,331 INFO o.a.j.t.JMeterThread: Thread finished: Gridded Thread Group 1-22
2023-03-22 23:29:24,303 INFO o.a.j.t.JMeterThread: Stopping because end time detected by thread: Gridded Thread Group 1-82
2023-03-22 23:29:24,303 INFO o.a.j.t.JMeterThread: Thread finished: Gridded Thread Group 1-82
2023-03-22 23:29:24,320 INFO o.a.j.t.JMeterThread: Stopping because end time detected by thread: Gridded Thread Group 1-9
2023-03-22 23:29:24,321 INFO o.a.j.t.JMeterThread: Thread finished: Gridded Thread Group 1-9
2023-03-22 23:29:24,354 INFO o.a.j.t.JMeterThread: Stopping because end time detected by thread: Gridded Thread Group 1-70
2023-03-22 23:29:24,354 INFO o.a.j.t.JMeterThread: Thread finished: Gridded Thread Group 1-70
2023-03-22 23:29:24,669 INFO o.a.j.t.JMeterThread: Stopping because end time detected by thread: Gridded Thread Group 1-51
2023-03-22 23:29:24,669 INFO o.a.j.t.JMeterThread: Thread finished: Gridded Thread Group 1-51
2023-03-22 23:29:26,949 INFO o.a.j.t.JMeterThread: Stopping because end time detected by thread: Gridded Thread Group 1-79
2023-03-22 23:29:26,949 INFO o.a.j.t.JMeterThread: Thread finished: Gridded Thread Group 1-79
2023-03-22 23:29:27,051 INFO o.a.j.t.JMeterThread: Stopping because end time detected by thread: Gridded Thread Group 1-38
2023-03-22 23:29:27,051 INFO o.a.j.t.JMeterThread: Thread finished: Gridded Thread Group 1-38
2023-03-22 23:29:27,117 INFO o.a.j.t.JMeterThread: Stopping because end time detected by thread: Gridded Thread Group 1-67
2023-03-22 23:29:27,117 INFO o.a.j.t.JMeterThread: Thread finished: Gridded Thread Group 1-67
2023-03-22 23:29:27,324 INFO o.a.j.t.JMeterThread: Stopping because end time detected by thread: Gridded Thread Group 1-49
2023-03-22 23:29:27,324 INFO o.a.j.t.JMeterThread: Thread finished: Gridded Thread Group 1-49
2023-03-22 23:29:29,524 INFO o.a.j.t.JMeterThread: Stopping because end time detected by thread: Gridded Thread Group 1-47
2023-03-22 23:29:29,524 INFO o.a.j.t.JMeterThread: Thread finished: Gridded Thread Group 1-47
2023-03-22 23:29:29,572 INFO o.a.j.t.JMeterThread: Stopping because end time detected by thread: Gridded Thread Group 1-46
2023-03-22 23:29:29,572 INFO o.a.j.t.JMeterThread: Thread finished: Gridded Thread Group 1-46
2023-03-22 23:29:29,685 INFO o.a.j.t.JMeterThread: Stopping because end time detected by thread: Gridded Thread Group 1-42
2023-03-22 23:29:29,685 INFO o.a.j.t.JMeterThread: Thread finished: Gridded Thread Group 1-42
2023-03-22 23:29:32,406 INFO o.a.j.r.Summariser: summary +     51 in 00:00:32 =    1.6/s Avg: 54688 Min: 13726 Max: 72450 Err:     0 (0.00%) Active: 12 Started: 96 Finished: 84
2023-03-22 23:29:32,407 INFO o.a.j.r.Summariser: summary = 230386 in 01:00:41 =   63.3/s Avg:  1502 Min:    28 Max: 90004 Err:    50 (0.02%)
2023-03-22 23:29:32,407 INFO o.a.j.t.JMeterThread: Stopping because end time detected by thread: Gridded Thread Group 1-32
2023-03-22 23:29:32,407 INFO o.a.j.t.JMeterThread: Thread finished: Gridded Thread Group 1-32
2023-03-22 23:29:32,743 INFO o.a.j.t.JMeterThread: Stopping because end time detected by thread: Gridded Thread Group 1-40
2023-03-22 23:29:32,743 INFO o.a.j.t.JMeterThread: Thread finished: Gridded Thread Group 1-40
2023-03-22 23:29:32,985 INFO o.a.j.t.JMeterThread: Stopping because end time detected by thread: Gridded Thread Group 1-33
2023-03-22 23:29:32,985 INFO o.a.j.t.JMeterThread: Thread finished: Gridded Thread Group 1-33
2023-03-22 23:29:33,359 INFO o.a.j.t.JMeterThread: Stopping because end time detected by thread: Gridded Thread Group 1-14
2023-03-22 23:29:33,359 INFO o.a.j.t.JMeterThread: Thread finished: Gridded Thread Group 1-14
2023-03-22 23:29:34,516 INFO o.a.j.t.JMeterThread: Stopping because end time detected by thread: Gridded Thread Group 1-58
2023-03-22 23:29:34,516 INFO o.a.j.t.JMeterThread: Thread finished: Gridded Thread Group 1-58
2023-03-22 23:29:34,524 INFO o.a.j.t.JMeterThread: Stopping because end time detected by thread: Gridded Thread Group 1-74
2023-03-22 23:29:34,524 INFO o.a.j.t.JMeterThread: Thread finished: Gridded Thread Group 1-74
2023-03-22 23:29:35,148 INFO o.a.j.t.JMeterThread: Stopping because end time detected by thread: Gridded Thread Group 1-55
2023-03-22 23:29:35,148 INFO o.a.j.t.JMeterThread: Thread finished: Gridded Thread Group 1-55
2023-03-22 23:29:36,371 INFO o.a.j.t.JMeterThread: Stopping because end time detected by thread: Gridded Thread Group 1-52
2023-03-22 23:29:36,371 INFO o.a.j.t.JMeterThread: Thread finished: Gridded Thread Group 1-52
2023-03-22 23:29:36,501 INFO o.a.j.t.JMeterThread: Stopping because end time detected by thread: Gridded Thread Group 1-13
2023-03-22 23:29:36,501 INFO o.a.j.t.JMeterThread: Thread finished: Gridded Thread Group 1-13
2023-03-22 23:29:36,512 INFO o.a.j.t.JMeterThread: Stopping because end time detected by thread: Gridded Thread Group 1-11
2023-03-22 23:29:36,512 INFO o.a.j.t.JMeterThread: Thread finished: Gridded Thread Group 1-11
2023-03-22 23:29:36,930 INFO o.a.j.t.JMeterThread: Stopping because end time detected by thread: Gridded Thread Group 1-68
2023-03-22 23:29:36,930 INFO o.a.j.t.JMeterThread: Thread finished: Gridded Thread Group 1-68
2023-03-22 23:29:37,958 INFO o.a.j.t.JMeterThread: Stopping because end time detected by thread: Gridded Thread Group 1-8
2023-03-22 23:29:37,958 INFO o.a.j.t.JMeterThread: Thread finished: Gridded Thread Group 1-8
2023-03-22 23:29:37,958 INFO o.a.j.e.StandardJMeterEngine: Notifying test listeners of end of test
2023-03-22 23:29:37,959 INFO o.a.j.r.Summariser: summary +     11 in 00:00:06 =    2.0/s Avg: 59928 Min: 58123 Max: 63125 Err:     0 (0.00%) Active: 0 Started: 96 Finished: 96
2023-03-22 23:29:37,959 INFO o.a.j.r.Summariser: summary = 230397 in 01:00:47 =   63.2/s Avg:  1505 Min:    28 Max: 90004 Err:    50 (0.02%)
2023-03-22 23:29:37,959 INFO o.a.j.JMeter: Generating Dashboard
2023-03-22 23:29:37,959 INFO o.a.j.r.d.ReportGenerator: Flushing result collector before report Generation
2023-03-22 23:29:37,969 INFO o.a.j.r.p.NormalizerSampleConsumer: Using format, 'ms', to parse timeStamp field
2023-03-22 23:29:43,330 INFO o.a.j.r.p.AbstractSampleConsumer: class org.apache.jmeter.report.processor.AggregateConsumer#stopProducing(): beginDate produced 0 samples
2023-03-22 23:29:43,330 INFO o.a.j.r.p.AbstractSampleConsumer: class org.apache.jmeter.report.processor.AggregateConsumer#stopProducing(): endDate produced 0 samples
2023-03-22 23:29:43,332 INFO o.a.j.r.p.AbstractSampleConsumer: class org.apache.jmeter.report.processor.ApdexSummaryConsumer#stopProducing(): apdexSummary produced 0 samples
2023-03-22 23:29:43,332 INFO o.a.j.r.p.AbstractSampleConsumer: class org.apache.jmeter.report.processor.RequestsSummaryConsumer#stopProducing(): requestsSummary produced 0 samples
2023-03-22 23:29:43,355 INFO o.a.j.r.p.AbstractSampleConsumer: class org.apache.jmeter.report.processor.StatisticsSummaryConsumer#stopProducing(): statisticsSummary produced 0 samples
2023-03-22 23:29:43,358 INFO o.a.j.r.p.AbstractSampleConsumer: class org.apache.jmeter.report.processor.Top5ErrorsBySamplerConsumer#stopProducing(): top5ErrorsBySampler produced 0 samples
2023-03-22 23:29:43,358 INFO o.a.j.r.p.AbstractSampleConsumer: class org.apache.jmeter.report.processor.ErrorsSummaryConsumer#stopProducing(): errorsSummary produced 0 samples
2023-03-22 23:29:43,358 INFO o.a.j.r.p.AbstractSampleConsumer: class org.apache.jmeter.report.processor.graph.impl.HitsPerSecondGraphConsumer#stopProducing(): hitsPerSecond produced 0 samples
2023-03-22 23:29:44,372 INFO o.a.j.r.p.AbstractSampleConsumer: class org.apache.jmeter.report.processor.graph.impl.LatencyVSRequestGraphConsumer#stopProducing(): latencyVsRequest produced 0 samples
2023-03-22 23:29:44,376 INFO o.a.j.r.p.AbstractSampleConsumer: class org.apache.jmeter.report.processor.graph.impl.SyntheticResponseTimeDistributionGraphConsumer#stopProducing(): syntheticResponseTimeDistribution produced 0 samples
2023-03-22 23:29:44,376 INFO o.a.j.r.p.AbstractSampleConsumer: class org.apache.jmeter.report.processor.graph.impl.BytesThroughputGraphConsumer#stopProducing(): bytesThroughputOverTime produced 0 samples
2023-03-22 23:29:44,376 INFO o.a.j.r.p.AbstractSampleConsumer: class org.apache.jmeter.report.processor.graph.impl.CodesPerSecondGraphConsumer#stopProducing(): codesPerSecond produced 0 samples
2023-03-22 23:29:45,337 INFO o.a.j.r.p.AbstractSampleConsumer: class org.apache.jmeter.report.processor.graph.impl.ResponseTimeVSRequestGraphConsumer#stopProducing(): responseTimeVsRequest produced 0 samples
2023-03-22 23:29:45,341 INFO o.a.j.r.p.AbstractSampleConsumer: class org.apache.jmeter.report.processor.FilterConsumer#stopProducing(): startIntervalControlerFilter produced 1612779 samples
2023-03-22 23:29:45,341 INFO o.a.j.r.p.AbstractSampleConsumer: class org.apache.jmeter.report.processor.graph.impl.TotalTPSGraphConsumer#stopProducing(): totalTPS produced 0 samples
2023-03-22 23:29:45,341 INFO o.a.j.r.p.AbstractSampleConsumer: class org.apache.jmeter.report.processor.graph.impl.ActiveThreadsGraphConsumer#stopProducing(): activeThreadsOverTime produced 0 samples
2023-03-22 23:29:45,341 INFO o.a.j.r.p.AbstractSampleConsumer: class org.apache.jmeter.report.processor.graph.impl.TimeVSThreadGraphConsumer#stopProducing(): timeVsThreads produced 0 samples
2023-03-22 23:29:45,342 INFO o.a.j.r.p.AbstractSampleConsumer: class org.apache.jmeter.report.processor.graph.impl.ResponseTimeDistributionGraphConsumer#stopProducing(): responseTimeDistribution produced 0 samples
2023-03-22 23:29:45,345 INFO o.a.j.r.p.AbstractSampleConsumer: class org.apache.jmeter.report.processor.graph.impl.TransactionsPerSecondGraphConsumer#stopProducing(): transactionsPerSecond produced 0 samples
2023-03-22 23:29:45,346 INFO o.a.j.r.p.AbstractSampleConsumer: class org.apache.jmeter.report.processor.graph.impl.ResponseTimePercentilesGraphConsumer#stopProducing(): responseTimePercentiles produced 0 samples
2023-03-22 23:29:45,359 INFO o.a.j.r.p.AbstractSampleConsumer: class org.apache.jmeter.report.processor.graph.impl.ResponseTimePercentilesOverTimeGraphConsumer#stopProducing(): responseTimePercentilesOverTime produced 0 samples
2023-03-22 23:29:45,371 INFO o.a.j.r.p.AbstractSampleConsumer: class org.apache.jmeter.report.processor.graph.impl.ResponseTimeOverTimeGraphConsumer#stopProducing(): responseTimesOverTime produced 0 samples
2023-03-22 23:29:45,371 INFO o.a.j.r.p.AbstractSampleConsumer: class org.apache.jmeter.report.processor.graph.impl.ConnectTimeOverTimeGraphConsumer#stopProducing(): connectTimeOverTime produced 0 samples
2023-03-22 23:29:45,372 INFO o.a.j.r.p.AbstractSampleConsumer: class org.apache.jmeter.report.processor.graph.impl.LatencyOverTimeGraphConsumer#stopProducing(): latenciesOverTime produced 0 samples
2023-03-22 23:29:45,372 INFO o.a.j.r.p.AbstractSampleConsumer: class org.apache.jmeter.report.processor.FilterConsumer#stopProducing(): nameFilter produced 3455955 samples
2023-03-22 23:29:45,372 INFO o.a.j.r.p.AbstractSampleConsumer: class org.apache.jmeter.report.processor.FilterConsumer#stopProducing(): dateRangeFilter produced 691191 samples
2023-03-22 23:29:45,372 INFO o.a.j.r.p.AbstractSampleConsumer: class org.apache.jmeter.report.processor.NormalizerSampleConsumer#stopProducing(): normalizer produced 230397 samples
2023-03-22 23:29:45,373 INFO o.a.j.r.p.CsvFileSampleSource: produce(): 230397 samples produced in 7s 383 ms on channel 0
2023-03-22 23:29:45,373 INFO o.a.j.r.d.ReportGenerator: Exporting data using exporter:'json' of className:'org.apache.jmeter.report.dashboard.JsonExporter'
2023-03-22 23:29:45,472 INFO o.a.j.r.d.JsonExporter: Found data for consumer statisticsSummaryin context
2023-03-22 23:29:45,472 INFO o.a.j.r.d.JsonExporter: Creating statistics for overall
2023-03-22 23:29:45,472 INFO o.a.j.r.d.JsonExporter: Creating statistics for other transactions
2023-03-22 23:29:45,473 INFO o.a.j.r.d.JsonExporter: Checking output folder
2023-03-22 23:29:45,473 INFO o.a.j.r.d.JsonExporter: Writing statistics JSON to /home/ec2-user/ShaneMill1.github.io/WIFS-Listener-c5aLarge-C5aLarge-CentralizedDask/results/statistics.json
2023-03-22 23:29:45,507 INFO o.a.j.r.d.ReportGenerator: Exporting data using exporter:'html' of className:'org.apache.jmeter.report.dashboard.HtmlTemplateExporter'
2023-03-22 23:29:45,509 INFO o.a.j.r.d.HtmlTemplateExporter: Will generate dashboard in folder: /home/ec2-user/ShaneMill1.github.io/WIFS-Listener-c5aLarge-C5aLarge-CentralizedDask/results
2023-03-22 23:29:45,618 INFO o.a.j.r.d.HtmlTemplateExporter: Report will be generated in: /home/ec2-user/ShaneMill1.github.io/WIFS-Listener-c5aLarge-C5aLarge-CentralizedDask/results, creating folder structure
2023-03-22 23:29:45,621 INFO o.a.j.r.d.TemplateVisitor: Copying folder from '/home/ec2-user/apache-jmeter-5.5/bin/report-template' to '/home/ec2-user/ShaneMill1.github.io/WIFS-Listener-c5aLarge-C5aLarge-CentralizedDask/results', got message: /home/ec2-user/ShaneMill1.github.io/WIFS-Listener-c5aLarge-C5aLarge-CentralizedDask/results, found non empty folder with following content [/home/ec2-user/ShaneMill1.github.io/WIFS-Listener-c5aLarge-C5aLarge-CentralizedDask/results/statistics.json], will be ignored
2023-03-22 23:29:45,770 INFO o.a.j.JMeter: Dashboard generated
