2023-03-29 16:41:41,123 INFO o.a.j.u.JMeterUtils: Setting Locale to en_EN
2023-03-29 16:41:41,132 INFO o.a.j.JMeter: Loading user properties from: /home/ec2-user/apache-jmeter-5.5/bin/user.properties
2023-03-29 16:41:41,132 INFO o.a.j.JMeter: Loading system properties from: /home/ec2-user/apache-jmeter-5.5/bin/system.properties
2023-03-29 16:41:41,137 INFO o.a.j.JMeter: Copyright (c) 1998-2022 The Apache Software Foundation
2023-03-29 16:41:41,138 INFO o.a.j.JMeter: Version 5.5
2023-03-29 16:41:41,138 INFO o.a.j.JMeter: java.version=1.8.0_362
2023-03-29 16:41:41,138 INFO o.a.j.JMeter: java.vm.name=OpenJDK 64-Bit Server VM
2023-03-29 16:41:41,138 INFO o.a.j.JMeter: os.name=Linux
2023-03-29 16:41:41,138 INFO o.a.j.JMeter: os.arch=amd64
2023-03-29 16:41:41,138 INFO o.a.j.JMeter: os.version=5.10.167-147.601.amzn2.x86_64
2023-03-29 16:41:41,138 INFO o.a.j.JMeter: file.encoding=UTF-8
2023-03-29 16:41:41,138 INFO o.a.j.JMeter: java.awt.headless=true
2023-03-29 16:41:41,138 INFO o.a.j.JMeter: Max memory     =26843545600
2023-03-29 16:41:41,138 INFO o.a.j.JMeter: Available Processors =16
2023-03-29 16:41:41,142 INFO o.a.j.JMeter: Default Locale=English (EN)
2023-03-29 16:41:41,142 INFO o.a.j.JMeter: JMeter  Locale=English (EN)
2023-03-29 16:41:41,142 INFO o.a.j.JMeter: JMeterHome=/home/ec2-user/apache-jmeter-5.5
2023-03-29 16:41:41,142 INFO o.a.j.JMeter: user.dir  =/home/ec2-user/ShaneMill1.github.io/WIFS-Listener-c5aLarge-C5a2xLarge-CentralizedDaskc5a.large-WarmPool2-2minuteRampup-5workers-60secTimeout
2023-03-29 16:41:41,142 INFO o.a.j.JMeter: PWD       =/home/ec2-user/ShaneMill1.github.io/WIFS-Listener-c5aLarge-C5a2xLarge-CentralizedDaskc5a.large-WarmPool2-2minuteRampup-5workers-60secTimeout
2023-03-29 16:41:41,143 INFO o.a.j.JMeter: IP: 172.31.14.115 Name: ip-172-31-14-115.ec2.internal FullName: ip-172-31-14-115.ec2.internal
2023-03-29 16:41:41,155 INFO o.a.j.JMeter: Setting property 'jmeter.reportgenerator.outputdir' to:'/home/ec2-user/ShaneMill1.github.io/WIFS-Listener-c5aLarge-C5a2xLarge-CentralizedDaskc5a.large-WarmPool2-2minuteRampup-5workers-60secTimeout/results'
2023-03-29 16:41:41,156 INFO o.a.j.s.FileServer: Default base='/home/ec2-user/ShaneMill1.github.io/WIFS-Listener-c5aLarge-C5a2xLarge-CentralizedDaskc5a.large-WarmPool2-2minuteRampup-5workers-60secTimeout'
2023-03-29 16:41:41,157 INFO o.a.j.s.FileServer: Set new base='/home/ec2-user/ShaneMill1.github.io/WIFS-Listener-c5aLarge-C5a2xLarge-CentralizedDaskc5a.large-WarmPool2-2minuteRampup-5workers-60secTimeout'
2023-03-29 16:41:41,252 INFO o.a.j.s.SaveService: Testplan (JMX) version: 2.2. Testlog (JTL) version: 2.2
2023-03-29 16:41:41,265 INFO o.a.j.s.SaveService: Using SaveService properties file encoding UTF-8
2023-03-29 16:41:41,268 INFO o.a.j.s.SaveService: Using SaveService properties version 5.0
2023-03-29 16:41:41,273 INFO o.a.j.s.SaveService: Loading file: WIFSTestPlan.jmx
2023-03-29 16:41:41,309 INFO o.a.j.p.h.s.HTTPSamplerBase: Parser for text/html is org.apache.jmeter.protocol.http.parser.LagartoBasedHtmlParser
2023-03-29 16:41:41,309 INFO o.a.j.p.h.s.HTTPSamplerBase: Parser for application/xhtml+xml is org.apache.jmeter.protocol.http.parser.LagartoBasedHtmlParser
2023-03-29 16:41:41,309 INFO o.a.j.p.h.s.HTTPSamplerBase: Parser for application/xml is org.apache.jmeter.protocol.http.parser.LagartoBasedHtmlParser
2023-03-29 16:41:41,309 INFO o.a.j.p.h.s.HTTPSamplerBase: Parser for text/xml is org.apache.jmeter.protocol.http.parser.LagartoBasedHtmlParser
2023-03-29 16:41:41,309 INFO o.a.j.p.h.s.HTTPSamplerBase: Parser for text/vnd.wap.wml is org.apache.jmeter.protocol.http.parser.RegexpHTMLParser
2023-03-29 16:41:41,309 INFO o.a.j.p.h.s.HTTPSamplerBase: Parser for text/css is org.apache.jmeter.protocol.http.parser.CssParser
2023-03-29 16:41:41,531 INFO o.a.j.JMeter: Creating summariser <summary>
2023-03-29 16:41:41,539 INFO o.a.j.r.d.ReportGenerator: ReportGenerator will use for Parsing the separator: ','
2023-03-29 16:41:41,539 INFO o.a.j.r.d.ReportGenerator: Will generate report at end of test from  results file: SummaryReport.jtl
2023-03-29 16:41:41,539 INFO o.a.j.r.d.ReportGenerator: Reading report generator properties from: /home/ec2-user/apache-jmeter-5.5/bin/reportgenerator.properties
2023-03-29 16:41:41,540 INFO o.a.j.r.d.ReportGenerator: Merging with JMeter properties
2023-03-29 16:41:41,544 INFO o.a.j.r.c.ReportGeneratorConfiguration: Property 'jmeter.reportgenerator.temp_dir' not found, using default value 'temp' instead.
2023-03-29 16:41:41,546 INFO o.a.j.r.c.ReportGeneratorConfiguration: Property 'jmeter.reportgenerator.apdex_per_transaction' not found, using default value 'null' instead.
2023-03-29 16:41:41,546 INFO o.a.j.r.c.ReportGeneratorConfiguration: apdex_per_transaction is empty, not APDEX per transaction customization
2023-03-29 16:41:41,546 INFO o.a.j.r.c.ReportGeneratorConfiguration: Property 'jmeter.reportgenerator.sample_filter' not found, using default value 'null' instead.
2023-03-29 16:41:41,546 INFO o.a.j.r.c.ReportGeneratorConfiguration: Property 'jmeter.reportgenerator.report_title' not found, using default value 'null' instead.
2023-03-29 16:41:41,546 INFO o.a.j.r.c.ReportGeneratorConfiguration: Property 'jmeter.reportgenerator.start_date' not found, using default value 'null' instead.
2023-03-29 16:41:41,546 INFO o.a.j.r.c.ReportGeneratorConfiguration: Property 'jmeter.reportgenerator.end_date' not found, using default value 'null' instead.
2023-03-29 16:41:41,546 INFO o.a.j.r.c.ReportGeneratorConfiguration: Property 'jmeter.reportgenerator.date_format' not found, using default value 'null' instead.
2023-03-29 16:41:41,547 INFO o.a.j.r.c.ReportGeneratorConfiguration: Will use date range start date: null, end date: null
2023-03-29 16:41:41,549 INFO o.a.j.r.c.ReportGeneratorConfiguration: Property 'jmeter.reportgenerator.graph.totalTPS.exclude_controllers' not found, using default value 'false' instead.
2023-03-29 16:41:41,550 INFO o.a.j.r.c.ReportGeneratorConfiguration: Property 'jmeter.reportgenerator.graph.activeThreadsOverTime.exclude_controllers' not found, using default value 'false' instead.
2023-03-29 16:41:41,550 INFO o.a.j.r.c.ReportGeneratorConfiguration: Property 'jmeter.reportgenerator.graph.timeVsThreads.exclude_controllers' not found, using default value 'false' instead.
2023-03-29 16:41:41,550 INFO o.a.j.r.c.ReportGeneratorConfiguration: Property 'jmeter.reportgenerator.graph.responseTimeDistribution.exclude_controllers' not found, using default value 'false' instead.
2023-03-29 16:41:41,550 INFO o.a.j.r.c.ReportGeneratorConfiguration: Property 'jmeter.reportgenerator.graph.transactionsPerSecond.exclude_controllers' not found, using default value 'false' instead.
2023-03-29 16:41:41,550 INFO o.a.j.r.c.ReportGeneratorConfiguration: Property 'jmeter.reportgenerator.graph.responseTimePercentiles.exclude_controllers' not found, using default value 'false' instead.
2023-03-29 16:41:41,553 INFO o.a.j.r.c.ReportGeneratorConfiguration: Property 'jmeter.reportgenerator.graph.responseTimePercentilesOverTime.exclude_controllers' not found, using default value 'false' instead.
2023-03-29 16:41:41,553 INFO o.a.j.r.c.ReportGeneratorConfiguration: Property 'jmeter.reportgenerator.graph.responseTimesOverTime.exclude_controllers' not found, using default value 'false' instead.
2023-03-29 16:41:41,553 INFO o.a.j.r.c.ReportGeneratorConfiguration: Property 'jmeter.reportgenerator.graph.connectTimeOverTime.exclude_controllers' not found, using default value 'false' instead.
2023-03-29 16:41:41,553 INFO o.a.j.r.c.ReportGeneratorConfiguration: Property 'jmeter.reportgenerator.graph.latenciesOverTime.exclude_controllers' not found, using default value 'false' instead.
2023-03-29 16:41:41,554 INFO o.a.j.r.c.ReportGeneratorConfiguration: Property 'jmeter.reportgenerator.exporter.json.filters_only_sample_series' not found, using default value 'true' instead.
2023-03-29 16:41:41,554 INFO o.a.j.r.c.ReportGeneratorConfiguration: Property 'jmeter.reportgenerator.exporter.json.series_filter' not found, using default value '' instead.
2023-03-29 16:41:41,554 INFO o.a.j.r.c.ReportGeneratorConfiguration: Property 'jmeter.reportgenerator.exporter.json.show_controllers_only' not found, using default value 'false' instead.
2023-03-29 16:41:41,554 INFO o.a.j.r.c.ReportGeneratorConfiguration: Property 'jmeter.reportgenerator.exporter.html.filters_only_sample_series' not found, using default value 'true' instead.
2023-03-29 16:41:41,554 INFO o.a.j.r.c.ReportGeneratorConfiguration: Property 'jmeter.reportgenerator.exporter.html.series_filter' not found, using default value '' instead.
2023-03-29 16:41:41,554 INFO o.a.j.r.c.ReportGeneratorConfiguration: Property 'jmeter.reportgenerator.exporter.html.show_controllers_only' not found, using default value 'false' instead.
2023-03-29 16:41:41,560 INFO o.a.j.e.StandardJMeterEngine: Running the test!
2023-03-29 16:41:41,560 INFO o.a.j.s.SampleEvent: List of sample_variables: []
2023-03-29 16:41:41,561 INFO o.a.j.s.SampleEvent: List of sample_variables: []
2023-03-29 16:41:41,564 INFO o.a.j.e.u.CompoundVariable: Note: Function class names must contain the string: '.functions.'
2023-03-29 16:41:41,564 INFO o.a.j.e.u.CompoundVariable: Note: Function class names must not contain the string: '.gui.'
2023-03-29 16:41:41,754 INFO o.a.j.JMeter: Running test (1680108101753)
2023-03-29 16:41:41,810 INFO o.a.j.e.StandardJMeterEngine: Starting ThreadGroup: 1 : Gridded Thread Group
2023-03-29 16:41:41,811 INFO o.a.j.e.StandardJMeterEngine: Starting 82 threads for group Gridded Thread Group.
2023-03-29 16:41:41,811 INFO o.a.j.e.StandardJMeterEngine: Thread will continue on error
2023-03-29 16:41:41,811 INFO o.a.j.t.ThreadGroup: Starting thread group... number=1 threads=82 ramp-up=120 delayedStart=false
2023-03-29 16:41:41,817 INFO o.a.j.t.JMeterThread: Thread started: Gridded Thread Group 1-1
2023-03-29 16:41:41,835 INFO o.a.j.p.h.s.HTTPHCAbstractImpl: Local host = ip-172-31-14-115.ec2.internal
2023-03-29 16:41:41,840 INFO o.a.j.t.ThreadGroup: Started thread group number 1
2023-03-29 16:41:41,840 INFO o.a.j.e.StandardJMeterEngine: Starting ThreadGroup: 2 : OPMET Thread Group
2023-03-29 16:41:41,840 INFO o.a.j.e.StandardJMeterEngine: Starting 14 threads for group OPMET Thread Group.
2023-03-29 16:41:41,840 INFO o.a.j.e.StandardJMeterEngine: Thread will continue on error
2023-03-29 16:41:41,840 INFO o.a.j.t.ThreadGroup: Starting thread group... number=2 threads=14 ramp-up=120 delayedStart=false
2023-03-29 16:41:41,841 INFO o.a.j.t.JMeterThread: Thread started: OPMET Thread Group 2-1
2023-03-29 16:41:41,843 INFO o.a.j.p.h.s.HTTPHC4Impl: HTTP request retry count = 0
2023-03-29 16:41:41,844 INFO o.a.j.t.ThreadGroup: Started thread group number 2
2023-03-29 16:41:41,844 INFO o.a.j.e.StandardJMeterEngine: All thread groups have been started
2023-03-29 16:41:41,844 INFO o.a.j.s.SampleResult: Note: Sample TimeStamps are START times
2023-03-29 16:41:41,844 INFO o.a.j.s.SampleResult: sampleresult.default.encoding is set to ISO-8859-1
2023-03-29 16:41:41,845 INFO o.a.j.s.SampleResult: sampleresult.useNanoTime=true
2023-03-29 16:41:41,845 INFO o.a.j.s.SampleResult: sampleresult.nanoThreadSleep=5000
2023-03-29 16:41:43,277 INFO o.a.j.t.JMeterThread: Thread started: Gridded Thread Group 1-2
2023-03-29 16:41:44,739 INFO o.a.j.t.JMeterThread: Thread started: Gridded Thread Group 1-3
2023-03-29 16:41:46,201 INFO o.a.j.t.JMeterThread: Thread started: Gridded Thread Group 1-4
2023-03-29 16:41:47,664 INFO o.a.j.t.JMeterThread: Thread started: Gridded Thread Group 1-5
2023-03-29 16:41:49,128 INFO o.a.j.t.JMeterThread: Thread started: Gridded Thread Group 1-6
2023-03-29 16:41:50,413 INFO o.a.j.t.JMeterThread: Thread started: OPMET Thread Group 2-2
2023-03-29 16:41:50,590 INFO o.a.j.t.JMeterThread: Thread started: Gridded Thread Group 1-7
2023-03-29 16:41:52,053 INFO o.a.j.t.JMeterThread: Thread started: Gridded Thread Group 1-8
2023-03-29 16:41:53,515 INFO o.a.j.t.JMeterThread: Thread started: Gridded Thread Group 1-9
2023-03-29 16:41:54,979 INFO o.a.j.t.JMeterThread: Thread started: Gridded Thread Group 1-10
2023-03-29 16:41:56,442 INFO o.a.j.t.JMeterThread: Thread started: Gridded Thread Group 1-11
2023-03-29 16:41:57,905 INFO o.a.j.t.JMeterThread: Thread started: Gridded Thread Group 1-12
2023-03-29 16:41:58,982 INFO o.a.j.t.JMeterThread: Thread started: OPMET Thread Group 2-3
2023-03-29 16:41:59,368 INFO o.a.j.t.JMeterThread: Thread started: Gridded Thread Group 1-13
2023-03-29 16:42:00,007 INFO o.a.j.r.Summariser: summary +    300 in 00:00:18 =   16.4/s Avg:   423 Min:    33 Max:  9478 Err:     0 (0.00%) Active: 16 Started: 16 Finished: 0
2023-03-29 16:42:00,831 INFO o.a.j.t.JMeterThread: Thread started: Gridded Thread Group 1-14
2023-03-29 16:42:02,294 INFO o.a.j.t.JMeterThread: Thread started: Gridded Thread Group 1-15
2023-03-29 16:42:03,757 INFO o.a.j.t.JMeterThread: Thread started: Gridded Thread Group 1-16
2023-03-29 16:42:05,220 INFO o.a.j.t.JMeterThread: Thread started: Gridded Thread Group 1-17
2023-03-29 16:42:06,683 INFO o.a.j.t.JMeterThread: Thread started: Gridded Thread Group 1-18
2023-03-29 16:42:07,554 INFO o.a.j.t.JMeterThread: Thread started: OPMET Thread Group 2-4
2023-03-29 16:42:08,145 INFO o.a.j.t.JMeterThread: Thread started: Gridded Thread Group 1-19
2023-03-29 16:42:09,609 INFO o.a.j.t.JMeterThread: Thread started: Gridded Thread Group 1-20
2023-03-29 16:42:11,072 INFO o.a.j.t.JMeterThread: Thread started: Gridded Thread Group 1-21
2023-03-29 16:42:12,535 INFO o.a.j.t.JMeterThread: Thread started: Gridded Thread Group 1-22
2023-03-29 16:42:13,998 INFO o.a.j.t.JMeterThread: Thread started: Gridded Thread Group 1-23
2023-03-29 16:42:15,461 INFO o.a.j.t.JMeterThread: Thread started: Gridded Thread Group 1-24
2023-03-29 16:42:16,125 INFO o.a.j.t.JMeterThread: Thread started: OPMET Thread Group 2-5
2023-03-29 16:42:16,924 INFO o.a.j.t.JMeterThread: Thread started: Gridded Thread Group 1-25
2023-03-29 16:42:18,386 INFO o.a.j.t.JMeterThread: Thread started: Gridded Thread Group 1-26
2023-03-29 16:42:19,850 INFO o.a.j.t.JMeterThread: Thread started: Gridded Thread Group 1-27
2023-03-29 16:42:21,313 INFO o.a.j.t.JMeterThread: Thread started: Gridded Thread Group 1-28
2023-03-29 16:42:22,779 INFO o.a.j.t.JMeterThread: Thread started: Gridded Thread Group 1-29
2023-03-29 16:42:24,238 INFO o.a.j.t.JMeterThread: Thread started: Gridded Thread Group 1-30
2023-03-29 16:42:24,695 INFO o.a.j.t.JMeterThread: Thread started: OPMET Thread Group 2-6
2023-03-29 16:42:25,701 INFO o.a.j.t.JMeterThread: Thread started: Gridded Thread Group 1-31
2023-03-29 16:42:27,166 INFO o.a.j.t.JMeterThread: Thread started: Gridded Thread Group 1-32
2023-03-29 16:42:28,628 INFO o.a.j.t.JMeterThread: Thread started: Gridded Thread Group 1-33
2023-03-29 16:42:30,001 INFO o.a.j.r.Summariser: summary +    927 in 00:00:30 =   30.9/s Avg:   656 Min:    34 Max: 14535 Err:     0 (0.00%) Active: 39 Started: 39 Finished: 0
2023-03-29 16:42:30,002 INFO o.a.j.r.Summariser: summary =   1227 in 00:00:48 =   25.4/s Avg:   599 Min:    33 Max: 14535 Err:     0 (0.00%)
2023-03-29 16:42:30,090 INFO o.a.j.t.JMeterThread: Thread started: Gridded Thread Group 1-34
2023-03-29 16:42:31,554 INFO o.a.j.t.JMeterThread: Thread started: Gridded Thread Group 1-35
2023-03-29 16:42:33,017 INFO o.a.j.t.JMeterThread: Thread started: Gridded Thread Group 1-36
2023-03-29 16:42:33,266 INFO o.a.j.t.JMeterThread: Thread started: OPMET Thread Group 2-7
2023-03-29 16:42:34,479 INFO o.a.j.t.JMeterThread: Thread started: Gridded Thread Group 1-37
2023-03-29 16:42:35,942 INFO o.a.j.t.JMeterThread: Thread started: Gridded Thread Group 1-38
2023-03-29 16:42:37,406 INFO o.a.j.t.JMeterThread: Thread started: Gridded Thread Group 1-39
2023-03-29 16:42:38,869 INFO o.a.j.t.JMeterThread: Thread started: Gridded Thread Group 1-40
2023-03-29 16:42:40,331 INFO o.a.j.t.JMeterThread: Thread started: Gridded Thread Group 1-41
2023-03-29 16:42:41,794 INFO o.a.j.t.JMeterThread: Thread started: Gridded Thread Group 1-42
2023-03-29 16:42:41,838 INFO o.a.j.t.JMeterThread: Thread started: OPMET Thread Group 2-8
2023-03-29 16:42:43,257 INFO o.a.j.t.JMeterThread: Thread started: Gridded Thread Group 1-43
2023-03-29 16:42:44,721 INFO o.a.j.t.JMeterThread: Thread started: Gridded Thread Group 1-44
2023-03-29 16:42:46,184 INFO o.a.j.t.JMeterThread: Thread started: Gridded Thread Group 1-45
2023-03-29 16:42:47,646 INFO o.a.j.t.JMeterThread: Thread started: Gridded Thread Group 1-46
2023-03-29 16:42:49,109 INFO o.a.j.t.JMeterThread: Thread started: Gridded Thread Group 1-47
2023-03-29 16:42:50,409 INFO o.a.j.t.JMeterThread: Thread started: OPMET Thread Group 2-9
2023-03-29 16:42:50,573 INFO o.a.j.t.JMeterThread: Thread started: Gridded Thread Group 1-48
2023-03-29 16:42:52,036 INFO o.a.j.t.JMeterThread: Thread started: Gridded Thread Group 1-49
2023-03-29 16:42:53,499 INFO o.a.j.t.JMeterThread: Thread started: Gridded Thread Group 1-50
2023-03-29 16:42:54,961 INFO o.a.j.t.JMeterThread: Thread started: Gridded Thread Group 1-51
2023-03-29 16:42:56,424 INFO o.a.j.t.JMeterThread: Thread started: Gridded Thread Group 1-52
2023-03-29 16:42:57,888 INFO o.a.j.t.JMeterThread: Thread started: Gridded Thread Group 1-53
2023-03-29 16:42:58,979 INFO o.a.j.t.JMeterThread: Thread started: OPMET Thread Group 2-10
2023-03-29 16:42:59,351 INFO o.a.j.t.JMeterThread: Thread started: Gridded Thread Group 1-54
2023-03-29 16:43:00,038 INFO o.a.j.r.Summariser: summary +   1021 in 00:00:30 =   34.0/s Avg:  1149 Min:    64 Max: 22406 Err:     0 (0.00%) Active: 64 Started: 64 Finished: 0
2023-03-29 16:43:00,038 INFO o.a.j.r.Summariser: summary =   2248 in 00:01:18 =   28.7/s Avg:   849 Min:    33 Max: 22406 Err:     0 (0.00%)
2023-03-29 16:43:00,813 INFO o.a.j.t.JMeterThread: Thread started: Gridded Thread Group 1-55
2023-03-29 16:43:02,276 INFO o.a.j.t.JMeterThread: Thread started: Gridded Thread Group 1-56
2023-03-29 16:43:03,739 INFO o.a.j.t.JMeterThread: Thread started: Gridded Thread Group 1-57
2023-03-29 16:43:05,203 INFO o.a.j.t.JMeterThread: Thread started: Gridded Thread Group 1-58
2023-03-29 16:43:06,666 INFO o.a.j.t.JMeterThread: Thread started: Gridded Thread Group 1-59
2023-03-29 16:43:07,551 INFO o.a.j.t.JMeterThread: Thread started: OPMET Thread Group 2-11
2023-03-29 16:43:08,128 INFO o.a.j.t.JMeterThread: Thread started: Gridded Thread Group 1-60
2023-03-29 16:43:09,591 INFO o.a.j.t.JMeterThread: Thread started: Gridded Thread Group 1-61
2023-03-29 16:43:11,055 INFO o.a.j.t.JMeterThread: Thread started: Gridded Thread Group 1-62
2023-03-29 16:43:12,518 INFO o.a.j.t.JMeterThread: Thread started: Gridded Thread Group 1-63
2023-03-29 16:43:13,980 INFO o.a.j.t.JMeterThread: Thread started: Gridded Thread Group 1-64
2023-03-29 16:43:15,444 INFO o.a.j.t.JMeterThread: Thread started: Gridded Thread Group 1-65
2023-03-29 16:43:16,122 INFO o.a.j.t.JMeterThread: Thread started: OPMET Thread Group 2-12
2023-03-29 16:43:16,907 INFO o.a.j.t.JMeterThread: Thread started: Gridded Thread Group 1-66
2023-03-29 16:43:18,370 INFO o.a.j.t.JMeterThread: Thread started: Gridded Thread Group 1-67
2023-03-29 16:43:19,832 INFO o.a.j.t.JMeterThread: Thread started: Gridded Thread Group 1-68
2023-03-29 16:43:21,295 INFO o.a.j.t.JMeterThread: Thread started: Gridded Thread Group 1-69
2023-03-29 16:43:22,759 INFO o.a.j.t.JMeterThread: Thread started: Gridded Thread Group 1-70
2023-03-29 16:43:24,222 INFO o.a.j.t.JMeterThread: Thread started: Gridded Thread Group 1-71
2023-03-29 16:43:24,693 INFO o.a.j.t.JMeterThread: Thread started: OPMET Thread Group 2-13
2023-03-29 16:43:25,685 INFO o.a.j.t.JMeterThread: Thread started: Gridded Thread Group 1-72
2023-03-29 16:43:27,147 INFO o.a.j.t.JMeterThread: Thread started: Gridded Thread Group 1-73
2023-03-29 16:43:28,610 INFO o.a.j.t.JMeterThread: Thread started: Gridded Thread Group 1-74
2023-03-29 16:43:30,010 INFO o.a.j.r.Summariser: summary +   1036 in 00:00:30 =   34.6/s Avg:  1770 Min:    94 Max: 29290 Err:     0 (0.00%) Active: 87 Started: 87 Finished: 0
2023-03-29 16:43:30,010 INFO o.a.j.r.Summariser: summary =   3284 in 00:01:48 =   30.3/s Avg:  1139 Min:    33 Max: 29290 Err:     0 (0.00%)
2023-03-29 16:43:30,073 INFO o.a.j.t.JMeterThread: Thread started: Gridded Thread Group 1-75
2023-03-29 16:43:31,537 INFO o.a.j.t.JMeterThread: Thread started: Gridded Thread Group 1-76
2023-03-29 16:43:33,000 INFO o.a.j.t.JMeterThread: Thread started: Gridded Thread Group 1-77
2023-03-29 16:43:33,263 INFO o.a.j.t.JMeterThread: Thread started: OPMET Thread Group 2-14
2023-03-29 16:43:34,462 INFO o.a.j.t.JMeterThread: Thread started: Gridded Thread Group 1-78
2023-03-29 16:43:35,925 INFO o.a.j.t.JMeterThread: Thread started: Gridded Thread Group 1-79
2023-03-29 16:43:37,389 INFO o.a.j.t.JMeterThread: Thread started: Gridded Thread Group 1-80
2023-03-29 16:43:38,852 INFO o.a.j.t.JMeterThread: Thread started: Gridded Thread Group 1-81
2023-03-29 16:43:40,314 INFO o.a.j.t.JMeterThread: Thread started: Gridded Thread Group 1-82
2023-03-29 16:44:00,022 INFO o.a.j.r.Summariser: summary +   1028 in 00:00:30 =   34.3/s Avg:  2142 Min:   185 Max: 39187 Err:     0 (0.00%) Active: 96 Started: 96 Finished: 0
2023-03-29 16:44:00,022 INFO o.a.j.r.Summariser: summary =   4312 in 00:02:18 =   31.2/s Avg:  1378 Min:    33 Max: 39187 Err:     0 (0.00%)
2023-03-29 16:44:30,003 INFO o.a.j.r.Summariser: summary +    987 in 00:00:30 =   32.9/s Avg:  2538 Min:   202 Max: 45754 Err:     0 (0.00%) Active: 96 Started: 96 Finished: 0
2023-03-29 16:44:30,004 INFO o.a.j.r.Summariser: summary =   5299 in 00:02:48 =   31.5/s Avg:  1594 Min:    33 Max: 45754 Err:     0 (0.00%)
2023-03-29 16:45:00,078 INFO o.a.j.r.Summariser: summary +   1002 in 00:00:30 =   33.3/s Avg:  2650 Min:   173 Max: 53780 Err:     0 (0.00%) Active: 96 Started: 96 Finished: 0
2023-03-29 16:45:00,079 INFO o.a.j.r.Summariser: summary =   6301 in 00:03:18 =   31.8/s Avg:  1762 Min:    33 Max: 53780 Err:     0 (0.00%)
2023-03-29 16:45:30,027 INFO o.a.j.r.Summariser: summary +    987 in 00:00:30 =   33.0/s Avg:  2951 Min:   179 Max: 60002 Err:     1 (0.10%) Active: 96 Started: 96 Finished: 0
2023-03-29 16:45:30,027 INFO o.a.j.r.Summariser: summary =   7288 in 00:03:48 =   31.9/s Avg:  1923 Min:    33 Max: 60002 Err:     1 (0.01%)
2023-03-29 16:46:00,014 INFO o.a.j.r.Summariser: summary +   1004 in 00:00:30 =   33.5/s Avg:  2751 Min:   206 Max: 60002 Err:     4 (0.40%) Active: 96 Started: 96 Finished: 0
2023-03-29 16:46:00,014 INFO o.a.j.r.Summariser: summary =   8292 in 00:04:18 =   32.1/s Avg:  2023 Min:    33 Max: 60002 Err:     5 (0.06%)
2023-03-29 16:46:30,033 INFO o.a.j.r.Summariser: summary +    995 in 00:00:30 =   33.1/s Avg:  2787 Min:   172 Max: 60041 Err:     6 (0.60%) Active: 96 Started: 96 Finished: 0
2023-03-29 16:46:30,033 INFO o.a.j.r.Summariser: summary =   9287 in 00:04:48 =   32.2/s Avg:  2105 Min:    33 Max: 60041 Err:    11 (0.12%)
2023-03-29 16:47:00,007 INFO o.a.j.r.Summariser: summary +   1004 in 00:00:30 =   33.5/s Avg:  3052 Min:   201 Max: 60002 Err:    12 (1.20%) Active: 96 Started: 96 Finished: 0
2023-03-29 16:47:00,007 INFO o.a.j.r.Summariser: summary =  10291 in 00:05:18 =   32.3/s Avg:  2198 Min:    33 Max: 60041 Err:    23 (0.22%)
2023-03-29 16:47:30,016 INFO o.a.j.r.Summariser: summary +   1027 in 00:00:30 =   34.2/s Avg:  3460 Min:   164 Max: 60002 Err:     3 (0.29%) Active: 96 Started: 96 Finished: 0
2023-03-29 16:47:30,016 INFO o.a.j.r.Summariser: summary =  11318 in 00:05:48 =   32.5/s Avg:  2312 Min:    33 Max: 60041 Err:    26 (0.23%)
2023-03-29 16:48:00,050 INFO o.a.j.r.Summariser: summary +   1037 in 00:00:30 =   34.5/s Avg:  2986 Min:   198 Max: 46271 Err:     0 (0.00%) Active: 96 Started: 96 Finished: 0
2023-03-29 16:48:00,050 INFO o.a.j.r.Summariser: summary =  12355 in 00:06:18 =   32.7/s Avg:  2369 Min:    33 Max: 60041 Err:    26 (0.21%)
2023-03-29 16:48:30,034 INFO o.a.j.r.Summariser: summary +   1032 in 00:00:30 =   34.4/s Avg:  2799 Min:   187 Max: 41160 Err:     0 (0.00%) Active: 96 Started: 96 Finished: 0
2023-03-29 16:48:30,035 INFO o.a.j.r.Summariser: summary =  13387 in 00:06:48 =   32.8/s Avg:  2402 Min:    33 Max: 60041 Err:    26 (0.19%)
2023-03-29 16:49:00,020 INFO o.a.j.r.Summariser: summary +   1033 in 00:00:30 =   34.4/s Avg:  2466 Min:   201 Max: 42243 Err:     0 (0.00%) Active: 96 Started: 96 Finished: 0
2023-03-29 16:49:00,020 INFO o.a.j.r.Summariser: summary =  14420 in 00:07:18 =   32.9/s Avg:  2407 Min:    33 Max: 60041 Err:    26 (0.18%)
2023-03-29 16:49:30,009 INFO o.a.j.r.Summariser: summary +   1311 in 00:00:30 =   43.7/s Avg:  2308 Min:    39 Max: 44609 Err:     0 (0.00%) Active: 96 Started: 96 Finished: 0
2023-03-29 16:49:30,010 INFO o.a.j.r.Summariser: summary =  15731 in 00:07:48 =   33.6/s Avg:  2398 Min:    33 Max: 60041 Err:    26 (0.17%)
2023-03-29 16:50:00,017 INFO o.a.j.r.Summariser: summary +   1950 in 00:00:30 =   65.0/s Avg:  1329 Min:    47 Max: 46064 Err:     0 (0.00%) Active: 96 Started: 96 Finished: 0
2023-03-29 16:50:00,018 INFO o.a.j.r.Summariser: summary =  17681 in 00:08:18 =   35.5/s Avg:  2280 Min:    33 Max: 60041 Err:    26 (0.15%)
2023-03-29 16:50:30,016 INFO o.a.j.r.Summariser: summary +   1971 in 00:00:30 =   65.7/s Avg:  1451 Min:     1 Max: 49853 Err:    52 (2.64%) Active: 96 Started: 96 Finished: 0
2023-03-29 16:50:30,016 INFO o.a.j.r.Summariser: summary =  19652 in 00:08:48 =   37.2/s Avg:  2197 Min:     1 Max: 60041 Err:    78 (0.40%)
2023-03-29 16:51:00,032 INFO o.a.j.r.Summariser: summary +   1933 in 00:00:30 =   64.4/s Avg:  1255 Min:     1 Max: 60010 Err:    49 (2.53%) Active: 96 Started: 96 Finished: 0
2023-03-29 16:51:00,033 INFO o.a.j.r.Summariser: summary =  21585 in 00:09:18 =   38.7/s Avg:  2113 Min:     1 Max: 60041 Err:   127 (0.59%)
2023-03-29 16:51:30,031 INFO o.a.j.r.Summariser: summary +   2077 in 00:00:30 =   69.2/s Avg:  1402 Min:     1 Max: 60001 Err:   140 (6.74%) Active: 96 Started: 96 Finished: 0
2023-03-29 16:51:30,032 INFO o.a.j.r.Summariser: summary =  23662 in 00:09:48 =   40.2/s Avg:  2050 Min:     1 Max: 60041 Err:   267 (1.13%)
2023-03-29 16:52:00,014 INFO o.a.j.r.Summariser: summary +   2087 in 00:00:30 =   69.6/s Avg:  1474 Min:     1 Max: 60003 Err:   148 (7.09%) Active: 96 Started: 96 Finished: 0
2023-03-29 16:52:00,014 INFO o.a.j.r.Summariser: summary =  25749 in 00:10:18 =   41.6/s Avg:  2004 Min:     1 Max: 60041 Err:   415 (1.61%)
2023-03-29 16:52:30,003 INFO o.a.j.r.Summariser: summary +   2110 in 00:00:30 =   70.4/s Avg:  1465 Min:     1 Max: 60002 Err:   123 (5.83%) Active: 96 Started: 96 Finished: 0
2023-03-29 16:52:30,004 INFO o.a.j.r.Summariser: summary =  27859 in 00:10:48 =   43.0/s Avg:  1963 Min:     1 Max: 60041 Err:   538 (1.93%)
2023-03-29 16:53:00,006 INFO o.a.j.r.Summariser: summary +   2127 in 00:00:30 =   70.9/s Avg:  1355 Min:     1 Max: 54459 Err:    93 (4.37%) Active: 96 Started: 96 Finished: 0
2023-03-29 16:53:00,006 INFO o.a.j.r.Summariser: summary =  29986 in 00:11:18 =   44.2/s Avg:  1920 Min:     1 Max: 60041 Err:   631 (2.10%)
2023-03-29 16:53:30,007 INFO o.a.j.r.Summariser: summary +   2012 in 00:00:30 =   67.1/s Avg:  1522 Min:     2 Max: 57850 Err:     3 (0.15%) Active: 96 Started: 96 Finished: 0
2023-03-29 16:53:30,007 INFO o.a.j.r.Summariser: summary =  31998 in 00:11:48 =   45.2/s Avg:  1895 Min:     1 Max: 60041 Err:   634 (1.98%)
2023-03-29 16:54:00,001 INFO o.a.j.r.Summariser: summary +   2026 in 00:00:30 =   67.5/s Avg:  1645 Min:    48 Max: 54584 Err:     0 (0.00%) Active: 96 Started: 96 Finished: 0
2023-03-29 16:54:00,001 INFO o.a.j.r.Summariser: summary =  34024 in 00:12:18 =   46.1/s Avg:  1880 Min:     1 Max: 60041 Err:   634 (1.86%)
2023-03-29 16:54:30,001 INFO o.a.j.r.Summariser: summary +   2000 in 00:00:30 =   66.7/s Avg:  1055 Min:     1 Max: 42451 Err:    38 (1.90%) Active: 96 Started: 96 Finished: 0
2023-03-29 16:54:30,002 INFO o.a.j.r.Summariser: summary =  36024 in 00:12:48 =   46.9/s Avg:  1834 Min:     1 Max: 60041 Err:   672 (1.87%)
2023-03-29 16:55:00,011 INFO o.a.j.r.Summariser: summary +   2201 in 00:00:30 =   73.3/s Avg:  1583 Min:    42 Max: 51671 Err:     0 (0.00%) Active: 96 Started: 96 Finished: 0
2023-03-29 16:55:00,011 INFO o.a.j.r.Summariser: summary =  38225 in 00:13:18 =   47.9/s Avg:  1820 Min:     1 Max: 60041 Err:   672 (1.76%)
2023-03-29 16:55:30,004 INFO o.a.j.r.Summariser: summary +   2723 in 00:00:30 =   90.8/s Avg:  1075 Min:    35 Max: 60001 Err:     1 (0.04%) Active: 96 Started: 96 Finished: 0
2023-03-29 16:55:30,004 INFO o.a.j.r.Summariser: summary =  40948 in 00:13:48 =   49.4/s Avg:  1770 Min:     1 Max: 60041 Err:   673 (1.64%)
2023-03-29 16:56:00,020 INFO o.a.j.r.Summariser: summary +   3112 in 00:00:30 =  103.7/s Avg:   777 Min:     1 Max: 45746 Err:    66 (2.12%) Active: 96 Started: 96 Finished: 0
2023-03-29 16:56:00,020 INFO o.a.j.r.Summariser: summary =  44060 in 00:14:18 =   51.3/s Avg:  1700 Min:     1 Max: 60041 Err:   739 (1.68%)
2023-03-29 16:56:30,010 INFO o.a.j.r.Summariser: summary +   2884 in 00:00:30 =   96.2/s Avg:  1127 Min:    33 Max: 48953 Err:     0 (0.00%) Active: 96 Started: 96 Finished: 0
2023-03-29 16:56:30,010 INFO o.a.j.r.Summariser: summary =  46944 in 00:14:48 =   52.8/s Avg:  1665 Min:     1 Max: 60041 Err:   739 (1.57%)
2023-03-29 16:57:00,005 INFO o.a.j.r.Summariser: summary +   3023 in 00:00:30 =  100.8/s Avg:   941 Min:    41 Max: 47676 Err:     0 (0.00%) Active: 96 Started: 96 Finished: 0
2023-03-29 16:57:00,006 INFO o.a.j.r.Summariser: summary =  49967 in 00:15:18 =   54.4/s Avg:  1621 Min:     1 Max: 60041 Err:   739 (1.48%)
2023-03-29 16:57:30,008 INFO o.a.j.r.Summariser: summary +   3124 in 00:00:30 =  104.1/s Avg:   870 Min:     1 Max: 45420 Err:    54 (1.73%) Active: 96 Started: 96 Finished: 0
2023-03-29 16:57:30,009 INFO o.a.j.r.Summariser: summary =  53091 in 00:15:48 =   56.0/s Avg:  1577 Min:     1 Max: 60041 Err:   793 (1.49%)
2023-03-29 16:58:00,045 INFO o.a.j.r.Summariser: summary +   3234 in 00:00:30 =  107.7/s Avg:  1012 Min:    39 Max: 53516 Err:     0 (0.00%) Active: 96 Started: 96 Finished: 0
2023-03-29 16:58:00,045 INFO o.a.j.r.Summariser: summary =  56325 in 00:16:18 =   57.6/s Avg:  1544 Min:     1 Max: 60041 Err:   793 (1.41%)
2023-03-29 16:58:30,001 INFO o.a.j.r.Summariser: summary +   2950 in 00:00:30 =   98.5/s Avg:   969 Min:    34 Max: 50830 Err:     0 (0.00%) Active: 96 Started: 96 Finished: 0
2023-03-29 16:58:30,002 INFO o.a.j.r.Summariser: summary =  59275 in 00:16:48 =   58.8/s Avg:  1516 Min:     1 Max: 60041 Err:   793 (1.34%)
2023-03-29 16:59:00,013 INFO o.a.j.r.Summariser: summary +   3267 in 00:00:30 =  108.9/s Avg:   628 Min:     1 Max: 43557 Err:    62 (1.90%) Active: 96 Started: 96 Finished: 0
2023-03-29 16:59:00,013 INFO o.a.j.r.Summariser: summary =  62542 in 00:17:18 =   60.2/s Avg:  1469 Min:     1 Max: 60041 Err:   855 (1.37%)
2023-03-29 16:59:30,023 INFO o.a.j.r.Summariser: summary +   3178 in 00:00:30 =  105.9/s Avg:  1125 Min:    41 Max: 58470 Err:     0 (0.00%) Active: 96 Started: 96 Finished: 0
2023-03-29 16:59:30,023 INFO o.a.j.r.Summariser: summary =  65720 in 00:17:48 =   61.5/s Avg:  1453 Min:     1 Max: 60041 Err:   855 (1.30%)
2023-03-29 17:00:00,014 INFO o.a.j.r.Summariser: summary +   3082 in 00:00:30 =  102.8/s Avg:   892 Min:    35 Max: 49499 Err:     0 (0.00%) Active: 96 Started: 96 Finished: 0
2023-03-29 17:00:00,015 INFO o.a.j.r.Summariser: summary =  68802 in 00:18:18 =   62.6/s Avg:  1428 Min:     1 Max: 60041 Err:   855 (1.24%)
2023-03-29 17:00:30,001 INFO o.a.j.r.Summariser: summary +   3241 in 00:00:30 =  108.1/s Avg:   878 Min:     1 Max: 43712 Err:    56 (1.73%) Active: 96 Started: 96 Finished: 0
2023-03-29 17:00:30,001 INFO o.a.j.r.Summariser: summary =  72043 in 00:18:48 =   63.9/s Avg:  1403 Min:     1 Max: 60041 Err:   911 (1.26%)
2023-03-29 17:01:00,035 INFO o.a.j.r.Summariser: summary +   3146 in 00:00:30 =  104.7/s Avg:   947 Min:    38 Max: 50190 Err:     0 (0.00%) Active: 96 Started: 96 Finished: 0
2023-03-29 17:01:00,035 INFO o.a.j.r.Summariser: summary =  75189 in 00:19:18 =   64.9/s Avg:  1384 Min:     1 Max: 60041 Err:   911 (1.21%)
2023-03-29 17:01:30,006 INFO o.a.j.r.Summariser: summary +   3099 in 00:00:30 =  103.4/s Avg:  1004 Min:    36 Max: 52765 Err:     0 (0.00%) Active: 96 Started: 96 Finished: 0
2023-03-29 17:01:30,006 INFO o.a.j.r.Summariser: summary =  78288 in 00:19:48 =   65.9/s Avg:  1369 Min:     1 Max: 60041 Err:   911 (1.16%)
2023-03-29 17:02:00,019 INFO o.a.j.r.Summariser: summary +   3363 in 00:00:30 =  112.1/s Avg:   717 Min:     1 Max: 43356 Err:    76 (2.26%) Active: 96 Started: 96 Finished: 0
2023-03-29 17:02:00,019 INFO o.a.j.r.Summariser: summary =  81651 in 00:20:18 =   67.0/s Avg:  1342 Min:     1 Max: 60041 Err:   987 (1.21%)
2023-03-29 17:02:30,002 INFO o.a.j.r.Summariser: summary +   3356 in 00:00:30 =  111.9/s Avg:   892 Min:     1 Max: 49023 Err:   102 (3.04%) Active: 96 Started: 96 Finished: 0
2023-03-29 17:02:30,002 INFO o.a.j.r.Summariser: summary =  85007 in 00:20:48 =   68.1/s Avg:  1324 Min:     1 Max: 60041 Err:  1089 (1.28%)
2023-03-29 17:03:00,004 INFO o.a.j.r.Summariser: summary +   3375 in 00:00:30 =  112.5/s Avg:   899 Min:     1 Max: 47046 Err:    98 (2.90%) Active: 96 Started: 96 Finished: 0
2023-03-29 17:03:00,004 INFO o.a.j.r.Summariser: summary =  88382 in 00:21:18 =   69.1/s Avg:  1308 Min:     1 Max: 60041 Err:  1187 (1.34%)
2023-03-29 17:03:30,008 INFO o.a.j.r.Summariser: summary +   3538 in 00:00:30 =  117.9/s Avg:   840 Min:     1 Max: 47866 Err:    18 (0.51%) Active: 96 Started: 96 Finished: 0
2023-03-29 17:03:30,008 INFO o.a.j.r.Summariser: summary =  91920 in 00:21:48 =   70.3/s Avg:  1290 Min:     1 Max: 60041 Err:  1205 (1.31%)
2023-03-29 17:04:00,004 INFO o.a.j.r.Summariser: summary +   3444 in 00:00:30 =  114.8/s Avg:   880 Min:    40 Max: 52250 Err:     0 (0.00%) Active: 96 Started: 96 Finished: 0
2023-03-29 17:04:00,004 INFO o.a.j.r.Summariser: summary =  95364 in 00:22:18 =   71.3/s Avg:  1275 Min:     1 Max: 60041 Err:  1205 (1.26%)
2023-03-29 17:04:30,004 INFO o.a.j.r.Summariser: summary +   3450 in 00:00:30 =  115.0/s Avg:   713 Min:     1 Max: 42219 Err:    42 (1.22%) Active: 96 Started: 96 Finished: 0
2023-03-29 17:04:30,004 INFO o.a.j.r.Summariser: summary =  98814 in 00:22:48 =   72.2/s Avg:  1255 Min:     1 Max: 60041 Err:  1247 (1.26%)
2023-03-29 17:05:00,009 INFO o.a.j.r.Summariser: summary +   3619 in 00:00:30 =  120.6/s Avg:   963 Min:    32 Max: 51273 Err:     0 (0.00%) Active: 96 Started: 96 Finished: 0
2023-03-29 17:05:00,010 INFO o.a.j.r.Summariser: summary = 102433 in 00:23:18 =   73.3/s Avg:  1245 Min:     1 Max: 60041 Err:  1247 (1.22%)
2023-03-29 17:05:30,002 INFO o.a.j.r.Summariser: summary +   3594 in 00:00:30 =  119.8/s Avg:   638 Min:    35 Max: 40776 Err:     0 (0.00%) Active: 96 Started: 96 Finished: 0
2023-03-29 17:05:30,002 INFO o.a.j.r.Summariser: summary = 106027 in 00:23:48 =   74.2/s Avg:  1225 Min:     1 Max: 60041 Err:  1247 (1.18%)
2023-03-29 17:06:00,006 INFO o.a.j.r.Summariser: summary +   3814 in 00:00:30 =  127.1/s Avg:   714 Min:    30 Max: 55397 Err:     0 (0.00%) Active: 96 Started: 96 Finished: 0
2023-03-29 17:06:00,006 INFO o.a.j.r.Summariser: summary = 109841 in 00:24:18 =   75.3/s Avg:  1207 Min:     1 Max: 60041 Err:  1247 (1.14%)
2023-03-29 17:06:30,005 INFO o.a.j.r.Summariser: summary +   3484 in 00:00:30 =  116.1/s Avg:   925 Min:    31 Max: 54598 Err:     0 (0.00%) Active: 96 Started: 96 Finished: 0
2023-03-29 17:06:30,006 INFO o.a.j.r.Summariser: summary = 113325 in 00:24:48 =   76.1/s Avg:  1198 Min:     1 Max: 60041 Err:  1247 (1.10%)
2023-03-29 17:07:00,005 INFO o.a.j.r.Summariser: summary +   3343 in 00:00:30 =  111.4/s Avg:   675 Min:     1 Max: 41594 Err:    48 (1.44%) Active: 96 Started: 96 Finished: 0
2023-03-29 17:07:00,005 INFO o.a.j.r.Summariser: summary = 116668 in 00:25:18 =   76.8/s Avg:  1183 Min:     1 Max: 60041 Err:  1295 (1.11%)
2023-03-29 17:07:30,000 INFO o.a.j.r.Summariser: summary +   3573 in 00:00:30 =  119.1/s Avg:   985 Min:     1 Max: 60000 Err:   109 (3.05%) Active: 96 Started: 96 Finished: 0
2023-03-29 17:07:30,000 INFO o.a.j.r.Summariser: summary = 120241 in 00:25:48 =   77.7/s Avg:  1177 Min:     1 Max: 60041 Err:  1404 (1.17%)
2023-03-29 17:08:00,022 INFO o.a.j.r.Summariser: summary +   3781 in 00:00:30 =  125.9/s Avg:   583 Min:     1 Max: 52000 Err:    88 (2.33%) Active: 96 Started: 96 Finished: 0
2023-03-29 17:08:00,022 INFO o.a.j.r.Summariser: summary = 124022 in 00:26:18 =   78.6/s Avg:  1159 Min:     1 Max: 60041 Err:  1492 (1.20%)
2023-03-29 17:08:30,007 INFO o.a.j.r.Summariser: summary +   3691 in 00:00:30 =  123.1/s Avg:   763 Min:     1 Max: 54876 Err:    65 (1.76%) Active: 96 Started: 96 Finished: 0
2023-03-29 17:08:30,008 INFO o.a.j.r.Summariser: summary = 127713 in 00:26:48 =   79.4/s Avg:  1148 Min:     1 Max: 60041 Err:  1557 (1.22%)
2023-03-29 17:09:00,016 INFO o.a.j.r.Summariser: summary +   3511 in 00:00:30 =  117.0/s Avg:   935 Min:     1 Max: 57616 Err:    61 (1.74%) Active: 96 Started: 96 Finished: 0
2023-03-29 17:09:00,016 INFO o.a.j.r.Summariser: summary = 131224 in 00:27:18 =   80.1/s Avg:  1142 Min:     1 Max: 60041 Err:  1618 (1.23%)
2023-03-29 17:09:30,009 INFO o.a.j.r.Summariser: summary +   3918 in 00:00:30 =  130.6/s Avg:   746 Min:     1 Max: 48429 Err:    58 (1.48%) Active: 96 Started: 96 Finished: 0
2023-03-29 17:09:30,009 INFO o.a.j.r.Summariser: summary = 135142 in 00:27:48 =   81.0/s Avg:  1131 Min:     1 Max: 60041 Err:  1676 (1.24%)
2023-03-29 17:10:00,006 INFO o.a.j.r.Summariser: summary +   3812 in 00:00:30 =  127.1/s Avg:   676 Min:     1 Max: 47099 Err:    49 (1.29%) Active: 96 Started: 96 Finished: 0
2023-03-29 17:10:00,006 INFO o.a.j.r.Summariser: summary = 138954 in 00:28:18 =   81.8/s Avg:  1118 Min:     1 Max: 60041 Err:  1725 (1.24%)
2023-03-29 17:10:30,003 INFO o.a.j.r.Summariser: summary +   3975 in 00:00:30 =  132.5/s Avg:   702 Min:     1 Max: 53639 Err:    50 (1.26%) Active: 96 Started: 96 Finished: 0
2023-03-29 17:10:30,003 INFO o.a.j.r.Summariser: summary = 142929 in 00:28:48 =   82.7/s Avg:  1106 Min:     1 Max: 60041 Err:  1775 (1.24%)
2023-03-29 17:11:00,016 INFO o.a.j.r.Summariser: summary +   3871 in 00:00:30 =  129.0/s Avg:   774 Min:     1 Max: 54243 Err:    53 (1.37%) Active: 96 Started: 96 Finished: 0
2023-03-29 17:11:00,016 INFO o.a.j.r.Summariser: summary = 146800 in 00:29:18 =   83.5/s Avg:  1098 Min:     1 Max: 60041 Err:  1828 (1.25%)
2023-03-29 17:11:30,004 INFO o.a.j.r.Summariser: summary +   3405 in 00:00:30 =  113.5/s Avg:   847 Min:     1 Max: 55779 Err:    49 (1.44%) Active: 96 Started: 96 Finished: 0
2023-03-29 17:11:30,004 INFO o.a.j.r.Summariser: summary = 150205 in 00:29:48 =   84.0/s Avg:  1092 Min:     1 Max: 60041 Err:  1877 (1.25%)
2023-03-29 17:12:00,005 INFO o.a.j.r.Summariser: summary +   3512 in 00:00:30 =  117.1/s Avg:   853 Min:     1 Max: 56095 Err:    54 (1.54%) Active: 96 Started: 96 Finished: 0
2023-03-29 17:12:00,005 INFO o.a.j.r.Summariser: summary = 153717 in 00:30:18 =   84.5/s Avg:  1087 Min:     1 Max: 60041 Err:  1931 (1.26%)
2023-03-29 17:12:30,025 INFO o.a.j.r.Summariser: summary +   2561 in 00:00:30 =   85.3/s Avg:  1118 Min:     1 Max: 49549 Err:    54 (2.11%) Active: 96 Started: 96 Finished: 0
2023-03-29 17:12:30,026 INFO o.a.j.r.Summariser: summary = 156278 in 00:30:48 =   84.6/s Avg:  1087 Min:     1 Max: 60041 Err:  1985 (1.27%)
2023-03-29 17:13:00,005 INFO o.a.j.r.Summariser: summary +   2094 in 00:00:30 =   69.8/s Avg:  1278 Min:     1 Max: 51241 Err:    50 (2.39%) Active: 96 Started: 96 Finished: 0
2023-03-29 17:13:00,005 INFO o.a.j.r.Summariser: summary = 158372 in 00:31:18 =   84.3/s Avg:  1090 Min:     1 Max: 60041 Err:  2035 (1.28%)
2023-03-29 17:13:30,011 INFO o.a.j.r.Summariser: summary +   3666 in 00:00:30 =  122.2/s Avg:   775 Min:     1 Max: 54544 Err:    49 (1.34%) Active: 96 Started: 96 Finished: 0
2023-03-29 17:13:30,011 INFO o.a.j.r.Summariser: summary = 162038 in 00:31:48 =   84.9/s Avg:  1083 Min:     1 Max: 60041 Err:  2084 (1.29%)
2023-03-29 17:14:00,010 INFO o.a.j.r.Summariser: summary +   3738 in 00:00:30 =  124.6/s Avg:   809 Min:     1 Max: 56565 Err:    53 (1.42%) Active: 96 Started: 96 Finished: 0
2023-03-29 17:14:00,010 INFO o.a.j.r.Summariser: summary = 165776 in 00:32:18 =   85.5/s Avg:  1076 Min:     1 Max: 60041 Err:  2137 (1.29%)
2023-03-29 17:14:30,001 INFO o.a.j.r.Summariser: summary +   3556 in 00:00:30 =  118.6/s Avg:   673 Min:     1 Max: 53664 Err:    42 (1.18%) Active: 96 Started: 96 Finished: 0
2023-03-29 17:14:30,001 INFO o.a.j.r.Summariser: summary = 169332 in 00:32:48 =   86.0/s Avg:  1068 Min:     1 Max: 60041 Err:  2179 (1.29%)
2023-03-29 17:15:00,010 INFO o.a.j.r.Summariser: summary +   3256 in 00:00:30 =  108.5/s Avg:   932 Min:     1 Max: 59564 Err:    52 (1.60%) Active: 96 Started: 96 Finished: 0
2023-03-29 17:15:00,011 INFO o.a.j.r.Summariser: summary = 172588 in 00:33:18 =   86.4/s Avg:  1065 Min:     1 Max: 60041 Err:  2231 (1.29%)
2023-03-29 17:15:30,016 INFO o.a.j.r.Summariser: summary +   3717 in 00:00:30 =  123.9/s Avg:   856 Min:     1 Max: 60001 Err:    59 (1.59%) Active: 96 Started: 96 Finished: 0
2023-03-29 17:15:30,016 INFO o.a.j.r.Summariser: summary = 176305 in 00:33:48 =   86.9/s Avg:  1061 Min:     1 Max: 60041 Err:  2290 (1.30%)
2023-03-29 17:16:00,006 INFO o.a.j.r.Summariser: summary +   3487 in 00:00:30 =  116.3/s Avg:   801 Min:     1 Max: 60001 Err:    54 (1.55%) Active: 96 Started: 96 Finished: 0
2023-03-29 17:16:00,006 INFO o.a.j.r.Summariser: summary = 179792 in 00:34:18 =   87.4/s Avg:  1056 Min:     1 Max: 60041 Err:  2344 (1.30%)
2023-03-29 17:16:30,005 INFO o.a.j.r.Summariser: summary +   2467 in 00:00:30 =   82.2/s Avg:  1007 Min:     1 Max: 52988 Err:    46 (1.86%) Active: 96 Started: 96 Finished: 0
2023-03-29 17:16:30,005 INFO o.a.j.r.Summariser: summary = 182259 in 00:34:48 =   87.3/s Avg:  1055 Min:     1 Max: 60041 Err:  2390 (1.31%)
2023-03-29 17:17:00,022 INFO o.a.j.r.Summariser: summary +   2673 in 00:00:30 =   89.0/s Avg:  1232 Min:     1 Max: 60003 Err:    58 (2.17%) Active: 96 Started: 96 Finished: 0
2023-03-29 17:17:00,022 INFO o.a.j.r.Summariser: summary = 184932 in 00:35:18 =   87.3/s Avg:  1058 Min:     1 Max: 60041 Err:  2448 (1.32%)
2023-03-29 17:17:30,003 INFO o.a.j.r.Summariser: summary +   3256 in 00:00:30 =  108.6/s Avg:   853 Min:     1 Max: 60001 Err:    50 (1.54%) Active: 96 Started: 96 Finished: 0
2023-03-29 17:17:30,003 INFO o.a.j.r.Summariser: summary = 188188 in 00:35:48 =   87.6/s Avg:  1054 Min:     1 Max: 60041 Err:  2498 (1.33%)
2023-03-29 17:18:00,010 INFO o.a.j.r.Summariser: summary +   3631 in 00:00:30 =  121.0/s Avg:   744 Min:     1 Max: 57171 Err:    46 (1.27%) Active: 96 Started: 96 Finished: 0
2023-03-29 17:18:00,010 INFO o.a.j.r.Summariser: summary = 191819 in 00:36:18 =   88.1/s Avg:  1048 Min:     1 Max: 60041 Err:  2544 (1.33%)
2023-03-29 17:18:30,004 INFO o.a.j.r.Summariser: summary +   3384 in 00:00:30 =  112.8/s Avg:   961 Min:     1 Max: 60001 Err:    55 (1.63%) Active: 96 Started: 96 Finished: 0
2023-03-29 17:18:30,004 INFO o.a.j.r.Summariser: summary = 195203 in 00:36:48 =   88.4/s Avg:  1047 Min:     1 Max: 60041 Err:  2599 (1.33%)
2023-03-29 17:19:00,003 INFO o.a.j.r.Summariser: summary +   3167 in 00:00:30 =  105.6/s Avg:   937 Min:     1 Max: 53599 Err:    53 (1.67%) Active: 96 Started: 96 Finished: 0
2023-03-29 17:19:00,003 INFO o.a.j.r.Summariser: summary = 198370 in 00:37:18 =   88.6/s Avg:  1045 Min:     1 Max: 60041 Err:  2652 (1.34%)
2023-03-29 17:19:30,006 INFO o.a.j.r.Summariser: summary +   3450 in 00:00:30 =  115.0/s Avg:   804 Min:     1 Max: 54178 Err:    50 (1.45%) Active: 96 Started: 96 Finished: 0
2023-03-29 17:19:30,006 INFO o.a.j.r.Summariser: summary = 201820 in 00:37:48 =   89.0/s Avg:  1041 Min:     1 Max: 60041 Err:  2702 (1.34%)
2023-03-29 17:20:00,004 INFO o.a.j.r.Summariser: summary +   3698 in 00:00:30 =  123.3/s Avg:   790 Min:     1 Max: 54493 Err:    49 (1.33%) Active: 96 Started: 96 Finished: 0
2023-03-29 17:20:00,004 INFO o.a.j.r.Summariser: summary = 205518 in 00:38:18 =   89.4/s Avg:  1036 Min:     1 Max: 60041 Err:  2751 (1.34%)
2023-03-29 17:20:30,004 INFO o.a.j.r.Summariser: summary +   3619 in 00:00:30 =  120.6/s Avg:   791 Min:     1 Max: 54653 Err:    53 (1.46%) Active: 96 Started: 96 Finished: 0
2023-03-29 17:20:30,004 INFO o.a.j.r.Summariser: summary = 209137 in 00:38:48 =   89.8/s Avg:  1032 Min:     1 Max: 60041 Err:  2804 (1.34%)
2023-03-29 17:21:00,003 INFO o.a.j.r.Summariser: summary +   3901 in 00:00:30 =  130.0/s Avg:   626 Min:     1 Max: 56834 Err:    40 (1.03%) Active: 96 Started: 96 Finished: 0
2023-03-29 17:21:00,003 INFO o.a.j.r.Summariser: summary = 213038 in 00:39:18 =   90.3/s Avg:  1025 Min:     1 Max: 60041 Err:  2844 (1.33%)
2023-03-29 17:21:30,001 INFO o.a.j.r.Summariser: summary +   4129 in 00:00:30 =  137.6/s Avg:   763 Min:     1 Max: 60002 Err:    54 (1.31%) Active: 96 Started: 96 Finished: 0
2023-03-29 17:21:30,002 INFO o.a.j.r.Summariser: summary = 217167 in 00:39:48 =   90.9/s Avg:  1020 Min:     1 Max: 60041 Err:  2898 (1.33%)
2023-03-29 17:22:00,003 INFO o.a.j.r.Summariser: summary +   3890 in 00:00:30 =  129.7/s Avg:   717 Min:     1 Max: 60001 Err:    46 (1.18%) Active: 96 Started: 96 Finished: 0
2023-03-29 17:22:00,003 INFO o.a.j.r.Summariser: summary = 221057 in 00:40:18 =   91.4/s Avg:  1014 Min:     1 Max: 60041 Err:  2944 (1.33%)
2023-03-29 17:22:30,010 INFO o.a.j.r.Summariser: summary +   3551 in 00:00:30 =  118.3/s Avg:   886 Min:     1 Max: 56177 Err:    54 (1.52%) Active: 96 Started: 96 Finished: 0
2023-03-29 17:22:30,010 INFO o.a.j.r.Summariser: summary = 224608 in 00:40:48 =   91.7/s Avg:  1012 Min:     1 Max: 60041 Err:  2998 (1.33%)
2023-03-29 17:23:00,003 INFO o.a.j.r.Summariser: summary +   3733 in 00:00:30 =  124.5/s Avg:   601 Min:     1 Max: 59602 Err:    34 (0.91%) Active: 96 Started: 96 Finished: 0
2023-03-29 17:23:00,003 INFO o.a.j.r.Summariser: summary = 228341 in 00:41:18 =   92.1/s Avg:  1006 Min:     1 Max: 60041 Err:  3032 (1.33%)
2023-03-29 17:23:30,004 INFO o.a.j.r.Summariser: summary +   3455 in 00:00:30 =  115.2/s Avg:   924 Min:     1 Max: 60002 Err:    52 (1.51%) Active: 96 Started: 96 Finished: 0
2023-03-29 17:23:30,004 INFO o.a.j.r.Summariser: summary = 231796 in 00:41:48 =   92.4/s Avg:  1004 Min:     1 Max: 60041 Err:  3084 (1.33%)
2023-03-29 17:24:00,011 INFO o.a.j.r.Summariser: summary +   3527 in 00:00:30 =  117.5/s Avg:   904 Min:     1 Max: 60002 Err:    58 (1.64%) Active: 96 Started: 96 Finished: 0
2023-03-29 17:24:00,011 INFO o.a.j.r.Summariser: summary = 235323 in 00:42:18 =   92.7/s Avg:  1003 Min:     1 Max: 60041 Err:  3142 (1.34%)
2023-03-29 17:24:30,007 INFO o.a.j.r.Summariser: summary +   4034 in 00:00:30 =  134.5/s Avg:   647 Min:     1 Max: 57527 Err:    45 (1.12%) Active: 96 Started: 96 Finished: 0
2023-03-29 17:24:30,007 INFO o.a.j.r.Summariser: summary = 239357 in 00:42:48 =   93.2/s Avg:   997 Min:     1 Max: 60041 Err:  3187 (1.33%)
2023-03-29 17:25:00,014 INFO o.a.j.r.Summariser: summary +   4215 in 00:00:30 =  140.5/s Avg:   639 Min:     1 Max: 60002 Err:    45 (1.07%) Active: 96 Started: 96 Finished: 0
2023-03-29 17:25:00,014 INFO o.a.j.r.Summariser: summary = 243572 in 00:43:18 =   93.7/s Avg:   991 Min:     1 Max: 60041 Err:  3232 (1.33%)
2023-03-29 17:25:30,000 INFO o.a.j.r.Summariser: summary +   4044 in 00:00:30 =  134.9/s Avg:   821 Min:     1 Max: 60001 Err:    57 (1.41%) Active: 96 Started: 96 Finished: 0
2023-03-29 17:25:30,001 INFO o.a.j.r.Summariser: summary = 247616 in 00:43:48 =   94.2/s Avg:   988 Min:     1 Max: 60041 Err:  3289 (1.33%)
2023-03-29 17:26:00,015 INFO o.a.j.r.Summariser: summary +   3806 in 00:00:30 =  126.8/s Avg:   684 Min:     1 Max: 52648 Err:    47 (1.23%) Active: 96 Started: 96 Finished: 0
2023-03-29 17:26:00,015 INFO o.a.j.r.Summariser: summary = 251422 in 00:44:18 =   94.6/s Avg:   983 Min:     1 Max: 60041 Err:  3336 (1.33%)
2023-03-29 17:26:30,018 INFO o.a.j.r.Summariser: summary +   3710 in 00:00:30 =  123.7/s Avg:   745 Min:     1 Max: 56690 Err:    47 (1.27%) Active: 96 Started: 96 Finished: 0
2023-03-29 17:26:30,018 INFO o.a.j.r.Summariser: summary = 255132 in 00:44:48 =   94.9/s Avg:   980 Min:     1 Max: 60041 Err:  3383 (1.33%)
2023-03-29 17:27:00,010 INFO o.a.j.r.Summariser: summary +   3551 in 00:00:30 =  118.4/s Avg:   906 Min:     1 Max: 56343 Err:    54 (1.52%) Active: 96 Started: 96 Finished: 0
2023-03-29 17:27:00,010 INFO o.a.j.r.Summariser: summary = 258683 in 00:45:18 =   95.2/s Avg:   979 Min:     1 Max: 60041 Err:  3437 (1.33%)
2023-03-29 17:27:30,024 INFO o.a.j.r.Summariser: summary +   3802 in 00:00:30 =  126.7/s Avg:   707 Min:     1 Max: 54024 Err:    49 (1.29%) Active: 96 Started: 96 Finished: 0
2023-03-29 17:27:30,024 INFO o.a.j.r.Summariser: summary = 262485 in 00:45:48 =   95.5/s Avg:   975 Min:     1 Max: 60041 Err:  3486 (1.33%)
2023-03-29 17:28:00,013 INFO o.a.j.r.Summariser: summary +   4128 in 00:00:30 =  137.7/s Avg:   610 Min:     1 Max: 54799 Err:    42 (1.02%) Active: 96 Started: 96 Finished: 0
2023-03-29 17:28:00,013 INFO o.a.j.r.Summariser: summary = 266613 in 00:46:18 =   96.0/s Avg:   969 Min:     1 Max: 60041 Err:  3528 (1.32%)
2023-03-29 17:28:30,003 INFO o.a.j.r.Summariser: summary +   3448 in 00:00:30 =  115.0/s Avg:   973 Min:     1 Max: 60001 Err:    57 (1.65%) Active: 96 Started: 96 Finished: 0
2023-03-29 17:28:30,003 INFO o.a.j.r.Summariser: summary = 270061 in 00:46:48 =   96.2/s Avg:   969 Min:     1 Max: 60041 Err:  3585 (1.33%)
2023-03-29 17:29:00,004 INFO o.a.j.r.Summariser: summary +   3953 in 00:00:30 =  131.8/s Avg:   785 Min:     1 Max: 55131 Err:    56 (1.42%) Active: 96 Started: 96 Finished: 0
2023-03-29 17:29:00,004 INFO o.a.j.r.Summariser: summary = 274014 in 00:47:18 =   96.5/s Avg:   967 Min:     1 Max: 60041 Err:  3641 (1.33%)
2023-03-29 17:29:30,021 INFO o.a.j.r.Summariser: summary +   3903 in 00:00:30 =  130.0/s Avg:   692 Min:     1 Max: 48357 Err:    52 (1.33%) Active: 96 Started: 96 Finished: 0
2023-03-29 17:29:30,021 INFO o.a.j.r.Summariser: summary = 277917 in 00:47:48 =   96.9/s Avg:   963 Min:     1 Max: 60041 Err:  3693 (1.33%)
2023-03-29 17:30:00,006 INFO o.a.j.r.Summariser: summary +   3783 in 00:00:30 =  126.2/s Avg:   760 Min:     1 Max: 55988 Err:    46 (1.22%) Active: 96 Started: 96 Finished: 0
2023-03-29 17:30:00,007 INFO o.a.j.r.Summariser: summary = 281700 in 00:48:18 =   97.2/s Avg:   960 Min:     1 Max: 60041 Err:  3739 (1.33%)
2023-03-29 17:30:30,001 INFO o.a.j.r.Summariser: summary +   3492 in 00:00:30 =  116.4/s Avg:   898 Min:     1 Max: 55089 Err:    61 (1.75%) Active: 96 Started: 96 Finished: 0
2023-03-29 17:30:30,001 INFO o.a.j.r.Summariser: summary = 285192 in 00:48:48 =   97.4/s Avg:   959 Min:     1 Max: 60041 Err:  3800 (1.33%)
2023-03-29 17:31:00,005 INFO o.a.j.r.Summariser: summary +   3628 in 00:00:30 =  120.9/s Avg:   631 Min:     1 Max: 49422 Err:    41 (1.13%) Active: 96 Started: 96 Finished: 0
2023-03-29 17:31:00,005 INFO o.a.j.r.Summariser: summary = 288820 in 00:49:18 =   97.6/s Avg:   955 Min:     1 Max: 60041 Err:  3841 (1.33%)
2023-03-29 17:31:30,000 INFO o.a.j.r.Summariser: summary +   3849 in 00:00:30 =  128.3/s Avg:   732 Min:     1 Max: 60063 Err:    46 (1.20%) Active: 96 Started: 96 Finished: 0
2023-03-29 17:31:30,000 INFO o.a.j.r.Summariser: summary = 292669 in 00:49:48 =   97.9/s Avg:   952 Min:     1 Max: 60063 Err:  3887 (1.33%)
2023-03-29 17:32:00,002 INFO o.a.j.r.Summariser: summary +   3699 in 00:00:30 =  123.3/s Avg:   884 Min:     1 Max: 60001 Err:    56 (1.51%) Active: 96 Started: 96 Finished: 0
2023-03-29 17:32:00,002 INFO o.a.j.r.Summariser: summary = 296368 in 00:50:18 =   98.2/s Avg:   951 Min:     1 Max: 60063 Err:  3943 (1.33%)
2023-03-29 17:32:30,014 INFO o.a.j.r.Summariser: summary +   3727 in 00:00:30 =  124.2/s Avg:   835 Min:     1 Max: 60001 Err:    58 (1.56%) Active: 96 Started: 96 Finished: 0
2023-03-29 17:32:30,014 INFO o.a.j.r.Summariser: summary = 300095 in 00:50:48 =   98.4/s Avg:   950 Min:     1 Max: 60063 Err:  4001 (1.33%)
2023-03-29 17:33:00,007 INFO o.a.j.r.Summariser: summary +   3729 in 00:00:30 =  124.3/s Avg:   636 Min:     1 Max: 53820 Err:    40 (1.07%) Active: 96 Started: 96 Finished: 0
2023-03-29 17:33:00,007 INFO o.a.j.r.Summariser: summary = 303824 in 00:51:18 =   98.7/s Avg:   946 Min:     1 Max: 60063 Err:  4041 (1.33%)
2023-03-29 17:33:30,003 INFO o.a.j.r.Summariser: summary +   3072 in 00:00:30 =  102.4/s Avg:   988 Min:     1 Max: 57014 Err:    50 (1.63%) Active: 96 Started: 96 Finished: 0
2023-03-29 17:33:30,004 INFO o.a.j.r.Summariser: summary = 306896 in 00:51:48 =   98.7/s Avg:   947 Min:     1 Max: 60063 Err:  4091 (1.33%)
2023-03-29 17:34:00,004 INFO o.a.j.r.Summariser: summary +   3525 in 00:00:30 =  117.5/s Avg:   834 Min:     1 Max: 55087 Err:    54 (1.53%) Active: 96 Started: 96 Finished: 0
2023-03-29 17:34:00,004 INFO o.a.j.r.Summariser: summary = 310421 in 00:52:18 =   98.9/s Avg:   945 Min:     1 Max: 60063 Err:  4145 (1.34%)
2023-03-29 17:34:30,002 INFO o.a.j.r.Summariser: summary +   3210 in 00:00:30 =  107.0/s Avg:   789 Min:     1 Max: 52717 Err:    44 (1.37%) Active: 96 Started: 96 Finished: 0
2023-03-29 17:34:30,002 INFO o.a.j.r.Summariser: summary = 313631 in 00:52:48 =   99.0/s Avg:   944 Min:     1 Max: 60063 Err:  4189 (1.34%)
2023-03-29 17:35:00,008 INFO o.a.j.r.Summariser: summary +   4014 in 00:00:30 =  133.8/s Avg:   776 Min:     1 Max: 60001 Err:    50 (1.25%) Active: 96 Started: 96 Finished: 0
2023-03-29 17:35:00,008 INFO o.a.j.r.Summariser: summary = 317645 in 00:53:18 =   99.3/s Avg:   942 Min:     1 Max: 60063 Err:  4239 (1.33%)
2023-03-29 17:35:30,011 INFO o.a.j.r.Summariser: summary +   3862 in 00:00:30 =  128.7/s Avg:   814 Min:     1 Max: 58352 Err:    54 (1.40%) Active: 96 Started: 96 Finished: 0
2023-03-29 17:35:30,011 INFO o.a.j.r.Summariser: summary = 321507 in 00:53:48 =   99.6/s Avg:   940 Min:     1 Max: 60063 Err:  4293 (1.34%)
2023-03-29 17:36:00,018 INFO o.a.j.r.Summariser: summary +   3451 in 00:00:30 =  115.0/s Avg:   770 Min:     1 Max: 53693 Err:    48 (1.39%) Active: 96 Started: 96 Finished: 0
2023-03-29 17:36:00,018 INFO o.a.j.r.Summariser: summary = 324958 in 00:54:18 =   99.7/s Avg:   938 Min:     1 Max: 60063 Err:  4341 (1.34%)
2023-03-29 17:36:30,005 INFO o.a.j.r.Summariser: summary +   3656 in 00:00:30 =  121.9/s Avg:   800 Min:     1 Max: 54797 Err:    49 (1.34%) Active: 96 Started: 96 Finished: 0
2023-03-29 17:36:30,005 INFO o.a.j.r.Summariser: summary = 328614 in 00:54:48 =   99.9/s Avg:   937 Min:     1 Max: 60063 Err:  4390 (1.34%)
2023-03-29 17:37:00,007 INFO o.a.j.r.Summariser: summary +   3716 in 00:00:30 =  123.9/s Avg:   825 Min:     1 Max: 57945 Err:    52 (1.40%) Active: 96 Started: 96 Finished: 0
2023-03-29 17:37:00,007 INFO o.a.j.r.Summariser: summary = 332330 in 00:55:18 =  100.2/s Avg:   935 Min:     1 Max: 60063 Err:  4442 (1.34%)
2023-03-29 17:37:30,001 INFO o.a.j.r.Summariser: summary +   3710 in 00:00:30 =  123.7/s Avg:   693 Min:     1 Max: 50403 Err:    48 (1.29%) Active: 96 Started: 96 Finished: 0
2023-03-29 17:37:30,002 INFO o.a.j.r.Summariser: summary = 336040 in 00:55:48 =  100.4/s Avg:   933 Min:     1 Max: 60063 Err:  4490 (1.34%)
2023-03-29 17:38:00,024 INFO o.a.j.r.Summariser: summary +   3472 in 00:00:30 =  115.6/s Avg:   820 Min:     1 Max: 57057 Err:    48 (1.38%) Active: 96 Started: 96 Finished: 0
2023-03-29 17:38:00,024 INFO o.a.j.r.Summariser: summary = 339512 in 00:56:18 =  100.5/s Avg:   932 Min:     1 Max: 60063 Err:  4538 (1.34%)
2023-03-29 17:38:30,011 INFO o.a.j.r.Summariser: summary +   2239 in 00:00:30 =   74.7/s Avg:  1306 Min:     1 Max: 60001 Err:    50 (2.23%) Active: 96 Started: 96 Finished: 0
2023-03-29 17:38:30,011 INFO o.a.j.r.Summariser: summary = 341751 in 00:56:48 =  100.3/s Avg:   934 Min:     1 Max: 60063 Err:  4588 (1.34%)
2023-03-29 17:39:00,006 INFO o.a.j.r.Summariser: summary +   3433 in 00:00:30 =  114.4/s Avg:   916 Min:     1 Max: 54053 Err:    54 (1.57%) Active: 96 Started: 96 Finished: 0
2023-03-29 17:39:00,006 INFO o.a.j.r.Summariser: summary = 345184 in 00:57:18 =  100.4/s Avg:   934 Min:     1 Max: 60063 Err:  4642 (1.34%)
2023-03-29 17:39:30,001 INFO o.a.j.r.Summariser: summary +   3639 in 00:00:30 =  121.3/s Avg:   710 Min:     1 Max: 51327 Err:    48 (1.32%) Active: 96 Started: 96 Finished: 0
2023-03-29 17:39:30,001 INFO o.a.j.r.Summariser: summary = 348823 in 00:57:48 =  100.6/s Avg:   932 Min:     1 Max: 60063 Err:  4690 (1.34%)
2023-03-29 17:40:00,005 INFO o.a.j.r.Summariser: summary +   3218 in 00:00:30 =  107.3/s Avg:   965 Min:     1 Max: 57879 Err:    54 (1.68%) Active: 96 Started: 96 Finished: 0
2023-03-29 17:40:00,005 INFO o.a.j.r.Summariser: summary = 352041 in 00:58:18 =  100.6/s Avg:   932 Min:     1 Max: 60063 Err:  4744 (1.35%)
2023-03-29 17:40:30,013 INFO o.a.j.r.Summariser: summary +   3238 in 00:00:30 =  107.9/s Avg:   906 Min:     1 Max: 60001 Err:    55 (1.70%) Active: 96 Started: 96 Finished: 0
2023-03-29 17:40:30,013 INFO o.a.j.r.Summariser: summary = 355279 in 00:58:48 =  100.7/s Avg:   932 Min:     1 Max: 60063 Err:  4799 (1.35%)
2023-03-29 17:41:00,014 INFO o.a.j.r.Summariser: summary +   2753 in 00:00:30 =   91.8/s Avg:   895 Min:     1 Max: 52446 Err:    43 (1.56%) Active: 96 Started: 96 Finished: 0
2023-03-29 17:41:00,014 INFO o.a.j.r.Summariser: summary = 358032 in 00:59:18 =  100.6/s Avg:   931 Min:     1 Max: 60063 Err:  4842 (1.35%)
2023-03-29 17:41:30,097 INFO o.a.j.r.Summariser: summary +    679 in 00:00:30 =   22.6/s Avg:  3898 Min:     1 Max: 60001 Err:    48 (7.07%) Active: 96 Started: 96 Finished: 0
2023-03-29 17:41:30,097 INFO o.a.j.r.Summariser: summary = 358711 in 00:59:48 =  100.0/s Avg:   937 Min:     1 Max: 60063 Err:  4890 (1.36%)
2023-03-29 17:41:42,192 INFO o.a.j.t.JMeterThread: Stopping because end time detected by thread: Gridded Thread Group 1-71
2023-03-29 17:41:42,193 INFO o.a.j.t.JMeterThread: Thread finished: Gridded Thread Group 1-71
2023-03-29 17:41:42,256 INFO o.a.j.t.JMeterThread: Stopping because end time detected by thread: Gridded Thread Group 1-21
2023-03-29 17:41:42,256 INFO o.a.j.t.JMeterThread: Thread finished: Gridded Thread Group 1-21
2023-03-29 17:41:42,431 INFO o.a.j.t.JMeterThread: Stopping because end time detected by thread: Gridded Thread Group 1-65
2023-03-29 17:41:42,431 INFO o.a.j.t.JMeterThread: Thread finished: Gridded Thread Group 1-65
2023-03-29 17:41:45,395 INFO o.a.j.t.JMeterThread: Stopping because end time detected by thread: Gridded Thread Group 1-68
2023-03-29 17:41:45,395 INFO o.a.j.t.JMeterThread: Thread finished: Gridded Thread Group 1-68
2023-03-29 17:41:45,492 INFO o.a.j.t.JMeterThread: Stopping because end time detected by thread: Gridded Thread Group 1-12
2023-03-29 17:41:45,492 INFO o.a.j.t.JMeterThread: Thread finished: Gridded Thread Group 1-12
2023-03-29 17:41:45,546 INFO o.a.j.t.JMeterThread: Stopping because end time detected by thread: Gridded Thread Group 1-66
2023-03-29 17:41:45,547 INFO o.a.j.t.JMeterThread: Thread finished: Gridded Thread Group 1-66
2023-03-29 17:41:45,726 INFO o.a.j.t.JMeterThread: Stopping because end time detected by thread: Gridded Thread Group 1-28
2023-03-29 17:41:45,726 INFO o.a.j.t.JMeterThread: Thread finished: Gridded Thread Group 1-28
2023-03-29 17:41:45,789 INFO o.a.j.t.JMeterThread: Stopping because end time detected by thread: Gridded Thread Group 1-38
2023-03-29 17:41:45,789 INFO o.a.j.t.JMeterThread: Thread finished: Gridded Thread Group 1-38
2023-03-29 17:41:46,013 INFO o.a.j.t.JMeterThread: Stopping because end time detected by thread: Gridded Thread Group 1-55
2023-03-29 17:41:46,013 INFO o.a.j.t.JMeterThread: Thread finished: Gridded Thread Group 1-55
2023-03-29 17:41:46,064 INFO o.a.j.t.JMeterThread: Stopping because end time detected by thread: Gridded Thread Group 1-32
2023-03-29 17:41:46,064 INFO o.a.j.t.JMeterThread: Thread finished: Gridded Thread Group 1-32
2023-03-29 17:41:47,647 INFO o.a.j.t.JMeterThread: Stopping because end time detected by thread: Gridded Thread Group 1-39
2023-03-29 17:41:47,647 INFO o.a.j.t.JMeterThread: Thread finished: Gridded Thread Group 1-39
2023-03-29 17:41:48,956 INFO o.a.j.t.JMeterThread: Stopping because end time detected by thread: Gridded Thread Group 1-41
2023-03-29 17:41:48,956 INFO o.a.j.t.JMeterThread: Thread finished: Gridded Thread Group 1-41
2023-03-29 17:41:49,066 INFO o.a.j.t.JMeterThread: Stopping because end time detected by thread: Gridded Thread Group 1-14
2023-03-29 17:41:49,066 INFO o.a.j.t.JMeterThread: Thread finished: Gridded Thread Group 1-14
2023-03-29 17:41:50,784 INFO o.a.j.t.JMeterThread: Stopping because end time detected by thread: Gridded Thread Group 1-50
2023-03-29 17:41:50,784 INFO o.a.j.t.JMeterThread: Thread finished: Gridded Thread Group 1-50
2023-03-29 17:41:51,267 INFO o.a.j.t.JMeterThread: Stopping because end time detected by thread: Gridded Thread Group 1-25
2023-03-29 17:41:51,267 INFO o.a.j.t.JMeterThread: Thread finished: Gridded Thread Group 1-25
2023-03-29 17:41:51,403 INFO o.a.j.t.JMeterThread: Stopping because end time detected by thread: Gridded Thread Group 1-46
2023-03-29 17:41:51,403 INFO o.a.j.t.JMeterThread: Thread finished: Gridded Thread Group 1-46
2023-03-29 17:41:51,709 INFO o.a.j.t.JMeterThread: Stopping because end time detected by thread: Gridded Thread Group 1-16
2023-03-29 17:41:51,709 INFO o.a.j.t.JMeterThread: Thread finished: Gridded Thread Group 1-16
2023-03-29 17:41:51,865 INFO o.a.j.t.JMeterThread: Stopping because end time detected by thread: Gridded Thread Group 1-80
2023-03-29 17:41:51,865 INFO o.a.j.t.JMeterThread: Thread finished: Gridded Thread Group 1-80
2023-03-29 17:41:53,084 INFO o.a.j.t.JMeterThread: Stopping because end time detected by thread: Gridded Thread Group 1-22
2023-03-29 17:41:53,085 INFO o.a.j.t.JMeterThread: Thread finished: Gridded Thread Group 1-22
2023-03-29 17:41:53,122 INFO o.a.j.t.JMeterThread: Stopping because end time detected by thread: Gridded Thread Group 1-81
2023-03-29 17:41:53,122 INFO o.a.j.t.JMeterThread: Thread finished: Gridded Thread Group 1-81
2023-03-29 17:41:53,447 INFO o.a.j.t.JMeterThread: Stopping because end time detected by thread: Gridded Thread Group 1-64
2023-03-29 17:41:53,447 INFO o.a.j.t.JMeterThread: Thread finished: Gridded Thread Group 1-64
2023-03-29 17:41:53,788 INFO o.a.j.t.JMeterThread: Stopping because end time detected by thread: Gridded Thread Group 1-47
2023-03-29 17:41:53,788 INFO o.a.j.t.JMeterThread: Thread finished: Gridded Thread Group 1-47
2023-03-29 17:41:53,917 INFO o.a.j.t.JMeterThread: Stopping because end time detected by thread: Gridded Thread Group 1-36
2023-03-29 17:41:53,917 INFO o.a.j.t.JMeterThread: Thread finished: Gridded Thread Group 1-36
2023-03-29 17:41:54,751 INFO o.a.j.t.JMeterThread: Stopping because end time detected by thread: Gridded Thread Group 1-18
2023-03-29 17:41:54,751 INFO o.a.j.t.JMeterThread: Thread finished: Gridded Thread Group 1-18
2023-03-29 17:41:54,799 INFO o.a.j.t.JMeterThread: Stopping because end time detected by thread: Gridded Thread Group 1-73
2023-03-29 17:41:54,799 INFO o.a.j.t.JMeterThread: Thread finished: Gridded Thread Group 1-73
2023-03-29 17:41:55,487 INFO o.a.j.t.JMeterThread: Stopping because end time detected by thread: Gridded Thread Group 1-2
2023-03-29 17:41:55,487 INFO o.a.j.t.JMeterThread: Thread finished: Gridded Thread Group 1-2
2023-03-29 17:41:55,516 INFO o.a.j.t.JMeterThread: Stopping because end time detected by thread: Gridded Thread Group 1-6
2023-03-29 17:41:55,516 INFO o.a.j.t.JMeterThread: Thread finished: Gridded Thread Group 1-6
2023-03-29 17:41:55,579 INFO o.a.j.t.JMeterThread: Stopping because end time detected by thread: Gridded Thread Group 1-40
2023-03-29 17:41:55,579 INFO o.a.j.t.JMeterThread: Thread finished: Gridded Thread Group 1-40
2023-03-29 17:41:57,085 INFO o.a.j.t.JMeterThread: Stopping because end time detected by thread: Gridded Thread Group 1-72
2023-03-29 17:41:57,085 INFO o.a.j.t.JMeterThread: Thread finished: Gridded Thread Group 1-72
2023-03-29 17:41:57,127 INFO o.a.j.t.JMeterThread: Stopping because end time detected by thread: Gridded Thread Group 1-56
2023-03-29 17:41:57,127 INFO o.a.j.t.JMeterThread: Thread finished: Gridded Thread Group 1-56
2023-03-29 17:41:57,820 INFO o.a.j.t.JMeterThread: Stopping because end time detected by thread: Gridded Thread Group 1-54
2023-03-29 17:41:57,820 INFO o.a.j.t.JMeterThread: Thread finished: Gridded Thread Group 1-54
2023-03-29 17:41:58,009 INFO o.a.j.t.JMeterThread: Stopping because end time detected by thread: Gridded Thread Group 1-26
2023-03-29 17:41:58,009 INFO o.a.j.t.JMeterThread: Thread finished: Gridded Thread Group 1-26
2023-03-29 17:41:59,283 INFO o.a.j.t.JMeterThread: Stopping because end time detected by thread: Gridded Thread Group 1-74
2023-03-29 17:41:59,283 INFO o.a.j.t.JMeterThread: Thread finished: Gridded Thread Group 1-74
2023-03-29 17:41:59,583 INFO o.a.j.t.JMeterThread: Stopping because end time detected by thread: Gridded Thread Group 1-29
2023-03-29 17:41:59,583 INFO o.a.j.t.JMeterThread: Thread finished: Gridded Thread Group 1-29
2023-03-29 17:41:59,645 INFO o.a.j.t.JMeterThread: Stopping because end time detected by thread: Gridded Thread Group 1-76
2023-03-29 17:41:59,645 INFO o.a.j.t.JMeterThread: Thread finished: Gridded Thread Group 1-76
2023-03-29 17:42:00,227 INFO o.a.j.r.Summariser: summary +     91 in 00:00:30 =    3.0/s Avg: 32668 Min:     1 Max: 57031 Err:    20 (21.98%) Active: 61 Started: 96 Finished: 35
2023-03-29 17:42:00,227 INFO o.a.j.r.Summariser: summary = 358802 in 01:00:18 =   99.2/s Avg:   945 Min:     1 Max: 60063 Err:  4910 (1.37%)
2023-03-29 17:42:00,227 INFO o.a.j.t.JMeterThread: Stopping because end time detected by thread: Gridded Thread Group 1-1
2023-03-29 17:42:00,227 INFO o.a.j.t.JMeterThread: Thread finished: Gridded Thread Group 1-1
2023-03-29 17:42:00,516 INFO o.a.j.t.JMeterThread: Stopping because end time detected by thread: Gridded Thread Group 1-8
2023-03-29 17:42:00,516 INFO o.a.j.t.JMeterThread: Thread finished: Gridded Thread Group 1-8
2023-03-29 17:42:00,570 INFO o.a.j.t.JMeterThread: Stopping because end time detected by thread: Gridded Thread Group 1-10
2023-03-29 17:42:00,571 INFO o.a.j.t.JMeterThread: Thread finished: Gridded Thread Group 1-10
2023-03-29 17:42:01,705 INFO o.a.j.t.JMeterThread: Stopping because end time detected by thread: Gridded Thread Group 1-7
2023-03-29 17:42:01,705 INFO o.a.j.t.JMeterThread: Thread finished: Gridded Thread Group 1-7
2023-03-29 17:42:01,766 INFO o.a.j.t.JMeterThread: Stopping because end time detected by thread: Gridded Thread Group 1-75
2023-03-29 17:42:01,766 INFO o.a.j.t.JMeterThread: Thread finished: Gridded Thread Group 1-75
2023-03-29 17:42:01,874 INFO o.a.j.t.JMeterThread: Stopping because end time detected by thread: Gridded Thread Group 1-13
2023-03-29 17:42:01,874 INFO o.a.j.t.JMeterThread: Thread finished: Gridded Thread Group 1-13
2023-03-29 17:42:04,011 INFO o.a.j.t.JMeterThread: Stopping because end time detected by thread: Gridded Thread Group 1-15
2023-03-29 17:42:04,011 INFO o.a.j.t.JMeterThread: Thread finished: Gridded Thread Group 1-15
2023-03-29 17:42:04,123 INFO o.a.j.t.JMeterThread: Stopping because end time detected by thread: Gridded Thread Group 1-70
2023-03-29 17:42:04,123 INFO o.a.j.t.JMeterThread: Thread finished: Gridded Thread Group 1-70
2023-03-29 17:42:04,416 INFO o.a.j.t.JMeterThread: Stopping because end time detected by thread: Gridded Thread Group 1-17
2023-03-29 17:42:04,416 INFO o.a.j.t.JMeterThread: Thread finished: Gridded Thread Group 1-17
2023-03-29 17:42:04,837 INFO o.a.j.t.JMeterThread: Stopping because end time detected by thread: OPMET Thread Group 2-4
2023-03-29 17:42:04,837 INFO o.a.j.t.JMeterThread: Thread finished: OPMET Thread Group 2-4
2023-03-29 17:42:06,026 INFO o.a.j.t.JMeterThread: Stopping because end time detected by thread: Gridded Thread Group 1-5
2023-03-29 17:42:06,026 INFO o.a.j.t.JMeterThread: Thread finished: Gridded Thread Group 1-5
2023-03-29 17:42:06,367 INFO o.a.j.t.JMeterThread: Stopping because end time detected by thread: Gridded Thread Group 1-52
2023-03-29 17:42:06,367 INFO o.a.j.t.JMeterThread: Thread finished: Gridded Thread Group 1-52
2023-03-29 17:42:06,405 INFO o.a.j.t.JMeterThread: Stopping because end time detected by thread: OPMET Thread Group 2-12
2023-03-29 17:42:06,405 INFO o.a.j.t.JMeterThread: Thread finished: OPMET Thread Group 2-12
2023-03-29 17:42:06,427 INFO o.a.j.t.JMeterThread: Stopping because end time detected by thread: OPMET Thread Group 2-7
2023-03-29 17:42:06,427 INFO o.a.j.t.JMeterThread: Thread finished: OPMET Thread Group 2-7
2023-03-29 17:42:06,578 INFO o.a.j.t.JMeterThread: Stopping because end time detected by thread: Gridded Thread Group 1-45
2023-03-29 17:42:06,578 INFO o.a.j.t.JMeterThread: Thread finished: Gridded Thread Group 1-45
2023-03-29 17:42:07,411 INFO o.a.j.t.JMeterThread: Stopping because end time detected by thread: OPMET Thread Group 2-10
2023-03-29 17:42:07,411 INFO o.a.j.t.JMeterThread: Thread finished: OPMET Thread Group 2-10
2023-03-29 17:42:07,820 INFO o.a.j.t.JMeterThread: Stopping because end time detected by thread: OPMET Thread Group 2-1
2023-03-29 17:42:07,820 INFO o.a.j.t.JMeterThread: Thread finished: OPMET Thread Group 2-1
2023-03-29 17:42:07,838 INFO o.a.j.t.JMeterThread: Stopping because end time detected by thread: Gridded Thread Group 1-77
2023-03-29 17:42:07,838 INFO o.a.j.t.JMeterThread: Thread finished: Gridded Thread Group 1-77
2023-03-29 17:42:07,938 INFO o.a.j.t.JMeterThread: Stopping because end time detected by thread: OPMET Thread Group 2-3
2023-03-29 17:42:07,938 INFO o.a.j.t.JMeterThread: Thread finished: OPMET Thread Group 2-3
2023-03-29 17:42:08,005 INFO o.a.j.t.JMeterThread: Stopping because end time detected by thread: Gridded Thread Group 1-69
2023-03-29 17:42:08,005 INFO o.a.j.t.JMeterThread: Thread finished: Gridded Thread Group 1-69
2023-03-29 17:42:08,251 INFO o.a.j.t.JMeterThread: Stopping because end time detected by thread: Gridded Thread Group 1-82
2023-03-29 17:42:08,251 INFO o.a.j.t.JMeterThread: Thread finished: Gridded Thread Group 1-82
2023-03-29 17:42:08,296 INFO o.a.j.t.JMeterThread: Stopping because end time detected by thread: OPMET Thread Group 2-5
2023-03-29 17:42:08,296 INFO o.a.j.t.JMeterThread: Thread finished: OPMET Thread Group 2-5
2023-03-29 17:42:08,537 INFO o.a.j.t.JMeterThread: Stopping because end time detected by thread: OPMET Thread Group 2-2
2023-03-29 17:42:08,537 INFO o.a.j.t.JMeterThread: Thread finished: OPMET Thread Group 2-2
2023-03-29 17:42:08,800 INFO o.a.j.t.JMeterThread: Stopping because end time detected by thread: OPMET Thread Group 2-9
2023-03-29 17:42:08,800 INFO o.a.j.t.JMeterThread: Thread finished: OPMET Thread Group 2-9
2023-03-29 17:42:08,941 INFO o.a.j.t.JMeterThread: Stopping because end time detected by thread: Gridded Thread Group 1-79
2023-03-29 17:42:08,941 INFO o.a.j.t.JMeterThread: Thread finished: Gridded Thread Group 1-79
2023-03-29 17:42:09,039 INFO o.a.j.t.JMeterThread: Stopping because end time detected by thread: OPMET Thread Group 2-8
2023-03-29 17:42:09,039 INFO o.a.j.t.JMeterThread: Thread finished: OPMET Thread Group 2-8
2023-03-29 17:42:09,136 INFO o.a.j.t.JMeterThread: Stopping because end time detected by thread: OPMET Thread Group 2-13
2023-03-29 17:42:09,136 INFO o.a.j.t.JMeterThread: Thread finished: OPMET Thread Group 2-13
2023-03-29 17:42:09,559 INFO o.a.j.t.JMeterThread: Stopping because end time detected by thread: OPMET Thread Group 2-14
2023-03-29 17:42:09,559 INFO o.a.j.t.JMeterThread: Thread finished: OPMET Thread Group 2-14
2023-03-29 17:42:09,974 INFO o.a.j.t.JMeterThread: Stopping because end time detected by thread: Gridded Thread Group 1-23
2023-03-29 17:42:09,974 INFO o.a.j.t.JMeterThread: Thread finished: Gridded Thread Group 1-23
2023-03-29 17:42:10,015 INFO o.a.j.t.JMeterThread: Stopping because end time detected by thread: Gridded Thread Group 1-37
2023-03-29 17:42:10,015 INFO o.a.j.t.JMeterThread: Thread finished: Gridded Thread Group 1-37
2023-03-29 17:42:10,913 INFO o.a.j.t.JMeterThread: Stopping because end time detected by thread: Gridded Thread Group 1-63
2023-03-29 17:42:10,913 INFO o.a.j.t.JMeterThread: Thread finished: Gridded Thread Group 1-63
2023-03-29 17:42:11,049 INFO o.a.j.t.JMeterThread: Stopping because end time detected by thread: Gridded Thread Group 1-60
2023-03-29 17:42:11,049 INFO o.a.j.t.JMeterThread: Thread finished: Gridded Thread Group 1-60
2023-03-29 17:42:11,062 INFO o.a.j.t.JMeterThread: Stopping because end time detected by thread: Gridded Thread Group 1-4
2023-03-29 17:42:11,062 INFO o.a.j.t.JMeterThread: Thread finished: Gridded Thread Group 1-4
2023-03-29 17:42:11,087 INFO o.a.j.t.JMeterThread: Stopping because end time detected by thread: Gridded Thread Group 1-59
2023-03-29 17:42:11,087 INFO o.a.j.t.JMeterThread: Thread finished: Gridded Thread Group 1-59
2023-03-29 17:42:11,143 INFO o.a.j.t.JMeterThread: Stopping because end time detected by thread: Gridded Thread Group 1-58
2023-03-29 17:42:11,143 INFO o.a.j.t.JMeterThread: Thread finished: Gridded Thread Group 1-58
2023-03-29 17:42:11,400 INFO o.a.j.t.JMeterThread: Stopping because end time detected by thread: OPMET Thread Group 2-11
2023-03-29 17:42:11,400 INFO o.a.j.t.JMeterThread: Thread finished: OPMET Thread Group 2-11
2023-03-29 17:42:13,265 INFO o.a.j.t.JMeterThread: Stopping because end time detected by thread: Gridded Thread Group 1-30
2023-03-29 17:42:13,265 INFO o.a.j.t.JMeterThread: Thread finished: Gridded Thread Group 1-30
2023-03-29 17:42:14,780 INFO o.a.j.t.JMeterThread: Stopping because end time detected by thread: Gridded Thread Group 1-62
2023-03-29 17:42:14,780 INFO o.a.j.t.JMeterThread: Thread finished: Gridded Thread Group 1-62
2023-03-29 17:42:14,867 INFO o.a.j.t.JMeterThread: Stopping because end time detected by thread: Gridded Thread Group 1-42
2023-03-29 17:42:14,867 INFO o.a.j.t.JMeterThread: Thread finished: Gridded Thread Group 1-42
2023-03-29 17:42:14,880 INFO o.a.j.t.JMeterThread: Stopping because end time detected by thread: Gridded Thread Group 1-49
2023-03-29 17:42:14,880 INFO o.a.j.t.JMeterThread: Thread finished: Gridded Thread Group 1-49
2023-03-29 17:42:14,923 INFO o.a.j.t.JMeterThread: Stopping because end time detected by thread: Gridded Thread Group 1-24
2023-03-29 17:42:14,923 INFO o.a.j.t.JMeterThread: Thread finished: Gridded Thread Group 1-24
2023-03-29 17:42:14,924 INFO o.a.j.t.JMeterThread: Stopping because end time detected by thread: Gridded Thread Group 1-57
2023-03-29 17:42:14,925 INFO o.a.j.t.JMeterThread: Thread finished: Gridded Thread Group 1-57
2023-03-29 17:42:14,943 INFO o.a.j.t.JMeterThread: Stopping because end time detected by thread: Gridded Thread Group 1-27
2023-03-29 17:42:14,943 INFO o.a.j.t.JMeterThread: Thread finished: Gridded Thread Group 1-27
2023-03-29 17:42:16,122 INFO o.a.j.t.JMeterThread: Stopping because end time detected by thread: Gridded Thread Group 1-33
2023-03-29 17:42:16,122 INFO o.a.j.t.JMeterThread: Thread finished: Gridded Thread Group 1-33
2023-03-29 17:42:17,474 INFO o.a.j.t.JMeterThread: Stopping because end time detected by thread: Gridded Thread Group 1-35
2023-03-29 17:42:17,474 INFO o.a.j.t.JMeterThread: Thread finished: Gridded Thread Group 1-35
2023-03-29 17:42:17,879 INFO o.a.j.t.JMeterThread: Stopping because end time detected by thread: OPMET Thread Group 2-6
2023-03-29 17:42:17,879 INFO o.a.j.t.JMeterThread: Thread finished: OPMET Thread Group 2-6
2023-03-29 17:42:17,913 INFO o.a.j.t.JMeterThread: Stopping because end time detected by thread: Gridded Thread Group 1-53
2023-03-29 17:42:17,913 INFO o.a.j.t.JMeterThread: Thread finished: Gridded Thread Group 1-53
2023-03-29 17:42:18,002 INFO o.a.j.t.JMeterThread: Stopping because end time detected by thread: Gridded Thread Group 1-31
2023-03-29 17:42:18,002 INFO o.a.j.t.JMeterThread: Thread finished: Gridded Thread Group 1-31
2023-03-29 17:42:18,252 INFO o.a.j.t.JMeterThread: Stopping because end time detected by thread: Gridded Thread Group 1-11
2023-03-29 17:42:18,252 INFO o.a.j.t.JMeterThread: Thread finished: Gridded Thread Group 1-11
2023-03-29 17:42:18,541 INFO o.a.j.t.JMeterThread: Stopping because end time detected by thread: Gridded Thread Group 1-34
2023-03-29 17:42:18,541 INFO o.a.j.t.JMeterThread: Thread finished: Gridded Thread Group 1-34
2023-03-29 17:42:18,670 INFO o.a.j.t.JMeterThread: Stopping because end time detected by thread: Gridded Thread Group 1-43
2023-03-29 17:42:18,671 INFO o.a.j.t.JMeterThread: Thread finished: Gridded Thread Group 1-43
2023-03-29 17:42:18,934 INFO o.a.j.t.JMeterThread: Stopping because end time detected by thread: Gridded Thread Group 1-44
2023-03-29 17:42:18,934 INFO o.a.j.t.JMeterThread: Thread finished: Gridded Thread Group 1-44
2023-03-29 17:42:19,309 INFO o.a.j.t.JMeterThread: Stopping because end time detected by thread: Gridded Thread Group 1-51
2023-03-29 17:42:19,309 INFO o.a.j.t.JMeterThread: Thread finished: Gridded Thread Group 1-51
2023-03-29 17:42:20,948 INFO o.a.j.t.JMeterThread: Stopping because end time detected by thread: Gridded Thread Group 1-61
2023-03-29 17:42:20,948 INFO o.a.j.t.JMeterThread: Thread finished: Gridded Thread Group 1-61
2023-03-29 17:42:23,722 INFO o.a.j.t.JMeterThread: Stopping because end time detected by thread: Gridded Thread Group 1-48
2023-03-29 17:42:23,722 INFO o.a.j.t.JMeterThread: Thread finished: Gridded Thread Group 1-48
2023-03-29 17:42:23,874 INFO o.a.j.t.JMeterThread: Stopping because end time detected by thread: Gridded Thread Group 1-78
2023-03-29 17:42:23,874 INFO o.a.j.t.JMeterThread: Thread finished: Gridded Thread Group 1-78
2023-03-29 17:42:24,875 INFO o.a.j.t.JMeterThread: Stopping because end time detected by thread: Gridded Thread Group 1-3
2023-03-29 17:42:24,875 INFO o.a.j.t.JMeterThread: Thread finished: Gridded Thread Group 1-3
2023-03-29 17:42:24,952 INFO o.a.j.t.JMeterThread: Stopping because end time detected by thread: Gridded Thread Group 1-20
2023-03-29 17:42:24,952 INFO o.a.j.t.JMeterThread: Thread finished: Gridded Thread Group 1-20
2023-03-29 17:42:30,506 INFO o.a.j.r.Summariser: summary +     58 in 00:00:30 =    1.9/s Avg: 48028 Min: 39812 Max: 60002 Err:    15 (25.86%) Active: 3 Started: 96 Finished: 93
2023-03-29 17:42:30,506 INFO o.a.j.r.Summariser: summary = 358860 in 01:00:49 =   98.4/s Avg:   953 Min:     1 Max: 60063 Err:  4925 (1.37%)
2023-03-29 17:42:30,506 INFO o.a.j.t.JMeterThread: Stopping because end time detected by thread: Gridded Thread Group 1-67
2023-03-29 17:42:30,506 INFO o.a.j.t.JMeterThread: Thread finished: Gridded Thread Group 1-67
2023-03-29 17:42:33,663 INFO o.a.j.t.JMeterThread: Stopping because end time detected by thread: Gridded Thread Group 1-19
2023-03-29 17:42:33,663 INFO o.a.j.t.JMeterThread: Thread finished: Gridded Thread Group 1-19
2023-03-29 17:42:37,828 INFO o.a.j.t.JMeterThread: Stopping because end time detected by thread: Gridded Thread Group 1-9
2023-03-29 17:42:37,828 INFO o.a.j.t.JMeterThread: Thread finished: Gridded Thread Group 1-9
2023-03-29 17:42:37,829 INFO o.a.j.e.StandardJMeterEngine: Notifying test listeners of end of test
2023-03-29 17:42:37,829 INFO o.a.j.r.Summariser: summary +      2 in 00:00:07 =    0.3/s Avg: 60002 Min: 60002 Max: 60002 Err:     2 (100.00%) Active: 0 Started: 96 Finished: 96
2023-03-29 17:42:37,829 INFO o.a.j.r.Summariser: summary = 358862 in 01:00:56 =   98.2/s Avg:   953 Min:     1 Max: 60063 Err:  4927 (1.37%)
2023-03-29 17:42:37,829 INFO o.a.j.JMeter: Generating Dashboard
2023-03-29 17:42:37,829 INFO o.a.j.r.d.ReportGenerator: Flushing result collector before report Generation
2023-03-29 17:42:37,845 INFO o.a.j.r.p.NormalizerSampleConsumer: Using format, 'ms', to parse timeStamp field
2023-03-29 17:42:46,083 INFO o.a.j.r.p.AbstractSampleConsumer: class org.apache.jmeter.report.processor.AggregateConsumer#stopProducing(): beginDate produced 0 samples
2023-03-29 17:42:46,083 INFO o.a.j.r.p.AbstractSampleConsumer: class org.apache.jmeter.report.processor.AggregateConsumer#stopProducing(): endDate produced 0 samples
2023-03-29 17:42:46,085 INFO o.a.j.r.p.AbstractSampleConsumer: class org.apache.jmeter.report.processor.ApdexSummaryConsumer#stopProducing(): apdexSummary produced 0 samples
2023-03-29 17:42:46,085 INFO o.a.j.r.p.AbstractSampleConsumer: class org.apache.jmeter.report.processor.RequestsSummaryConsumer#stopProducing(): requestsSummary produced 0 samples
2023-03-29 17:42:46,110 INFO o.a.j.r.p.AbstractSampleConsumer: class org.apache.jmeter.report.processor.StatisticsSummaryConsumer#stopProducing(): statisticsSummary produced 0 samples
2023-03-29 17:42:46,113 INFO o.a.j.r.p.AbstractSampleConsumer: class org.apache.jmeter.report.processor.Top5ErrorsBySamplerConsumer#stopProducing(): top5ErrorsBySampler produced 0 samples
2023-03-29 17:42:46,113 INFO o.a.j.r.p.AbstractSampleConsumer: class org.apache.jmeter.report.processor.ErrorsSummaryConsumer#stopProducing(): errorsSummary produced 0 samples
2023-03-29 17:42:46,113 INFO o.a.j.r.p.AbstractSampleConsumer: class org.apache.jmeter.report.processor.graph.impl.HitsPerSecondGraphConsumer#stopProducing(): hitsPerSecond produced 0 samples
2023-03-29 17:42:47,646 INFO o.a.j.r.p.AbstractSampleConsumer: class org.apache.jmeter.report.processor.graph.impl.LatencyVSRequestGraphConsumer#stopProducing(): latencyVsRequest produced 0 samples
2023-03-29 17:42:47,653 INFO o.a.j.r.p.AbstractSampleConsumer: class org.apache.jmeter.report.processor.graph.impl.SyntheticResponseTimeDistributionGraphConsumer#stopProducing(): syntheticResponseTimeDistribution produced 0 samples
2023-03-29 17:42:47,653 INFO o.a.j.r.p.AbstractSampleConsumer: class org.apache.jmeter.report.processor.graph.impl.BytesThroughputGraphConsumer#stopProducing(): bytesThroughputOverTime produced 0 samples
2023-03-29 17:42:47,653 INFO o.a.j.r.p.AbstractSampleConsumer: class org.apache.jmeter.report.processor.graph.impl.CodesPerSecondGraphConsumer#stopProducing(): codesPerSecond produced 0 samples
2023-03-29 17:42:49,137 INFO o.a.j.r.p.AbstractSampleConsumer: class org.apache.jmeter.report.processor.graph.impl.ResponseTimeVSRequestGraphConsumer#stopProducing(): responseTimeVsRequest produced 0 samples
2023-03-29 17:42:49,142 INFO o.a.j.r.p.AbstractSampleConsumer: class org.apache.jmeter.report.processor.FilterConsumer#stopProducing(): startIntervalControlerFilter produced 2512034 samples
2023-03-29 17:42:49,143 INFO o.a.j.r.p.AbstractSampleConsumer: class org.apache.jmeter.report.processor.graph.impl.TotalTPSGraphConsumer#stopProducing(): totalTPS produced 0 samples
2023-03-29 17:42:49,143 INFO o.a.j.r.p.AbstractSampleConsumer: class org.apache.jmeter.report.processor.graph.impl.ActiveThreadsGraphConsumer#stopProducing(): activeThreadsOverTime produced 0 samples
2023-03-29 17:42:49,143 INFO o.a.j.r.p.AbstractSampleConsumer: class org.apache.jmeter.report.processor.graph.impl.TimeVSThreadGraphConsumer#stopProducing(): timeVsThreads produced 0 samples
2023-03-29 17:42:49,144 INFO o.a.j.r.p.AbstractSampleConsumer: class org.apache.jmeter.report.processor.graph.impl.ResponseTimeDistributionGraphConsumer#stopProducing(): responseTimeDistribution produced 0 samples
2023-03-29 17:42:49,146 INFO o.a.j.r.p.AbstractSampleConsumer: class org.apache.jmeter.report.processor.graph.impl.TransactionsPerSecondGraphConsumer#stopProducing(): transactionsPerSecond produced 0 samples
2023-03-29 17:42:49,148 INFO o.a.j.r.p.AbstractSampleConsumer: class org.apache.jmeter.report.processor.graph.impl.ResponseTimePercentilesGraphConsumer#stopProducing(): responseTimePercentiles produced 0 samples
2023-03-29 17:42:49,159 INFO o.a.j.r.p.AbstractSampleConsumer: class org.apache.jmeter.report.processor.graph.impl.ResponseTimePercentilesOverTimeGraphConsumer#stopProducing(): responseTimePercentilesOverTime produced 0 samples
2023-03-29 17:42:49,176 INFO o.a.j.r.p.AbstractSampleConsumer: class org.apache.jmeter.report.processor.graph.impl.ResponseTimeOverTimeGraphConsumer#stopProducing(): responseTimesOverTime produced 0 samples
2023-03-29 17:42:49,176 INFO o.a.j.r.p.AbstractSampleConsumer: class org.apache.jmeter.report.processor.graph.impl.ConnectTimeOverTimeGraphConsumer#stopProducing(): connectTimeOverTime produced 0 samples
2023-03-29 17:42:49,177 INFO o.a.j.r.p.AbstractSampleConsumer: class org.apache.jmeter.report.processor.graph.impl.LatencyOverTimeGraphConsumer#stopProducing(): latenciesOverTime produced 0 samples
2023-03-29 17:42:49,177 INFO o.a.j.r.p.AbstractSampleConsumer: class org.apache.jmeter.report.processor.FilterConsumer#stopProducing(): nameFilter produced 5382930 samples
2023-03-29 17:42:49,177 INFO o.a.j.r.p.AbstractSampleConsumer: class org.apache.jmeter.report.processor.FilterConsumer#stopProducing(): dateRangeFilter produced 1076586 samples
2023-03-29 17:42:49,177 INFO o.a.j.r.p.AbstractSampleConsumer: class org.apache.jmeter.report.processor.NormalizerSampleConsumer#stopProducing(): normalizer produced 358862 samples
2023-03-29 17:42:49,178 INFO o.a.j.r.p.CsvFileSampleSource: produce(): 358862 samples produced in 11s 312 ms on channel 0
2023-03-29 17:42:49,178 INFO o.a.j.r.d.ReportGenerator: Exporting data using exporter:'json' of className:'org.apache.jmeter.report.dashboard.JsonExporter'
2023-03-29 17:42:49,278 INFO o.a.j.r.d.JsonExporter: Found data for consumer statisticsSummaryin context
2023-03-29 17:42:49,278 INFO o.a.j.r.d.JsonExporter: Creating statistics for overall
2023-03-29 17:42:49,279 INFO o.a.j.r.d.JsonExporter: Creating statistics for other transactions
2023-03-29 17:42:49,279 INFO o.a.j.r.d.JsonExporter: Checking output folder
2023-03-29 17:42:49,279 INFO o.a.j.r.d.JsonExporter: Writing statistics JSON to /home/ec2-user/ShaneMill1.github.io/WIFS-Listener-c5aLarge-C5a2xLarge-CentralizedDaskc5a.large-WarmPool2-2minuteRampup-5workers-60secTimeout/results/statistics.json
2023-03-29 17:42:49,315 INFO o.a.j.r.d.ReportGenerator: Exporting data using exporter:'html' of className:'org.apache.jmeter.report.dashboard.HtmlTemplateExporter'
2023-03-29 17:42:49,317 INFO o.a.j.r.d.HtmlTemplateExporter: Will generate dashboard in folder: /home/ec2-user/ShaneMill1.github.io/WIFS-Listener-c5aLarge-C5a2xLarge-CentralizedDaskc5a.large-WarmPool2-2minuteRampup-5workers-60secTimeout/results
2023-03-29 17:42:49,420 INFO o.a.j.r.d.HtmlTemplateExporter: Report will be generated in: /home/ec2-user/ShaneMill1.github.io/WIFS-Listener-c5aLarge-C5a2xLarge-CentralizedDaskc5a.large-WarmPool2-2minuteRampup-5workers-60secTimeout/results, creating folder structure
2023-03-29 17:42:49,423 INFO o.a.j.r.d.TemplateVisitor: Copying folder from '/home/ec2-user/apache-jmeter-5.5/bin/report-template' to '/home/ec2-user/ShaneMill1.github.io/WIFS-Listener-c5aLarge-C5a2xLarge-CentralizedDaskc5a.large-WarmPool2-2minuteRampup-5workers-60secTimeout/results', got message: /home/ec2-user/ShaneMill1.github.io/WIFS-Listener-c5aLarge-C5a2xLarge-CentralizedDaskc5a.large-WarmPool2-2minuteRampup-5workers-60secTimeout/results, found non empty folder with following content [/home/ec2-user/ShaneMill1.github.io/WIFS-Listener-c5aLarge-C5a2xLarge-CentralizedDaskc5a.large-WarmPool2-2minuteRampup-5workers-60secTimeout/results/statistics.json], will be ignored
2023-03-29 17:42:49,569 INFO o.a.j.JMeter: Dashboard generated
