2022-07-13 13:50:34,503 INFO o.a.j.u.JMeterUtils: Setting Locale to en_EN
2022-07-13 13:50:34,511 INFO o.a.j.JMeter: Loading user properties from: C:\Users\Shane.Mill\Desktop\apache-jmeter-5.5\apache-jmeter-5.5\bin\user.properties
2022-07-13 13:50:34,511 INFO o.a.j.JMeter: Loading system properties from: C:\Users\Shane.Mill\Desktop\apache-jmeter-5.5\apache-jmeter-5.5\bin\system.properties
2022-07-13 13:50:34,516 INFO o.a.j.JMeter: Copyright (c) 1998-2022 The Apache Software Foundation
2022-07-13 13:50:34,516 INFO o.a.j.JMeter: Version 5.5
2022-07-13 13:50:34,516 INFO o.a.j.JMeter: java.version=1.8.0_331
2022-07-13 13:50:34,516 INFO o.a.j.JMeter: java.vm.name=Java HotSpot(TM) Client VM
2022-07-13 13:50:34,516 INFO o.a.j.JMeter: os.name=Windows 10
2022-07-13 13:50:34,516 INFO o.a.j.JMeter: os.arch=x86
2022-07-13 13:50:34,516 INFO o.a.j.JMeter: os.version=10.0
2022-07-13 13:50:34,516 INFO o.a.j.JMeter: file.encoding=Cp1252
2022-07-13 13:50:34,516 INFO o.a.j.JMeter: java.awt.headless=true
2022-07-13 13:50:34,516 INFO o.a.j.JMeter: Max memory     =1073741824
2022-07-13 13:50:34,516 INFO o.a.j.JMeter: Available Processors =8
2022-07-13 13:50:34,519 INFO o.a.j.JMeter: Default Locale=English (EN)
2022-07-13 13:50:34,519 INFO o.a.j.JMeter: JMeter  Locale=English (EN)
2022-07-13 13:50:34,519 INFO o.a.j.JMeter: JMeterHome=C:\Users\Shane.Mill\Desktop\apache-jmeter-5.5\apache-jmeter-5.5
2022-07-13 13:50:34,519 INFO o.a.j.JMeter: user.dir  =C:\Users\Shane.Mill\Desktop\jtl_testing\NCPPServerEast
2022-07-13 13:50:34,519 INFO o.a.j.JMeter: PWD       =C:\Users\Shane.Mill\Desktop\jtl_testing\NCPPServerEast
2022-07-13 13:50:39,075 INFO o.a.j.JMeter: IP: 10.0.0.87 Name: SILNWS-L-SMILL1 FullName: SILNWS-L-SMILL1.corpsrv.noaa.local
2022-07-13 13:50:39,093 INFO o.a.j.JMeter: Setting property 'jmeter.reportgenerator.outputdir' to:'C:\Users\Shane.Mill\Desktop\jtl_testing\NCPPServerEast\10concurrent1min'
2022-07-13 13:50:39,095 INFO o.a.j.s.FileServer: Default base='C:\Users\Shane.Mill\Desktop\jtl_testing\NCPPServerEast'
2022-07-13 13:50:39,095 INFO o.a.j.s.FileServer: Set new base='C:\Users\Shane.Mill\Desktop\jtl_testing\NCPPServerEast'
2022-07-13 13:50:39,165 INFO o.a.j.s.SaveService: Testplan (JMX) version: 2.2. Testlog (JTL) version: 2.2
2022-07-13 13:50:39,177 INFO o.a.j.s.SaveService: Using SaveService properties file encoding UTF-8
2022-07-13 13:50:39,180 INFO o.a.j.s.SaveService: Using SaveService properties version 5.0
2022-07-13 13:50:39,184 INFO o.a.j.s.SaveService: Loading file: NCPPServerEastTestPlan.jmx
2022-07-13 13:50:39,223 INFO o.a.j.p.h.s.HTTPSamplerBase: Parser for text/html is org.apache.jmeter.protocol.http.parser.LagartoBasedHtmlParser
2022-07-13 13:50:39,223 INFO o.a.j.p.h.s.HTTPSamplerBase: Parser for application/xhtml+xml is org.apache.jmeter.protocol.http.parser.LagartoBasedHtmlParser
2022-07-13 13:50:39,223 INFO o.a.j.p.h.s.HTTPSamplerBase: Parser for application/xml is org.apache.jmeter.protocol.http.parser.LagartoBasedHtmlParser
2022-07-13 13:50:39,223 INFO o.a.j.p.h.s.HTTPSamplerBase: Parser for text/xml is org.apache.jmeter.protocol.http.parser.LagartoBasedHtmlParser
2022-07-13 13:50:39,223 INFO o.a.j.p.h.s.HTTPSamplerBase: Parser for text/vnd.wap.wml is org.apache.jmeter.protocol.http.parser.RegexpHTMLParser
2022-07-13 13:50:39,223 INFO o.a.j.p.h.s.HTTPSamplerBase: Parser for text/css is org.apache.jmeter.protocol.http.parser.CssParser
2022-07-13 13:50:39,407 INFO o.a.j.JMeter: Creating summariser <summary>
2022-07-13 13:50:39,413 INFO o.a.j.r.d.ReportGenerator: ReportGenerator will use for Parsing the separator: ','
2022-07-13 13:50:39,413 INFO o.a.j.r.d.ReportGenerator: Will generate report at end of test from  results file: SummaryReport.jtl
2022-07-13 13:50:39,414 INFO o.a.j.r.d.ReportGenerator: Reading report generator properties from: C:\Users\Shane.Mill\Desktop\apache-jmeter-5.5\apache-jmeter-5.5\bin\reportgenerator.properties
2022-07-13 13:50:39,415 INFO o.a.j.r.d.ReportGenerator: Merging with JMeter properties
2022-07-13 13:50:39,426 INFO o.a.j.r.c.ReportGeneratorConfiguration: Property 'jmeter.reportgenerator.temp_dir' not found, using default value 'temp' instead.
2022-07-13 13:50:39,430 INFO o.a.j.r.c.ReportGeneratorConfiguration: Property 'jmeter.reportgenerator.apdex_per_transaction' not found, using default value 'null' instead.
2022-07-13 13:50:39,431 INFO o.a.j.r.c.ReportGeneratorConfiguration: apdex_per_transaction is empty, not APDEX per transaction customization
2022-07-13 13:50:39,431 INFO o.a.j.r.c.ReportGeneratorConfiguration: Property 'jmeter.reportgenerator.sample_filter' not found, using default value 'null' instead.
2022-07-13 13:50:39,432 INFO o.a.j.r.c.ReportGeneratorConfiguration: Property 'jmeter.reportgenerator.report_title' not found, using default value 'null' instead.
2022-07-13 13:50:39,433 INFO o.a.j.r.c.ReportGeneratorConfiguration: Property 'jmeter.reportgenerator.start_date' not found, using default value 'null' instead.
2022-07-13 13:50:39,433 INFO o.a.j.r.c.ReportGeneratorConfiguration: Property 'jmeter.reportgenerator.end_date' not found, using default value 'null' instead.
2022-07-13 13:50:39,433 INFO o.a.j.r.c.ReportGeneratorConfiguration: Property 'jmeter.reportgenerator.date_format' not found, using default value 'null' instead.
2022-07-13 13:50:39,434 INFO o.a.j.r.c.ReportGeneratorConfiguration: Will use date range start date: null, end date: null
2022-07-13 13:50:39,440 INFO o.a.j.r.c.ReportGeneratorConfiguration: Property 'jmeter.reportgenerator.graph.totalTPS.exclude_controllers' not found, using default value 'false' instead.
2022-07-13 13:50:39,440 INFO o.a.j.r.c.ReportGeneratorConfiguration: Property 'jmeter.reportgenerator.graph.activeThreadsOverTime.exclude_controllers' not found, using default value 'false' instead.
2022-07-13 13:50:39,440 INFO o.a.j.r.c.ReportGeneratorConfiguration: Property 'jmeter.reportgenerator.graph.timeVsThreads.exclude_controllers' not found, using default value 'false' instead.
2022-07-13 13:50:39,440 INFO o.a.j.r.c.ReportGeneratorConfiguration: Property 'jmeter.reportgenerator.graph.responseTimeDistribution.exclude_controllers' not found, using default value 'false' instead.
2022-07-13 13:50:39,441 INFO o.a.j.r.c.ReportGeneratorConfiguration: Property 'jmeter.reportgenerator.graph.transactionsPerSecond.exclude_controllers' not found, using default value 'false' instead.
2022-07-13 13:50:39,441 INFO o.a.j.r.c.ReportGeneratorConfiguration: Property 'jmeter.reportgenerator.graph.responseTimePercentiles.exclude_controllers' not found, using default value 'false' instead.
2022-07-13 13:50:39,441 INFO o.a.j.r.c.ReportGeneratorConfiguration: Property 'jmeter.reportgenerator.graph.responseTimePercentilesOverTime.exclude_controllers' not found, using default value 'false' instead.
2022-07-13 13:50:39,441 INFO o.a.j.r.c.ReportGeneratorConfiguration: Property 'jmeter.reportgenerator.graph.responseTimesOverTime.exclude_controllers' not found, using default value 'false' instead.
2022-07-13 13:50:39,441 INFO o.a.j.r.c.ReportGeneratorConfiguration: Property 'jmeter.reportgenerator.graph.connectTimeOverTime.exclude_controllers' not found, using default value 'false' instead.
2022-07-13 13:50:39,441 INFO o.a.j.r.c.ReportGeneratorConfiguration: Property 'jmeter.reportgenerator.graph.latenciesOverTime.exclude_controllers' not found, using default value 'false' instead.
2022-07-13 13:50:39,443 INFO o.a.j.r.c.ReportGeneratorConfiguration: Property 'jmeter.reportgenerator.exporter.json.filters_only_sample_series' not found, using default value 'true' instead.
2022-07-13 13:50:39,444 INFO o.a.j.r.c.ReportGeneratorConfiguration: Property 'jmeter.reportgenerator.exporter.json.series_filter' not found, using default value '' instead.
2022-07-13 13:50:39,444 INFO o.a.j.r.c.ReportGeneratorConfiguration: Property 'jmeter.reportgenerator.exporter.json.show_controllers_only' not found, using default value 'false' instead.
2022-07-13 13:50:39,444 INFO o.a.j.r.c.ReportGeneratorConfiguration: Property 'jmeter.reportgenerator.exporter.html.filters_only_sample_series' not found, using default value 'true' instead.
2022-07-13 13:50:39,444 INFO o.a.j.r.c.ReportGeneratorConfiguration: Property 'jmeter.reportgenerator.exporter.html.series_filter' not found, using default value '' instead.
2022-07-13 13:50:39,444 INFO o.a.j.r.c.ReportGeneratorConfiguration: Property 'jmeter.reportgenerator.exporter.html.show_controllers_only' not found, using default value 'false' instead.
2022-07-13 13:50:39,463 INFO o.a.j.e.StandardJMeterEngine: Running the test!
2022-07-13 13:50:39,464 INFO o.a.j.s.SampleEvent: List of sample_variables: []
2022-07-13 13:50:39,464 INFO o.a.j.s.SampleEvent: List of sample_variables: []
2022-07-13 13:50:39,474 INFO o.a.j.e.u.CompoundVariable: Note: Function class names must contain the string: '.functions.'
2022-07-13 13:50:39,475 INFO o.a.j.e.u.CompoundVariable: Note: Function class names must not contain the string: '.gui.'
2022-07-13 13:50:39,733 INFO o.a.j.JMeter: Running test (1657734639733)
2022-07-13 13:50:39,762 INFO o.a.j.e.StandardJMeterEngine: Starting ThreadGroup: 1 : NCPPServerEastRoot
2022-07-13 13:50:39,763 INFO o.a.j.e.StandardJMeterEngine: Starting 10 threads for group NCPPServerEastRoot.
2022-07-13 13:50:39,763 INFO o.a.j.e.StandardJMeterEngine: Thread will continue on error
2022-07-13 13:50:39,763 INFO o.a.j.t.ThreadGroup: Starting thread group... number=1 threads=10 ramp-up=10 delayedStart=false
2022-07-13 13:50:39,766 INFO o.a.j.t.ThreadGroup: Started thread group number 1
2022-07-13 13:50:39,766 INFO o.a.j.e.StandardJMeterEngine: Waiting for thread group: NCPPServerEastRoot to finish before starting next group
2022-07-13 13:50:39,769 INFO o.a.j.t.JMeterThread: Thread started: NCPPServerEastRoot 1-1
2022-07-13 13:50:39,782 INFO o.a.j.p.h.s.HTTPHCAbstractImpl: Local host = SILNWS-L-SMILL1
2022-07-13 13:50:39,786 INFO o.a.j.p.h.s.HTTPHC4Impl: HTTP request retry count = 0
2022-07-13 13:50:39,787 INFO o.a.j.s.SampleResult: Note: Sample TimeStamps are START times
2022-07-13 13:50:39,787 INFO o.a.j.s.SampleResult: sampleresult.default.encoding is set to ISO-8859-1
2022-07-13 13:50:39,787 INFO o.a.j.s.SampleResult: sampleresult.useNanoTime=true
2022-07-13 13:50:39,787 INFO o.a.j.s.SampleResult: sampleresult.nanoThreadSleep=5000
2022-07-13 13:50:40,767 INFO o.a.j.t.JMeterThread: Thread started: NCPPServerEastRoot 1-2
2022-07-13 13:50:41,768 INFO o.a.j.t.JMeterThread: Thread started: NCPPServerEastRoot 1-3
2022-07-13 13:50:42,768 INFO o.a.j.t.JMeterThread: Thread started: NCPPServerEastRoot 1-4
2022-07-13 13:50:43,767 INFO o.a.j.t.JMeterThread: Thread started: NCPPServerEastRoot 1-5
2022-07-13 13:50:44,767 INFO o.a.j.t.JMeterThread: Thread started: NCPPServerEastRoot 1-6
2022-07-13 13:50:45,772 INFO o.a.j.t.JMeterThread: Thread started: NCPPServerEastRoot 1-7
2022-07-13 13:50:46,766 INFO o.a.j.t.JMeterThread: Thread started: NCPPServerEastRoot 1-8
2022-07-13 13:50:47,766 INFO o.a.j.t.JMeterThread: Thread started: NCPPServerEastRoot 1-9
2022-07-13 13:50:48,766 INFO o.a.j.t.JMeterThread: Thread started: NCPPServerEastRoot 1-10
2022-07-13 13:51:00,004 INFO o.a.j.r.Summariser: summary +   1445 in 00:00:20 =   71.3/s Avg:   108 Min:    91 Max:   252 Err:     0 (0.00%) Active: 10 Started: 10 Finished: 0
2022-07-13 13:51:30,025 INFO o.a.j.r.Summariser: summary +   2548 in 00:00:30 =   84.9/s Avg:   117 Min:    91 Max:   259 Err:     0 (0.00%) Active: 10 Started: 10 Finished: 0
2022-07-13 13:51:30,026 INFO o.a.j.r.Summariser: summary =   3993 in 00:00:50 =   79.4/s Avg:   114 Min:    91 Max:   259 Err:     0 (0.00%)
2022-07-13 13:51:39,785 INFO o.a.j.t.JMeterThread: Stopping because end time detected by thread: NCPPServerEastRoot 1-1
2022-07-13 13:51:39,785 INFO o.a.j.t.JMeterThread: Thread finished: NCPPServerEastRoot 1-1
2022-07-13 13:51:39,787 INFO o.a.j.t.JMeterThread: Stopping because end time detected by thread: NCPPServerEastRoot 1-6
2022-07-13 13:51:39,788 INFO o.a.j.t.JMeterThread: Thread finished: NCPPServerEastRoot 1-6
2022-07-13 13:51:39,835 INFO o.a.j.t.JMeterThread: Stopping because end time detected by thread: NCPPServerEastRoot 1-10
2022-07-13 13:51:39,835 INFO o.a.j.t.JMeterThread: Thread finished: NCPPServerEastRoot 1-10
2022-07-13 13:51:39,854 INFO o.a.j.t.JMeterThread: Stopping because end time detected by thread: NCPPServerEastRoot 1-3
2022-07-13 13:51:39,854 INFO o.a.j.t.JMeterThread: Thread finished: NCPPServerEastRoot 1-3
2022-07-13 13:51:39,856 INFO o.a.j.t.JMeterThread: Stopping because end time detected by thread: NCPPServerEastRoot 1-9
2022-07-13 13:51:39,856 INFO o.a.j.t.JMeterThread: Thread finished: NCPPServerEastRoot 1-9
2022-07-13 13:51:39,857 INFO o.a.j.t.JMeterThread: Stopping because end time detected by thread: NCPPServerEastRoot 1-7
2022-07-13 13:51:39,857 INFO o.a.j.t.JMeterThread: Thread finished: NCPPServerEastRoot 1-7
2022-07-13 13:51:39,859 INFO o.a.j.t.JMeterThread: Stopping because end time detected by thread: NCPPServerEastRoot 1-5
2022-07-13 13:51:39,859 INFO o.a.j.t.JMeterThread: Thread finished: NCPPServerEastRoot 1-5
2022-07-13 13:51:39,864 INFO o.a.j.t.JMeterThread: Stopping because end time detected by thread: NCPPServerEastRoot 1-8
2022-07-13 13:51:39,865 INFO o.a.j.t.JMeterThread: Stopping because end time detected by thread: NCPPServerEastRoot 1-2
2022-07-13 13:51:39,865 INFO o.a.j.t.JMeterThread: Thread finished: NCPPServerEastRoot 1-8
2022-07-13 13:51:39,865 INFO o.a.j.t.JMeterThread: Thread finished: NCPPServerEastRoot 1-2
2022-07-13 13:51:39,893 INFO o.a.j.t.JMeterThread: Stopping because end time detected by thread: NCPPServerEastRoot 1-4
2022-07-13 13:51:39,893 INFO o.a.j.t.JMeterThread: Thread finished: NCPPServerEastRoot 1-4
2022-07-13 13:51:39,893 INFO o.a.j.e.StandardJMeterEngine: Starting ThreadGroup: 2 : NCPPServerEastCollections
2022-07-13 13:51:39,894 INFO o.a.j.e.StandardJMeterEngine: Starting 10 threads for group NCPPServerEastCollections.
2022-07-13 13:51:39,894 INFO o.a.j.e.StandardJMeterEngine: Thread will continue on error
2022-07-13 13:51:39,894 INFO o.a.j.t.ThreadGroup: Starting thread group... number=2 threads=10 ramp-up=10 delayedStart=false
2022-07-13 13:51:39,895 INFO o.a.j.t.JMeterThread: Thread started: NCPPServerEastCollections 2-1
2022-07-13 13:51:39,898 INFO o.a.j.t.ThreadGroup: Started thread group number 2
2022-07-13 13:51:39,898 INFO o.a.j.e.StandardJMeterEngine: Waiting for thread group: NCPPServerEastCollections to finish before starting next group
2022-07-13 13:51:40,904 INFO o.a.j.t.JMeterThread: Thread started: NCPPServerEastCollections 2-2
2022-07-13 13:51:41,896 INFO o.a.j.t.JMeterThread: Thread started: NCPPServerEastCollections 2-3
2022-07-13 13:51:42,895 INFO o.a.j.t.JMeterThread: Thread started: NCPPServerEastCollections 2-4
2022-07-13 13:51:43,895 INFO o.a.j.t.JMeterThread: Thread started: NCPPServerEastCollections 2-5
2022-07-13 13:51:44,896 INFO o.a.j.t.JMeterThread: Thread started: NCPPServerEastCollections 2-6
2022-07-13 13:51:45,895 INFO o.a.j.t.JMeterThread: Thread started: NCPPServerEastCollections 2-7
2022-07-13 13:51:46,895 INFO o.a.j.t.JMeterThread: Thread started: NCPPServerEastCollections 2-8
2022-07-13 13:51:47,895 INFO o.a.j.t.JMeterThread: Thread started: NCPPServerEastCollections 2-9
2022-07-13 13:51:48,897 INFO o.a.j.t.JMeterThread: Thread started: NCPPServerEastCollections 2-10
2022-07-13 13:52:00,035 INFO o.a.j.r.Summariser: summary +   1055 in 00:00:30 =   35.2/s Avg:   239 Min:    91 Max:  1007 Err:     0 (0.00%) Active: 10 Started: 20 Finished: 10
2022-07-13 13:52:00,036 INFO o.a.j.r.Summariser: summary =   5048 in 00:01:20 =   62.9/s Avg:   140 Min:    91 Max:  1007 Err:     0 (0.00%)
2022-07-13 13:52:30,011 INFO o.a.j.r.Summariser: summary +    430 in 00:00:30 =   14.3/s Avg:   696 Min:   574 Max:   881 Err:     0 (0.00%) Active: 10 Started: 20 Finished: 10
2022-07-13 13:52:30,012 INFO o.a.j.r.Summariser: summary =   5478 in 00:01:50 =   49.7/s Avg:   183 Min:    91 Max:  1007 Err:     0 (0.00%)
2022-07-13 13:52:39,911 INFO o.a.j.t.JMeterThread: Stopping because end time detected by thread: NCPPServerEastCollections 2-3
2022-07-13 13:52:39,911 INFO o.a.j.t.JMeterThread: Thread finished: NCPPServerEastCollections 2-3
2022-07-13 13:52:40,058 INFO o.a.j.t.JMeterThread: Stopping because end time detected by thread: NCPPServerEastCollections 2-4
2022-07-13 13:52:40,058 INFO o.a.j.t.JMeterThread: Thread finished: NCPPServerEastCollections 2-4
2022-07-13 13:52:40,131 INFO o.a.j.t.JMeterThread: Stopping because end time detected by thread: NCPPServerEastCollections 2-5
2022-07-13 13:52:40,131 INFO o.a.j.t.JMeterThread: Thread finished: NCPPServerEastCollections 2-5
2022-07-13 13:52:40,144 INFO o.a.j.t.JMeterThread: Stopping because end time detected by thread: NCPPServerEastCollections 2-8
2022-07-13 13:52:40,144 INFO o.a.j.t.JMeterThread: Thread finished: NCPPServerEastCollections 2-8
2022-07-13 13:52:40,226 INFO o.a.j.t.JMeterThread: Stopping because end time detected by thread: NCPPServerEastCollections 2-2
2022-07-13 13:52:40,226 INFO o.a.j.t.JMeterThread: Thread finished: NCPPServerEastCollections 2-2
2022-07-13 13:52:40,271 INFO o.a.j.t.JMeterThread: Stopping because end time detected by thread: NCPPServerEastCollections 2-1
2022-07-13 13:52:40,271 INFO o.a.j.t.JMeterThread: Thread finished: NCPPServerEastCollections 2-1
2022-07-13 13:52:40,346 INFO o.a.j.t.JMeterThread: Stopping because end time detected by thread: NCPPServerEastCollections 2-9
2022-07-13 13:52:40,346 INFO o.a.j.t.JMeterThread: Thread finished: NCPPServerEastCollections 2-9
2022-07-13 13:52:40,499 INFO o.a.j.t.JMeterThread: Stopping because end time detected by thread: NCPPServerEastCollections 2-10
2022-07-13 13:52:40,499 INFO o.a.j.t.JMeterThread: Thread finished: NCPPServerEastCollections 2-10
2022-07-13 13:52:40,506 INFO o.a.j.t.JMeterThread: Stopping because end time detected by thread: NCPPServerEastCollections 2-7
2022-07-13 13:52:40,506 INFO o.a.j.t.JMeterThread: Thread finished: NCPPServerEastCollections 2-7
2022-07-13 13:52:40,517 INFO o.a.j.t.JMeterThread: Stopping because end time detected by thread: NCPPServerEastCollections 2-6
2022-07-13 13:52:40,517 INFO o.a.j.t.JMeterThread: Thread finished: NCPPServerEastCollections 2-6
2022-07-13 13:52:40,518 INFO o.a.j.e.StandardJMeterEngine: Starting ThreadGroup: 3 : NCPPServerEastGFSInstances
2022-07-13 13:52:40,518 INFO o.a.j.e.StandardJMeterEngine: Starting 10 threads for group NCPPServerEastGFSInstances.
2022-07-13 13:52:40,518 INFO o.a.j.e.StandardJMeterEngine: Thread will continue on error
2022-07-13 13:52:40,518 INFO o.a.j.t.ThreadGroup: Starting thread group... number=3 threads=10 ramp-up=10 delayedStart=false
2022-07-13 13:52:40,519 INFO o.a.j.t.JMeterThread: Thread started: NCPPServerEastGFSInstances 3-1
2022-07-13 13:52:40,522 INFO o.a.j.t.ThreadGroup: Started thread group number 3
2022-07-13 13:52:40,522 INFO o.a.j.e.StandardJMeterEngine: Waiting for thread group: NCPPServerEastGFSInstances to finish before starting next group
2022-07-13 13:52:41,520 INFO o.a.j.t.JMeterThread: Thread started: NCPPServerEastGFSInstances 3-2
2022-07-13 13:52:42,520 INFO o.a.j.t.JMeterThread: Thread started: NCPPServerEastGFSInstances 3-3
2022-07-13 13:52:43,519 INFO o.a.j.t.JMeterThread: Thread started: NCPPServerEastGFSInstances 3-4
2022-07-13 13:52:44,518 INFO o.a.j.t.JMeterThread: Thread started: NCPPServerEastGFSInstances 3-5
2022-07-13 13:52:45,520 INFO o.a.j.t.JMeterThread: Thread started: NCPPServerEastGFSInstances 3-6
2022-07-13 13:52:46,519 INFO o.a.j.t.JMeterThread: Thread started: NCPPServerEastGFSInstances 3-7
2022-07-13 13:52:47,519 INFO o.a.j.t.JMeterThread: Thread started: NCPPServerEastGFSInstances 3-8
2022-07-13 13:52:48,519 INFO o.a.j.t.JMeterThread: Thread started: NCPPServerEastGFSInstances 3-9
2022-07-13 13:52:49,519 INFO o.a.j.t.JMeterThread: Thread started: NCPPServerEastGFSInstances 3-10
2022-07-13 13:53:00,023 INFO o.a.j.r.Summariser: summary +   1763 in 00:00:30 =   58.7/s Avg:   144 Min:    78 Max:   860 Err:  1613 (91.49%) Active: 10 Started: 30 Finished: 20
2022-07-13 13:53:00,024 INFO o.a.j.r.Summariser: summary =   7241 in 00:02:20 =   51.6/s Avg:   174 Min:    78 Max:  1007 Err:  1613 (22.28%)
2022-07-13 13:53:30,003 INFO o.a.j.r.Summariser: summary +   3249 in 00:00:30 =  108.4/s Avg:    92 Min:    76 Max:   136 Err:  3249 (100.00%) Active: 10 Started: 30 Finished: 20
2022-07-13 13:53:30,005 INFO o.a.j.r.Summariser: summary =  10490 in 00:02:50 =   61.6/s Avg:   148 Min:    76 Max:  1007 Err:  4862 (46.35%)
2022-07-13 13:53:40,520 INFO o.a.j.t.JMeterThread: Stopping because end time detected by thread: NCPPServerEastGFSInstances 3-2
2022-07-13 13:53:40,520 INFO o.a.j.t.JMeterThread: Thread finished: NCPPServerEastGFSInstances 3-2
2022-07-13 13:53:40,527 INFO o.a.j.t.JMeterThread: Stopping because end time detected by thread: NCPPServerEastGFSInstances 3-3
2022-07-13 13:53:40,527 INFO o.a.j.t.JMeterThread: Thread finished: NCPPServerEastGFSInstances 3-3
2022-07-13 13:53:40,533 INFO o.a.j.t.JMeterThread: Stopping because end time detected by thread: NCPPServerEastGFSInstances 3-5
2022-07-13 13:53:40,533 INFO o.a.j.t.JMeterThread: Thread finished: NCPPServerEastGFSInstances 3-5
2022-07-13 13:53:40,537 INFO o.a.j.t.JMeterThread: Stopping because end time detected by thread: NCPPServerEastGFSInstances 3-9
2022-07-13 13:53:40,537 INFO o.a.j.t.JMeterThread: Thread finished: NCPPServerEastGFSInstances 3-9
2022-07-13 13:53:40,544 INFO o.a.j.t.JMeterThread: Stopping because end time detected by thread: NCPPServerEastGFSInstances 3-1
2022-07-13 13:53:40,544 INFO o.a.j.t.JMeterThread: Thread finished: NCPPServerEastGFSInstances 3-1
2022-07-13 13:53:40,547 INFO o.a.j.t.JMeterThread: Stopping because end time detected by thread: NCPPServerEastGFSInstances 3-10
2022-07-13 13:53:40,548 INFO o.a.j.t.JMeterThread: Thread finished: NCPPServerEastGFSInstances 3-10
2022-07-13 13:53:40,564 INFO o.a.j.t.JMeterThread: Stopping because end time detected by thread: NCPPServerEastGFSInstances 3-8
2022-07-13 13:53:40,564 INFO o.a.j.t.JMeterThread: Thread finished: NCPPServerEastGFSInstances 3-8
2022-07-13 13:53:40,587 INFO o.a.j.t.JMeterThread: Stopping because end time detected by thread: NCPPServerEastGFSInstances 3-6
2022-07-13 13:53:40,587 INFO o.a.j.t.JMeterThread: Thread finished: NCPPServerEastGFSInstances 3-6
2022-07-13 13:53:40,605 INFO o.a.j.t.JMeterThread: Stopping because end time detected by thread: NCPPServerEastGFSInstances 3-4
2022-07-13 13:53:40,605 INFO o.a.j.t.JMeterThread: Thread finished: NCPPServerEastGFSInstances 3-4
2022-07-13 13:53:40,605 INFO o.a.j.t.JMeterThread: Stopping because end time detected by thread: NCPPServerEastGFSInstances 3-7
2022-07-13 13:53:40,606 INFO o.a.j.t.JMeterThread: Thread finished: NCPPServerEastGFSInstances 3-7
2022-07-13 13:53:40,606 INFO o.a.j.e.StandardJMeterEngine: Starting ThreadGroup: 4 : NCPPServerEastGFSCollectionMeta
2022-07-13 13:53:40,606 INFO o.a.j.e.StandardJMeterEngine: Starting 10 threads for group NCPPServerEastGFSCollectionMeta.
2022-07-13 13:53:40,606 INFO o.a.j.e.StandardJMeterEngine: Thread will continue on error
2022-07-13 13:53:40,606 INFO o.a.j.t.ThreadGroup: Starting thread group... number=4 threads=10 ramp-up=10 delayedStart=false
2022-07-13 13:53:40,608 INFO o.a.j.t.JMeterThread: Thread started: NCPPServerEastGFSCollectionMeta 4-1
2022-07-13 13:53:40,609 INFO o.a.j.t.ThreadGroup: Started thread group number 4
2022-07-13 13:53:40,609 INFO o.a.j.e.StandardJMeterEngine: Waiting for thread group: NCPPServerEastGFSCollectionMeta to finish before starting next group
2022-07-13 13:53:41,608 INFO o.a.j.t.JMeterThread: Thread started: NCPPServerEastGFSCollectionMeta 4-2
2022-07-13 13:53:42,607 INFO o.a.j.t.JMeterThread: Thread started: NCPPServerEastGFSCollectionMeta 4-3
2022-07-13 13:53:43,607 INFO o.a.j.t.JMeterThread: Thread started: NCPPServerEastGFSCollectionMeta 4-4
2022-07-13 13:53:44,606 INFO o.a.j.t.JMeterThread: Thread started: NCPPServerEastGFSCollectionMeta 4-5
2022-07-13 13:53:45,608 INFO o.a.j.t.JMeterThread: Thread started: NCPPServerEastGFSCollectionMeta 4-6
2022-07-13 13:53:46,608 INFO o.a.j.t.JMeterThread: Thread started: NCPPServerEastGFSCollectionMeta 4-7
2022-07-13 13:53:47,608 INFO o.a.j.t.JMeterThread: Thread started: NCPPServerEastGFSCollectionMeta 4-8
2022-07-13 13:53:48,606 INFO o.a.j.t.JMeterThread: Thread started: NCPPServerEastGFSCollectionMeta 4-9
2022-07-13 13:53:49,606 INFO o.a.j.t.JMeterThread: Thread started: NCPPServerEastGFSCollectionMeta 4-10
2022-07-13 13:54:00,020 INFO o.a.j.r.Summariser: summary +   1287 in 00:00:30 =   42.9/s Avg:   195 Min:    80 Max:  1246 Err:  1132 (87.96%) Active: 10 Started: 40 Finished: 30
2022-07-13 13:54:00,022 INFO o.a.j.r.Summariser: summary =  11777 in 00:03:20 =   58.8/s Avg:   153 Min:    76 Max:  1246 Err:  5994 (50.90%)
2022-07-13 13:54:30,065 INFO o.a.j.r.Summariser: summary +    292 in 00:00:30 =    9.7/s Avg:  1028 Min:   734 Max:  1292 Err:     0 (0.00%) Active: 10 Started: 40 Finished: 30
2022-07-13 13:54:30,067 INFO o.a.j.r.Summariser: summary =  12069 in 00:03:50 =   52.4/s Avg:   175 Min:    76 Max:  1292 Err:  5994 (49.66%)
2022-07-13 13:54:40,705 INFO o.a.j.t.JMeterThread: Stopping because end time detected by thread: NCPPServerEastGFSCollectionMeta 4-8
2022-07-13 13:54:40,705 INFO o.a.j.t.JMeterThread: Thread finished: NCPPServerEastGFSCollectionMeta 4-8
2022-07-13 13:54:40,777 INFO o.a.j.t.JMeterThread: Stopping because end time detected by thread: NCPPServerEastGFSCollectionMeta 4-3
2022-07-13 13:54:40,777 INFO o.a.j.t.JMeterThread: Stopping because end time detected by thread: NCPPServerEastGFSCollectionMeta 4-7
2022-07-13 13:54:40,777 INFO o.a.j.t.JMeterThread: Thread finished: NCPPServerEastGFSCollectionMeta 4-3
2022-07-13 13:54:40,777 INFO o.a.j.t.JMeterThread: Thread finished: NCPPServerEastGFSCollectionMeta 4-7
2022-07-13 13:54:40,971 INFO o.a.j.t.JMeterThread: Stopping because end time detected by thread: NCPPServerEastGFSCollectionMeta 4-5
2022-07-13 13:54:40,971 INFO o.a.j.t.JMeterThread: Thread finished: NCPPServerEastGFSCollectionMeta 4-5
2022-07-13 13:54:40,974 INFO o.a.j.t.JMeterThread: Stopping because end time detected by thread: NCPPServerEastGFSCollectionMeta 4-6
2022-07-13 13:54:40,974 INFO o.a.j.t.JMeterThread: Thread finished: NCPPServerEastGFSCollectionMeta 4-6
2022-07-13 13:54:41,143 INFO o.a.j.t.JMeterThread: Stopping because end time detected by thread: NCPPServerEastGFSCollectionMeta 4-9
2022-07-13 13:54:41,143 INFO o.a.j.t.JMeterThread: Thread finished: NCPPServerEastGFSCollectionMeta 4-9
2022-07-13 13:54:41,277 INFO o.a.j.t.JMeterThread: Stopping because end time detected by thread: NCPPServerEastGFSCollectionMeta 4-2
2022-07-13 13:54:41,277 INFO o.a.j.t.JMeterThread: Thread finished: NCPPServerEastGFSCollectionMeta 4-2
2022-07-13 13:54:41,337 INFO o.a.j.t.JMeterThread: Stopping because end time detected by thread: NCPPServerEastGFSCollectionMeta 4-10
2022-07-13 13:54:41,337 INFO o.a.j.t.JMeterThread: Thread finished: NCPPServerEastGFSCollectionMeta 4-10
2022-07-13 13:54:41,406 INFO o.a.j.t.JMeterThread: Stopping because end time detected by thread: NCPPServerEastGFSCollectionMeta 4-1
2022-07-13 13:54:41,406 INFO o.a.j.t.JMeterThread: Thread finished: NCPPServerEastGFSCollectionMeta 4-1
2022-07-13 13:54:41,507 INFO o.a.j.t.JMeterThread: Stopping because end time detected by thread: NCPPServerEastGFSCollectionMeta 4-4
2022-07-13 13:54:41,507 INFO o.a.j.t.JMeterThread: Thread finished: NCPPServerEastGFSCollectionMeta 4-4
2022-07-13 13:54:41,507 INFO o.a.j.e.StandardJMeterEngine: Starting ThreadGroup: 5 : NCPPServerEastGFSPosition-1time-1zedd
2022-07-13 13:54:41,508 INFO o.a.j.e.StandardJMeterEngine: Starting 10 threads for group NCPPServerEastGFSPosition-1time-1zedd.
2022-07-13 13:54:41,508 INFO o.a.j.e.StandardJMeterEngine: Thread will continue on error
2022-07-13 13:54:41,508 INFO o.a.j.t.ThreadGroup: Starting thread group... number=5 threads=10 ramp-up=10 delayedStart=false
2022-07-13 13:54:41,508 INFO o.a.j.t.JMeterThread: Thread started: NCPPServerEastGFSPosition-1time-1zedd 5-1
2022-07-13 13:54:41,508 INFO o.a.j.t.ThreadGroup: Started thread group number 5
2022-07-13 13:54:41,508 INFO o.a.j.e.StandardJMeterEngine: Waiting for thread group: NCPPServerEastGFSPosition-1time-1zedd to finish before starting next group
2022-07-13 13:54:42,511 INFO o.a.j.t.JMeterThread: Thread started: NCPPServerEastGFSPosition-1time-1zedd 5-2
2022-07-13 13:54:43,508 INFO o.a.j.t.JMeterThread: Thread started: NCPPServerEastGFSPosition-1time-1zedd 5-3
2022-07-13 13:54:44,508 INFO o.a.j.t.JMeterThread: Thread started: NCPPServerEastGFSPosition-1time-1zedd 5-4
2022-07-13 13:54:45,509 INFO o.a.j.t.JMeterThread: Thread started: NCPPServerEastGFSPosition-1time-1zedd 5-5
2022-07-13 13:54:46,508 INFO o.a.j.t.JMeterThread: Thread started: NCPPServerEastGFSPosition-1time-1zedd 5-6
2022-07-13 13:54:47,509 INFO o.a.j.t.JMeterThread: Thread started: NCPPServerEastGFSPosition-1time-1zedd 5-7
2022-07-13 13:54:48,508 INFO o.a.j.t.JMeterThread: Thread started: NCPPServerEastGFSPosition-1time-1zedd 5-8
2022-07-13 13:54:49,509 INFO o.a.j.t.JMeterThread: Thread started: NCPPServerEastGFSPosition-1time-1zedd 5-9
2022-07-13 13:54:50,509 INFO o.a.j.t.JMeterThread: Thread started: NCPPServerEastGFSPosition-1time-1zedd 5-10
2022-07-13 13:55:00,060 INFO o.a.j.r.Summariser: summary +    135 in 00:00:30 =    4.5/s Avg:  1689 Min:   746 Max:  6510 Err:     0 (0.00%) Active: 10 Started: 50 Finished: 40
2022-07-13 13:55:00,061 INFO o.a.j.r.Summariser: summary =  12204 in 00:04:20 =   46.9/s Avg:   191 Min:    76 Max:  6510 Err:  5994 (49.12%)
2022-07-13 13:55:30,024 INFO o.a.j.r.Summariser: summary +     55 in 00:00:30 =    1.8/s Avg:  5527 Min:  4018 Max:  7211 Err:     0 (0.00%) Active: 10 Started: 50 Finished: 40
2022-07-13 13:55:30,025 INFO o.a.j.r.Summariser: summary =  12259 in 00:04:50 =   42.2/s Avg:   215 Min:    76 Max:  7211 Err:  5994 (48.89%)
2022-07-13 13:55:42,313 INFO o.a.j.t.JMeterThread: Stopping because end time detected by thread: NCPPServerEastGFSPosition-1time-1zedd 5-10
2022-07-13 13:55:42,313 INFO o.a.j.t.JMeterThread: Thread finished: NCPPServerEastGFSPosition-1time-1zedd 5-10
2022-07-13 13:55:42,475 INFO o.a.j.t.JMeterThread: Stopping because end time detected by thread: NCPPServerEastGFSPosition-1time-1zedd 5-7
2022-07-13 13:55:42,475 INFO o.a.j.t.JMeterThread: Thread finished: NCPPServerEastGFSPosition-1time-1zedd 5-7
2022-07-13 13:55:42,759 INFO o.a.j.t.JMeterThread: Stopping because end time detected by thread: NCPPServerEastGFSPosition-1time-1zedd 5-5
2022-07-13 13:55:42,759 INFO o.a.j.t.JMeterThread: Thread finished: NCPPServerEastGFSPosition-1time-1zedd 5-5
2022-07-13 13:55:42,985 INFO o.a.j.t.JMeterThread: Stopping because end time detected by thread: NCPPServerEastGFSPosition-1time-1zedd 5-9
2022-07-13 13:55:42,985 INFO o.a.j.t.JMeterThread: Thread finished: NCPPServerEastGFSPosition-1time-1zedd 5-9
2022-07-13 13:55:43,590 INFO o.a.j.t.JMeterThread: Stopping because end time detected by thread: NCPPServerEastGFSPosition-1time-1zedd 5-8
2022-07-13 13:55:43,590 INFO o.a.j.t.JMeterThread: Thread finished: NCPPServerEastGFSPosition-1time-1zedd 5-8
2022-07-13 13:55:44,146 INFO o.a.j.t.JMeterThread: Stopping because end time detected by thread: NCPPServerEastGFSPosition-1time-1zedd 5-3
2022-07-13 13:55:44,147 INFO o.a.j.t.JMeterThread: Thread finished: NCPPServerEastGFSPosition-1time-1zedd 5-3
2022-07-13 13:55:45,536 INFO o.a.j.t.JMeterThread: Stopping because end time detected by thread: NCPPServerEastGFSPosition-1time-1zedd 5-1
2022-07-13 13:55:45,536 INFO o.a.j.t.JMeterThread: Thread finished: NCPPServerEastGFSPosition-1time-1zedd 5-1
2022-07-13 13:55:45,714 INFO o.a.j.t.JMeterThread: Stopping because end time detected by thread: NCPPServerEastGFSPosition-1time-1zedd 5-2
2022-07-13 13:55:45,714 INFO o.a.j.t.JMeterThread: Thread finished: NCPPServerEastGFSPosition-1time-1zedd 5-2
2022-07-13 13:55:46,257 INFO o.a.j.t.JMeterThread: Stopping because end time detected by thread: NCPPServerEastGFSPosition-1time-1zedd 5-6
2022-07-13 13:55:46,257 INFO o.a.j.t.JMeterThread: Thread finished: NCPPServerEastGFSPosition-1time-1zedd 5-6
2022-07-13 13:55:46,271 INFO o.a.j.t.JMeterThread: Stopping because end time detected by thread: NCPPServerEastGFSPosition-1time-1zedd 5-4
2022-07-13 13:55:46,271 INFO o.a.j.t.JMeterThread: Thread finished: NCPPServerEastGFSPosition-1time-1zedd 5-4
2022-07-13 13:55:46,271 INFO o.a.j.e.StandardJMeterEngine: Starting ThreadGroup: 6 : NCPPServerEastGFSPosition-1time-halfzedd
2022-07-13 13:55:46,271 INFO o.a.j.e.StandardJMeterEngine: Starting 10 threads for group NCPPServerEastGFSPosition-1time-halfzedd.
2022-07-13 13:55:46,271 INFO o.a.j.e.StandardJMeterEngine: Thread will continue on error
2022-07-13 13:55:46,271 INFO o.a.j.t.ThreadGroup: Starting thread group... number=6 threads=10 ramp-up=10 delayedStart=false
2022-07-13 13:55:46,272 INFO o.a.j.t.JMeterThread: Thread started: NCPPServerEastGFSPosition-1time-halfzedd 6-1
2022-07-13 13:55:46,274 INFO o.a.j.t.ThreadGroup: Started thread group number 6
2022-07-13 13:55:46,274 INFO o.a.j.e.StandardJMeterEngine: Waiting for thread group: NCPPServerEastGFSPosition-1time-halfzedd to finish before starting next group
2022-07-13 13:55:47,272 INFO o.a.j.t.JMeterThread: Thread started: NCPPServerEastGFSPosition-1time-halfzedd 6-2
2022-07-13 13:55:48,272 INFO o.a.j.t.JMeterThread: Thread started: NCPPServerEastGFSPosition-1time-halfzedd 6-3
2022-07-13 13:55:49,271 INFO o.a.j.t.JMeterThread: Thread started: NCPPServerEastGFSPosition-1time-halfzedd 6-4
2022-07-13 13:55:50,272 INFO o.a.j.t.JMeterThread: Thread started: NCPPServerEastGFSPosition-1time-halfzedd 6-5
2022-07-13 13:55:51,271 INFO o.a.j.t.JMeterThread: Thread started: NCPPServerEastGFSPosition-1time-halfzedd 6-6
2022-07-13 13:55:52,272 INFO o.a.j.t.JMeterThread: Thread started: NCPPServerEastGFSPosition-1time-halfzedd 6-7
2022-07-13 13:55:53,284 INFO o.a.j.t.JMeterThread: Thread started: NCPPServerEastGFSPosition-1time-halfzedd 6-8
2022-07-13 13:55:54,273 INFO o.a.j.t.JMeterThread: Thread started: NCPPServerEastGFSPosition-1time-halfzedd 6-9
2022-07-13 13:55:55,273 INFO o.a.j.t.JMeterThread: Thread started: NCPPServerEastGFSPosition-1time-halfzedd 6-10
2022-07-13 13:56:00,190 INFO o.a.j.r.Summariser: summary +     46 in 00:00:30 =    1.5/s Avg:  4945 Min:  3434 Max:  6410 Err:     0 (0.00%) Active: 10 Started: 60 Finished: 50
2022-07-13 13:56:00,191 INFO o.a.j.r.Summariser: summary =  12305 in 00:05:20 =   38.4/s Avg:   233 Min:    76 Max:  7211 Err:  5994 (48.71%)
2022-07-13 13:56:30,591 INFO o.a.j.r.Summariser: summary +     50 in 00:00:30 =    1.6/s Avg:  6047 Min:  4642 Max:  7535 Err:     0 (0.00%) Active: 10 Started: 60 Finished: 50
2022-07-13 13:56:30,592 INFO o.a.j.r.Summariser: summary =  12355 in 00:05:51 =   35.2/s Avg:   256 Min:    76 Max:  7535 Err:  5994 (48.51%)
2022-07-13 13:56:46,881 INFO o.a.j.t.JMeterThread: Stopping because end time detected by thread: NCPPServerEastGFSPosition-1time-halfzedd 6-1
2022-07-13 13:56:46,881 INFO o.a.j.t.JMeterThread: Stopping because end time detected by thread: NCPPServerEastGFSPosition-1time-halfzedd 6-9
2022-07-13 13:56:46,882 INFO o.a.j.t.JMeterThread: Thread finished: NCPPServerEastGFSPosition-1time-halfzedd 6-1
2022-07-13 13:56:46,882 INFO o.a.j.t.JMeterThread: Thread finished: NCPPServerEastGFSPosition-1time-halfzedd 6-9
2022-07-13 13:56:47,904 INFO o.a.j.t.JMeterThread: Stopping because end time detected by thread: NCPPServerEastGFSPosition-1time-halfzedd 6-2
2022-07-13 13:56:47,904 INFO o.a.j.t.JMeterThread: Thread finished: NCPPServerEastGFSPosition-1time-halfzedd 6-2
2022-07-13 13:56:47,905 INFO o.a.j.t.JMeterThread: Stopping because end time detected by thread: NCPPServerEastGFSPosition-1time-halfzedd 6-7
2022-07-13 13:56:47,905 INFO o.a.j.t.JMeterThread: Thread finished: NCPPServerEastGFSPosition-1time-halfzedd 6-7
2022-07-13 13:56:47,905 INFO o.a.j.t.JMeterThread: Stopping because end time detected by thread: NCPPServerEastGFSPosition-1time-halfzedd 6-6
2022-07-13 13:56:47,905 INFO o.a.j.t.JMeterThread: Thread finished: NCPPServerEastGFSPosition-1time-halfzedd 6-6
2022-07-13 13:56:47,923 INFO o.a.j.t.JMeterThread: Stopping because end time detected by thread: NCPPServerEastGFSPosition-1time-halfzedd 6-4
2022-07-13 13:56:47,923 INFO o.a.j.t.JMeterThread: Thread finished: NCPPServerEastGFSPosition-1time-halfzedd 6-4
2022-07-13 13:56:50,169 INFO o.a.j.t.JMeterThread: Stopping because end time detected by thread: NCPPServerEastGFSPosition-1time-halfzedd 6-10
2022-07-13 13:56:50,169 INFO o.a.j.t.JMeterThread: Thread finished: NCPPServerEastGFSPosition-1time-halfzedd 6-10
2022-07-13 13:56:50,170 INFO o.a.j.t.JMeterThread: Stopping because end time detected by thread: NCPPServerEastGFSPosition-1time-halfzedd 6-8
2022-07-13 13:56:50,170 INFO o.a.j.t.JMeterThread: Thread finished: NCPPServerEastGFSPosition-1time-halfzedd 6-8
2022-07-13 13:56:51,215 INFO o.a.j.t.JMeterThread: Stopping because end time detected by thread: NCPPServerEastGFSPosition-1time-halfzedd 6-5
2022-07-13 13:56:51,215 INFO o.a.j.t.JMeterThread: Stopping because end time detected by thread: NCPPServerEastGFSPosition-1time-halfzedd 6-3
2022-07-13 13:56:51,215 INFO o.a.j.t.JMeterThread: Thread finished: NCPPServerEastGFSPosition-1time-halfzedd 6-5
2022-07-13 13:56:51,216 INFO o.a.j.t.JMeterThread: Thread finished: NCPPServerEastGFSPosition-1time-halfzedd 6-3
2022-07-13 13:56:51,216 INFO o.a.j.e.StandardJMeterEngine: Starting ThreadGroup: 7 : NCPPServerEastGFSPosition-1time-fullzedd
2022-07-13 13:56:51,216 INFO o.a.j.e.StandardJMeterEngine: Starting 10 threads for group NCPPServerEastGFSPosition-1time-fullzedd.
2022-07-13 13:56:51,217 INFO o.a.j.e.StandardJMeterEngine: Thread will continue on error
2022-07-13 13:56:51,217 INFO o.a.j.t.ThreadGroup: Starting thread group... number=7 threads=10 ramp-up=10 delayedStart=false
2022-07-13 13:56:51,218 INFO o.a.j.t.JMeterThread: Thread started: NCPPServerEastGFSPosition-1time-fullzedd 7-1
2022-07-13 13:56:51,219 INFO o.a.j.t.ThreadGroup: Started thread group number 7
2022-07-13 13:56:51,219 INFO o.a.j.e.StandardJMeterEngine: Waiting for thread group: NCPPServerEastGFSPosition-1time-fullzedd to finish before starting next group
2022-07-13 13:56:52,231 INFO o.a.j.t.JMeterThread: Thread started: NCPPServerEastGFSPosition-1time-fullzedd 7-2
2022-07-13 13:56:53,218 INFO o.a.j.t.JMeterThread: Thread started: NCPPServerEastGFSPosition-1time-fullzedd 7-3
2022-07-13 13:56:54,218 INFO o.a.j.t.JMeterThread: Thread started: NCPPServerEastGFSPosition-1time-fullzedd 7-4
2022-07-13 13:56:55,218 INFO o.a.j.t.JMeterThread: Thread started: NCPPServerEastGFSPosition-1time-fullzedd 7-5
2022-07-13 13:56:56,218 INFO o.a.j.t.JMeterThread: Thread started: NCPPServerEastGFSPosition-1time-fullzedd 7-6
2022-07-13 13:56:57,219 INFO o.a.j.t.JMeterThread: Thread started: NCPPServerEastGFSPosition-1time-fullzedd 7-7
2022-07-13 13:56:58,218 INFO o.a.j.t.JMeterThread: Thread started: NCPPServerEastGFSPosition-1time-fullzedd 7-8
2022-07-13 13:56:59,218 INFO o.a.j.t.JMeterThread: Thread started: NCPPServerEastGFSPosition-1time-fullzedd 7-9
2022-07-13 13:57:00,005 INFO o.a.j.r.Summariser: summary +     45 in 00:00:29 =    1.5/s Avg:  5448 Min:  3659 Max:  7011 Err:     0 (0.00%) Active: 9 Started: 69 Finished: 60
2022-07-13 13:57:00,006 INFO o.a.j.r.Summariser: summary =  12400 in 00:06:20 =   32.6/s Avg:   275 Min:    76 Max:  7535 Err:  5994 (48.34%)
2022-07-13 13:57:00,217 INFO o.a.j.t.JMeterThread: Thread started: NCPPServerEastGFSPosition-1time-fullzedd 7-10
2022-07-13 13:57:30,632 INFO o.a.j.r.Summariser: summary +     46 in 00:00:31 =    1.5/s Avg:  6141 Min:  3857 Max:  9450 Err:     0 (0.00%) Active: 10 Started: 70 Finished: 60
2022-07-13 13:57:30,633 INFO o.a.j.r.Summariser: summary =  12446 in 00:06:51 =   30.3/s Avg:   297 Min:    76 Max:  9450 Err:  5994 (48.16%)
